Log file open, 12/08/21 01:26:09
LogWindows: Failed to load 'aqProf.dll' (GetLastError=126)
LogWindows: File 'aqProf.dll' does not exist
LogWindows: Failed to load 'VtuneApi.dll' (GetLastError=126)
LogWindows: File 'VtuneApi.dll' does not exist
LogWindows: Failed to load 'VtuneApi32e.dll' (GetLastError=126)
LogWindows: File 'VtuneApi32e.dll' does not exist
LogConsoleResponse: Display: Failed to find resolution value strings in scalability ini. Falling back to default.
LogConsoleResponse: Display: Failed to find resolution value strings in scalability ini. Falling back to default.
LogInit: Display: Running engine for game: ThomasAdvanture
LogPlatformFile: Not using cached read wrapper
LogTaskGraph: Started task graph with 5 named threads and 47 total threads with 3 sets of task threads.
LogStats: Stats thread started at 0.201925
LogICUInternationalization: ICU TimeZone Detection - Raw Offset: -7:00, Platform Override: ''
LogInit: Display: Loading text-based GConfig....
LogPluginManager: Mounting plugin MeshPainting
LogPluginManager: Mounting plugin XGEController
LogPluginManager: Mounting plugin Paper2D
LogPluginManager: Mounting plugin LiveLink
LogPluginManager: Mounting plugin EnvironmentQueryEditor
LogPluginManager: Mounting plugin AISupport
LogPluginManager: Mounting plugin LightPropagationVolume
LogPluginManager: Mounting plugin GameplayCameras
LogPluginManager: Mounting plugin CameraShakePreviewer
LogPluginManager: Mounting plugin DatasmithContent
LogPluginManager: Mounting plugin OodleData
LogPluginManager: Mounting plugin OodleNetwork
LogPluginManager: Mounting plugin CurveEditorTools
LogPluginManager: Mounting plugin DataValidation
LogPluginManager: Mounting plugin CryptoKeys
LogPluginManager: Mounting plugin GameplayTagsEditor
LogPluginManager: Mounting plugin FacialAnimation
LogPluginManager: Mounting plugin GeometryMode
LogPluginManager: Mounting plugin VariantManagerContent
LogPluginManager: Mounting plugin MacGraphicsSwitching
LogPluginManager: Mounting plugin MaterialAnalyzer
LogPluginManager: Mounting plugin PluginBrowser
LogPluginManager: Mounting plugin MobileLauncherProfileWizard
LogPluginManager: Mounting plugin SpeedTreeImporter
LogPluginManager: Mounting plugin Niagara
LogPluginManager: Mounting plugin MagicLeap
LogPluginManager: Mounting plugin LuminPlatformFeatures
LogPluginManager: Mounting plugin MagicLeapLightEstimation
LogPluginManager: Mounting plugin AssetManagerEditor
LogPluginManager: Mounting plugin MagicLeapPassableWorld
LogPluginManager: Mounting plugin MLSDK
LogPluginManager: Mounting plugin TcpMessaging
LogPluginManager: Mounting plugin UdpMessaging
LogPluginManager: Mounting plugin MagicLeapMedia
LogPluginManager: Mounting plugin AndroidMedia
LogPluginManager: Mounting plugin MediaCompositing
LogPluginManager: Mounting plugin ImgMedia
LogPluginManager: Mounting plugin MediaPlayerEditor
LogPluginManager: Mounting plugin WmfMedia
LogPluginManager: Mounting plugin WebMMedia
LogPluginManager: Mounting plugin OnlineSubsystem
LogPluginManager: Mounting plugin OnlineSubsystemNull
LogPluginManager: Mounting plugin OnlineSubsystemUtils
LogPluginManager: Mounting plugin ActorSequence
LogPluginManager: Mounting plugin MatineeToLevelSequence
LogPluginManager: Mounting plugin LevelSequenceEditor
LogPluginManager: Mounting plugin LauncherChunkInstaller
LogPluginManager: Mounting plugin TemplateSequence
LogPluginManager: Mounting plugin ActorLayerUtilities
LogPluginManager: Mounting plugin AndroidMoviePlayer
LogPluginManager: Mounting plugin AndroidPermission
LogPluginManager: Mounting plugin AppleImageUtils
LogPluginManager: Mounting plugin AppleMoviePlayer
LogPluginManager: Mounting plugin ArchVisCharacter
LogPluginManager: Mounting plugin AssetTags
LogPluginManager: Mounting plugin AudioCapture
LogPluginManager: Mounting plugin CableComponent
LogPluginManager: Mounting plugin AudioSynesthesia
LogPluginManager: Mounting plugin ChunkDownloader
LogPluginManager: Mounting plugin CustomMeshComponent
LogPluginManager: Mounting plugin EditableMesh
LogPluginManager: Mounting plugin ExampleDeviceProfileSelector
LogPluginManager: Mounting plugin GooglePAD
LogPluginManager: Mounting plugin AvfMedia
LogPluginManager: Mounting plugin IOSDeviceProfileSelector
LogPluginManager: Mounting plugin LinuxDeviceProfileSelector
LogPluginManager: Mounting plugin LocationServicesBPLibrary
LogPluginManager: Mounting plugin ScreenshotTools
LogPluginManager: Mounting plugin GoogleCloudMessaging
LogPluginManager: Mounting plugin OpenXR
LogPluginManager: Mounting plugin OpenXREyeTracker
LogPluginManager: Mounting plugin OpenXRHandTracking
LogPluginManager: Mounting plugin PhysXVehicles
LogPluginManager: Mounting plugin MobilePatchingUtils
LogPluginManager: Mounting plugin AndroidDeviceProfileSelector
LogPluginManager: Mounting plugin Takes
LogPluginManager: Mounting plugin PostSplashScreen
LogPluginManager: Mounting plugin ProceduralMeshComponent
LogPluginManager: Mounting plugin PropertyAccessEditor
LogPluginManager: Mounting plugin SignificanceManager
LogPluginManager: Mounting plugin SoundFields
LogPluginManager: Mounting plugin Synthesis
LogPluginManager: Mounting plugin WebMMoviePlayer
LogPluginManager: Mounting plugin WindowsMoviePlayer
LogPluginManager: Mounting plugin RuntimePhysXCooking
LogPluginManager: Mounting plugin AlembicImporter
LogPluginManager: Mounting plugin AutomationUtils
LogPluginManager: Mounting plugin BackChannel
LogPluginManager: Mounting plugin ChaosEditor
LogPluginManager: Mounting plugin ChaosClothEditor
LogPluginManager: Mounting plugin ChaosSolverPlugin
LogPluginManager: Mounting plugin ChaosNiagara
LogPluginManager: Mounting plugin CharacterAI
LogPluginManager: Mounting plugin GeometryCache
LogPluginManager: Mounting plugin GeometryProcessing
LogPluginManager: Mounting plugin ChaosCloth
LogPluginManager: Mounting plugin GeometryCollectionPlugin
LogPluginManager: Mounting plugin OpenImageDenoise
LogPluginManager: Mounting plugin MotoSynth
LogPluginManager: Mounting plugin PythonScriptPlugin
LogPluginManager: Mounting plugin ProxyLODPlugin
LogPluginManager: Mounting plugin SkeletalReduction
LogPluginManager: Mounting plugin PlanarCut
LogPluginManager: Mounting plugin AnimationSharing
LogPluginManager: Mounting plugin CLionSourceCodeAccess
LogPluginManager: Mounting plugin CodeLiteSourceCodeAccess
LogPluginManager: Mounting plugin GitSourceControl
LogPluginManager: Mounting plugin KDevelopSourceCodeAccess
LogPluginManager: Mounting plugin PerforceSourceControl
LogPluginManager: Mounting plugin NullSourceCodeAccess
LogPluginManager: Mounting plugin PixWinPlugin
LogPluginManager: Mounting plugin PlasticSourceControl
LogPluginManager: Mounting plugin PropertyAccessNode
LogPluginManager: Mounting plugin TextureFormatOodle
LogPluginManager: Mounting plugin SubversionSourceControl
LogPluginManager: Mounting plugin PluginUtils
LogPluginManager: Mounting plugin RiderSourceCodeAccess
LogPluginManager: Mounting plugin PlatformCrypto
LogPluginManager: Mounting plugin VisualStudioSourceCodeAccess
LogPluginManager: Mounting plugin VisualStudioCodeSourceCodeAccess
LogPluginManager: Mounting plugin XCodeSourceCodeAccess
LogPluginManager: Mounting plugin UObjectPlugin
LogPluginManager: Mounting plugin ContentBrowserClassDataSource
LogPluginManager: Mounting plugin ContentBrowserAssetDataSource
LogPluginManager: Mounting plugin ContentBrowserFileDataSource
LogPluginManager: Mounting plugin OnlineSubsystemGooglePlay
LogPluginManager: Mounting plugin OnlineSubsystemIOS
LogPluginManager: Mounting plugin OculusVR
LogPluginManager: Mounting plugin SteamVR
LogInit: Using libcurl 7.55.1-DEV
LogInit:  - built for x86_64-pc-win32
LogInit:  - supports SSL with OpenSSL/1.1.1
LogInit:  - supports HTTP deflate (compression) using libz 1.2.8
LogInit:  - other features:
LogInit:      CURL_VERSION_SSL
LogInit:      CURL_VERSION_LIBZ
LogInit:      CURL_VERSION_IPV6
LogInit:      CURL_VERSION_ASYNCHDNS
LogInit:      CURL_VERSION_LARGEFILE
LogInit:      CURL_VERSION_IDN
LogInit:  CurlRequestOptions (configurable via config and command line):
LogInit:  - bVerifyPeer = true  - Libcurl will verify peer certificate
LogInit:  - bUseHttpProxy = false  - Libcurl will NOT use HTTP proxy
LogInit:  - bDontReuseConnections = false  - Libcurl will reuse connections
LogInit:  - MaxHostConnections = 16  - Libcurl will limit the number of connections to a host
LogInit:  - LocalHostAddr = Default
LogInit:  - BufferSize = 65536
LogOnline: OSS: Creating online subsystem instance for: NULL
LogInit: WinSock: version 1.1 (2.2), MaxSocks=32767, MaxUdp=65467
LogOnline: OSS: TryLoadSubsystemAndSetDefault: Loaded subsystem for module [NULL]
PixWinPlugin: PIX capture plugin failed to initialize! Check that the process is launched from PIX.
LogOculusPluginWrapper: OculusPlugin initialized successfully
LogHMD: Failed initializing OVRPlugin 1.59.0
LogInit: Build: ++UE4+Release-4.27-CL-17735300
LogInit: Engine Version: 4.27.1-17735300+++UE4+Release-4.27
LogInit: Compatible Engine Version: 4.27.0-17155196+++UE4+Release-4.27
LogInit: Net CL: 17155196
LogInit: OS: Windows 10 (Release 2004) (), CPU: AMD Ryzen 7 5800X 8-Core Processor             , GPU: NVIDIA GeForce RTX 3080 Ti
LogInit: Compiled (64-bit): Oct  6 2021 14:42:51
LogInit: Compiled with Visual C++: 19.24.28315.00
LogInit: Build Configuration: Development
LogInit: Branch Name: ++UE4+Release-4.27
LogInit: Command Line:  /Game/MapsForGame/Yujia/CarScene_BlockOut10_Map -game -PIEVIACONSOLE -Multiprocess "GameUserSettingsINI=C:/Users/lucys/OneDrive/文档/Unreal Projects/ThomasAdvanture/Saved/Config/Windows/PIEGameUserSettings0.ini" -MultiprocessSaveConfig -forcepassthrough -messaging -SessionName="Play in Standalone Game" -windowed -WinX=663 -WinY=73 SAVEWINPOS=1 -ResX=1223 -ResY=908
LogInit: Base Directory: C:/Program Files/Epic Games/UE_4.27/Engine/Binaries/Win64/
LogInit: Allocator: TBB
LogInit: Installed Engine Build: 1
LogDevObjectVersion: Number of dev versions registered: 29
LogDevObjectVersion:   Dev-Blueprints (B0D832E4-1F89-4F0D-ACCF-7EB736FD4AA2): 10
LogDevObjectVersion:   Dev-Build (E1C64328-A22C-4D53-A36C-8E866417BD8C): 0
LogDevObjectVersion:   Dev-Core (375EC13C-06E4-48FB-B500-84F0262A717E): 4
LogDevObjectVersion:   Dev-Editor (E4B068ED-F494-42E9-A231-DA0B2E46BB41): 40
LogDevObjectVersion:   Dev-Framework (CFFC743F-43B0-4480-9391-14DF171D2073): 37
LogDevObjectVersion:   Dev-Mobile (B02B49B5-BB20-44E9-A304-32B752E40360): 3
LogDevObjectVersion:   Dev-Networking (A4E4105C-59A1-49B5-A7C5-40C4547EDFEE): 0
LogDevObjectVersion:   Dev-Online (39C831C9-5AE6-47DC-9A44-9C173E1C8E7C): 0
LogDevObjectVersion:   Dev-Physics (78F01B33-EBEA-4F98-B9B4-84EACCB95AA2): 14
LogDevObjectVersion:   Dev-Platform (6631380F-2D4D-43E0-8009-CF276956A95A): 0
LogDevObjectVersion:   Dev-Rendering (12F88B9F-8875-4AFC-A67C-D90C383ABD29): 45
LogDevObjectVersion:   Dev-Sequencer (7B5AE74C-D270-4C10-A958-57980B212A5A): 13
LogDevObjectVersion:   Dev-VR (D7296918-1DD6-4BDD-9DE2-64A83CC13884): 3
LogDevObjectVersion:   Dev-LoadTimes (C2A15278-BFE7-4AFE-6C17-90FF531DF755): 1
LogDevObjectVersion:   Private-Geometry (6EACA3D4-40EC-4CC1-B786-8BED09428FC5): 3
LogDevObjectVersion:   Dev-AnimPhys (29E575DD-E0A3-4627-9D10-D276232CDCEA): 17
LogDevObjectVersion:   Dev-Anim (AF43A65D-7FD3-4947-9873-3E8ED9C1BB05): 15
LogDevObjectVersion:   Dev-ReflectionCapture (6B266CEC-1EC7-4B8F-A30B-E4D90942FC07): 1
LogDevObjectVersion:   Dev-Automation (0DF73D61-A23F-47EA-B727-89E90C41499A): 1
LogDevObjectVersion:   FortniteMain (601D1886-AC64-4F84-AA16-D3DE0DEAC7D6): 47
LogDevObjectVersion:   FortniteRelease (E7086368-6B23-4C58-8439-1B7016265E91): 1
LogDevObjectVersion:   Dev-Enterprise (9DFFBCD6-494F-0158-E221-12823C92A888): 10
LogDevObjectVersion:   Dev-Niagara (F2AED0AC-9AFE-416F-8664-AA7FFA26D6FC): 1
LogDevObjectVersion:   Dev-Destruction (174F1F0B-B4C6-45A5-B13F-2EE8D0FB917D): 10
LogDevObjectVersion:   Dev-Physics-Ext (35F94A83-E258-406C-A318-09F59610247C): 41
LogDevObjectVersion:   Dev-PhysicsMaterial-Chaos (B68FC16E-8B1B-42E2-B453-215C058844FE): 1
LogDevObjectVersion:   Dev-CineCamera (B2E18506-4273-CFC2-A54E-F4BB758BBA07): 1
LogDevObjectVersion:   Dev-VirtualProduction (64F58936-FD1B-42BA-BA96-7289D5D0FA4E): 1
LogDevObjectVersion:   Dev-MediaFramework (6F0ED827-A609-4895-9C91-998D90180EA4): 2
LogInit: Presizing for max 25165824 objects, including 0 objects not considered by GC, pre-allocating 0 bytes for permanent pool.
LogConfig: Applying CVar settings from Section [/Script/Engine.StreamingSettings] File [C:/Users/lucys/OneDrive/文档/Unreal Projects/ThomasAdvanture/Saved/Config/Windows/Engine.ini]
LogConfig: Setting CVar [[s.MinBulkDataSizeForAsyncLoading:131072]]
LogConfig: Setting CVar [[s.AsyncLoadingThreadEnabled:0]]
LogConfig: Setting CVar [[s.EventDrivenLoaderEnabled:1]]
LogConfig: Setting CVar [[s.WarnIfTimeLimitExceeded:0]]
LogConfig: Setting CVar [[s.TimeLimitExceededMultiplier:1.5]]
LogConfig: Setting CVar [[s.TimeLimitExceededMinTime:0.005]]
LogConfig: Setting CVar [[s.UseBackgroundLevelStreaming:1]]
LogConfig: Setting CVar [[s.PriorityAsyncLoadingExtraTime:15.0]]
LogConfig: Setting CVar [[s.LevelStreamingActorsUpdateTimeLimit:5.0]]
LogConfig: Setting CVar [[s.PriorityLevelStreamingActorsUpdateExtraTime:5.0]]
LogConfig: Setting CVar [[s.LevelStreamingComponentsRegistrationGranularity:10]]
LogConfig: Setting CVar [[s.UnregisterComponentsTimeLimit:1.0]]
LogConfig: Setting CVar [[s.LevelStreamingComponentsUnregistrationGranularity:5]]
LogConfig: Setting CVar [[s.FlushStreamingOnExit:1]]
LogInit: Object subsystem initialized
LogConfig: Setting CVar [[con.DebugEarlyDefault:1]]
LogConfig: Setting CVar [[r.setres:1280x720]]
[2021.12.08-08.26.10:177][  0]LogConfig: Setting CVar [[con.DebugEarlyDefault:1]]
[2021.12.08-08.26.10:177][  0]LogConfig: Setting CVar [[r.setres:1280x720]]
[2021.12.08-08.26.10:177][  0]LogConfig: Applying CVar settings from Section [/Script/Engine.RendererSettings] File [C:/Users/lucys/OneDrive/文档/Unreal Projects/ThomasAdvanture/Saved/Config/Windows/Engine.ini]
[2021.12.08-08.26.10:177][  0]LogConfig: Setting CVar [[r.GPUCrashDebugging:0]]
[2021.12.08-08.26.10:177][  0]LogConfig: Applying CVar settings from Section [/Script/Engine.RendererOverrideSettings] File [C:/Users/lucys/OneDrive/文档/Unreal Projects/ThomasAdvanture/Saved/Config/Windows/Engine.ini]
[2021.12.08-08.26.10:177][  0]LogConfig: Applying CVar settings from Section [/Script/Engine.StreamingSettings] File [C:/Users/lucys/OneDrive/文档/Unreal Projects/ThomasAdvanture/Saved/Config/Windows/Engine.ini]
[2021.12.08-08.26.10:177][  0]LogConfig: Setting CVar [[s.MinBulkDataSizeForAsyncLoading:131072]]
[2021.12.08-08.26.10:177][  0]LogConfig: Setting CVar [[s.AsyncLoadingThreadEnabled:0]]
[2021.12.08-08.26.10:177][  0]LogConfig: Setting CVar [[s.EventDrivenLoaderEnabled:1]]
[2021.12.08-08.26.10:177][  0]LogConfig: Setting CVar [[s.WarnIfTimeLimitExceeded:0]]
[2021.12.08-08.26.10:177][  0]LogConfig: Setting CVar [[s.TimeLimitExceededMultiplier:1.5]]
[2021.12.08-08.26.10:177][  0]LogConfig: Setting CVar [[s.TimeLimitExceededMinTime:0.005]]
[2021.12.08-08.26.10:177][  0]LogConfig: Setting CVar [[s.UseBackgroundLevelStreaming:1]]
[2021.12.08-08.26.10:177][  0]LogConfig: Setting CVar [[s.PriorityAsyncLoadingExtraTime:15.0]]
[2021.12.08-08.26.10:177][  0]LogConfig: Setting CVar [[s.LevelStreamingActorsUpdateTimeLimit:5.0]]
[2021.12.08-08.26.10:177][  0]LogConfig: Setting CVar [[s.PriorityLevelStreamingActorsUpdateExtraTime:5.0]]
[2021.12.08-08.26.10:177][  0]LogConfig: Setting CVar [[s.LevelStreamingComponentsRegistrationGranularity:10]]
[2021.12.08-08.26.10:177][  0]LogConfig: Setting CVar [[s.UnregisterComponentsTimeLimit:1.0]]
[2021.12.08-08.26.10:177][  0]LogConfig: Setting CVar [[s.LevelStreamingComponentsUnregistrationGranularity:5]]
[2021.12.08-08.26.10:177][  0]LogConfig: Setting CVar [[s.FlushStreamingOnExit:1]]
[2021.12.08-08.26.10:177][  0]LogConfig: Applying CVar settings from Section [/Script/Engine.GarbageCollectionSettings] File [C:/Users/lucys/OneDrive/文档/Unreal Projects/ThomasAdvanture/Saved/Config/Windows/Engine.ini]
[2021.12.08-08.26.10:177][  0]LogConfig: Setting CVar [[gc.MaxObjectsNotConsideredByGC:1]]
[2021.12.08-08.26.10:178][  0]LogConfig: Setting CVar [[gc.SizeOfPermanentObjectPool:0]]
[2021.12.08-08.26.10:178][  0]LogConfig: Setting CVar [[gc.FlushStreamingOnGC:0]]
[2021.12.08-08.26.10:178][  0]LogConfig: Setting CVar [[gc.NumRetriesBeforeForcingGC:10]]
[2021.12.08-08.26.10:178][  0]LogConfig: Setting CVar [[gc.AllowParallelGC:1]]
[2021.12.08-08.26.10:178][  0]LogConfig: Setting CVar [[gc.TimeBetweenPurgingPendingKillObjects:61.1]]
[2021.12.08-08.26.10:178][  0]LogConfig: Setting CVar [[gc.MaxObjectsInEditor:25165824]]
[2021.12.08-08.26.10:178][  0]LogConfig: Setting CVar [[gc.IncrementalBeginDestroyEnabled:1]]
[2021.12.08-08.26.10:178][  0]LogConfig: Setting CVar [[gc.CreateGCClusters:1]]
[2021.12.08-08.26.10:178][  0]LogConfig: Setting CVar [[gc.MinGCClusterSize:5]]
[2021.12.08-08.26.10:178][  0]LogConfig: Setting CVar [[gc.ActorClusteringEnabled:0]]
[2021.12.08-08.26.10:178][  0]LogConfig: Setting CVar [[gc.BlueprintClusteringEnabled:0]]
[2021.12.08-08.26.10:178][  0]LogConfig: Setting CVar [[gc.UseDisregardForGCOnDedicatedServers:0]]
[2021.12.08-08.26.10:178][  0]LogConfig: Setting CVar [[gc.MultithreadedDestructionEnabled:1]]
[2021.12.08-08.26.10:178][  0]LogConfig: Applying CVar settings from Section [/Script/Engine.NetworkSettings] File [C:/Users/lucys/OneDrive/文档/Unreal Projects/ThomasAdvanture/Saved/Config/Windows/Engine.ini]
[2021.12.08-08.26.10:178][  0]LogConfig: Applying CVar settings from Section [/Script/UnrealEd.CookerSettings] File [C:/Users/lucys/OneDrive/文档/Unreal Projects/ThomasAdvanture/Saved/Config/Windows/Engine.ini]
[2021.12.08-08.26.10:182][  0]LogConfig: Applying CVar settings from Section [ViewDistanceQuality@3] File [C:/Users/lucys/OneDrive/文档/Unreal Projects/ThomasAdvanture/Saved/Config/Windows/Scalability.ini]
[2021.12.08-08.26.10:182][  0]LogConfig: Setting CVar [[r.SkeletalMeshLODBias:0]]
[2021.12.08-08.26.10:182][  0]LogConfig: Setting CVar [[r.ViewDistanceScale:1.0]]
[2021.12.08-08.26.10:182][  0]LogConfig: Applying CVar settings from Section [AntiAliasingQuality@3] File [C:/Users/lucys/OneDrive/文档/Unreal Projects/ThomasAdvanture/Saved/Config/Windows/Scalability.ini]
[2021.12.08-08.26.10:182][  0]LogConfig: Setting CVar [[r.PostProcessAAQuality:4]]
[2021.12.08-08.26.10:182][  0]LogConfig: Applying CVar settings from Section [ShadowQuality@3] File [C:/Users/lucys/OneDrive/文档/Unreal Projects/ThomasAdvanture/Saved/Config/Windows/Scalability.ini]
[2021.12.08-08.26.10:182][  0]LogConfig: Setting CVar [[r.LightFunctionQuality:1]]
[2021.12.08-08.26.10:182][  0]LogConfig: Setting CVar [[r.ShadowQuality:5]]
[2021.12.08-08.26.10:182][  0]LogConfig: Setting CVar [[r.Shadow.CSM.MaxCascades:10]]
[2021.12.08-08.26.10:182][  0]LogConfig: Setting CVar [[r.Shadow.MaxResolution:2048]]
[2021.12.08-08.26.10:182][  0]LogConfig: Setting CVar [[r.Shadow.MaxCSMResolution:2048]]
[2021.12.08-08.26.10:182][  0]LogConfig: Setting CVar [[r.Shadow.RadiusThreshold:0.01]]
[2021.12.08-08.26.10:182][  0]LogConfig: Setting CVar [[r.Shadow.DistanceScale:1.0]]
[2021.12.08-08.26.10:182][  0]LogConfig: Setting CVar [[r.Shadow.CSM.TransitionScale:1.0]]
[2021.12.08-08.26.10:182][  0]LogConfig: Setting CVar [[r.Shadow.PreShadowResolutionFactor:1.0]]
[2021.12.08-08.26.10:182][  0]LogConfig: Setting CVar [[r.DistanceFieldShadowing:1]]
[2021.12.08-08.26.10:182][  0]LogConfig: Setting CVar [[r.DistanceFieldAO:1]]
[2021.12.08-08.26.10:182][  0]LogConfig: Setting CVar [[r.AOQuality:2]]
[2021.12.08-08.26.10:182][  0]LogConfig: Setting CVar [[r.VolumetricFog:1]]
[2021.12.08-08.26.10:182][  0]LogConfig: Setting CVar [[r.VolumetricFog.GridPixelSize:8]]
[2021.12.08-08.26.10:182][  0]LogConfig: Setting CVar [[r.VolumetricFog.GridSizeZ:128]]
[2021.12.08-08.26.10:182][  0]LogConfig: Setting CVar [[r.VolumetricFog.HistoryMissSupersampleCount:4]]
[2021.12.08-08.26.10:182][  0]LogConfig: Setting CVar [[r.LightMaxDrawDistanceScale:1]]
[2021.12.08-08.26.10:182][  0]LogConfig: Setting CVar [[r.CapsuleShadows:1]]
[2021.12.08-08.26.10:182][  0]LogConfig: Applying CVar settings from Section [PostProcessQuality@3] File [C:/Users/lucys/OneDrive/文档/Unreal Projects/ThomasAdvanture/Saved/Config/Windows/Scalability.ini]
[2021.12.08-08.26.10:182][  0]LogConfig: Setting CVar [[r.MotionBlurQuality:4]]
[2021.12.08-08.26.10:182][  0]LogConfig: Setting CVar [[r.AmbientOcclusionMipLevelFactor:0.4]]
[2021.12.08-08.26.10:182][  0]LogConfig: Setting CVar [[r.AmbientOcclusionMaxQuality:100]]
[2021.12.08-08.26.10:182][  0]LogConfig: Setting CVar [[r.AmbientOcclusionLevels:-1]]
[2021.12.08-08.26.10:182][  0]LogConfig: Setting CVar [[r.AmbientOcclusionRadiusScale:1.0]]
[2021.12.08-08.26.10:182][  0]LogConfig: Setting CVar [[r.DepthOfFieldQuality:2]]
[2021.12.08-08.26.10:182][  0]LogConfig: Setting CVar [[r.RenderTargetPoolMin:400]]
[2021.12.08-08.26.10:182][  0]LogConfig: Setting CVar [[r.LensFlareQuality:2]]
[2021.12.08-08.26.10:182][  0]LogConfig: Setting CVar [[r.SceneColorFringeQuality:1]]
[2021.12.08-08.26.10:182][  0]LogConfig: Setting CVar [[r.EyeAdaptationQuality:2]]
[2021.12.08-08.26.10:182][  0]LogConfig: Setting CVar [[r.BloomQuality:5]]
[2021.12.08-08.26.10:182][  0]LogConfig: Setting CVar [[r.FastBlurThreshold:100]]
[2021.12.08-08.26.10:182][  0]LogConfig: Setting CVar [[r.Upscale.Quality:3]]
[2021.12.08-08.26.10:182][  0]LogConfig: Setting CVar [[r.Tonemapper.GrainQuantization:1]]
[2021.12.08-08.26.10:182][  0]LogConfig: Setting CVar [[r.LightShaftQuality:1]]
[2021.12.08-08.26.10:182][  0]LogConfig: Setting CVar [[r.Filter.SizeScale:1]]
[2021.12.08-08.26.10:182][  0]LogConfig: Setting CVar [[r.Tonemapper.Quality:5]]
[2021.12.08-08.26.10:182][  0]LogConfig: Setting CVar [[r.DOF.Gather.AccumulatorQuality:1        ; higher gathering accumulator quality]]
[2021.12.08-08.26.10:182][  0]LogConfig: Setting CVar [[r.DOF.Gather.PostfilterMethod:1          ; Median3x3 postfilering method]]
[2021.12.08-08.26.10:182][  0]LogConfig: Setting CVar [[r.DOF.Gather.EnableBokehSettings:0       ; no bokeh simulation when gathering]]
[2021.12.08-08.26.10:182][  0]LogConfig: Setting CVar [[r.DOF.Gather.RingCount:4                 ; medium number of samples when gathering]]
[2021.12.08-08.26.10:182][  0]LogConfig: Setting CVar [[r.DOF.Scatter.ForegroundCompositing:1    ; additive foreground scattering]]
[2021.12.08-08.26.10:182][  0]LogConfig: Setting CVar [[r.DOF.Scatter.BackgroundCompositing:2    ; additive background scattering]]
[2021.12.08-08.26.10:182][  0]LogConfig: Setting CVar [[r.DOF.Scatter.EnableBokehSettings:1      ; bokeh simulation when scattering]]
[2021.12.08-08.26.10:182][  0]LogConfig: Setting CVar [[r.DOF.Scatter.MaxSpriteRatio:0.1         ; only a maximum of 10% of scattered bokeh]]
[2021.12.08-08.26.10:182][  0]LogConfig: Setting CVar [[r.DOF.Recombine.Quality:1                ; cheap slight out of focus]]
[2021.12.08-08.26.10:182][  0]LogConfig: Setting CVar [[r.DOF.Recombine.EnableBokehSettings:0    ; no bokeh simulation on slight out of focus]]
[2021.12.08-08.26.10:182][  0]LogConfig: Setting CVar [[r.DOF.TemporalAAQuality:1                ; more stable temporal accumulation]]
[2021.12.08-08.26.10:182][  0]LogConfig: Setting CVar [[r.DOF.Kernel.MaxForegroundRadius:0.025]]
[2021.12.08-08.26.10:182][  0]LogConfig: Setting CVar [[r.DOF.Kernel.MaxBackgroundRadius:0.025]]
[2021.12.08-08.26.10:182][  0]LogConfig: Applying CVar settings from Section [TextureQuality@3] File [C:/Users/lucys/OneDrive/文档/Unreal Projects/ThomasAdvanture/Saved/Config/Windows/Scalability.ini]
[2021.12.08-08.26.10:183][  0]LogConfig: Setting CVar [[r.Streaming.MipBias:0]]
[2021.12.08-08.26.10:183][  0]LogConfig: Setting CVar [[r.Streaming.AmortizeCPUToGPUCopy:0]]
[2021.12.08-08.26.10:183][  0]LogConfig: Setting CVar [[r.Streaming.MaxNumTexturesToStreamPerFrame:0]]
[2021.12.08-08.26.10:183][  0]LogConfig: Setting CVar [[r.Streaming.Boost:1]]
[2021.12.08-08.26.10:183][  0]LogConfig: Setting CVar [[r.MaxAnisotropy:8]]
[2021.12.08-08.26.10:183][  0]LogConfig: Setting CVar [[r.VT.MaxAnisotropy:8]]
[2021.12.08-08.26.10:183][  0]LogConfig: Setting CVar [[r.Streaming.LimitPoolSizeToVRAM:0]]
[2021.12.08-08.26.10:183][  0]LogConfig: Setting CVar [[r.Streaming.PoolSize:1000]]
[2021.12.08-08.26.10:183][  0]LogConfig: Setting CVar [[r.Streaming.MaxEffectiveScreenSize:0]]
[2021.12.08-08.26.10:183][  0]LogConfig: Applying CVar settings from Section [EffectsQuality@3] File [C:/Users/lucys/OneDrive/文档/Unreal Projects/ThomasAdvanture/Saved/Config/Windows/Scalability.ini]
[2021.12.08-08.26.10:183][  0]LogConfig: Setting CVar [[r.TranslucencyLightingVolumeDim:64]]
[2021.12.08-08.26.10:183][  0]LogConfig: Setting CVar [[r.RefractionQuality:2]]
[2021.12.08-08.26.10:183][  0]LogConfig: Setting CVar [[r.SSR.Quality:3]]
[2021.12.08-08.26.10:183][  0]LogConfig: Setting CVar [[r.SSR.HalfResSceneColor:0]]
[2021.12.08-08.26.10:183][  0]LogConfig: Setting CVar [[r.SceneColorFormat:4]]
[2021.12.08-08.26.10:183][  0]LogConfig: Setting CVar [[r.DetailMode:2]]
[2021.12.08-08.26.10:183][  0]LogConfig: Setting CVar [[r.TranslucencyVolumeBlur:1]]
[2021.12.08-08.26.10:183][  0]LogConfig: Setting CVar [[r.MaterialQualityLevel:1 ; High quality]]
[2021.12.08-08.26.10:183][  0]LogConfig: Setting CVar [[r.AnisotropicMaterials:1]]
[2021.12.08-08.26.10:183][  0]LogConfig: Setting CVar [[r.SSS.Scale:1]]
[2021.12.08-08.26.10:183][  0]LogConfig: Setting CVar [[r.SSS.SampleSet:2]]
[2021.12.08-08.26.10:183][  0]LogConfig: Setting CVar [[r.SSS.Quality:1]]
[2021.12.08-08.26.10:183][  0]LogConfig: Setting CVar [[r.SSS.HalfRes:0]]
[2021.12.08-08.26.10:183][  0]LogConfig: Setting CVar [[r.SSGI.Quality:3]]
[2021.12.08-08.26.10:183][  0]LogConfig: Setting CVar [[r.EmitterSpawnRateScale:1.0]]
[2021.12.08-08.26.10:183][  0]LogConfig: Setting CVar [[r.ParticleLightQuality:2]]
[2021.12.08-08.26.10:183][  0]LogConfig: Setting CVar [[r.SkyAtmosphere.AerialPerspectiveLUT.FastApplyOnOpaque:1 ; Always have FastSkyLUT 1 in this case to avoid wrong sky]]
[2021.12.08-08.26.10:183][  0]LogConfig: Setting CVar [[r.SkyAtmosphere.AerialPerspectiveLUT.SampleCountMaxPerSlice:4]]
[2021.12.08-08.26.10:183][  0]LogConfig: Setting CVar [[r.SkyAtmosphere.AerialPerspectiveLUT.DepthResolution:16.0]]
[2021.12.08-08.26.10:183][  0]LogConfig: Setting CVar [[r.SkyAtmosphere.FastSkyLUT:1]]
[2021.12.08-08.26.10:183][  0]LogConfig: Setting CVar [[r.SkyAtmosphere.FastSkyLUT.SampleCountMin:4.0]]
[2021.12.08-08.26.10:183][  0]LogConfig: Setting CVar [[r.SkyAtmosphere.FastSkyLUT.SampleCountMax:128.0]]
[2021.12.08-08.26.10:183][  0]LogConfig: Setting CVar [[r.SkyAtmosphere.SampleCountMin:4.0]]
[2021.12.08-08.26.10:183][  0]LogConfig: Setting CVar [[r.SkyAtmosphere.SampleCountMax:128.0]]
[2021.12.08-08.26.10:183][  0]LogConfig: Setting CVar [[r.SkyAtmosphere.TransmittanceLUT.UseSmallFormat:0]]
[2021.12.08-08.26.10:183][  0]LogConfig: Setting CVar [[r.SkyAtmosphere.TransmittanceLUT.SampleCount:10.0]]
[2021.12.08-08.26.10:183][  0]LogConfig: Setting CVar [[r.SkyAtmosphere.MultiScatteringLUT.SampleCount:15.0]]
[2021.12.08-08.26.10:183][  0]LogConfig: Setting CVar [[r.SkyLight.RealTimeReflectionCapture:1]]
[2021.12.08-08.26.10:183][  0]LogConfig: Applying CVar settings from Section [FoliageQuality@3] File [C:/Users/lucys/OneDrive/文档/Unreal Projects/ThomasAdvanture/Saved/Config/Windows/Scalability.ini]
[2021.12.08-08.26.10:183][  0]LogConfig: Setting CVar [[foliage.DensityScale:1.0]]
[2021.12.08-08.26.10:183][  0]LogConfig: Setting CVar [[grass.DensityScale:1.0]]
[2021.12.08-08.26.10:183][  0]LogConfig: Applying CVar settings from Section [ShadingQuality@3] File [C:/Users/lucys/OneDrive/文档/Unreal Projects/ThomasAdvanture/Saved/Config/Windows/Scalability.ini]
[2021.12.08-08.26.10:183][  0]LogConfig: Setting CVar [[r.HairStrands.SkyLighting.IntegrationType:2]]
[2021.12.08-08.26.10:183][  0]LogConfig: Setting CVar [[r.HairStrands.SkyAO.SampleCount:4]]
[2021.12.08-08.26.10:183][  0]LogConfig: Setting CVar [[r.HairStrands.Visibility.MSAA.SamplePerPixel:4]]
[2021.12.08-08.26.10:183][  0]LogInit: Selected Device Profile: [Windows]
[2021.12.08-08.26.10:183][  0]LogInit: Applying CVar settings loaded from the selected device profile: [Windows]
[2021.12.08-08.26.10:183][  0]LogHAL: Display: Platform has ~ 32 GB [34301116416 / 34359738368 / 32], which maps to Largest [LargestMinGB=32, LargerMinGB=12, DefaultMinGB=8, SmallerMinGB=6, SmallestMinGB=0)
[2021.12.08-08.26.10:183][  0]LogInit: Going up to parent DeviceProfile []
[2021.12.08-08.26.10:183][  0]LogConfig: Applying CVar settings from Section [ViewDistanceQuality@3] File [C:/Users/lucys/OneDrive/文档/Unreal Projects/ThomasAdvanture/Saved/Config/Windows/Scalability.ini]
[2021.12.08-08.26.10:183][  0]LogConfig: Setting CVar [[r.SkeletalMeshLODBias:0]]
[2021.12.08-08.26.10:183][  0]LogConfig: Setting CVar [[r.ViewDistanceScale:1.0]]
[2021.12.08-08.26.10:183][  0]LogConfig: Applying CVar settings from Section [AntiAliasingQuality@3] File [C:/Users/lucys/OneDrive/文档/Unreal Projects/ThomasAdvanture/Saved/Config/Windows/Scalability.ini]
[2021.12.08-08.26.10:183][  0]LogConfig: Setting CVar [[r.PostProcessAAQuality:4]]
[2021.12.08-08.26.10:183][  0]LogConfig: Applying CVar settings from Section [ShadowQuality@3] File [C:/Users/lucys/OneDrive/文档/Unreal Projects/ThomasAdvanture/Saved/Config/Windows/Scalability.ini]
[2021.12.08-08.26.10:183][  0]LogConfig: Setting CVar [[r.LightFunctionQuality:1]]
[2021.12.08-08.26.10:183][  0]LogConfig: Setting CVar [[r.ShadowQuality:5]]
[2021.12.08-08.26.10:183][  0]LogConfig: Setting CVar [[r.Shadow.CSM.MaxCascades:10]]
[2021.12.08-08.26.10:183][  0]LogConfig: Setting CVar [[r.Shadow.MaxResolution:2048]]
[2021.12.08-08.26.10:183][  0]LogConfig: Setting CVar [[r.Shadow.MaxCSMResolution:2048]]
[2021.12.08-08.26.10:183][  0]LogConfig: Setting CVar [[r.Shadow.RadiusThreshold:0.01]]
[2021.12.08-08.26.10:183][  0]LogConfig: Setting CVar [[r.Shadow.DistanceScale:1.0]]
[2021.12.08-08.26.10:183][  0]LogConfig: Setting CVar [[r.Shadow.CSM.TransitionScale:1.0]]
[2021.12.08-08.26.10:183][  0]LogConfig: Setting CVar [[r.Shadow.PreShadowResolutionFactor:1.0]]
[2021.12.08-08.26.10:183][  0]LogConfig: Setting CVar [[r.DistanceFieldShadowing:1]]
[2021.12.08-08.26.10:183][  0]LogConfig: Setting CVar [[r.DistanceFieldAO:1]]
[2021.12.08-08.26.10:183][  0]LogConfig: Setting CVar [[r.AOQuality:2]]
[2021.12.08-08.26.10:183][  0]LogConfig: Setting CVar [[r.VolumetricFog:1]]
[2021.12.08-08.26.10:183][  0]LogConfig: Setting CVar [[r.VolumetricFog.GridPixelSize:8]]
[2021.12.08-08.26.10:183][  0]LogConfig: Setting CVar [[r.VolumetricFog.GridSizeZ:128]]
[2021.12.08-08.26.10:183][  0]LogConfig: Setting CVar [[r.VolumetricFog.HistoryMissSupersampleCount:4]]
[2021.12.08-08.26.10:183][  0]LogConfig: Setting CVar [[r.LightMaxDrawDistanceScale:1]]
[2021.12.08-08.26.10:183][  0]LogConfig: Setting CVar [[r.CapsuleShadows:1]]
[2021.12.08-08.26.10:183][  0]LogConfig: Applying CVar settings from Section [PostProcessQuality@3] File [C:/Users/lucys/OneDrive/文档/Unreal Projects/ThomasAdvanture/Saved/Config/Windows/Scalability.ini]
[2021.12.08-08.26.10:183][  0]LogConfig: Setting CVar [[r.MotionBlurQuality:4]]
[2021.12.08-08.26.10:183][  0]LogConfig: Setting CVar [[r.AmbientOcclusionMipLevelFactor:0.4]]
[2021.12.08-08.26.10:183][  0]LogConfig: Setting CVar [[r.AmbientOcclusionMaxQuality:100]]
[2021.12.08-08.26.10:183][  0]LogConfig: Setting CVar [[r.AmbientOcclusionLevels:-1]]
[2021.12.08-08.26.10:183][  0]LogConfig: Setting CVar [[r.AmbientOcclusionRadiusScale:1.0]]
[2021.12.08-08.26.10:183][  0]LogConfig: Setting CVar [[r.DepthOfFieldQuality:2]]
[2021.12.08-08.26.10:183][  0]LogConfig: Setting CVar [[r.RenderTargetPoolMin:400]]
[2021.12.08-08.26.10:183][  0]LogConfig: Setting CVar [[r.LensFlareQuality:2]]
[2021.12.08-08.26.10:183][  0]LogConfig: Setting CVar [[r.SceneColorFringeQuality:1]]
[2021.12.08-08.26.10:183][  0]LogConfig: Setting CVar [[r.EyeAdaptationQuality:2]]
[2021.12.08-08.26.10:183][  0]LogConfig: Setting CVar [[r.BloomQuality:5]]
[2021.12.08-08.26.10:183][  0]LogConfig: Setting CVar [[r.FastBlurThreshold:100]]
[2021.12.08-08.26.10:183][  0]LogConfig: Setting CVar [[r.Upscale.Quality:3]]
[2021.12.08-08.26.10:183][  0]LogConfig: Setting CVar [[r.Tonemapper.GrainQuantization:1]]
[2021.12.08-08.26.10:183][  0]LogConfig: Setting CVar [[r.LightShaftQuality:1]]
[2021.12.08-08.26.10:183][  0]LogConfig: Setting CVar [[r.Filter.SizeScale:1]]
[2021.12.08-08.26.10:183][  0]LogConfig: Setting CVar [[r.Tonemapper.Quality:5]]
[2021.12.08-08.26.10:183][  0]LogConfig: Setting CVar [[r.DOF.Gather.AccumulatorQuality:1        ; higher gathering accumulator quality]]
[2021.12.08-08.26.10:183][  0]LogConfig: Setting CVar [[r.DOF.Gather.PostfilterMethod:1          ; Median3x3 postfilering method]]
[2021.12.08-08.26.10:183][  0]LogConfig: Setting CVar [[r.DOF.Gather.EnableBokehSettings:0       ; no bokeh simulation when gathering]]
[2021.12.08-08.26.10:183][  0]LogConfig: Setting CVar [[r.DOF.Gather.RingCount:4                 ; medium number of samples when gathering]]
[2021.12.08-08.26.10:183][  0]LogConfig: Setting CVar [[r.DOF.Scatter.ForegroundCompositing:1    ; additive foreground scattering]]
[2021.12.08-08.26.10:183][  0]LogConfig: Setting CVar [[r.DOF.Scatter.BackgroundCompositing:2    ; additive background scattering]]
[2021.12.08-08.26.10:183][  0]LogConfig: Setting CVar [[r.DOF.Scatter.EnableBokehSettings:1      ; bokeh simulation when scattering]]
[2021.12.08-08.26.10:183][  0]LogConfig: Setting CVar [[r.DOF.Scatter.MaxSpriteRatio:0.1         ; only a maximum of 10% of scattered bokeh]]
[2021.12.08-08.26.10:183][  0]LogConfig: Setting CVar [[r.DOF.Recombine.Quality:1                ; cheap slight out of focus]]
[2021.12.08-08.26.10:183][  0]LogConfig: Setting CVar [[r.DOF.Recombine.EnableBokehSettings:0    ; no bokeh simulation on slight out of focus]]
[2021.12.08-08.26.10:183][  0]LogConfig: Setting CVar [[r.DOF.TemporalAAQuality:1                ; more stable temporal accumulation]]
[2021.12.08-08.26.10:183][  0]LogConfig: Setting CVar [[r.DOF.Kernel.MaxForegroundRadius:0.025]]
[2021.12.08-08.26.10:183][  0]LogConfig: Setting CVar [[r.DOF.Kernel.MaxBackgroundRadius:0.025]]
[2021.12.08-08.26.10:183][  0]LogConfig: Applying CVar settings from Section [TextureQuality@3] File [C:/Users/lucys/OneDrive/文档/Unreal Projects/ThomasAdvanture/Saved/Config/Windows/Scalability.ini]
[2021.12.08-08.26.10:183][  0]LogConfig: Setting CVar [[r.Streaming.MipBias:0]]
[2021.12.08-08.26.10:183][  0]LogConfig: Setting CVar [[r.Streaming.AmortizeCPUToGPUCopy:0]]
[2021.12.08-08.26.10:183][  0]LogConfig: Setting CVar [[r.Streaming.MaxNumTexturesToStreamPerFrame:0]]
[2021.12.08-08.26.10:183][  0]LogConfig: Setting CVar [[r.Streaming.Boost:1]]
[2021.12.08-08.26.10:183][  0]LogConfig: Setting CVar [[r.MaxAnisotropy:8]]
[2021.12.08-08.26.10:183][  0]LogConfig: Setting CVar [[r.VT.MaxAnisotropy:8]]
[2021.12.08-08.26.10:183][  0]LogConfig: Setting CVar [[r.Streaming.LimitPoolSizeToVRAM:0]]
[2021.12.08-08.26.10:183][  0]LogConfig: Setting CVar [[r.Streaming.PoolSize:1000]]
[2021.12.08-08.26.10:183][  0]LogConfig: Setting CVar [[r.Streaming.MaxEffectiveScreenSize:0]]
[2021.12.08-08.26.10:183][  0]LogConfig: Applying CVar settings from Section [EffectsQuality@3] File [C:/Users/lucys/OneDrive/文档/Unreal Projects/ThomasAdvanture/Saved/Config/Windows/Scalability.ini]
[2021.12.08-08.26.10:183][  0]LogConfig: Setting CVar [[r.TranslucencyLightingVolumeDim:64]]
[2021.12.08-08.26.10:183][  0]LogConfig: Setting CVar [[r.RefractionQuality:2]]
[2021.12.08-08.26.10:183][  0]LogConfig: Setting CVar [[r.SSR.Quality:3]]
[2021.12.08-08.26.10:183][  0]LogConfig: Setting CVar [[r.SSR.HalfResSceneColor:0]]
[2021.12.08-08.26.10:183][  0]LogConfig: Setting CVar [[r.SceneColorFormat:4]]
[2021.12.08-08.26.10:183][  0]LogConfig: Setting CVar [[r.DetailMode:2]]
[2021.12.08-08.26.10:183][  0]LogConfig: Setting CVar [[r.TranslucencyVolumeBlur:1]]
[2021.12.08-08.26.10:183][  0]LogConfig: Setting CVar [[r.MaterialQualityLevel:1 ; High quality]]
[2021.12.08-08.26.10:183][  0]LogConfig: Setting CVar [[r.AnisotropicMaterials:1]]
[2021.12.08-08.26.10:183][  0]LogConfig: Setting CVar [[r.SSS.Scale:1]]
[2021.12.08-08.26.10:183][  0]LogConfig: Setting CVar [[r.SSS.SampleSet:2]]
[2021.12.08-08.26.10:184][  0]LogConfig: Setting CVar [[r.SSS.Quality:1]]
[2021.12.08-08.26.10:184][  0]LogConfig: Setting CVar [[r.SSS.HalfRes:0]]
[2021.12.08-08.26.10:184][  0]LogConfig: Setting CVar [[r.SSGI.Quality:3]]
[2021.12.08-08.26.10:184][  0]LogConfig: Setting CVar [[r.EmitterSpawnRateScale:1.0]]
[2021.12.08-08.26.10:184][  0]LogConfig: Setting CVar [[r.ParticleLightQuality:2]]
[2021.12.08-08.26.10:184][  0]LogConfig: Setting CVar [[r.SkyAtmosphere.AerialPerspectiveLUT.FastApplyOnOpaque:1 ; Always have FastSkyLUT 1 in this case to avoid wrong sky]]
[2021.12.08-08.26.10:184][  0]LogConfig: Setting CVar [[r.SkyAtmosphere.AerialPerspectiveLUT.SampleCountMaxPerSlice:4]]
[2021.12.08-08.26.10:184][  0]LogConfig: Setting CVar [[r.SkyAtmosphere.AerialPerspectiveLUT.DepthResolution:16.0]]
[2021.12.08-08.26.10:184][  0]LogConfig: Setting CVar [[r.SkyAtmosphere.FastSkyLUT:1]]
[2021.12.08-08.26.10:184][  0]LogConfig: Setting CVar [[r.SkyAtmosphere.FastSkyLUT.SampleCountMin:4.0]]
[2021.12.08-08.26.10:184][  0]LogConfig: Setting CVar [[r.SkyAtmosphere.FastSkyLUT.SampleCountMax:128.0]]
[2021.12.08-08.26.10:184][  0]LogConfig: Setting CVar [[r.SkyAtmosphere.SampleCountMin:4.0]]
[2021.12.08-08.26.10:184][  0]LogConfig: Setting CVar [[r.SkyAtmosphere.SampleCountMax:128.0]]
[2021.12.08-08.26.10:184][  0]LogConfig: Setting CVar [[r.SkyAtmosphere.TransmittanceLUT.UseSmallFormat:0]]
[2021.12.08-08.26.10:184][  0]LogConfig: Setting CVar [[r.SkyAtmosphere.TransmittanceLUT.SampleCount:10.0]]
[2021.12.08-08.26.10:184][  0]LogConfig: Setting CVar [[r.SkyAtmosphere.MultiScatteringLUT.SampleCount:15.0]]
[2021.12.08-08.26.10:184][  0]LogConfig: Setting CVar [[r.SkyLight.RealTimeReflectionCapture:1]]
[2021.12.08-08.26.10:184][  0]LogConfig: Applying CVar settings from Section [FoliageQuality@3] File [C:/Users/lucys/OneDrive/文档/Unreal Projects/ThomasAdvanture/Saved/Config/Windows/Scalability.ini]
[2021.12.08-08.26.10:184][  0]LogConfig: Setting CVar [[foliage.DensityScale:1.0]]
[2021.12.08-08.26.10:184][  0]LogConfig: Setting CVar [[grass.DensityScale:1.0]]
[2021.12.08-08.26.10:184][  0]LogConfig: Applying CVar settings from Section [ShadingQuality@3] File [C:/Users/lucys/OneDrive/文档/Unreal Projects/ThomasAdvanture/Saved/Config/Windows/Scalability.ini]
[2021.12.08-08.26.10:184][  0]LogConfig: Setting CVar [[r.HairStrands.SkyLighting.IntegrationType:2]]
[2021.12.08-08.26.10:184][  0]LogConfig: Setting CVar [[r.HairStrands.SkyAO.SampleCount:4]]
[2021.12.08-08.26.10:184][  0]LogConfig: Setting CVar [[r.HairStrands.Visibility.MSAA.SamplePerPixel:4]]
[2021.12.08-08.26.10:184][  0]LogConfig: Applying CVar settings from Section [Startup] File [../../../Engine/Config/ConsoleVariables.ini]
[2021.12.08-08.26.10:184][  0]LogConfig: Setting CVar [[net.UseAdaptiveNetUpdateFrequency:0]]
[2021.12.08-08.26.10:184][  0]LogConfig: Setting CVar [[p.chaos.AllowCreatePhysxBodies:1]]
[2021.12.08-08.26.10:184][  0]LogConfig: Setting CVar [[fx.SkipVectorVMBackendOptimizations:1]]
[2021.12.08-08.26.10:184][  0]LogConfig: Applying CVar settings from Section [ConsoleVariables] File [C:/Users/lucys/OneDrive/文档/Unreal Projects/ThomasAdvanture/Saved/Config/Windows/Engine.ini]
[2021.12.08-08.26.10:184][  0]LogConfig: Applying CVar settings from Section [ConsoleVariables] File [C:/Users/lucys/OneDrive/文档/Unreal Projects/ThomasAdvanture/Saved/Config/Windows/Editor.ini]
[2021.12.08-08.26.10:184][  0]LogInit: Computer: BLD
[2021.12.08-08.26.10:184][  0]LogInit: User: SYJ
[2021.12.08-08.26.10:184][  0]LogInit: CPU Page size=4096, Cores=8
[2021.12.08-08.26.10:184][  0]LogInit: High frequency timer resolution =10.000000 MHz
[2021.12.08-08.26.10:184][  0]LogMemory: Memory total: Physical=31.9GB (32GB approx)
[2021.12.08-08.26.10:184][  0]LogMemory: Platform Memory Stats for Windows
[2021.12.08-08.26.10:184][  0]LogMemory: Process Physical Memory: 151.21 MB used, 151.22 MB peak
[2021.12.08-08.26.10:184][  0]LogMemory: Process Virtual Memory: 131.27 MB used, 131.27 MB peak
[2021.12.08-08.26.10:184][  0]LogMemory: Physical Memory: 9680.48 MB used,  23031.61 MB free, 32712.09 MB total
[2021.12.08-08.26.10:184][  0]LogMemory: Virtual Memory: 134193464.00 MB used,  24260.82 MB free, 134217728.00 MB total
[2021.12.08-08.26.10:188][  0]LogWindows: WindowsPlatformFeatures enabled
[2021.12.08-08.26.10:215][  0]LogInit: Physics initialised using underlying interface: PhysX
[2021.12.08-08.26.10:215][  0]LogInit: Using OS detected language (en-US).
[2021.12.08-08.26.10:215][  0]LogInit: Using OS detected locale (en-US).
[2021.12.08-08.26.10:217][  0]LogTextLocalizationManager: No specific localization for 'en-US' exists, so the 'en' localization will be used.
[2021.12.08-08.26.10:348][  0]LogWindowsTextInputMethodSystem: Display: IME system deactivated.
[2021.12.08-08.26.10:361][  0]LogSlate: New Slate User Created.  User Index 0, Is Virtual User: 0
[2021.12.08-08.26.10:361][  0]LogSlate: Slate User Registered.  User Index 0, Is Virtual User: 0
[2021.12.08-08.26.10:370][  0]LogD3D11RHI: Loaded GFSDK_Aftermath_Lib.x64.dll
[2021.12.08-08.26.10:372][  0]LogHMD: Failed to initialize OpenVR with code 110
[2021.12.08-08.26.10:372][  0]LogD3D11RHI: D3D11 min allowed feature level: 11_0
[2021.12.08-08.26.10:372][  0]LogD3D11RHI: D3D11 max allowed feature level: 11_0
[2021.12.08-08.26.10:372][  0]LogD3D11RHI: D3D11 adapters:
[2021.12.08-08.26.10:443][  0]LogD3D11RHI:    0. 'NVIDIA GeForce RTX 3080 Ti' (Feature Level 11_0)
[2021.12.08-08.26.10:443][  0]LogD3D11RHI:       12108/0/16356 MB DedicatedVideo/DedicatedSystem/SharedSystem, Outputs:1, VendorId:0x10de
[2021.12.08-08.26.10:445][  0]LogD3D11RHI:    1. 'Microsoft Basic Render Driver' (Feature Level 11_0)
[2021.12.08-08.26.10:445][  0]LogD3D11RHI:       0/0/16356 MB DedicatedVideo/DedicatedSystem/SharedSystem, Outputs:0, VendorId:0x1414
[2021.12.08-08.26.10:445][  0]LogD3D11RHI: Chosen D3D11 Adapter:
[2021.12.08-08.26.10:445][  0]LogD3D11RHI:     Description : NVIDIA GeForce RTX 3080 Ti
[2021.12.08-08.26.10:445][  0]LogD3D11RHI:     VendorId    : 10de
[2021.12.08-08.26.10:445][  0]LogD3D11RHI:     DeviceId    : 2208
[2021.12.08-08.26.10:445][  0]LogD3D11RHI:     SubSysId    : 153510de
[2021.12.08-08.26.10:445][  0]LogD3D11RHI:     Revision    : 00a1
[2021.12.08-08.26.10:445][  0]LogD3D11RHI:     DedicatedVideoMemory : 12696158208 bytes
[2021.12.08-08.26.10:445][  0]LogD3D11RHI:     DedicatedSystemMemory : 0 bytes
[2021.12.08-08.26.10:445][  0]LogD3D11RHI:     SharedSystemMemory : 17150558208 bytes
[2021.12.08-08.26.10:445][  0]LogD3D11RHI:     AdapterLuid : 0 45677
[2021.12.08-08.26.10:452][  0]LogD3D11RHI: Creating new Direct3DDevice
[2021.12.08-08.26.10:452][  0]LogD3D11RHI:     GPU DeviceId: 0x2208 (for the marketing name, search the web for "GPU Device Id")
[2021.12.08-08.26.10:452][  0]LogWindows: EnumDisplayDevices:
[2021.12.08-08.26.10:452][  0]LogWindows:    0. 'NVIDIA GeForce RTX 3080 Ti' (P:1 D:1)
[2021.12.08-08.26.10:452][  0]LogWindows:    1. 'NVIDIA GeForce RTX 3080 Ti' (P:0 D:0)
[2021.12.08-08.26.10:452][  0]LogWindows:    2. 'NVIDIA GeForce RTX 3080 Ti' (P:0 D:0)
[2021.12.08-08.26.10:452][  0]LogWindows:    3. 'NVIDIA GeForce RTX 3080 Ti' (P:0 D:0)
[2021.12.08-08.26.10:452][  0]LogWindows: DebugString: FoundDriverCount:4 
[2021.12.08-08.26.10:452][  0]LogD3D11RHI:     Adapter Name: NVIDIA GeForce RTX 3080 Ti
[2021.12.08-08.26.10:452][  0]LogD3D11RHI:   Driver Version: 472.12 (internal:30.0.14.7212, unified:472.12)
[2021.12.08-08.26.10:452][  0]LogD3D11RHI:      Driver Date: 9-13-2021
[2021.12.08-08.26.10:452][  0]LogRHI: Texture pool is 8475 MB (70% of 12108 MB)
[2021.12.08-08.26.10:452][  0]LogD3D11RHI: Creating D3DDevice using adapter:
[2021.12.08-08.26.10:452][  0]LogD3D11RHI:     Description : NVIDIA GeForce RTX 3080 Ti
[2021.12.08-08.26.10:452][  0]LogD3D11RHI:     VendorId    : 10de
[2021.12.08-08.26.10:452][  0]LogD3D11RHI:     DeviceId    : 2208
[2021.12.08-08.26.10:452][  0]LogD3D11RHI:     SubSysId    : 153510de
[2021.12.08-08.26.10:452][  0]LogD3D11RHI:     Revision    : 00a1
[2021.12.08-08.26.10:452][  0]LogD3D11RHI:     DedicatedVideoMemory : 12696158208 bytes
[2021.12.08-08.26.10:452][  0]LogD3D11RHI:     DedicatedSystemMemory : 0 bytes
[2021.12.08-08.26.10:452][  0]LogD3D11RHI:     SharedSystemMemory : 17150558208 bytes
[2021.12.08-08.26.10:452][  0]LogD3D11RHI:     AdapterLuid : 0 45677
[2021.12.08-08.26.10:513][  0]LogD3D11RHI: RHI has support for 64 bit atomics
[2021.12.08-08.26.10:513][  0]LogD3D11RHI: Async texture creation enabled
[2021.12.08-08.26.10:513][  0]LogD3D11RHI: Array index from any shader is supported
[2021.12.08-08.26.10:534][  0]LogD3D11RHI: GPU Timing Frequency: 1000.000000 (Debug: 2 1)
[2021.12.08-08.26.10:553][  0]LogRHI: GeForceNow SDK initialized: 1
[2021.12.08-08.26.10:749][  0]LogTargetPlatformManager: Display: Loaded TargetPlatform 'WindowsNoEditor'
[2021.12.08-08.26.10:752][  0]LogTargetPlatformManager: Display: Loaded TargetPlatform 'Windows'
[2021.12.08-08.26.10:755][  0]LogTargetPlatformManager: Display: Loaded TargetPlatform 'WindowsClient'
[2021.12.08-08.26.10:758][  0]LogTargetPlatformManager: Display: Loaded TargetPlatform 'WindowsServer'
[2021.12.08-08.26.10:758][  0]LogTargetPlatformManager: Display: Building Assets For Windows
[2021.12.08-08.26.10:763][  0]LogAudioDebug: Display: Lib vorbis DLL was dynamically loaded.
[2021.12.08-08.26.10:783][  0]LogTextureFormatOodle: Display: Oodle Texture 2.9.0 init RDO Off
[2021.12.08-08.26.10:803][  0]LogRendererCore: Ray tracing is disabled. Reason: r.RayTracing=0.
[2021.12.08-08.26.10:803][  0]LogShaderCompilers: Guid format shader working directory is -28 characters bigger than the processId version (../../../../../../Users/lucys/OneDrive/文档/Unreal Projects/ThomasAdvanture/Intermediate/Shaders/WorkingDirectory/17564/).
[2021.12.08-08.26.10:803][  0]LogShaderCompilers: Cleaned the shader compiler working directory 'C:/Users/lucys/AppData/Local/Temp/UnrealShaderWorkingDir/EDBCDF7245B0A44D6DFD75AAE3953B80/'.
[2021.12.08-08.26.10:803][  0]LogXGEController: Cannot use XGE Controller as Incredibuild is not installed on this machine.
[2021.12.08-08.26.10:803][  0]LogShaderCompilers: Cannot use XGE Shader Compiler as Incredibuild is not installed on this machine.
[2021.12.08-08.26.10:803][  0]LogShaderCompilers: Display: Using Local Shader Compiler.
[2021.12.08-08.26.11:309][  0]LogDerivedDataCache: Display: Max Cache Size: 512 MB
[2021.12.08-08.26.11:348][  0]LogDerivedDataCache: Loaded boot cache 0.04s 94MB C:/Users/lucys/AppData/Local/UnrealEngine/4.27/DerivedDataCache/Boot.ddc.
[2021.12.08-08.26.11:348][  0]LogDerivedDataCache: Display: Loaded Boot cache: C:/Users/lucys/AppData/Local/UnrealEngine/4.27/DerivedDataCache/Boot.ddc
[2021.12.08-08.26.11:348][  0]LogDerivedDataCache: FDerivedDataBackendGraph:  Pak pak cache file ../../../../../../Users/lucys/OneDrive/文档/Unreal Projects/ThomasAdvanture/DerivedDataCache/DDC.ddp not found, will not use a pak cache.
[2021.12.08-08.26.11:348][  0]LogDerivedDataCache: Unable to find inner node Pak for hierarchical cache Hierarchy.
[2021.12.08-08.26.11:348][  0]LogDerivedDataCache: FDerivedDataBackendGraph:  CompressedPak pak cache file ../../../../../../Users/lucys/OneDrive/文档/Unreal Projects/ThomasAdvanture/DerivedDataCache/Compressed.ddp not found, will not use a pak cache.
[2021.12.08-08.26.11:348][  0]LogDerivedDataCache: Unable to find inner node CompressedPak for hierarchical cache Hierarchy.
[2021.12.08-08.26.11:361][  0]LogDerivedDataCache: Display: Pak cache opened for reading ../../../Engine/DerivedDataCache/Compressed.ddp.
[2021.12.08-08.26.11:361][  0]LogDerivedDataCache: FDerivedDataBackendGraph:  EnterprisePak pak cache file ../../../Enterprise/DerivedDataCache/Compressed.ddp not found, will not use a pak cache.
[2021.12.08-08.26.11:361][  0]LogDerivedDataCache: Unable to find inner node EnterprisePak for hierarchical cache Hierarchy.
[2021.12.08-08.26.11:368][  0]LogDerivedDataCache: Speed tests for C:/Users/lucys/AppData/Local/UnrealEngine/Common/DerivedDataCache took 0.01 seconds
[2021.12.08-08.26.11:368][  0]LogDerivedDataCache: Display: Performance to C:/Users/lucys/AppData/Local/UnrealEngine/Common/DerivedDataCache: Latency=0.02ms. RandomReadSpeed=447.35MBs, RandomWriteSpeed=215.99MBs. Assigned SpeedClass 'Local'
[2021.12.08-08.26.11:368][  0]LogDerivedDataCache: Using Local data cache path C:/Users/lucys/AppData/Local/UnrealEngine/Common/DerivedDataCache: Writable
[2021.12.08-08.26.11:368][  0]LogDerivedDataCache: Shared data cache path not found in *engine.ini, will not use an Shared cache.
[2021.12.08-08.26.11:368][  0]LogDerivedDataCache: Unable to find inner node Shared for hierarchical cache Hierarchy.
[2021.12.08-08.26.11:393][  0]LogSlate: Using FreeType 2.10.0
[2021.12.08-08.26.11:393][  0]LogSlate: SlateFontServices - WITH_FREETYPE: 1, WITH_HARFBUZZ: 1
[2021.12.08-08.26.11:441][  0]LogInit: Using OS detected language (en-US).
[2021.12.08-08.26.11:441][  0]LogInit: Using OS detected locale (en-US).
[2021.12.08-08.26.11:441][  0]LogTextLocalizationManager: No localization for 'en-US' exists, so 'en' will be used for the language.
[2021.12.08-08.26.11:441][  0]LogTextLocalizationManager: No localization for 'en-US' exists, so 'en' will be used for the locale.
[2021.12.08-08.26.11:441][  0]LogSlate: FontCache flush requested. Reason: Culture for localization was changed
[2021.12.08-08.26.11:441][  0]LogSlate: FontCache flush requested. Reason: Culture for localization was changed
[2021.12.08-08.26.11:444][  0]LogTextLocalizationManager: Compacting localization data took   0.00ms
[2021.12.08-08.26.11:444][  0]LogAssetRegistry: FAssetRegistry took 0.0018 seconds to start up
[2021.12.08-08.26.11:565][  0]LogPackageLocalizationCache: Processed 27 localized package path(s) for 1 prioritized culture(s) in 0.000879 seconds
[2021.12.08-08.26.11:609][  0]LogInit: Selected Device Profile: [Windows]
[2021.12.08-08.26.11:609][  0]LogInit: Active device profile: [0000021F0467AE00][0000021F79606C40 49] Windows
[2021.12.08-08.26.11:609][  0]LogInit: Profiles: [0000021F0467AE00][0000021F79606C40 49] Windows, [0000021F04631400][0000021F7C5A0DC0 49] WindowsNoEditor, [0000021F04679400][0000021F7C5A4F40 49] WindowsServer, [0000021F04632600][0000021F7C5A90C0 49] WindowsClient, [0000021F0467A500][0000021F7C5AD240 49] IOS, [0000021F04631D00][0000021F7C5B13C0 49] iPadAir, [0000021F04679C00][0000021F7C5B5540 49] iPadAir2, [0000021F045D3500][0000021F7CC597C0 49] IPadPro, [0000021F045D3600][0000021F7C5B9800 49] iPadAir3, [0000021F0467B000][0000021F7C5BD940 49] iPadAir4, [0000021F045D1900][0000021F7C5C1A80 49] iPadMini2, [0000021F0467AB00][0000021F7C5C9C00 49] iPadMini3, [0000021F045D3700][0000021F7C5CC200 49] iPadMini4, [0000021F04678100][0000021F7C5D0380 49] iPadMini5, [0000021F0461EE00][0000021F7C81A640 49] iPhone6, [0000021F0461EF00][0000021F7C5D4680 49] iPodTouch6, [0000021F045D0A00][0000021F7C822940 49] iPhone7, [0000021F045D0900][0000021F7C81E980 49] iPodTouch7, [0000021F0461D800][0000021F7C826B00 49] iPhone5S, [0000021F045D2E00][0000021F7C82AC80 49] iPhone6Plus, [0000021F0461E100][0000021F7C82EE00 49] iPhone6S, [0000021F045D2400][0000021F7C832F80 49] iPhone6SPlus, [0000021F0461D700][0000021F7C837100 49] iPhone7Plus, [0000021F045D3A00][0000021F7C83B280 49] iPhoneSE, [0000021F0461DA00][0000021F7C83F400 49] iPhone8, [0000021F045D2C00][0000021F7C843580 49] iPhone8Plus, [0000021F0461E000][0000021F7C847700 49] iPhoneX, [0000021F045D2500][0000021F7C84B880 49] iPhoneXS, [0000021F0461E900][0000021F7C5C59C0 49] iPhoneXSMax, [0000021F045D3300][0000021F7C84FB00 49] iPhoneXR, [0000021F0461F700][0000021F7C8520C0 49] iPhone11, [0000021F045D0E00][0000021F7C85A240 49] iPhone11Pro, [0000021F0461F500][0000021F7C85E3C0 49] iPhone11ProMax, [0000021F045D1A00][0000021F7C76E540 49] iPhoneSE2, [0000021F0461D200][0000021F7C7726C0 49] iPhone12Mini, [0000021F045D1E00][0000021F7C776840 49] iPhone12, [0000021F0461E200][0000021F7C77A9C0 49] iPhone12Pro, [0000021F045D0700][0000021F7C77EB40 49] iPhone12ProMax, [0000021F0461F800][0000021F7C782CC0 49] iPadPro105, [0000021F045D2A00][0000021F7C786E40 49] iPadPro129, [0000021F0461CB00][0000021F7C78AFC0 49] iPadPro97, [0000021F045D3800][0000021F7C78F140 49] iPadPro2_129, [0000021F0461FD00][0000021F7C7932C0 49] iPad5, [0000021F045D3D00][0000021F7C797440 49] iPad6, [0000021F0461E500][0000021F7C79B5C0 49] iPad7, [0000021F045D0400][0000021F7C79F740 49] iPad8, [0000021F0461ED00][0000021F7C7A38C0 49] iPadPro11, [0000021F045D1800][0000021F7C7A7A40 49] iPadPro2_11, [0000021F0461F600][0000021F7C857B80 49] iPadPro3_129, [0000021F045D2900][0000021F7C7AA140 49] iPadPro4_129, [0000021F0461D300][0000021F7C7AE280 49] AppleTV, [0000021F046B8A00][0000021F7C7B23C0 49] AppleTV4K, [0000021F04633A00][0000021F79508540 49] TVOS, [0000021F046B9900][0000021F7950C6C0 49] Mac, [0000021F04632200][0000021F79510840 49] MacClient, [0000021F046B9200][0000021F795149C0 49] MacNoEditor, [0000021F04632A00][0000021F79518B40 49] MacServer, [0000021F046B8200][0000021F7951CCC0 49] Linux, [0000021F04630D00][0000021F79520E40 49] LinuxAArch64, [0000021F046B8F00][0000021F79524FC0 49] LinuxNoEditor, [0000021F04631500][0000021F79529140 49] LinuxAArch64NoEditor, [0000021F046B9600][0000021F7952D2C0 49] LinuxClient, [0000021F04632E00][0000021F79531440 49] LinuxAArch64Client, [0000021F046B9500][0000021F795355C0 49] LinuxServer, [0000021F04633500][0000021F79539740 49] LinuxAArch64Server, [0000021F046B9D00][0000021F7953D8C0 49] Android, [0000021F04631E00][0000021F79541A40 49] Android_Low, [0000021F046B9C00][0000021F79545BC0 49] Android_Mid, [0000021F04632900][0000021F7C7B6180 49] Android_High, [0000021F0461DE00][0000021F795482C0 49] Android_Default, [0000021F045D2100][0000021F7954C400 49] Android_Adreno4xx, [0000021F0461EA00][0000021F79550540 49] Android_Adreno5xx_Low, [0000021F045D0800][0000021F795586C0 49] Android_Adreno5xx, [0000021F0461E300][0000021F7955C840 49] Android_Adreno6xx, [0000021F045D2800][0000021F795609C0 49] Android_Adreno6xx_Vulkan, [0000021F0461FC00][0000021F79564B40 49] Android_Mali_T6xx, [0000021F045D2F00][0000021F79568CC0 49] Android_Mali_T7xx, [0000021F0461DF00][0000021F7956CE40 49] Android_Mali_T8xx, [0000021F045D1300][0000021F79570FC0 49] Android_Mali_G71, [0000021F0461D400][0000021F7CC5D140 49] Android_Mali_G72, [0000021F045D0D00][0000021F7CC612C0 49] Android_Mali_G72_Vulkan, [0000021F0461FB00][0000021F7CC65440 49] Android_Mali_G76, [0000021F045D3E00][0000021F7CC695C0 49] Android_Mali_G76_Vulkan, [0000021F0461E700][0000021F7CC6D740 49] Android_Mali_G77, [0000021F045D3200][0000021F7CC718C0 49] Android_Mali_G77_Vulkan, [0000021F0461C400][0000021F7CC75A40 49] Android_Mali_G78, [0000021F045D1400][0000021F7CC79BC0 49] Android_Mali_G78_Vulkan, [0000021F0461F300][0000021F7CC7C1C0 49] Android_Mali_G710, [0000021F045D3100][0000021F7CC80340 49] Android_Mali_G710_Vulkan, [0000021F046B8600][0000021F79554480 49] Android_Vulkan_SM5, [0000021F045D3000][0000021F7CC845C0 49] Android_PowerVR_G6xxx, [0000021F046B9800][0000021F7CC88700 49] Android_PowerVR_GT7xxx, [0000021F045D1C00][0000021F7CC90880 49] Android_PowerVR_GE8xxx, [0000021F046B9B00][0000021F7CC94A00 49] Android_PowerVR_GM9xxx, [0000021F045D0600][0000021F7C724B80 49] Android_PowerVR_GM9xxx_Vulkan, [0000021F046B8100][0000021F7C728D00 49] Android_TegraK1, [0000021F045D2300][0000021F7C72CE80 49] Android_Unknown_Vulkan, [0000021F046B8800][0000021F7C731000 49] Lumin, [0000021F045D3900][0000021F7C735180 49] Lumin_Desktop, [0000021F0461CC00][0000021F7C739300 49] HoloLens, 
[2021.12.08-08.26.11:635][  0]LogMeshReduction: Using QuadricMeshReduction for automatic static mesh reduction
[2021.12.08-08.26.11:635][  0]LogMeshReduction: Using SimplygonMeshReduction for automatic skeletal mesh reduction
[2021.12.08-08.26.11:635][  0]LogMeshReduction: Using ProxyLODMeshReduction for automatic mesh merging
[2021.12.08-08.26.11:635][  0]LogMeshReduction: No distributed automatic mesh merging module available
[2021.12.08-08.26.11:635][  0]LogMeshMerging: No distributed automatic mesh merging module available
[2021.12.08-08.26.11:701][  0]LogNetVersion: ThomasAdvanture 1.0.0, NetCL: 17155196, EngineNetVer: 17, GameNetVer: 0 (Checksum: 983440284)
[2021.12.08-08.26.11:862][  0]LogTexture: Default maximum texture size for cubemaps generated from long-lat sources has been changed from 512 to unlimited. In order to preserve old behaiour for '/Engine/MapTemplates/Sky/DaylightAmbientCubemap.DaylightAmbientCubemap', its maximum texture size has been explicitly set to 512.
[2021.12.08-08.26.11:899][  0]LogHMD: PokeAHoleMaterial loaded successfully
[2021.12.08-08.26.11:964][  0]LogMoviePlayer: Initializing movie player
[2021.12.08-08.26.12:036][  0]LogNiagaraDebuggerClient: Niagara Debugger Client Initialized | Session: 00F1DB0449E8E750CEBB10A8DC3A0790 | Instance: 116C8AEF49A905979E02208857CAF734 (BLD-17564).
[2021.12.08-08.26.12:050][  0]LogCollectionManager: Loaded 0 collections in 0.001238 seconds
[2021.12.08-08.26.12:052][  0]LogFileCache: Scanning file cache for directory 'C:/Users/lucys/OneDrive/文档/Unreal Projects/ThomasAdvanture/Saved/Collections/' took 0.00s
[2021.12.08-08.26.12:052][  0]LogFileCache: Scanning file cache for directory 'C:/Users/lucys/OneDrive/文档/Unreal Projects/ThomasAdvanture/Content/Developers/SYJ/Collections/' took 0.00s
[2021.12.08-08.26.12:052][  0]LogFileCache: Scanning file cache for directory 'C:/Users/lucys/OneDrive/文档/Unreal Projects/ThomasAdvanture/Content/Collections/' took 0.00s
[2021.12.08-08.26.12:052][  0]LogCollectionManager: Fixed up redirectors for 0 collections in 0.000001 seconds (updated 0 objects)
[2021.12.08-08.26.12:117][  0]LogImageWrapper: Warning: PNG Warning: Duplicate iCCP chunk
[2021.12.08-08.26.12:117][  0]LogImageWrapper: Warning: PNG Warning: Duplicate iCCP chunk
[2021.12.08-08.26.12:117][  0]LogTcpMessaging: Initializing TcpMessaging bridge
[2021.12.08-08.26.12:119][  0]LogUdpMessaging: Initializing bridge on interface 0.0.0.0:0 to multicast group 230.0.0.1:6666.
[2021.12.08-08.26.12:149][  0]LogPython: Using Python 3.7.7
[2021.12.08-08.26.12:495][  0]LogAndroidPermission: UAndroidPermissionCallbackProxy::GetInstance
[2021.12.08-08.26.12:507][  0]LogAudioCaptureCore: Display: No Audio Capture implementations found. Audio input will be silent.
[2021.12.08-08.26.12:507][  0]LogAudioCaptureCore: Display: No Audio Capture implementations found. Audio input will be silent.
[2021.12.08-08.26.12:582][  0]LogOpenImageDenoise: OIDN starting up
[2021.12.08-08.26.12:591][  0]SourceControl: Source control is disabled
[2021.12.08-08.26.12:591][  0]SourceControl: Source control is disabled
[2021.12.08-08.26.12:593][  0]SourceControl: Source control is disabled
[2021.12.08-08.26.12:596][  0]LogUProjectInfo: Found projects:
[2021.12.08-08.26.12:613][  0]LogOcInput: OculusInput pre-init called
[2021.12.08-08.26.12:620][  0]LogUObjectArray: 22121 objects as part of root set at end of initial load.
[2021.12.08-08.26.12:620][  0]LogUObjectAllocator: 5975440 out of 0 bytes used by permanent object pool.
[2021.12.08-08.26.12:620][  0]LogUObjectArray: CloseDisregardForGC: 0/0 objects in disregard for GC pool
[2021.12.08-08.26.12:654][  0]LogEngine: Initializing Engine...
[2021.12.08-08.26.12:655][  0]LogHMD: Failed to enumerate extensions. Please check that you have a valid OpenXR runtime installed.
[2021.12.08-08.26.12:656][  0]LogHMD: Failed to initialize OpenVR with code 110
[2021.12.08-08.26.12:656][  0]LogMagicLeap: Warning: VR disabled because ZI is not enabled.  To enable, in the editor, Edit -> Project Settings -> Plugins -> Magic Leap Plugin -> Enable Zero Iteration
[2021.12.08-08.26.12:656][  0]LogStats: UGameplayTagsManager::InitializeManager -  0.000 s
[2021.12.08-08.26.12:718][  0]LogInit: Initializing FReadOnlyCVARCache
[2021.12.08-08.26.12:718][  0]LogAudio: Display: Initializing Audio Device Manager...
[2021.12.08-08.26.12:721][  0]LogAudio: Display: Loading Default Audio Settings Objects...
[2021.12.08-08.26.12:721][  0]LogAudio: Display: No default SoundConcurrencyObject specified (or failed to load).
[2021.12.08-08.26.12:722][  0]LogAudio: Display: Audio Device Manager Initialized
[2021.12.08-08.26.12:722][  0]LogAudio: Display: Creating Audio Device:                 Id: 1, Scope: Shared, Realtime: True
[2021.12.08-08.26.12:722][  0]LogAudioMixer: Display: Audio Mixer Platform Settings:
[2021.12.08-08.26.12:722][  0]LogAudioMixer: Display: 	Sample Rate:						  48000
[2021.12.08-08.26.12:722][  0]LogAudioMixer: Display: 	Callback Buffer Frame Size Requested: 1024
[2021.12.08-08.26.12:722][  0]LogAudioMixer: Display: 	Callback Buffer Frame Size To Use:	  1024
[2021.12.08-08.26.12:722][  0]LogAudioMixer: Display: 	Number of buffers to queue:			  2
[2021.12.08-08.26.12:722][  0]LogAudioMixer: Display: 	Max Channels (voices):				  32
[2021.12.08-08.26.12:722][  0]LogAudioMixer: Display: 	Number of Async Source Workers:		  0
[2021.12.08-08.26.12:722][  0]LogAudio: Display: AudioDevice MaxSources: 32
[2021.12.08-08.26.12:722][  0]LogAudio: Display: Audio Spatialization Plugin: None (built-in).
[2021.12.08-08.26.12:722][  0]LogAudio: Display: Audio Reverb Plugin: None (built-in).
[2021.12.08-08.26.12:722][  0]LogAudio: Display: Audio Occlusion Plugin: None (built-in).
[2021.12.08-08.26.12:722][  0]LogAudioMixer: Display: Initializing audio mixer.
[2021.12.08-08.26.12:731][  0]LogAudioMixer: Display: 0: FrontLeft
[2021.12.08-08.26.12:731][  0]LogAudioMixer: Display: 1: FrontRight
[2021.12.08-08.26.12:741][  0]LogAudioMixer: Display: Using Audio Device LG ULTRAWIDE (NVIDIA High Definition Audio)
[2021.12.08-08.26.12:743][  0]LogAudioMixer: Display: Initializing Sound Submixes...
[2021.12.08-08.26.12:744][  0]LogAudioMixer: Display: Creating Master Submix 'MasterSubmixDefault'
[2021.12.08-08.26.12:744][  0]LogAudioMixer: Display: Creating Master Submix 'MasterReverbSubmixDefault'
[2021.12.08-08.26.12:745][  0]LogAudioMixer: Display: Creating Master Submix 'MasterEQSubmixDefault'
[2021.12.08-08.26.12:745][  0]LogAudioMixer: FMixerPlatformXAudio2::StartAudioStream() called
[2021.12.08-08.26.12:745][  0]LogAudioMixer: Display: Output buffers initialized: Frames=1024, Channels=2, Samples=2048
[2021.12.08-08.26.12:745][  0]LogAudioMixer: Display: Starting AudioMixerPlatformInterface::RunInternal()
[2021.12.08-08.26.12:745][  0]LogAudioMixer: Display: FMixerPlatformXAudio2::SubmitBuffer() called for the first time
[2021.12.08-08.26.12:745][  0]LogInit: FAudioDevice initialized.
[2021.12.08-08.26.12:746][  0]LogNetVersion: Set ProjectVersion to 1.0.0.0. Version Checksum will be recalculated on next use.
[2021.12.08-08.26.12:746][  0]LogInit: Texture streaming: Enabled
[2021.12.08-08.26.12:788][  0]LogAudio: Display: Audio Device (ID: 1) registered with world 'Untitled'.
[2021.12.08-08.26.12:789][  0]LogSlate: Updating window title bar state: overlay mode, drag disabled, window buttons hidden, title bar hidden
[2021.12.08-08.26.12:789][  0]LogInit: Display: Game Engine Initialized.
[2021.12.08-08.26.12:789][  0]LogNiagaraEditor: GEditor isn't valid! Particle reset commands will not work for Niagara components!
[2021.12.08-08.26.12:860][  0]LogImageWrapper: Warning: PNG Warning: Duplicate iCCP chunk
[2021.12.08-08.26.12:860][  0]LogImageWrapper: Warning: PNG Warning: Duplicate iCCP chunk
[2021.12.08-08.26.12:860][  0]LogInit: Display: Starting Game.
[2021.12.08-08.26.12:860][  0]LogNet: Browse: /Game/MapsForGame/Yujia/CarScene_BlockOut10_Map?Name=Player
[2021.12.08-08.26.12:860][  0]LogLoad: LoadMap: /Game/MapsForGame/Yujia/CarScene_BlockOut10_Map?Name=Player
[2021.12.08-08.26.12:860][  0]LogWorld: BeginTearingDown for /Temp/Untitled_0
[2021.12.08-08.26.12:861][  0]LogWorld: UWorld::CleanupWorld for Untitled, bSessionEnded=true, bCleanupResources=true
[2021.12.08-08.26.12:861][  0]LogSlate: InvalidateAllWidgets triggered.  All widgets were invalidated
[2021.12.08-08.26.12:866][  0]LogAudio: Display: Audio Device unregistered from world 'None'.
[2021.12.08-08.26.12:868][  0]LogUObjectHash: Compacting FUObjectHashTables data took   0.60ms
[2021.12.08-08.26.13:526][  0]LogSkeletalMesh: Display: [AssetLog] C:\Users\lucys\OneDrive\文档\Unreal Projects\ThomasAdvanture\Content\AssetsvilleCars\Meshes\Vehicles\SK_veh_TruckTrailer_01.uasset: Find and fix some bad tangent! please re-import this skeletal mesh asset to fix the issue. The shading of the skeletal mesh will be bad and faceted.
[2021.12.08-08.26.13:836][  0]LogAudio: Display: Audio Device (ID: 1) registered with world 'CarScene_BlockOut10_Map'.
[2021.12.08-08.26.13:842][  0]LogAIModule: Creating AISystem for world CarScene_BlockOut10_Map
[2021.12.08-08.26.13:842][  0]LogLoad: Game class is 'FirstPersonGameMode_C'
[2021.12.08-08.26.13:857][  0]LogWorld: Bringing World /Game/MapsForGame/Yujia/CarScene_BlockOut10_Map.CarScene_BlockOut10_Map up for play (max tick rate 0) at 2021.12.08-01.26.13
[2021.12.08-08.26.13:857][  0]LogSlate: New Slate User Created.  User Index 8, Is Virtual User: 1
[2021.12.08-08.26.13:857][  0]LogSlate: Slate User Registered.  User Index 8, Is Virtual User: 1
[2021.12.08-08.26.13:857][  0]LogWorld: Bringing up level for play took: 0.014648
[2021.12.08-08.26.13:861][  0]LogViewport: Display: Viewport MouseCaptureMode Changed, CapturePermanently_IncludingInitialMouseDown -> CapturePermanently
[2021.12.08-08.26.13:861][  0]LogPlayerController: Error: InputMode:UIOnly - Attempting to focus Non-Focusable widget SObjectWidget [Widget.cpp(799)]!
[2021.12.08-08.26.13:861][  0]LogViewport: Display: Viewport MouseLockMode Changed, LockOnCapture -> DoNotLock
[2021.12.08-08.26.13:861][  0]LogViewport: Display: Viewport MouseCaptureMode Changed, CapturePermanently -> NoCapture
[2021.12.08-08.26.13:861][  0]LogLoad: Took 1.001292 seconds to LoadMap(/Game/MapsForGame/Yujia/CarScene_BlockOut10_Map)
[2021.12.08-08.26.13:901][  0]LogSlate: Took 0.000090 seconds to synchronously load lazily loaded font '../../../Engine/Content/Slate/Fonts/Roboto-Regular.ttf' (155K)
[2021.12.08-08.26.13:914][  0]LogRenderer: Reallocating scene render targets to support 1224x908 Format 10 NumSamples 1 (Frame:1).
[2021.12.08-08.26.13:914][  0]LogInit: Display: Engine is initialized. Leaving FEngineLoop::Init()
[2021.12.08-08.26.13:914][  0]LogLoad: (Engine Initialization) Total time: 4.54 seconds
[2021.12.08-08.26.13:914][  0]LogLoad: (Engine Initialization) Total Blueprint compile time: 0.00 seconds
[2021.12.08-08.26.13:943][  0]LogContentStreaming: Texture pool size now 1000 MB
[2021.12.08-08.26.13:946][  0]LogSlate: InvalidateAllWidgets triggered.  All widgets were invalidated
[2021.12.08-08.26.13:975][  0]LogRenderer: Reallocating scene render targets to support 128x128 Format 10 NumSamples 1 (Frame:1).
[2021.12.08-08.26.14:000][  0]LogRenderer: Reallocating scene render targets to support 1224x908 Format 10 NumSamples 1 (Frame:2).
[2021.12.08-08.26.14:023][  1]LogSlate: Took 0.000088 seconds to synchronously load lazily loaded font '../../../Engine/Content/Slate/Fonts/Roboto-Regular.ttf' (155K)
[2021.12.08-08.26.23:851][964]Closing by request
[2021.12.08-08.26.23:851][964]LogWindows: FPlatformMisc::RequestExit(0)
[2021.12.08-08.26.23:851][964]LogWindows: FPlatformMisc::RequestExitWithStatus(0, 0)
[2021.12.08-08.26.23:851][964]LogCore: Engine exit requested (reason: Win RequestExit)
[2021.12.08-08.26.23:856][965]LogCore: Engine exit requested (reason: EngineExit() was called; note: exit was already requested)
[2021.12.08-08.26.23:856][965]LogInit: Display: PreExit Game.
[2021.12.08-08.26.23:865][965]LogWorld: BeginTearingDown for /Game/MapsForGame/Yujia/CarScene_BlockOut10_Map
[2021.12.08-08.26.23:866][965]LogWorld: UWorld::CleanupWorld for CarScene_BlockOut10_Map, bSessionEnded=true, bCleanupResources=true
[2021.12.08-08.26.23:867][965]LogSlate: InvalidateAllWidgets triggered.  All widgets were invalidated
[2021.12.08-08.26.24:661][965]LogAudio: Display: Beginning Audio Device Manager Shutdown (Module: AudioMixerXAudio2)...
[2021.12.08-08.26.24:661][965]LogAudio: Display: Destroying 1 Remaining Audio Device(s)...
[2021.12.08-08.26.24:661][965]LogAudio: Display: Audio Device unregistered from world 'CarScene_BlockOut10_Map'.
[2021.12.08-08.26.24:686][965]LogAudioMixer: FMixerPlatformXAudio2::StopAudioStream() called
[2021.12.08-08.26.24:687][965]LogAudioMixer: FMixerPlatformXAudio2::StopAudioStream() called
[2021.12.08-08.26.24:688][965]LogAudio: Display: Audio Device Manager Shutdown
[2021.12.08-08.26.24:693][965]LogSlate: Window 'ThomasAdvanture (64-bit Development PCD3D_SM5) ' being destroyed
[2021.12.08-08.26.24:694][965]LogWindowsTextInputMethodSystem: Display: IME system deactivated.
[2021.12.08-08.26.24:697][965]LogWindowsTextInputMethodSystem: Display: IME system deactivated.
[2021.12.08-08.26.24:700][965]LogExit: Preparing to exit.
[2021.12.08-08.26.24:708][965]LogUObjectHash: Compacting FUObjectHashTables data took   0.92ms
[2021.12.08-08.26.25:126][965]LogMoviePlayer: Shutting down movie player
[2021.12.08-08.26.25:243][965]LogSlate: Updating window title bar state: overlay mode, drag disabled, window buttons hidden, title bar hidden
[2021.12.08-08.26.25:248][965]LogDemo: Cleaned up 0 splitscreen connections with owner deletion
[2021.12.08-08.26.25:253][965]LogExit: Game engine shut down
[2021.12.08-08.26.25:291][965]LogExit: Object subsystem successfully closed.
[2021.12.08-08.26.25:301][965]LogShaderCompilers: Display: === FShaderJobCache stats ===
[2021.12.08-08.26.25:301][965]LogShaderCompilers: Display: Total job queries 0, among them cache hits 0 (0.00%)
[2021.12.08-08.26.25:301][965]LogShaderCompilers: Display: Tracking 0 distinct input hashes that result in 0 distinct outputs (0.00%)
[2021.12.08-08.26.25:301][965]LogShaderCompilers: Display: RAM used: 0.00 MB (0.00 GB) of 1638.40 MB (1.60 GB) budget. Usage: 0.00%
[2021.12.08-08.26.25:301][965]LogShaderCompilers: Display: ================================================
[2021.12.08-08.26.25:306][965]LogShaderCompilers: Display: Shaders left to compile 0
[2021.12.08-08.26.25:321][965]LogModuleManager: Shutting down and abandoning module SequenceRecorderSections (560)
[2021.12.08-08.26.25:321][965]LogModuleManager: Shutting down and abandoning module SequenceRecorder (558)
[2021.12.08-08.26.25:321][965]LogModuleManager: Shutting down and abandoning module AutomationController (556)
[2021.12.08-08.26.25:321][965]LogModuleManager: Shutting down and abandoning module AutomationWorker (554)
[2021.12.08-08.26.25:321][965]LogModuleManager: Shutting down and abandoning module Voice (552)
[2021.12.08-08.26.25:321][965]LogModuleManager: Shutting down and abandoning module AIModule (550)
[2021.12.08-08.26.25:321][965]LogModuleManager: Shutting down and abandoning module GameplayDebugger (549)
[2021.12.08-08.26.25:321][965]LogModuleManager: Shutting down and abandoning module AITestSuite (547)
[2021.12.08-08.26.25:321][965]LogModuleManager: Shutting down and abandoning module NavigationSystem (545)
[2021.12.08-08.26.25:321][965]LogModuleManager: Shutting down and abandoning module AnimGraph (542)
[2021.12.08-08.26.25:321][965]LogModuleManager: Shutting down and abandoning module SteamVREditor (540)
[2021.12.08-08.26.25:321][965]LogModuleManager: Shutting down and abandoning module ToolMenus (539)
[2021.12.08-08.26.25:321][965]LogModuleManager: Shutting down and abandoning module OculusMR (536)
[2021.12.08-08.26.25:321][965]LogModuleManager: Shutting down and abandoning module PlanarCut (534)
[2021.12.08-08.26.25:321][965]LogModuleManager: Shutting down and abandoning module CharacterAI (532)
[2021.12.08-08.26.25:321][965]LogModuleManager: Shutting down and abandoning module TakeRecorderSources (530)
[2021.12.08-08.26.25:321][965]LogModuleManager: Shutting down and abandoning module TakeRecorder (529)
[2021.12.08-08.26.25:321][965]LogModuleManager: Shutting down and abandoning module TakeTrackRecorders (526)
[2021.12.08-08.26.25:321][965]LogModuleManager: Shutting down and abandoning module TakesCore (524)
[2021.12.08-08.26.25:321][965]LogModuleManager: Shutting down and abandoning module OpenXRInput (522)
[2021.12.08-08.26.25:321][965]LogModuleManager: Shutting down and abandoning module AvfMediaFactory (520)
[2021.12.08-08.26.25:321][965]LogModuleManager: Shutting down and abandoning module WebMMediaFactory (518)
[2021.12.08-08.26.25:321][965]LogModuleManager: Shutting down and abandoning module WebMMedia (516)
[2021.12.08-08.26.25:321][965]LogModuleManager: Shutting down and abandoning module WmfMediaFactory (514)
[2021.12.08-08.26.25:321][965]LogModuleManager: Shutting down and abandoning module OpenExrWrapper (512)
[2021.12.08-08.26.25:321][965]LogModuleManager: Shutting down and abandoning module ImgMediaFactory (510)
[2021.12.08-08.26.25:321][965]LogModuleManager: Shutting down and abandoning module MagicLeapMediaCodecFactory (508)
[2021.12.08-08.26.25:321][965]LogModuleManager: Shutting down and abandoning module MagicLeapMediaFactory (506)
[2021.12.08-08.26.25:321][965]LogModuleManager: Shutting down and abandoning module SessionServices (504)
[2021.12.08-08.26.25:321][965]LogModuleManager: Shutting down and abandoning module MovieSceneCapture (502)
[2021.12.08-08.26.25:321][965]LogModuleManager: Shutting down and abandoning module LiveCoding (500)
[2021.12.08-08.26.25:321][965]LogModuleManager: Shutting down and abandoning module LevelSequence (498)
[2021.12.08-08.26.25:321][965]LogModuleManager: Shutting down and abandoning module MovieSceneTracks (496)
[2021.12.08-08.26.25:321][965]LogModuleManager: Shutting down and abandoning module MovieScene (494)
[2021.12.08-08.26.25:321][965]LogModuleManager: Shutting down and abandoning module StreamingPauseRendering (492)
[2021.12.08-08.26.25:321][965]LogModuleManager: Shutting down and abandoning module PortalServices (490)
[2021.12.08-08.26.25:321][965]LogModuleManager: Shutting down and abandoning module PortalRpc (488)
[2021.12.08-08.26.25:321][965]LogModuleManager: Shutting down and abandoning module MessagingRpc (486)
[2021.12.08-08.26.25:321][965]LogModuleManager: Shutting down and abandoning module AudioMixerXAudio2 (484)
[2021.12.08-08.26.25:321][965]LogModuleManager: Shutting down and abandoning module AudioMixerCore (483)
[2021.12.08-08.26.25:321][965]LogModuleManager: Shutting down and abandoning module ImageWriteQueue (480)
[2021.12.08-08.26.25:324][965]LogModuleManager: Shutting down and abandoning module ProfilerService (478)
[2021.12.08-08.26.25:383][965]LogModuleManager: Shutting down and abandoning module TaskGraph (476)
[2021.12.08-08.26.25:383][965]LogModuleManager: Shutting down and abandoning module OculusInput (474)
[2021.12.08-08.26.25:383][965]LogModuleManager: Shutting down and abandoning module UObjectPlugin (472)
[2021.12.08-08.26.25:383][965]LogModuleManager: Shutting down and abandoning module VisualStudioCodeSourceCodeAccess (470)
[2021.12.08-08.26.25:383][965]LogModuleManager: Shutting down and abandoning module VisualStudioSourceCodeAccess (468)
[2021.12.08-08.26.25:383][965]LogModuleManager: Shutting down and abandoning module HotReload (467)
[2021.12.08-08.26.25:383][965]LogModuleManager: Shutting down and abandoning module SubversionSourceControl (464)
[2021.12.08-08.26.25:383][965]LogModuleManager: Shutting down and abandoning module PerforceSourceControl (462)
[2021.12.08-08.26.25:383][965]LogModuleManager: Shutting down and abandoning module SourceControl (461)
[2021.12.08-08.26.25:383][965]LogModuleManager: Shutting down and abandoning module CLionSourceCodeAccess (458)
[2021.12.08-08.26.25:383][965]LogModuleManager: Shutting down and abandoning module MotoSynth (456)
[2021.12.08-08.26.25:383][965]LogModuleManager: Shutting down and abandoning module OpenImageDenoise (454)
[2021.12.08-08.26.25:383][965]LogOpenImageDenoise: OIDN shutting down
[2021.12.08-08.26.25:383][965]LogModuleManager: Shutting down and abandoning module GeometryCollectionTracks (452)
[2021.12.08-08.26.25:383][965]LogModuleManager: Shutting down and abandoning module GeometryCollectionSequencer (451)
[2021.12.08-08.26.25:383][965]LogModuleManager: Shutting down and abandoning module MeshConversion (448)
[2021.12.08-08.26.25:383][965]LogModuleManager: Shutting down and abandoning module DynamicMesh (446)
[2021.12.08-08.26.25:383][965]LogModuleManager: Shutting down and abandoning module GeometryAlgorithms (444)
[2021.12.08-08.26.25:383][965]LogModuleManager: Shutting down and abandoning module GeometricObjects (442)
[2021.12.08-08.26.25:383][965]LogModuleManager: Shutting down and abandoning module GeometryCacheTracks (440)
[2021.12.08-08.26.25:383][965]LogModuleManager: Shutting down and abandoning module GeometryCacheSequencer (439)
[2021.12.08-08.26.25:383][965]LogModuleManager: Shutting down and abandoning module GeometryCache (436)
[2021.12.08-08.26.25:383][965]LogModuleManager: Shutting down and abandoning module GeometryCacheEd (435)
[2021.12.08-08.26.25:383][965]LogModuleManager: Shutting down and abandoning module ChaosNiagara (432)
[2021.12.08-08.26.25:383][965]LogModuleManager: Shutting down and abandoning module BackChannel (430)
[2021.12.08-08.26.25:383][965]LogModuleManager: Shutting down and abandoning module AutomationUtils (428)
[2021.12.08-08.26.25:383][965]LogModuleManager: Shutting down and abandoning module Synthesis (426)
[2021.12.08-08.26.25:383][965]LogModuleManager: Shutting down and abandoning module ProceduralMeshComponent (424)
[2021.12.08-08.26.25:383][965]LogModuleManager: Shutting down and abandoning module TakeMovieScene (422)
[2021.12.08-08.26.25:383][965]LogModuleManager: Shutting down and abandoning module MobilePatchingUtils (420)
[2021.12.08-08.26.25:383][965]LogModuleManager: Shutting down and abandoning module GooglePAD (418)
[2021.12.08-08.26.25:383][965]LogModuleManager: Shutting down and abandoning module EditableMesh (416)
[2021.12.08-08.26.25:383][965]LogModuleManager: Shutting down and abandoning module FieldSystemEngine (415)
[2021.12.08-08.26.25:383][965]LogModuleManager: Shutting down and abandoning module CustomMeshComponent (412)
[2021.12.08-08.26.25:383][965]LogModuleManager: Shutting down and abandoning module CableComponent (410)
[2021.12.08-08.26.25:383][965]LogModuleManager: Shutting down and abandoning module AudioCapture (408)
[2021.12.08-08.26.25:383][965]LogModuleManager: Shutting down and abandoning module AudioCaptureRtAudio (407)
[2021.12.08-08.26.25:383][965]LogModuleManager: Shutting down and abandoning module AssetTags (404)
[2021.12.08-08.26.25:383][965]LogModuleManager: Shutting down and abandoning module ArchVisCharacter (402)
[2021.12.08-08.26.25:384][965]LogModuleManager: Shutting down and abandoning module AppleImageUtilsBlueprintSupport (400)
[2021.12.08-08.26.25:384][965]LogModuleManager: Shutting down and abandoning module AppleImageUtils (398)
[2021.12.08-08.26.25:384][965]LogModuleManager: Shutting down and abandoning module AndroidPermission (396)
[2021.12.08-08.26.25:384][965]LogModuleManager: Shutting down and abandoning module ActorLayerUtilities (394)
[2021.12.08-08.26.25:384][965]LogModuleManager: Shutting down and abandoning module TemplateSequence (392)
[2021.12.08-08.26.25:384][965]LogModuleManager: Shutting down and abandoning module ImgMedia (390)
[2021.12.08-08.26.25:384][965]LogModuleManager: Shutting down and abandoning module MediaCompositing (388)
[2021.12.08-08.26.25:384][965]LogModuleManager: Shutting down and abandoning module MagicLeapSharedWorld (386)
[2021.12.08-08.26.25:384][965]LogModuleManager: Shutting down and abandoning module MagicLeapLightEstimation (384)
[2021.12.08-08.26.25:384][965]LogModuleManager: Shutting down and abandoning module MagicLeapHelperVulkan (382)
[2021.12.08-08.26.25:384][965]LogModuleManager: Shutting down and abandoning module MagicLeapHelperOpenGL (380)
[2021.12.08-08.26.25:384][965]LogModuleManager: Shutting down and abandoning module MagicLeapAudio (378)
[2021.12.08-08.26.25:384][965]LogModuleManager: Shutting down and abandoning module OodleNetworkHandlerComponent (376)
[2021.12.08-08.26.25:384][965]LogModuleManager: Shutting down and abandoning module LiveLinkSequencer (374)
[2021.12.08-08.26.25:384][965]LogModuleManager: Shutting down and abandoning module LiveLinkMovieScene (372)
[2021.12.08-08.26.25:384][965]LogModuleManager: Shutting down and abandoning module LiveLinkGraphNode (370)
[2021.12.08-08.26.25:384][965]LogModuleManager: Shutting down and abandoning module LiveLinkComponents (368)
[2021.12.08-08.26.25:384][965]LogModuleManager: Shutting down and abandoning module LiveLink (366)
[2021.12.08-08.26.25:453][965]LogModuleManager: Shutting down and abandoning module PropertyAccessNode (364)
[2021.12.08-08.26.25:453][965]LogModuleManager: Shutting down and abandoning module AnimationSharing (362)
[2021.12.08-08.26.25:453][965]LogModuleManager: Shutting down and abandoning module PythonScriptPlugin (360)
[2021.12.08-08.26.25:453][965]LogModuleManager: Shutting down and abandoning module RuntimePhysXCooking (358)
[2021.12.08-08.26.25:453][965]LogModuleManager: Shutting down and abandoning module SoundFields (356)
[2021.12.08-08.26.25:453][965]LogModuleManager: Shutting down and abandoning module SignificanceManager (354)
[2021.12.08-08.26.25:453][965]LogModuleManager: Shutting down and abandoning module PropertyAccessEditor (352)
[2021.12.08-08.26.25:453][965]LogModuleManager: Shutting down and abandoning module PhysXVehiclesEditor (350)
[2021.12.08-08.26.25:453][965]LogModuleManager: Shutting down and abandoning module LocationServicesBPLibrary (346)
[2021.12.08-08.26.25:453][965]LogModuleManager: Shutting down and abandoning module AudioSynesthesia (344)
[2021.12.08-08.26.25:453][965]LogModuleManager: Shutting down and abandoning module AudioSynesthesiaCore (342)
[2021.12.08-08.26.25:453][965]LogModuleManager: Shutting down and abandoning module ActorSequence (340)
[2021.12.08-08.26.25:453][965]LogModuleManager: Shutting down and abandoning module ImgMediaEngine (338)
[2021.12.08-08.26.25:453][965]LogModuleManager: Shutting down and abandoning module UdpMessaging (336)
[2021.12.08-08.26.25:554][965]LogModuleManager: Shutting down and abandoning module TcpMessaging (334)
[2021.12.08-08.26.26:124][965]LogModuleManager: Shutting down and abandoning module MagicLeapARPin (332)
[2021.12.08-08.26.26:124][965]LogModuleManager: Shutting down and abandoning module AssetManagerEditor (330)
[2021.12.08-08.26.26:124][965]LogModuleManager: Shutting down and abandoning module TreeMap (329)
[2021.12.08-08.26.26:124][965]LogModuleManager: Shutting down and abandoning module MagicLeapHandMeshing (326)
[2021.12.08-08.26.26:124][965]LogModuleManager: Shutting down and abandoning module MagicLeapSecureStorage (324)
[2021.12.08-08.26.26:124][965]LogModuleManager: Shutting down and abandoning module MagicLeapPrivileges (322)
[2021.12.08-08.26.26:124][965]LogModuleManager: Shutting down and abandoning module MagicLeapPlanes (320)
[2021.12.08-08.26.26:124][965]LogMagicLeapPlanes: Planes tracker already destroyed.
[2021.12.08-08.26.26:124][965]LogModuleManager: Shutting down and abandoning module MagicLeapImageTracker (318)
[2021.12.08-08.26.26:124][965]LogModuleManager: Shutting down and abandoning module MagicLeapIdentity (316)
[2021.12.08-08.26.26:124][965]LogModuleManager: Shutting down and abandoning module MagicLeapHandTracking (314)
[2021.12.08-08.26.26:124][965]LogModuleManager: Shutting down and abandoning module MagicLeapEyeTracker (312)
[2021.12.08-08.26.26:124][965]LogModuleManager: Shutting down and abandoning module MagicLeapController (310)
[2021.12.08-08.26.26:124][965]LogModuleManager: Shutting down and abandoning module MagicLeapARPinImpl (308)
[2021.12.08-08.26.26:125][965]LogModuleManager: Shutting down and abandoning module MagicLeapAR (306)
[2021.12.08-08.26.26:125][965]LogModuleManager: Shutting down and abandoning module NiagaraAnimNotifies (304)
[2021.12.08-08.26.26:125][965]LogModuleManager: Shutting down and abandoning module Niagara (302)
[2021.12.08-08.26.26:125][965]LogModuleManager: Shutting down and abandoning module SignalProcessing (301)
[2021.12.08-08.26.26:125][965]LogModuleManager: Shutting down and abandoning module NiagaraEditor (299)
[2021.12.08-08.26.26:125][965]LogModuleManager: Shutting down and abandoning module ContentBrowser (298)
[2021.12.08-08.26.26:125][965]LogModuleManager: Shutting down and abandoning module CollectionManager (297)
[2021.12.08-08.26.26:125][965]LogModuleManager: Shutting down and abandoning module DirectoryWatcher (296)
[2021.12.08-08.26.26:125][965]LogModuleManager: Shutting down and abandoning module ContentBrowserData (293)
[2021.12.08-08.26.26:125][965]LogModuleManager: Shutting down and abandoning module NiagaraCore (288)
[2021.12.08-08.26.26:125][965]LogModuleManager: Shutting down and abandoning module FacialAnimation (286)
[2021.12.08-08.26.26:125][965]LogModuleManager: Shutting down and abandoning module GameplayTagsEditor (284)
[2021.12.08-08.26.26:125][965]LogModuleManager: Shutting down and abandoning module GameplayCameras (282)
[2021.12.08-08.26.26:125][965]LogModuleManager: Shutting down and abandoning module LightPropagationVolumeRuntime (280)
[2021.12.08-08.26.26:125][965]LogModuleManager: Shutting down and abandoning module EnvironmentQueryEditor (278)
[2021.12.08-08.26.26:125][965]LogModuleManager: Shutting down and abandoning module Paper2D (276)
[2021.12.08-08.26.26:125][965]LogModuleManager: Shutting down and abandoning module WindowsMoviePlayer (274)
[2021.12.08-08.26.26:125][965]LogModuleManager: Shutting down and abandoning module WebMMoviePlayer (272)
[2021.12.08-08.26.26:125][965]LogModuleManager: Shutting down and abandoning module NetworkReplayStreaming (270)
[2021.12.08-08.26.26:125][965]LogModuleManager: Shutting down and abandoning module PacketHandler (268)
[2021.12.08-08.26.26:125][965]LogModuleManager: Shutting down and abandoning module ClothingSystemEditor (266)
[2021.12.08-08.26.26:125][965]LogModuleManager: Shutting down and abandoning module ClothingSystemRuntimeNv (264)
[2021.12.08-08.26.26:126][965]LogModuleManager: Shutting down and abandoning module MediaAssets (262)
[2021.12.08-08.26.26:126][965]LogModuleManager: Shutting down and abandoning module Overlay (260)
[2021.12.08-08.26.26:126][965]LogModuleManager: Shutting down and abandoning module OverlayEditor (259)
[2021.12.08-08.26.26:126][965]LogModuleManager: Shutting down and abandoning module VREditor (256)
[2021.12.08-08.26.26:126][965]LogModuleManager: Shutting down and abandoning module StringTableEditor (254)
[2021.12.08-08.26.26:126][965]LogModuleManager: Shutting down and abandoning module GameplayTasksEditor (252)
[2021.12.08-08.26.26:126][965]LogModuleManager: Shutting down and abandoning module BehaviorTreeEditor (250)
[2021.12.08-08.26.26:126][965]LogModuleManager: Shutting down and abandoning module FunctionalTesting (248)
[2021.12.08-08.26.26:126][965]LogModuleManager: Shutting down and abandoning module CollisionAnalyzer (246)
[2021.12.08-08.26.26:126][965]LogModuleManager: Shutting down and abandoning module WorkspaceMenuStructure (245)
[2021.12.08-08.26.26:126][965]LogModuleManager: Shutting down and abandoning module UMG (242)
[2021.12.08-08.26.26:126][965]LogModuleManager: Shutting down and abandoning module UMGEditor (241)
[2021.12.08-08.26.26:126][965]LogModuleManager: Shutting down and abandoning module Sequencer (240)
[2021.12.08-08.26.26:126][965]LogModuleManager: Shutting down and abandoning module MessageLog (237)
[2021.12.08-08.26.26:126][965]LogModuleManager: Shutting down and abandoning module SlateReflector (232)
[2021.12.08-08.26.26:126][965]LogModuleManager: Shutting down and abandoning module Slate (230)
[2021.12.08-08.26.26:126][965]LogModuleManager: Shutting down and abandoning module SlateCore (228)
[2021.12.08-08.26.26:126][965]LogModuleManager: Shutting down and abandoning module LandscapeEditorUtilities (226)
[2021.12.08-08.26.26:126][965]LogModuleManager: Shutting down and abandoning module UnrealEd (224)
[2021.12.08-08.26.26:126][965]LogModuleManager: Shutting down and abandoning module MRMesh (222)
[2021.12.08-08.26.26:126][965]LogModuleManager: Shutting down and abandoning module Messaging (220)
[2021.12.08-08.26.26:126][965]LogModuleManager: Shutting down and abandoning module SourceCodeAccess (218)
[2021.12.08-08.26.26:126][965]LogModuleManager: Shutting down and abandoning module HeadMountedDisplay (216)
[2021.12.08-08.26.26:126][965]LogModuleManager: Shutting down and abandoning module XAudio2 (214)
[2021.12.08-08.26.26:126][965]LogModuleManager: Shutting down and abandoning module Networking (212)
[2021.12.08-08.26.26:126][965]LogModuleManager: Shutting down and abandoning module Core (210)
[2021.12.08-08.26.26:126][965]LogModuleManager: Shutting down and abandoning module MaterialEditor (208)
[2021.12.08-08.26.26:126][965]LogModuleManager: Shutting down and abandoning module MovieSceneTools (206)
[2021.12.08-08.26.26:126][965]LogModuleManager: Shutting down and abandoning module EditorStyle (205)
[2021.12.08-08.26.26:127][965]LogModuleManager: Shutting down and abandoning module KismetCompiler (202)
[2021.12.08-08.26.26:127][965]LogModuleManager: Shutting down and abandoning module MeshBuilder (200)
[2021.12.08-08.26.26:127][965]LogModuleManager: Shutting down and abandoning module MeshUtilities (198)
[2021.12.08-08.26.26:127][965]LogModuleManager: Shutting down and abandoning module MeshMergeUtilities (197)
[2021.12.08-08.26.26:127][965]LogModuleManager: Shutting down and abandoning module MeshReductionInterface (196)
[2021.12.08-08.26.26:127][965]LogModuleManager: Shutting down and abandoning module MeshBoneReduction (195)
[2021.12.08-08.26.26:127][965]LogModuleManager: Shutting down and abandoning module SkeletalMeshReduction (193)
[2021.12.08-08.26.26:127][965]LogModuleManager: Shutting down and abandoning module ProxyLODMeshReduction (191)
[2021.12.08-08.26.26:127][965]LogModuleManager: Shutting down and abandoning module QuadricMeshReduction (189)
[2021.12.08-08.26.26:127][965]LogModuleManager: Shutting down and abandoning module MaterialBaking (185)
[2021.12.08-08.26.26:127][965]LogModuleManager: Shutting down and abandoning module NullInstallBundleManager (180)
[2021.12.08-08.26.26:127][965]LogModuleManager: Shutting down and abandoning module PIEPreviewDeviceProfileSelector (178)
[2021.12.08-08.26.26:127][965]LogModuleManager: Shutting down and abandoning module DerivedDataCache (176)
[2021.12.08-08.26.26:127][965]LogModuleManager: Shutting down and abandoning module TargetPlatform (174)
[2021.12.08-08.26.26:127][965]LogModuleManager: Shutting down and abandoning module VulkanShaderFormat (173)
[2021.12.08-08.26.26:127][965]LogModuleManager: Shutting down and abandoning module ShaderFormatVectorVM (171)
[2021.12.08-08.26.26:127][965]LogModuleManager: Shutting down and abandoning module ShaderFormatOpenGL (169)
[2021.12.08-08.26.26:127][965]LogModuleManager: Shutting down and abandoning module ShaderFormatD3D (167)
[2021.12.08-08.26.26:127][965]LogModuleManager: Shutting down and abandoning module MetalShaderFormat (165)
[2021.12.08-08.26.26:127][965]LogModuleManager: Shutting down and abandoning module TextureFormatOodle (163)
[2021.12.08-08.26.26:127][965]LogModuleManager: Shutting down and abandoning module TextureFormatUncompressed (161)
[2021.12.08-08.26.26:127][965]LogModuleManager: Shutting down and abandoning module TextureFormatPVR (159)
[2021.12.08-08.26.26:127][965]LogModuleManager: Shutting down and abandoning module TextureFormatETC2 (157)
[2021.12.08-08.26.26:127][965]LogModuleManager: Shutting down and abandoning module TextureFormatDXT (155)
[2021.12.08-08.26.26:127][965]LogModuleManager: Shutting down and abandoning module TextureFormatIntelISPCTexComp (153)
[2021.12.08-08.26.26:127][965]LogModuleManager: Shutting down and abandoning module TextureFormatASTC (151)
[2021.12.08-08.26.26:127][965]LogModuleManager: Shutting down and abandoning module ImageWrapper (150)
[2021.12.08-08.26.26:127][965]LogModuleManager: Shutting down and abandoning module AudioFormatOpus (147)
[2021.12.08-08.26.26:127][965]LogModuleManager: Shutting down and abandoning module AudioFormatOgg (145)
[2021.12.08-08.26.26:127][965]LogModuleManager: Shutting down and abandoning module AudioFormatADPCM (143)
[2021.12.08-08.26.26:127][965]LogModuleManager: Shutting down and abandoning module WindowsServerTargetPlatform (141)
[2021.12.08-08.26.26:127][965]LogModuleManager: Shutting down and abandoning module WindowsClientTargetPlatform (139)
[2021.12.08-08.26.26:127][965]LogModuleManager: Shutting down and abandoning module WindowsTargetPlatform (137)
[2021.12.08-08.26.26:127][965]LogModuleManager: Shutting down and abandoning module WindowsNoEditorTargetPlatform (135)
[2021.12.08-08.26.26:127][965]LogModuleManager: Shutting down and abandoning module D3D11RHI (132)
[2021.12.08-08.26.26:127][965]LogModuleManager: Shutting down and abandoning module InputCore (130)
[2021.12.08-08.26.26:127][965]LogModuleManager: Shutting down and abandoning module Settings (128)
[2021.12.08-08.26.26:127][965]LogModuleManager: Shutting down and abandoning module PhysXCooking (126)
[2021.12.08-08.26.26:128][965]LogModuleManager: Shutting down and abandoning module Chaos (124)
[2021.12.08-08.26.26:128][965]LogModuleManager: Shutting down and abandoning module WindowsPlatformFeatures (122)
[2021.12.08-08.26.26:128][965]LogModuleManager: Shutting down and abandoning module GameplayMediaEncoder (121)
[2021.12.08-08.26.26:128][965]LogModuleManager: Shutting down and abandoning module AVEncoder (120)
[2021.12.08-08.26.26:128][965]LogModuleManager: Shutting down and abandoning module SteamVRInputDevice (116)
[2021.12.08-08.26.26:128][965]LogModuleManager: Shutting down and abandoning module SteamVRInput (114)
[2021.12.08-08.26.26:128][965]LogModuleManager: Shutting down and abandoning module SteamVR (112)
[2021.12.08-08.26.26:128][965]LogHMD: Freeing OpenVRDLLHandle.
[2021.12.08-08.26.26:128][965]LogModuleManager: Shutting down and abandoning module OculusHMD (110)
[2021.12.08-08.26.26:128][965]LogModuleManager: Shutting down and abandoning module PixWinPlugin (108)
[2021.12.08-08.26.26:128][965]LogModuleManager: Shutting down and abandoning module ChaosCloth (106)
[2021.12.08-08.26.26:128][965]LogModuleManager: Shutting down and abandoning module OpenXRHandTracking (104)
[2021.12.08-08.26.26:128][965]LogSlate: Slate User Destroyed.  User Index 0, Is Virtual User: 0
[2021.12.08-08.26.26:128][965]LogSlate: Slate User Destroyed.  User Index 8, Is Virtual User: 1
[2021.12.08-08.26.26:128][965]LogModuleManager: Shutting down and abandoning module OpenXREyeTracker (102)
[2021.12.08-08.26.26:128][965]LogModuleManager: Shutting down and abandoning module OpenXRAR (100)
[2021.12.08-08.26.26:128][965]LogModuleManager: Shutting down and abandoning module AugmentedReality (99)
[2021.12.08-08.26.26:128][965]LogModuleManager: Shutting down and abandoning module OpenXRHMD (96)
[2021.12.08-08.26.26:128][965]LogModuleManager: Shutting down and abandoning module ExampleDeviceProfileSelector (94)
[2021.12.08-08.26.26:128][965]LogModuleManager: Shutting down and abandoning module ChunkDownloader (92)
[2021.12.08-08.26.26:128][965]LogModuleManager: Shutting down and abandoning module LauncherChunkInstaller (90)
[2021.12.08-08.26.26:128][965]LogModuleManager: Shutting down and abandoning module OnlineBlueprintSupport (88)
[2021.12.08-08.26.26:128][965]LogModuleManager: Shutting down and abandoning module OnlineSubsystem (84)
[2021.12.08-08.26.26:128][965]LogModuleManager: Shutting down and abandoning module XMPP (79)
[2021.12.08-08.26.26:128][965]LogModuleManager: Shutting down and abandoning module WebSockets (78)
[2021.12.08-08.26.26:132][965]LogModuleManager: Shutting down and abandoning module HTTP (75)
[2021.12.08-08.26.26:132][965]LogHttp: Display: cleaning up 0 outstanding Http requests.
[2021.12.08-08.26.26:158][965]LogModuleManager: Shutting down and abandoning module SSL (74)
[2021.12.08-08.26.26:159][965]LogModuleManager: Shutting down and abandoning module WmfMedia (70)
[2021.12.08-08.26.26:159][965]LogModuleManager: Shutting down and abandoning module Media (69)
[2021.12.08-08.26.26:160][965]LogModuleManager: Shutting down and abandoning module MediaInfo (68)
[2021.12.08-08.26.26:160][965]LogModuleManager: Shutting down and abandoning module ExrReaderGpu (64)
[2021.12.08-08.26.26:160][965]LogModuleManager: Shutting down and abandoning module MLSDK (62)
[2021.12.08-08.26.26:160][965]LogModuleManager: Shutting down and abandoning module MagicLeap (60)
[2021.12.08-08.26.26:160][965]LogModuleManager: Shutting down and abandoning module NiagaraVertexFactories (58)
[2021.12.08-08.26.26:160][965]LogModuleManager: Shutting down and abandoning module NiagaraShader (56)
[2021.12.08-08.26.26:160][965]LogModuleManager: Shutting down and abandoning module VariantManagerContent (54)
[2021.12.08-08.26.26:160][965]LogModuleManager: Shutting down and abandoning module DatasmithContent (52)
[2021.12.08-08.26.26:160][965]LogModuleManager: Shutting down and abandoning module AISupportModule (50)
[2021.12.08-08.26.26:160][965]LogModuleManager: Shutting down and abandoning module DesktopPlatform (48)
[2021.12.08-08.26.26:160][965]LogModuleManager: Shutting down and abandoning module PlatformCryptoOpenSSL (46)
[2021.12.08-08.26.26:160][965]LogModuleManager: Shutting down and abandoning module PlatformCryptoTypes (44)
[2021.12.08-08.26.26:160][965]LogModuleManager: Shutting down and abandoning module PlatformCrypto (42)
[2021.12.08-08.26.26:160][965]LogModuleManager: Shutting down and abandoning module PythonScriptPluginPreload (40)
[2021.12.08-08.26.26:160][965]LogModuleManager: Shutting down and abandoning module OodleDataCompressionFormat (38)
[2021.12.08-08.26.26:160][965]LogModuleManager: Shutting down and abandoning module XGEController (36)
[2021.12.08-08.26.26:160][965]LogModuleManager: Shutting down and abandoning module AnimationModifiers (34)
[2021.12.08-08.26.26:160][965]LogModuleManager: Shutting down and abandoning module AudioEditor (32)
[2021.12.08-08.26.26:161][965]LogModuleManager: Shutting down and abandoning module PropertyEditor (31)
[2021.12.08-08.26.26:161][965]LogModuleManager: Shutting down and abandoning module TextureCompressor (28)
[2021.12.08-08.26.26:161][965]LogModuleManager: Shutting down and abandoning module RenderCore (26)
[2021.12.08-08.26.26:161][965]LogModuleManager: Shutting down and abandoning module Landscape (24)
[2021.12.08-08.26.26:161][965]LogModuleManager: Shutting down and abandoning module SlateRHIRenderer (22)
[2021.12.08-08.26.26:161][965]LogModuleManager: Shutting down and abandoning module AnimGraphRuntime (20)
[2021.12.08-08.26.26:161][965]LogModuleManager: Shutting down and abandoning module Renderer (18)
[2021.12.08-08.26.26:161][965]LogModuleManager: Shutting down and abandoning module Engine (16)
[2021.12.08-08.26.26:161][965]LogModuleManager: Shutting down and abandoning module CoreUObject (14)
[2021.12.08-08.26.26:161][965]LogModuleManager: Shutting down and abandoning module NetworkFile (12)
[2021.12.08-08.26.26:161][965]LogModuleManager: Shutting down and abandoning module CookedIterativeFile (10)
[2021.12.08-08.26.26:161][965]LogModuleManager: Shutting down and abandoning module StreamingFile (8)
[2021.12.08-08.26.26:161][965]LogModuleManager: Shutting down and abandoning module SandboxFile (6)
[2021.12.08-08.26.26:161][965]LogModuleManager: Shutting down and abandoning module PakFile (4)
[2021.12.08-08.26.26:161][965]LogModuleManager: Shutting down and abandoning module RSA (3)
