Log file open, 11/28/21 06:41:25
LogWindows: Failed to load 'aqProf.dll' (GetLastError=126)
LogWindows: File 'aqProf.dll' does not exist
LogWindows: Failed to load 'VtuneApi.dll' (GetLastError=126)
LogWindows: File 'VtuneApi.dll' does not exist
LogWindows: Failed to load 'VtuneApi32e.dll' (GetLastError=126)
LogWindows: File 'VtuneApi32e.dll' does not exist
LogConsoleResponse: Display: Failed to find resolution value strings in scalability ini. Falling back to default.
LogConsoleResponse: Display: Failed to find resolution value strings in scalability ini. Falling back to default.
LogInit: Display: Running engine for game: ThomasAdvanture
LogPlatformFile: Not using cached read wrapper
LogTaskGraph: Started task graph with 5 named threads and 35 total threads with 3 sets of task threads.
LogStats: Stats thread started at 0.329607
LogICUInternationalization: ICU TimeZone Detection - Raw Offset: -8:00, Platform Override: ''
LogInit: Display: Loading text-based GConfig....
LogPluginManager: Mounting plugin MeshPainting
LogPluginManager: Mounting plugin XGEController
LogPluginManager: Mounting plugin Paper2D
LogPluginManager: Mounting plugin LiveLink
LogPluginManager: Mounting plugin AISupport
LogPluginManager: Mounting plugin EnvironmentQueryEditor
LogPluginManager: Mounting plugin CameraShakePreviewer
LogPluginManager: Mounting plugin LightPropagationVolume
LogPluginManager: Mounting plugin GameplayCameras
LogPluginManager: Mounting plugin OodleNetwork
LogPluginManager: Mounting plugin OodleData
LogPluginManager: Mounting plugin DatasmithContent
LogPluginManager: Mounting plugin AssetManagerEditor
LogPluginManager: Mounting plugin VariantManagerContent
LogPluginManager: Mounting plugin CryptoKeys
LogPluginManager: Mounting plugin CurveEditorTools
LogPluginManager: Mounting plugin DataValidation
LogPluginManager: Mounting plugin FacialAnimation
LogPluginManager: Mounting plugin GameplayTagsEditor
LogPluginManager: Mounting plugin GeometryMode
LogPluginManager: Mounting plugin MacGraphicsSwitching
LogPluginManager: Mounting plugin MaterialAnalyzer
LogPluginManager: Mounting plugin AnimationSharing
LogPluginManager: Mounting plugin PluginBrowser
LogPluginManager: Mounting plugin MobileLauncherProfileWizard
LogPluginManager: Mounting plugin SpeedTreeImporter
LogPluginManager: Mounting plugin CLionSourceCodeAccess
LogPluginManager: Mounting plugin AlembicImporter
LogPluginManager: Mounting plugin GitSourceControl
LogPluginManager: Mounting plugin KDevelopSourceCodeAccess
LogPluginManager: Mounting plugin AutomationUtils
LogPluginManager: Mounting plugin BackChannel
LogPluginManager: Mounting plugin NullSourceCodeAccess
LogPluginManager: Mounting plugin ChaosCloth
LogPluginManager: Mounting plugin ChaosClothEditor
LogPluginManager: Mounting plugin ChaosEditor
LogPluginManager: Mounting plugin CodeLiteSourceCodeAccess
LogPluginManager: Mounting plugin ChaosNiagara
LogPluginManager: Mounting plugin PerforceSourceControl
LogPluginManager: Mounting plugin PixWinPlugin
LogPluginManager: Mounting plugin ChaosSolverPlugin
LogPluginManager: Mounting plugin CharacterAI
LogPluginManager: Mounting plugin PlasticSourceControl
LogPluginManager: Mounting plugin PluginUtils
LogPluginManager: Mounting plugin Niagara
LogPluginManager: Mounting plugin PropertyAccessNode
LogPluginManager: Mounting plugin RiderSourceCodeAccess
LogPluginManager: Mounting plugin SubversionSourceControl
LogPluginManager: Mounting plugin TextureFormatOodle
LogPluginManager: Mounting plugin UObjectPlugin
LogPluginManager: Mounting plugin VisualStudioCodeSourceCodeAccess
LogPluginManager: Mounting plugin VisualStudioSourceCodeAccess
LogPluginManager: Mounting plugin GeometryCache
LogPluginManager: Mounting plugin GeometryCollectionPlugin
LogPluginManager: Mounting plugin XCodeSourceCodeAccess
LogPluginManager: Mounting plugin GeometryProcessing
LogPluginManager: Mounting plugin MotoSynth
LogPluginManager: Mounting plugin OpenImageDenoise
LogPluginManager: Mounting plugin PlanarCut
LogPluginManager: Mounting plugin ProxyLODPlugin
LogPluginManager: Mounting plugin PlatformCrypto
LogPluginManager: Mounting plugin PythonScriptPlugin
LogPluginManager: Mounting plugin SkeletalReduction
LogPluginManager: Mounting plugin LuminPlatformFeatures
LogPluginManager: Mounting plugin MagicLeap
LogPluginManager: Mounting plugin MagicLeapLightEstimation
LogPluginManager: Mounting plugin MagicLeapPassableWorld
LogPluginManager: Mounting plugin MLSDK
LogPluginManager: Mounting plugin UdpMessaging
LogPluginManager: Mounting plugin ActorSequence
LogPluginManager: Mounting plugin MagicLeapMedia
LogPluginManager: Mounting plugin LevelSequenceEditor
LogPluginManager: Mounting plugin MatineeToLevelSequence
LogPluginManager: Mounting plugin TemplateSequence
LogPluginManager: Mounting plugin OnlineSubsystem
LogPluginManager: Mounting plugin OnlineSubsystemNull
LogPluginManager: Mounting plugin OnlineSubsystemUtils
LogPluginManager: Mounting plugin AndroidMedia
LogPluginManager: Mounting plugin AvfMedia
LogPluginManager: Mounting plugin TcpMessaging
LogPluginManager: Mounting plugin ImgMedia
LogPluginManager: Mounting plugin MediaCompositing
LogPluginManager: Mounting plugin MediaPlayerEditor
LogPluginManager: Mounting plugin WmfMedia
LogPluginManager: Mounting plugin WebMMedia
LogPluginManager: Mounting plugin ActorLayerUtilities
LogPluginManager: Mounting plugin AndroidDeviceProfileSelector
LogPluginManager: Mounting plugin AndroidPermission
LogPluginManager: Mounting plugin AndroidMoviePlayer
LogPluginManager: Mounting plugin AppleImageUtils
LogPluginManager: Mounting plugin AppleMoviePlayer
LogPluginManager: Mounting plugin ArchVisCharacter
LogPluginManager: Mounting plugin AssetTags
LogPluginManager: Mounting plugin AudioCapture
LogPluginManager: Mounting plugin AudioSynesthesia
LogPluginManager: Mounting plugin CableComponent
LogPluginManager: Mounting plugin ChunkDownloader
LogPluginManager: Mounting plugin CustomMeshComponent
LogPluginManager: Mounting plugin ExampleDeviceProfileSelector
LogPluginManager: Mounting plugin EditableMesh
LogPluginManager: Mounting plugin GoogleCloudMessaging
LogPluginManager: Mounting plugin GooglePAD
LogPluginManager: Mounting plugin ScreenshotTools
LogPluginManager: Mounting plugin IOSDeviceProfileSelector
LogPluginManager: Mounting plugin LinuxDeviceProfileSelector
LogPluginManager: Mounting plugin MobilePatchingUtils
LogPluginManager: Mounting plugin OpenXREyeTracker
LogPluginManager: Mounting plugin OpenXR
LogPluginManager: Mounting plugin OpenXRHandTracking
LogPluginManager: Mounting plugin PhysXVehicles
LogPluginManager: Mounting plugin PostSplashScreen
LogPluginManager: Mounting plugin ProceduralMeshComponent
LogPluginManager: Mounting plugin PropertyAccessEditor
LogPluginManager: Mounting plugin RuntimePhysXCooking
LogPluginManager: Mounting plugin SignificanceManager
LogPluginManager: Mounting plugin SoundFields
LogPluginManager: Mounting plugin LocationServicesBPLibrary
LogPluginManager: Mounting plugin WebMMoviePlayer
LogPluginManager: Mounting plugin WindowsMoviePlayer
LogPluginManager: Mounting plugin Takes
LogPluginManager: Mounting plugin LauncherChunkInstaller
LogPluginManager: Mounting plugin Synthesis
LogPluginManager: Mounting plugin ContentBrowserAssetDataSource
LogPluginManager: Mounting plugin ContentBrowserClassDataSource
LogPluginManager: Mounting plugin ContentBrowserFileDataSource
LogPluginManager: Mounting plugin OnlineSubsystemGooglePlay
LogPluginManager: Mounting plugin OnlineSubsystemIOS
LogPluginManager: Mounting plugin OculusVR
LogPluginManager: Mounting plugin SteamVR
PixWinPlugin: PIX capture plugin failed to initialize! Check that the process is launched from PIX.
LogInit: Using libcurl 7.55.1-DEV
LogInit:  - built for x86_64-pc-win32
LogInit:  - supports SSL with OpenSSL/1.1.1
LogInit:  - supports HTTP deflate (compression) using libz 1.2.8
LogInit:  - other features:
LogInit:      CURL_VERSION_SSL
LogInit:      CURL_VERSION_LIBZ
LogInit:      CURL_VERSION_IPV6
LogInit:      CURL_VERSION_ASYNCHDNS
LogInit:      CURL_VERSION_LARGEFILE
LogInit:      CURL_VERSION_IDN
LogInit:  CurlRequestOptions (configurable via config and command line):
LogInit:  - bVerifyPeer = true  - Libcurl will verify peer certificate
LogInit:  - bUseHttpProxy = false  - Libcurl will NOT use HTTP proxy
LogInit:  - bDontReuseConnections = false  - Libcurl will reuse connections
LogInit:  - MaxHostConnections = 16  - Libcurl will limit the number of connections to a host
LogInit:  - LocalHostAddr = Default
LogInit:  - BufferSize = 65536
LogOnline: OSS: Creating online subsystem instance for: NULL
LogInit: WinSock: version 1.1 (2.2), MaxSocks=32767, MaxUdp=65467
LogOnline: OSS: TryLoadSubsystemAndSetDefault: Loaded subsystem for module [NULL]
LogOculusPluginWrapper: OculusPlugin initialized successfully
LogHMD: Failed initializing OVRPlugin 1.59.0
LogInit: Build: ++UE4+Release-4.27-CL-17735300
LogInit: Engine Version: 4.27.1-17735300+++UE4+Release-4.27
LogInit: Compatible Engine Version: 4.27.0-17155196+++UE4+Release-4.27
LogInit: Net CL: 17155196
LogInit: OS: Windows 10 (Release 2009) (), CPU: Intel(R) Core(TM) i5-10500H CPU @ 2.50GHz, GPU: Intel(R) UHD Graphics
LogInit: Compiled (64-bit): Oct  6 2021 14:42:51
LogInit: Compiled with Visual C++: 19.24.28315.00
LogInit: Build Configuration: Development
LogInit: Branch Name: ++UE4+Release-4.27
LogInit: Command Line: 
LogInit: Base Directory: C:/Program Files/Epic Games/UE_4.27/Engine/Binaries/Win64/
LogInit: Allocator: TBB
LogInit: Installed Engine Build: 1
LogDevObjectVersion: Number of dev versions registered: 29
LogDevObjectVersion:   Dev-Blueprints (B0D832E4-1F89-4F0D-ACCF-7EB736FD4AA2): 10
LogDevObjectVersion:   Dev-Build (E1C64328-A22C-4D53-A36C-8E866417BD8C): 0
LogDevObjectVersion:   Dev-Core (375EC13C-06E4-48FB-B500-84F0262A717E): 4
LogDevObjectVersion:   Dev-Editor (E4B068ED-F494-42E9-A231-DA0B2E46BB41): 40
LogDevObjectVersion:   Dev-Framework (CFFC743F-43B0-4480-9391-14DF171D2073): 37
LogDevObjectVersion:   Dev-Mobile (B02B49B5-BB20-44E9-A304-32B752E40360): 3
LogDevObjectVersion:   Dev-Networking (A4E4105C-59A1-49B5-A7C5-40C4547EDFEE): 0
LogDevObjectVersion:   Dev-Online (39C831C9-5AE6-47DC-9A44-9C173E1C8E7C): 0
LogDevObjectVersion:   Dev-Physics (78F01B33-EBEA-4F98-B9B4-84EACCB95AA2): 14
LogDevObjectVersion:   Dev-Platform (6631380F-2D4D-43E0-8009-CF276956A95A): 0
LogDevObjectVersion:   Dev-Rendering (12F88B9F-8875-4AFC-A67C-D90C383ABD29): 45
LogDevObjectVersion:   Dev-Sequencer (7B5AE74C-D270-4C10-A958-57980B212A5A): 13
LogDevObjectVersion:   Dev-VR (D7296918-1DD6-4BDD-9DE2-64A83CC13884): 3
LogDevObjectVersion:   Dev-LoadTimes (C2A15278-BFE7-4AFE-6C17-90FF531DF755): 1
LogDevObjectVersion:   Private-Geometry (6EACA3D4-40EC-4CC1-B786-8BED09428FC5): 3
LogDevObjectVersion:   Dev-AnimPhys (29E575DD-E0A3-4627-9D10-D276232CDCEA): 17
LogDevObjectVersion:   Dev-Anim (AF43A65D-7FD3-4947-9873-3E8ED9C1BB05): 15
LogDevObjectVersion:   Dev-ReflectionCapture (6B266CEC-1EC7-4B8F-A30B-E4D90942FC07): 1
LogDevObjectVersion:   Dev-Automation (0DF73D61-A23F-47EA-B727-89E90C41499A): 1
LogDevObjectVersion:   FortniteMain (601D1886-AC64-4F84-AA16-D3DE0DEAC7D6): 47
LogDevObjectVersion:   FortniteRelease (E7086368-6B23-4C58-8439-1B7016265E91): 1
LogDevObjectVersion:   Dev-Enterprise (9DFFBCD6-494F-0158-E221-12823C92A888): 10
LogDevObjectVersion:   Dev-Niagara (F2AED0AC-9AFE-416F-8664-AA7FFA26D6FC): 1
LogDevObjectVersion:   Dev-Destruction (174F1F0B-B4C6-45A5-B13F-2EE8D0FB917D): 10
LogDevObjectVersion:   Dev-Physics-Ext (35F94A83-E258-406C-A318-09F59610247C): 41
LogDevObjectVersion:   Dev-PhysicsMaterial-Chaos (B68FC16E-8B1B-42E2-B453-215C058844FE): 1
LogDevObjectVersion:   Dev-CineCamera (B2E18506-4273-CFC2-A54E-F4BB758BBA07): 1
LogDevObjectVersion:   Dev-VirtualProduction (64F58936-FD1B-42BA-BA96-7289D5D0FA4E): 1
LogDevObjectVersion:   Dev-MediaFramework (6F0ED827-A609-4895-9C91-998D90180EA4): 2
LogInit: Presizing for max 25165824 objects, including 0 objects not considered by GC, pre-allocating 0 bytes for permanent pool.
LogConfig: Applying CVar settings from Section [/Script/Engine.StreamingSettings] File [C:/Users/garre/OneDrive/Documents/GitHub/Gridlock/Saved/Config/Windows/Engine.ini]
LogConfig: Setting CVar [[s.MinBulkDataSizeForAsyncLoading:131072]]
LogConfig: Setting CVar [[s.AsyncLoadingThreadEnabled:0]]
LogConfig: Setting CVar [[s.EventDrivenLoaderEnabled:1]]
LogConfig: Setting CVar [[s.WarnIfTimeLimitExceeded:0]]
LogConfig: Setting CVar [[s.TimeLimitExceededMultiplier:1.5]]
LogConfig: Setting CVar [[s.TimeLimitExceededMinTime:0.005]]
LogConfig: Setting CVar [[s.UseBackgroundLevelStreaming:1]]
LogConfig: Setting CVar [[s.PriorityAsyncLoadingExtraTime:15.0]]
LogConfig: Setting CVar [[s.LevelStreamingActorsUpdateTimeLimit:5.0]]
LogConfig: Setting CVar [[s.PriorityLevelStreamingActorsUpdateExtraTime:5.0]]
LogConfig: Setting CVar [[s.LevelStreamingComponentsRegistrationGranularity:10]]
LogConfig: Setting CVar [[s.UnregisterComponentsTimeLimit:1.0]]
LogConfig: Setting CVar [[s.LevelStreamingComponentsUnregistrationGranularity:5]]
LogConfig: Setting CVar [[s.FlushStreamingOnExit:1]]
LogInit: Object subsystem initialized
LogConfig: Setting CVar [[con.DebugEarlyDefault:1]]
LogConfig: Setting CVar [[r.setres:1280x720]]
[2021.11.28-14.41.26:631][  0]LogConfig: Setting CVar [[r.VSync:0]]
[2021.11.28-14.41.26:631][  0]LogConfig: Setting CVar [[r.RHICmdBypass:0]]
[2021.11.28-14.41.26:631][  0]LogConfig: Applying CVar settings from Section [/Script/Engine.RendererSettings] File [C:/Users/garre/OneDrive/Documents/GitHub/Gridlock/Saved/Config/Windows/Engine.ini]
[2021.11.28-14.41.26:631][  0]LogConfig: Setting CVar [[r.GPUCrashDebugging:0]]
[2021.11.28-14.41.26:631][  0]LogConfig: Applying CVar settings from Section [/Script/Engine.RendererOverrideSettings] File [C:/Users/garre/OneDrive/Documents/GitHub/Gridlock/Saved/Config/Windows/Engine.ini]
[2021.11.28-14.41.26:631][  0]LogConfig: Applying CVar settings from Section [/Script/Engine.StreamingSettings] File [C:/Users/garre/OneDrive/Documents/GitHub/Gridlock/Saved/Config/Windows/Engine.ini]
[2021.11.28-14.41.26:631][  0]LogConfig: Setting CVar [[s.MinBulkDataSizeForAsyncLoading:131072]]
[2021.11.28-14.41.26:631][  0]LogConfig: Setting CVar [[s.AsyncLoadingThreadEnabled:0]]
[2021.11.28-14.41.26:631][  0]LogConfig: Setting CVar [[s.EventDrivenLoaderEnabled:1]]
[2021.11.28-14.41.26:631][  0]LogConfig: Setting CVar [[s.WarnIfTimeLimitExceeded:0]]
[2021.11.28-14.41.26:631][  0]LogConfig: Setting CVar [[s.TimeLimitExceededMultiplier:1.5]]
[2021.11.28-14.41.26:631][  0]LogConfig: Setting CVar [[s.TimeLimitExceededMinTime:0.005]]
[2021.11.28-14.41.26:631][  0]LogConfig: Setting CVar [[s.UseBackgroundLevelStreaming:1]]
[2021.11.28-14.41.26:631][  0]LogConfig: Setting CVar [[s.PriorityAsyncLoadingExtraTime:15.0]]
[2021.11.28-14.41.26:631][  0]LogConfig: Setting CVar [[s.LevelStreamingActorsUpdateTimeLimit:5.0]]
[2021.11.28-14.41.26:631][  0]LogConfig: Setting CVar [[s.PriorityLevelStreamingActorsUpdateExtraTime:5.0]]
[2021.11.28-14.41.26:631][  0]LogConfig: Setting CVar [[s.LevelStreamingComponentsRegistrationGranularity:10]]
[2021.11.28-14.41.26:631][  0]LogConfig: Setting CVar [[s.UnregisterComponentsTimeLimit:1.0]]
[2021.11.28-14.41.26:631][  0]LogConfig: Setting CVar [[s.LevelStreamingComponentsUnregistrationGranularity:5]]
[2021.11.28-14.41.26:631][  0]LogConfig: Setting CVar [[s.FlushStreamingOnExit:1]]
[2021.11.28-14.41.26:631][  0]LogConfig: Applying CVar settings from Section [/Script/Engine.GarbageCollectionSettings] File [C:/Users/garre/OneDrive/Documents/GitHub/Gridlock/Saved/Config/Windows/Engine.ini]
[2021.11.28-14.41.26:631][  0]LogConfig: Setting CVar [[gc.MaxObjectsNotConsideredByGC:1]]
[2021.11.28-14.41.26:631][  0]LogConfig: Setting CVar [[gc.SizeOfPermanentObjectPool:0]]
[2021.11.28-14.41.26:631][  0]LogConfig: Setting CVar [[gc.FlushStreamingOnGC:0]]
[2021.11.28-14.41.26:631][  0]LogConfig: Setting CVar [[gc.NumRetriesBeforeForcingGC:10]]
[2021.11.28-14.41.26:631][  0]LogConfig: Setting CVar [[gc.AllowParallelGC:1]]
[2021.11.28-14.41.26:631][  0]LogConfig: Setting CVar [[gc.TimeBetweenPurgingPendingKillObjects:61.1]]
[2021.11.28-14.41.26:631][  0]LogConfig: Setting CVar [[gc.MaxObjectsInEditor:25165824]]
[2021.11.28-14.41.26:631][  0]LogConfig: Setting CVar [[gc.IncrementalBeginDestroyEnabled:1]]
[2021.11.28-14.41.26:631][  0]LogConfig: Setting CVar [[gc.CreateGCClusters:1]]
[2021.11.28-14.41.26:631][  0]LogConfig: Setting CVar [[gc.MinGCClusterSize:5]]
[2021.11.28-14.41.26:631][  0]LogConfig: Setting CVar [[gc.ActorClusteringEnabled:0]]
[2021.11.28-14.41.26:631][  0]LogConfig: Setting CVar [[gc.BlueprintClusteringEnabled:0]]
[2021.11.28-14.41.26:631][  0]LogConfig: Setting CVar [[gc.UseDisregardForGCOnDedicatedServers:0]]
[2021.11.28-14.41.26:631][  0]LogConfig: Setting CVar [[gc.MultithreadedDestructionEnabled:1]]
[2021.11.28-14.41.26:631][  0]LogConfig: Applying CVar settings from Section [/Script/Engine.NetworkSettings] File [C:/Users/garre/OneDrive/Documents/GitHub/Gridlock/Saved/Config/Windows/Engine.ini]
[2021.11.28-14.41.26:631][  0]LogConfig: Applying CVar settings from Section [/Script/UnrealEd.CookerSettings] File [C:/Users/garre/OneDrive/Documents/GitHub/Gridlock/Saved/Config/Windows/Engine.ini]
[2021.11.28-14.41.26:644][  0]LogConfig: Applying CVar settings from Section [ViewDistanceQuality@3] File [C:/Users/garre/OneDrive/Documents/GitHub/Gridlock/Saved/Config/Windows/Scalability.ini]
[2021.11.28-14.41.26:644][  0]LogConfig: Setting CVar [[r.SkeletalMeshLODBias:0]]
[2021.11.28-14.41.26:644][  0]LogConfig: Setting CVar [[r.ViewDistanceScale:1.0]]
[2021.11.28-14.41.26:644][  0]LogConfig: Applying CVar settings from Section [AntiAliasingQuality@3] File [C:/Users/garre/OneDrive/Documents/GitHub/Gridlock/Saved/Config/Windows/Scalability.ini]
[2021.11.28-14.41.26:644][  0]LogConfig: Setting CVar [[r.PostProcessAAQuality:4]]
[2021.11.28-14.41.26:644][  0]LogConfig: Applying CVar settings from Section [ShadowQuality@3] File [C:/Users/garre/OneDrive/Documents/GitHub/Gridlock/Saved/Config/Windows/Scalability.ini]
[2021.11.28-14.41.26:644][  0]LogConfig: Setting CVar [[r.LightFunctionQuality:1]]
[2021.11.28-14.41.26:644][  0]LogConfig: Setting CVar [[r.ShadowQuality:5]]
[2021.11.28-14.41.26:644][  0]LogConfig: Setting CVar [[r.Shadow.CSM.MaxCascades:10]]
[2021.11.28-14.41.26:644][  0]LogConfig: Setting CVar [[r.Shadow.MaxResolution:2048]]
[2021.11.28-14.41.26:644][  0]LogConfig: Setting CVar [[r.Shadow.MaxCSMResolution:2048]]
[2021.11.28-14.41.26:644][  0]LogConfig: Setting CVar [[r.Shadow.RadiusThreshold:0.01]]
[2021.11.28-14.41.26:644][  0]LogConfig: Setting CVar [[r.Shadow.DistanceScale:1.0]]
[2021.11.28-14.41.26:644][  0]LogConfig: Setting CVar [[r.Shadow.CSM.TransitionScale:1.0]]
[2021.11.28-14.41.26:644][  0]LogConfig: Setting CVar [[r.Shadow.PreShadowResolutionFactor:1.0]]
[2021.11.28-14.41.26:644][  0]LogConfig: Setting CVar [[r.DistanceFieldShadowing:1]]
[2021.11.28-14.41.26:644][  0]LogConfig: Setting CVar [[r.DistanceFieldAO:1]]
[2021.11.28-14.41.26:644][  0]LogConfig: Setting CVar [[r.AOQuality:2]]
[2021.11.28-14.41.26:644][  0]LogConfig: Setting CVar [[r.VolumetricFog:1]]
[2021.11.28-14.41.26:644][  0]LogConfig: Setting CVar [[r.VolumetricFog.GridPixelSize:8]]
[2021.11.28-14.41.26:644][  0]LogConfig: Setting CVar [[r.VolumetricFog.GridSizeZ:128]]
[2021.11.28-14.41.26:644][  0]LogConfig: Setting CVar [[r.VolumetricFog.HistoryMissSupersampleCount:4]]
[2021.11.28-14.41.26:644][  0]LogConfig: Setting CVar [[r.LightMaxDrawDistanceScale:1]]
[2021.11.28-14.41.26:644][  0]LogConfig: Setting CVar [[r.CapsuleShadows:1]]
[2021.11.28-14.41.26:644][  0]LogConfig: Applying CVar settings from Section [PostProcessQuality@3] File [C:/Users/garre/OneDrive/Documents/GitHub/Gridlock/Saved/Config/Windows/Scalability.ini]
[2021.11.28-14.41.26:644][  0]LogConfig: Setting CVar [[r.MotionBlurQuality:4]]
[2021.11.28-14.41.26:645][  0]LogConfig: Setting CVar [[r.AmbientOcclusionMipLevelFactor:0.4]]
[2021.11.28-14.41.26:645][  0]LogConfig: Setting CVar [[r.AmbientOcclusionMaxQuality:100]]
[2021.11.28-14.41.26:645][  0]LogConfig: Setting CVar [[r.AmbientOcclusionLevels:-1]]
[2021.11.28-14.41.26:645][  0]LogConfig: Setting CVar [[r.AmbientOcclusionRadiusScale:1.0]]
[2021.11.28-14.41.26:645][  0]LogConfig: Setting CVar [[r.DepthOfFieldQuality:2]]
[2021.11.28-14.41.26:645][  0]LogConfig: Setting CVar [[r.RenderTargetPoolMin:400]]
[2021.11.28-14.41.26:645][  0]LogConfig: Setting CVar [[r.LensFlareQuality:2]]
[2021.11.28-14.41.26:645][  0]LogConfig: Setting CVar [[r.SceneColorFringeQuality:1]]
[2021.11.28-14.41.26:645][  0]LogConfig: Setting CVar [[r.EyeAdaptationQuality:2]]
[2021.11.28-14.41.26:645][  0]LogConfig: Setting CVar [[r.BloomQuality:5]]
[2021.11.28-14.41.26:645][  0]LogConfig: Setting CVar [[r.FastBlurThreshold:100]]
[2021.11.28-14.41.26:645][  0]LogConfig: Setting CVar [[r.Upscale.Quality:3]]
[2021.11.28-14.41.26:645][  0]LogConfig: Setting CVar [[r.Tonemapper.GrainQuantization:1]]
[2021.11.28-14.41.26:645][  0]LogConfig: Setting CVar [[r.LightShaftQuality:1]]
[2021.11.28-14.41.26:645][  0]LogConfig: Setting CVar [[r.Filter.SizeScale:1]]
[2021.11.28-14.41.26:645][  0]LogConfig: Setting CVar [[r.Tonemapper.Quality:5]]
[2021.11.28-14.41.26:645][  0]LogConfig: Setting CVar [[r.DOF.Gather.AccumulatorQuality:1        ; higher gathering accumulator quality]]
[2021.11.28-14.41.26:645][  0]LogConfig: Setting CVar [[r.DOF.Gather.PostfilterMethod:1          ; Median3x3 postfilering method]]
[2021.11.28-14.41.26:645][  0]LogConfig: Setting CVar [[r.DOF.Gather.EnableBokehSettings:0       ; no bokeh simulation when gathering]]
[2021.11.28-14.41.26:645][  0]LogConfig: Setting CVar [[r.DOF.Gather.RingCount:4                 ; medium number of samples when gathering]]
[2021.11.28-14.41.26:645][  0]LogConfig: Setting CVar [[r.DOF.Scatter.ForegroundCompositing:1    ; additive foreground scattering]]
[2021.11.28-14.41.26:645][  0]LogConfig: Setting CVar [[r.DOF.Scatter.BackgroundCompositing:2    ; additive background scattering]]
[2021.11.28-14.41.26:645][  0]LogConfig: Setting CVar [[r.DOF.Scatter.EnableBokehSettings:1      ; bokeh simulation when scattering]]
[2021.11.28-14.41.26:645][  0]LogConfig: Setting CVar [[r.DOF.Scatter.MaxSpriteRatio:0.1         ; only a maximum of 10% of scattered bokeh]]
[2021.11.28-14.41.26:645][  0]LogConfig: Setting CVar [[r.DOF.Recombine.Quality:1                ; cheap slight out of focus]]
[2021.11.28-14.41.26:645][  0]LogConfig: Setting CVar [[r.DOF.Recombine.EnableBokehSettings:0    ; no bokeh simulation on slight out of focus]]
[2021.11.28-14.41.26:645][  0]LogConfig: Setting CVar [[r.DOF.TemporalAAQuality:1                ; more stable temporal accumulation]]
[2021.11.28-14.41.26:645][  0]LogConfig: Setting CVar [[r.DOF.Kernel.MaxForegroundRadius:0.025]]
[2021.11.28-14.41.26:645][  0]LogConfig: Setting CVar [[r.DOF.Kernel.MaxBackgroundRadius:0.025]]
[2021.11.28-14.41.26:645][  0]LogConfig: Applying CVar settings from Section [TextureQuality@3] File [C:/Users/garre/OneDrive/Documents/GitHub/Gridlock/Saved/Config/Windows/Scalability.ini]
[2021.11.28-14.41.26:645][  0]LogConfig: Setting CVar [[r.Streaming.MipBias:0]]
[2021.11.28-14.41.26:645][  0]LogConfig: Setting CVar [[r.Streaming.AmortizeCPUToGPUCopy:0]]
[2021.11.28-14.41.26:645][  0]LogConfig: Setting CVar [[r.Streaming.MaxNumTexturesToStreamPerFrame:0]]
[2021.11.28-14.41.26:645][  0]LogConfig: Setting CVar [[r.Streaming.Boost:1]]
[2021.11.28-14.41.26:645][  0]LogConfig: Setting CVar [[r.MaxAnisotropy:8]]
[2021.11.28-14.41.26:645][  0]LogConfig: Setting CVar [[r.VT.MaxAnisotropy:8]]
[2021.11.28-14.41.26:645][  0]LogConfig: Setting CVar [[r.Streaming.LimitPoolSizeToVRAM:0]]
[2021.11.28-14.41.26:645][  0]LogConfig: Setting CVar [[r.Streaming.PoolSize:1000]]
[2021.11.28-14.41.26:645][  0]LogConfig: Setting CVar [[r.Streaming.MaxEffectiveScreenSize:0]]
[2021.11.28-14.41.26:645][  0]LogConfig: Applying CVar settings from Section [EffectsQuality@3] File [C:/Users/garre/OneDrive/Documents/GitHub/Gridlock/Saved/Config/Windows/Scalability.ini]
[2021.11.28-14.41.26:645][  0]LogConfig: Setting CVar [[r.TranslucencyLightingVolumeDim:64]]
[2021.11.28-14.41.26:645][  0]LogConfig: Setting CVar [[r.RefractionQuality:2]]
[2021.11.28-14.41.26:645][  0]LogConfig: Setting CVar [[r.SSR.Quality:3]]
[2021.11.28-14.41.26:645][  0]LogConfig: Setting CVar [[r.SSR.HalfResSceneColor:0]]
[2021.11.28-14.41.26:645][  0]LogConfig: Setting CVar [[r.SceneColorFormat:4]]
[2021.11.28-14.41.26:645][  0]LogConfig: Setting CVar [[r.DetailMode:2]]
[2021.11.28-14.41.26:645][  0]LogConfig: Setting CVar [[r.TranslucencyVolumeBlur:1]]
[2021.11.28-14.41.26:645][  0]LogConfig: Setting CVar [[r.MaterialQualityLevel:1 ; High quality]]
[2021.11.28-14.41.26:645][  0]LogConfig: Setting CVar [[r.AnisotropicMaterials:1]]
[2021.11.28-14.41.26:645][  0]LogConfig: Setting CVar [[r.SSS.Scale:1]]
[2021.11.28-14.41.26:645][  0]LogConfig: Setting CVar [[r.SSS.SampleSet:2]]
[2021.11.28-14.41.26:645][  0]LogConfig: Setting CVar [[r.SSS.Quality:1]]
[2021.11.28-14.41.26:645][  0]LogConfig: Setting CVar [[r.SSS.HalfRes:0]]
[2021.11.28-14.41.26:645][  0]LogConfig: Setting CVar [[r.SSGI.Quality:3]]
[2021.11.28-14.41.26:645][  0]LogConfig: Setting CVar [[r.EmitterSpawnRateScale:1.0]]
[2021.11.28-14.41.26:645][  0]LogConfig: Setting CVar [[r.ParticleLightQuality:2]]
[2021.11.28-14.41.26:645][  0]LogConfig: Setting CVar [[r.SkyAtmosphere.AerialPerspectiveLUT.FastApplyOnOpaque:1 ; Always have FastSkyLUT 1 in this case to avoid wrong sky]]
[2021.11.28-14.41.26:645][  0]LogConfig: Setting CVar [[r.SkyAtmosphere.AerialPerspectiveLUT.SampleCountMaxPerSlice:4]]
[2021.11.28-14.41.26:645][  0]LogConfig: Setting CVar [[r.SkyAtmosphere.AerialPerspectiveLUT.DepthResolution:16.0]]
[2021.11.28-14.41.26:645][  0]LogConfig: Setting CVar [[r.SkyAtmosphere.FastSkyLUT:1]]
[2021.11.28-14.41.26:645][  0]LogConfig: Setting CVar [[r.SkyAtmosphere.FastSkyLUT.SampleCountMin:4.0]]
[2021.11.28-14.41.26:645][  0]LogConfig: Setting CVar [[r.SkyAtmosphere.FastSkyLUT.SampleCountMax:128.0]]
[2021.11.28-14.41.26:645][  0]LogConfig: Setting CVar [[r.SkyAtmosphere.SampleCountMin:4.0]]
[2021.11.28-14.41.26:645][  0]LogConfig: Setting CVar [[r.SkyAtmosphere.SampleCountMax:128.0]]
[2021.11.28-14.41.26:645][  0]LogConfig: Setting CVar [[r.SkyAtmosphere.TransmittanceLUT.UseSmallFormat:0]]
[2021.11.28-14.41.26:645][  0]LogConfig: Setting CVar [[r.SkyAtmosphere.TransmittanceLUT.SampleCount:10.0]]
[2021.11.28-14.41.26:645][  0]LogConfig: Setting CVar [[r.SkyAtmosphere.MultiScatteringLUT.SampleCount:15.0]]
[2021.11.28-14.41.26:645][  0]LogConfig: Setting CVar [[r.SkyLight.RealTimeReflectionCapture:1]]
[2021.11.28-14.41.26:645][  0]LogConfig: Applying CVar settings from Section [FoliageQuality@3] File [C:/Users/garre/OneDrive/Documents/GitHub/Gridlock/Saved/Config/Windows/Scalability.ini]
[2021.11.28-14.41.26:645][  0]LogConfig: Setting CVar [[foliage.DensityScale:1.0]]
[2021.11.28-14.41.26:645][  0]LogConfig: Setting CVar [[grass.DensityScale:1.0]]
[2021.11.28-14.41.26:645][  0]LogConfig: Applying CVar settings from Section [ShadingQuality@3] File [C:/Users/garre/OneDrive/Documents/GitHub/Gridlock/Saved/Config/Windows/Scalability.ini]
[2021.11.28-14.41.26:645][  0]LogConfig: Setting CVar [[r.HairStrands.SkyLighting.IntegrationType:2]]
[2021.11.28-14.41.26:645][  0]LogConfig: Setting CVar [[r.HairStrands.SkyAO.SampleCount:4]]
[2021.11.28-14.41.26:645][  0]LogConfig: Setting CVar [[r.HairStrands.Visibility.MSAA.SamplePerPixel:4]]
[2021.11.28-14.41.26:645][  0]LogInit: Selected Device Profile: [Windows]
[2021.11.28-14.41.26:645][  0]LogInit: Applying CVar settings loaded from the selected device profile: [Windows]
[2021.11.28-14.41.26:645][  0]LogHAL: Display: Platform has ~ 8 GB [8403050496 / 8589934592 / 8], which maps to Default [LargestMinGB=32, LargerMinGB=12, DefaultMinGB=8, SmallerMinGB=6, SmallestMinGB=0)
[2021.11.28-14.41.26:646][  0]LogInit: Going up to parent DeviceProfile []
[2021.11.28-14.41.26:646][  0]LogConfig: Applying CVar settings from Section [ViewDistanceQuality@3] File [C:/Users/garre/OneDrive/Documents/GitHub/Gridlock/Saved/Config/Windows/Scalability.ini]
[2021.11.28-14.41.26:646][  0]LogConfig: Setting CVar [[r.SkeletalMeshLODBias:0]]
[2021.11.28-14.41.26:646][  0]LogConfig: Setting CVar [[r.ViewDistanceScale:1.0]]
[2021.11.28-14.41.26:646][  0]LogConfig: Applying CVar settings from Section [AntiAliasingQuality@3] File [C:/Users/garre/OneDrive/Documents/GitHub/Gridlock/Saved/Config/Windows/Scalability.ini]
[2021.11.28-14.41.26:646][  0]LogConfig: Setting CVar [[r.PostProcessAAQuality:4]]
[2021.11.28-14.41.26:646][  0]LogConfig: Applying CVar settings from Section [ShadowQuality@3] File [C:/Users/garre/OneDrive/Documents/GitHub/Gridlock/Saved/Config/Windows/Scalability.ini]
[2021.11.28-14.41.26:646][  0]LogConfig: Setting CVar [[r.LightFunctionQuality:1]]
[2021.11.28-14.41.26:646][  0]LogConfig: Setting CVar [[r.ShadowQuality:5]]
[2021.11.28-14.41.26:646][  0]LogConfig: Setting CVar [[r.Shadow.CSM.MaxCascades:10]]
[2021.11.28-14.41.26:646][  0]LogConfig: Setting CVar [[r.Shadow.MaxResolution:2048]]
[2021.11.28-14.41.26:646][  0]LogConfig: Setting CVar [[r.Shadow.MaxCSMResolution:2048]]
[2021.11.28-14.41.26:646][  0]LogConfig: Setting CVar [[r.Shadow.RadiusThreshold:0.01]]
[2021.11.28-14.41.26:646][  0]LogConfig: Setting CVar [[r.Shadow.DistanceScale:1.0]]
[2021.11.28-14.41.26:646][  0]LogConfig: Setting CVar [[r.Shadow.CSM.TransitionScale:1.0]]
[2021.11.28-14.41.26:646][  0]LogConfig: Setting CVar [[r.Shadow.PreShadowResolutionFactor:1.0]]
[2021.11.28-14.41.26:646][  0]LogConfig: Setting CVar [[r.DistanceFieldShadowing:1]]
[2021.11.28-14.41.26:646][  0]LogConfig: Setting CVar [[r.DistanceFieldAO:1]]
[2021.11.28-14.41.26:646][  0]LogConfig: Setting CVar [[r.AOQuality:2]]
[2021.11.28-14.41.26:646][  0]LogConfig: Setting CVar [[r.VolumetricFog:1]]
[2021.11.28-14.41.26:646][  0]LogConfig: Setting CVar [[r.VolumetricFog.GridPixelSize:8]]
[2021.11.28-14.41.26:646][  0]LogConfig: Setting CVar [[r.VolumetricFog.GridSizeZ:128]]
[2021.11.28-14.41.26:646][  0]LogConfig: Setting CVar [[r.VolumetricFog.HistoryMissSupersampleCount:4]]
[2021.11.28-14.41.26:646][  0]LogConfig: Setting CVar [[r.LightMaxDrawDistanceScale:1]]
[2021.11.28-14.41.26:646][  0]LogConfig: Setting CVar [[r.CapsuleShadows:1]]
[2021.11.28-14.41.26:646][  0]LogConfig: Applying CVar settings from Section [PostProcessQuality@3] File [C:/Users/garre/OneDrive/Documents/GitHub/Gridlock/Saved/Config/Windows/Scalability.ini]
[2021.11.28-14.41.26:646][  0]LogConfig: Setting CVar [[r.MotionBlurQuality:4]]
[2021.11.28-14.41.26:646][  0]LogConfig: Setting CVar [[r.AmbientOcclusionMipLevelFactor:0.4]]
[2021.11.28-14.41.26:646][  0]LogConfig: Setting CVar [[r.AmbientOcclusionMaxQuality:100]]
[2021.11.28-14.41.26:646][  0]LogConfig: Setting CVar [[r.AmbientOcclusionLevels:-1]]
[2021.11.28-14.41.26:646][  0]LogConfig: Setting CVar [[r.AmbientOcclusionRadiusScale:1.0]]
[2021.11.28-14.41.26:646][  0]LogConfig: Setting CVar [[r.DepthOfFieldQuality:2]]
[2021.11.28-14.41.26:646][  0]LogConfig: Setting CVar [[r.RenderTargetPoolMin:400]]
[2021.11.28-14.41.26:646][  0]LogConfig: Setting CVar [[r.LensFlareQuality:2]]
[2021.11.28-14.41.26:646][  0]LogConfig: Setting CVar [[r.SceneColorFringeQuality:1]]
[2021.11.28-14.41.26:646][  0]LogConfig: Setting CVar [[r.EyeAdaptationQuality:2]]
[2021.11.28-14.41.26:646][  0]LogConfig: Setting CVar [[r.BloomQuality:5]]
[2021.11.28-14.41.26:646][  0]LogConfig: Setting CVar [[r.FastBlurThreshold:100]]
[2021.11.28-14.41.26:646][  0]LogConfig: Setting CVar [[r.Upscale.Quality:3]]
[2021.11.28-14.41.26:646][  0]LogConfig: Setting CVar [[r.Tonemapper.GrainQuantization:1]]
[2021.11.28-14.41.26:646][  0]LogConfig: Setting CVar [[r.LightShaftQuality:1]]
[2021.11.28-14.41.26:646][  0]LogConfig: Setting CVar [[r.Filter.SizeScale:1]]
[2021.11.28-14.41.26:646][  0]LogConfig: Setting CVar [[r.Tonemapper.Quality:5]]
[2021.11.28-14.41.26:646][  0]LogConfig: Setting CVar [[r.DOF.Gather.AccumulatorQuality:1        ; higher gathering accumulator quality]]
[2021.11.28-14.41.26:646][  0]LogConfig: Setting CVar [[r.DOF.Gather.PostfilterMethod:1          ; Median3x3 postfilering method]]
[2021.11.28-14.41.26:646][  0]LogConfig: Setting CVar [[r.DOF.Gather.EnableBokehSettings:0       ; no bokeh simulation when gathering]]
[2021.11.28-14.41.26:646][  0]LogConfig: Setting CVar [[r.DOF.Gather.RingCount:4                 ; medium number of samples when gathering]]
[2021.11.28-14.41.26:646][  0]LogConfig: Setting CVar [[r.DOF.Scatter.ForegroundCompositing:1    ; additive foreground scattering]]
[2021.11.28-14.41.26:646][  0]LogConfig: Setting CVar [[r.DOF.Scatter.BackgroundCompositing:2    ; additive background scattering]]
[2021.11.28-14.41.26:646][  0]LogConfig: Setting CVar [[r.DOF.Scatter.EnableBokehSettings:1      ; bokeh simulation when scattering]]
[2021.11.28-14.41.26:646][  0]LogConfig: Setting CVar [[r.DOF.Scatter.MaxSpriteRatio:0.1         ; only a maximum of 10% of scattered bokeh]]
[2021.11.28-14.41.26:646][  0]LogConfig: Setting CVar [[r.DOF.Recombine.Quality:1                ; cheap slight out of focus]]
[2021.11.28-14.41.26:646][  0]LogConfig: Setting CVar [[r.DOF.Recombine.EnableBokehSettings:0    ; no bokeh simulation on slight out of focus]]
[2021.11.28-14.41.26:646][  0]LogConfig: Setting CVar [[r.DOF.TemporalAAQuality:1                ; more stable temporal accumulation]]
[2021.11.28-14.41.26:646][  0]LogConfig: Setting CVar [[r.DOF.Kernel.MaxForegroundRadius:0.025]]
[2021.11.28-14.41.26:646][  0]LogConfig: Setting CVar [[r.DOF.Kernel.MaxBackgroundRadius:0.025]]
[2021.11.28-14.41.26:646][  0]LogConfig: Applying CVar settings from Section [TextureQuality@3] File [C:/Users/garre/OneDrive/Documents/GitHub/Gridlock/Saved/Config/Windows/Scalability.ini]
[2021.11.28-14.41.26:646][  0]LogConfig: Setting CVar [[r.Streaming.MipBias:0]]
[2021.11.28-14.41.26:646][  0]LogConfig: Setting CVar [[r.Streaming.AmortizeCPUToGPUCopy:0]]
[2021.11.28-14.41.26:646][  0]LogConfig: Setting CVar [[r.Streaming.MaxNumTexturesToStreamPerFrame:0]]
[2021.11.28-14.41.26:646][  0]LogConfig: Setting CVar [[r.Streaming.Boost:1]]
[2021.11.28-14.41.26:646][  0]LogConfig: Setting CVar [[r.MaxAnisotropy:8]]
[2021.11.28-14.41.26:646][  0]LogConfig: Setting CVar [[r.VT.MaxAnisotropy:8]]
[2021.11.28-14.41.26:646][  0]LogConfig: Setting CVar [[r.Streaming.LimitPoolSizeToVRAM:0]]
[2021.11.28-14.41.26:646][  0]LogConfig: Setting CVar [[r.Streaming.PoolSize:1000]]
[2021.11.28-14.41.26:646][  0]LogConfig: Setting CVar [[r.Streaming.MaxEffectiveScreenSize:0]]
[2021.11.28-14.41.26:646][  0]LogConfig: Applying CVar settings from Section [EffectsQuality@3] File [C:/Users/garre/OneDrive/Documents/GitHub/Gridlock/Saved/Config/Windows/Scalability.ini]
[2021.11.28-14.41.26:646][  0]LogConfig: Setting CVar [[r.TranslucencyLightingVolumeDim:64]]
[2021.11.28-14.41.26:646][  0]LogConfig: Setting CVar [[r.RefractionQuality:2]]
[2021.11.28-14.41.26:646][  0]LogConfig: Setting CVar [[r.SSR.Quality:3]]
[2021.11.28-14.41.26:646][  0]LogConfig: Setting CVar [[r.SSR.HalfResSceneColor:0]]
[2021.11.28-14.41.26:646][  0]LogConfig: Setting CVar [[r.SceneColorFormat:4]]
[2021.11.28-14.41.26:646][  0]LogConfig: Setting CVar [[r.DetailMode:2]]
[2021.11.28-14.41.26:646][  0]LogConfig: Setting CVar [[r.TranslucencyVolumeBlur:1]]
[2021.11.28-14.41.26:646][  0]LogConfig: Setting CVar [[r.MaterialQualityLevel:1 ; High quality]]
[2021.11.28-14.41.26:646][  0]LogConfig: Setting CVar [[r.AnisotropicMaterials:1]]
[2021.11.28-14.41.26:646][  0]LogConfig: Setting CVar [[r.SSS.Scale:1]]
[2021.11.28-14.41.26:646][  0]LogConfig: Setting CVar [[r.SSS.SampleSet:2]]
[2021.11.28-14.41.26:646][  0]LogConfig: Setting CVar [[r.SSS.Quality:1]]
[2021.11.28-14.41.26:646][  0]LogConfig: Setting CVar [[r.SSS.HalfRes:0]]
[2021.11.28-14.41.26:646][  0]LogConfig: Setting CVar [[r.SSGI.Quality:3]]
[2021.11.28-14.41.26:646][  0]LogConfig: Setting CVar [[r.EmitterSpawnRateScale:1.0]]
[2021.11.28-14.41.26:646][  0]LogConfig: Setting CVar [[r.ParticleLightQuality:2]]
[2021.11.28-14.41.26:646][  0]LogConfig: Setting CVar [[r.SkyAtmosphere.AerialPerspectiveLUT.FastApplyOnOpaque:1 ; Always have FastSkyLUT 1 in this case to avoid wrong sky]]
[2021.11.28-14.41.26:646][  0]LogConfig: Setting CVar [[r.SkyAtmosphere.AerialPerspectiveLUT.SampleCountMaxPerSlice:4]]
[2021.11.28-14.41.26:646][  0]LogConfig: Setting CVar [[r.SkyAtmosphere.AerialPerspectiveLUT.DepthResolution:16.0]]
[2021.11.28-14.41.26:646][  0]LogConfig: Setting CVar [[r.SkyAtmosphere.FastSkyLUT:1]]
[2021.11.28-14.41.26:646][  0]LogConfig: Setting CVar [[r.SkyAtmosphere.FastSkyLUT.SampleCountMin:4.0]]
[2021.11.28-14.41.26:646][  0]LogConfig: Setting CVar [[r.SkyAtmosphere.FastSkyLUT.SampleCountMax:128.0]]
[2021.11.28-14.41.26:646][  0]LogConfig: Setting CVar [[r.SkyAtmosphere.SampleCountMin:4.0]]
[2021.11.28-14.41.26:646][  0]LogConfig: Setting CVar [[r.SkyAtmosphere.SampleCountMax:128.0]]
[2021.11.28-14.41.26:646][  0]LogConfig: Setting CVar [[r.SkyAtmosphere.TransmittanceLUT.UseSmallFormat:0]]
[2021.11.28-14.41.26:646][  0]LogConfig: Setting CVar [[r.SkyAtmosphere.TransmittanceLUT.SampleCount:10.0]]
[2021.11.28-14.41.26:646][  0]LogConfig: Setting CVar [[r.SkyAtmosphere.MultiScatteringLUT.SampleCount:15.0]]
[2021.11.28-14.41.26:646][  0]LogConfig: Setting CVar [[r.SkyLight.RealTimeReflectionCapture:1]]
[2021.11.28-14.41.26:646][  0]LogConfig: Applying CVar settings from Section [FoliageQuality@3] File [C:/Users/garre/OneDrive/Documents/GitHub/Gridlock/Saved/Config/Windows/Scalability.ini]
[2021.11.28-14.41.26:646][  0]LogConfig: Setting CVar [[foliage.DensityScale:1.0]]
[2021.11.28-14.41.26:646][  0]LogConfig: Setting CVar [[grass.DensityScale:1.0]]
[2021.11.28-14.41.26:646][  0]LogConfig: Applying CVar settings from Section [ShadingQuality@3] File [C:/Users/garre/OneDrive/Documents/GitHub/Gridlock/Saved/Config/Windows/Scalability.ini]
[2021.11.28-14.41.26:646][  0]LogConfig: Setting CVar [[r.HairStrands.SkyLighting.IntegrationType:2]]
[2021.11.28-14.41.26:646][  0]LogConfig: Setting CVar [[r.HairStrands.SkyAO.SampleCount:4]]
[2021.11.28-14.41.26:646][  0]LogConfig: Setting CVar [[r.HairStrands.Visibility.MSAA.SamplePerPixel:4]]
[2021.11.28-14.41.26:646][  0]LogConfig: Applying CVar settings from Section [Startup] File [../../../Engine/Config/ConsoleVariables.ini]
[2021.11.28-14.41.26:646][  0]LogConfig: Setting CVar [[net.UseAdaptiveNetUpdateFrequency:0]]
[2021.11.28-14.41.26:646][  0]LogConfig: Setting CVar [[p.chaos.AllowCreatePhysxBodies:1]]
[2021.11.28-14.41.26:646][  0]LogConfig: Setting CVar [[fx.SkipVectorVMBackendOptimizations:1]]
[2021.11.28-14.41.26:646][  0]LogConfig: Applying CVar settings from Section [ConsoleVariables] File [C:/Users/garre/OneDrive/Documents/GitHub/Gridlock/Saved/Config/Windows/Engine.ini]
[2021.11.28-14.41.26:646][  0]LogConfig: Applying CVar settings from Section [ConsoleVariables] File [C:/Users/garre/OneDrive/Documents/GitHub/Gridlock/Saved/Config/Windows/Editor.ini]
[2021.11.28-14.41.26:647][  0]LogInit: Computer: MSI
[2021.11.28-14.41.26:647][  0]LogInit: User: garre
[2021.11.28-14.41.26:647][  0]LogInit: CPU Page size=4096, Cores=6
[2021.11.28-14.41.26:647][  0]LogInit: High frequency timer resolution =10.000000 MHz
[2021.11.28-14.41.26:647][  0]LogMemory: Memory total: Physical=7.8GB (8GB approx)
[2021.11.28-14.41.26:647][  0]LogMemory: Platform Memory Stats for Windows
[2021.11.28-14.41.26:647][  0]LogMemory: Process Physical Memory: 143.73 MB used, 143.74 MB peak
[2021.11.28-14.41.26:647][  0]LogMemory: Process Virtual Memory: 127.70 MB used, 127.70 MB peak
[2021.11.28-14.41.26:647][  0]LogMemory: Physical Memory: 6949.89 MB used,  1063.88 MB free, 8013.77 MB total
[2021.11.28-14.41.26:647][  0]LogMemory: Virtual Memory: 134208880.00 MB used,  8850.74 MB free, 134217728.00 MB total
[2021.11.28-14.41.26:680][  0]LogWindows: WindowsPlatformFeatures enabled
[2021.11.28-14.41.26:774][  0]LogInit: Physics initialised using underlying interface: PhysX
[2021.11.28-14.41.26:777][  0]LogInit: Using OS detected language (en-US).
[2021.11.28-14.41.26:777][  0]LogInit: Using OS detected locale (en-US).
[2021.11.28-14.41.26:781][  0]LogTextLocalizationManager: No specific localization for 'en-US' exists, so the 'en' localization will be used.
[2021.11.28-14.41.27:045][  0]LogInit: Setting process to per monitor DPI aware
[2021.11.28-14.41.27:066][  0]LogWindowsTextInputMethodSystem: Display: IME system deactivated.
[2021.11.28-14.41.27:091][  0]LogSlate: New Slate User Created.  User Index 0, Is Virtual User: 0
[2021.11.28-14.41.27:091][  0]LogSlate: Slate User Registered.  User Index 0, Is Virtual User: 0
[2021.11.28-14.41.27:321][  0]LogD3D11RHI: Loaded GFSDK_Aftermath_Lib.x64.dll
[2021.11.28-14.41.27:339][  0]LogHMD: Failed to initialize OpenVR with code 110
[2021.11.28-14.41.27:339][  0]LogD3D11RHI: D3D11 min allowed feature level: 11_0
[2021.11.28-14.41.27:339][  0]LogD3D11RHI: D3D11 max allowed feature level: 11_0
[2021.11.28-14.41.27:339][  0]LogD3D11RHI: D3D11 adapters:
[2021.11.28-14.41.27:511][  0]LogD3D11RHI:    0. 'NVIDIA GeForce RTX 3060 Laptop GPU' (Feature Level 11_0)
[2021.11.28-14.41.27:511][  0]LogD3D11RHI:       6023/0/4006 MB DedicatedVideo/DedicatedSystem/SharedSystem, Outputs:2, VendorId:0x10de
[2021.11.28-14.41.27:540][  0]LogD3D11RHI:    1. 'Intel(R) UHD Graphics' (Feature Level 11_0)
[2021.11.28-14.41.27:540][  0]LogD3D11RHI:       128/0/4006 MB DedicatedVideo/DedicatedSystem/SharedSystem, Outputs:0, VendorId:0x8086
[2021.11.28-14.41.27:543][  0]LogD3D11RHI:    2. 'Microsoft Basic Render Driver' (Feature Level 11_0)
[2021.11.28-14.41.27:543][  0]LogD3D11RHI:       0/0/4006 MB DedicatedVideo/DedicatedSystem/SharedSystem, Outputs:0, VendorId:0x1414
[2021.11.28-14.41.27:543][  0]LogD3D11RHI: Chosen D3D11 Adapter:
[2021.11.28-14.41.27:543][  0]LogD3D11RHI:     Description : NVIDIA GeForce RTX 3060 Laptop GPU
[2021.11.28-14.41.27:543][  0]LogD3D11RHI:     VendorId    : 10de
[2021.11.28-14.41.27:543][  0]LogD3D11RHI:     DeviceId    : 2520
[2021.11.28-14.41.27:543][  0]LogD3D11RHI:     SubSysId    : 12f21462
[2021.11.28-14.41.27:543][  0]LogD3D11RHI:     Revision    : 00a1
[2021.11.28-14.41.27:543][  0]LogD3D11RHI:     DedicatedVideoMemory : 6315573248 bytes
[2021.11.28-14.41.27:543][  0]LogD3D11RHI:     DedicatedSystemMemory : 0 bytes
[2021.11.28-14.41.27:543][  0]LogD3D11RHI:     SharedSystemMemory : 4201525248 bytes
[2021.11.28-14.41.27:543][  0]LogD3D11RHI:     AdapterLuid : 0 62063
[2021.11.28-14.41.27:549][  0]LogD3D11RHI: Creating new Direct3DDevice
[2021.11.28-14.41.27:550][  0]LogD3D11RHI:     GPU DeviceId: 0x2520 (for the marketing name, search the web for "GPU Device Id")
[2021.11.28-14.41.27:550][  0]LogWindows: EnumDisplayDevices:
[2021.11.28-14.41.27:550][  0]LogWindows:    0. 'Intel(R) UHD Graphics' (P:1 D:1)
[2021.11.28-14.41.27:550][  0]LogWindows:    1. 'Intel(R) UHD Graphics' (P:0 D:0)
[2021.11.28-14.41.27:550][  0]LogWindows:    2. 'Intel(R) UHD Graphics' (P:0 D:0)
[2021.11.28-14.41.27:550][  0]LogWindows:    3. 'NVIDIA GeForce RTX 3060 Laptop GPU' (P:0 D:1)
[2021.11.28-14.41.27:550][  0]LogWindows: DebugString: PrimaryIsNotTheChoosenAdapter PrimaryIsNotTheChoosenAdapter PrimaryIsNotTheChoosenAdapter 
[2021.11.28-14.41.27:551][  0]LogD3D11RHI:     Adapter Name: NVIDIA GeForce RTX 3060 Laptop GPU
[2021.11.28-14.41.27:551][  0]LogD3D11RHI:   Driver Version: 496.76 (internal:30.0.14.9676, unified:496.76)
[2021.11.28-14.41.27:551][  0]LogD3D11RHI:      Driver Date: 11-9-2021
[2021.11.28-14.41.27:551][  0]LogRHI: Texture pool is 4216 MB (70% of 6023 MB)
[2021.11.28-14.41.27:551][  0]LogD3D11RHI: Creating D3DDevice using adapter:
[2021.11.28-14.41.27:551][  0]LogD3D11RHI:     Description : NVIDIA GeForce RTX 3060 Laptop GPU
[2021.11.28-14.41.27:551][  0]LogD3D11RHI:     VendorId    : 10de
[2021.11.28-14.41.27:551][  0]LogD3D11RHI:     DeviceId    : 2520
[2021.11.28-14.41.27:551][  0]LogD3D11RHI:     SubSysId    : 12f21462
[2021.11.28-14.41.27:551][  0]LogD3D11RHI:     Revision    : 00a1
[2021.11.28-14.41.27:551][  0]LogD3D11RHI:     DedicatedVideoMemory : 6315573248 bytes
[2021.11.28-14.41.27:551][  0]LogD3D11RHI:     DedicatedSystemMemory : 0 bytes
[2021.11.28-14.41.27:551][  0]LogD3D11RHI:     SharedSystemMemory : 4201525248 bytes
[2021.11.28-14.41.27:551][  0]LogD3D11RHI:     AdapterLuid : 0 62063
[2021.11.28-14.41.28:822][  0]LogD3D11RHI: RHI has support for 64 bit atomics
[2021.11.28-14.41.28:822][  0]LogD3D11RHI: Async texture creation enabled
[2021.11.28-14.41.28:822][  0]LogD3D11RHI: Array index from any shader is supported
[2021.11.28-14.41.28:864][  0]LogD3D11RHI: GPU Timing Frequency: 1000.000000 (Debug: 2 1)
[2021.11.28-14.41.28:912][  0]LogRHI: GeForceNow SDK initialized: 1
[2021.11.28-14.41.29:279][  0]LogTargetPlatformManager: Display: Loaded TargetPlatform 'AllDesktop'
[2021.11.28-14.41.29:307][  0]LogTargetPlatformManager: Display: Loaded TargetPlatform 'Android'
[2021.11.28-14.41.29:307][  0]LogTargetPlatformManager: Display: Loaded TargetPlatform 'Android_ASTC'
[2021.11.28-14.41.29:307][  0]LogTargetPlatformManager: Display: Loaded TargetPlatform 'Android_DXT'
[2021.11.28-14.41.29:307][  0]LogTargetPlatformManager: Display: Loaded TargetPlatform 'Android_ETC2'
[2021.11.28-14.41.29:307][  0]LogTargetPlatformManager: Display: Loaded TargetPlatform 'AndroidClient'
[2021.11.28-14.41.29:307][  0]LogTargetPlatformManager: Display: Loaded TargetPlatform 'Android_ASTCClient'
[2021.11.28-14.41.29:307][  0]LogTargetPlatformManager: Display: Loaded TargetPlatform 'Android_DXTClient'
[2021.11.28-14.41.29:307][  0]LogTargetPlatformManager: Display: Loaded TargetPlatform 'Android_ETC2Client'
[2021.11.28-14.41.29:307][  0]LogTargetPlatformManager: Display: Loaded TargetPlatform 'Android_Multi'
[2021.11.28-14.41.29:307][  0]LogTargetPlatformManager: Display: Loaded TargetPlatform 'Android_MultiClient'
[2021.11.28-14.41.29:337][  0]LogTargetPlatformManager: Display: Loaded TargetPlatform 'IOSClient'
[2021.11.28-14.41.29:337][  0]LogTargetPlatformManager: Display: Loaded TargetPlatform 'IOS'
[2021.11.28-14.41.29:349][  0]LogTargetPlatformManager: Display: Loaded TargetPlatform 'Linux'
[2021.11.28-14.41.29:355][  0]LogTargetPlatformManager: Display: Loaded TargetPlatform 'LinuxNoEditor'
[2021.11.28-14.41.29:361][  0]LogTargetPlatformManager: Display: Loaded TargetPlatform 'LinuxClient'
[2021.11.28-14.41.29:366][  0]LogTargetPlatformManager: Display: Loaded TargetPlatform 'LinuxServer'
[2021.11.28-14.41.29:378][  0]LogTargetPlatformManager: Display: Loaded TargetPlatform 'LinuxAArch64NoEditor'
[2021.11.28-14.41.29:385][  0]LogTargetPlatformManager: Display: Loaded TargetPlatform 'LinuxAArch64Client'
[2021.11.28-14.41.29:391][  0]LogTargetPlatformManager: Display: Loaded TargetPlatform 'LinuxAArch64Server'
[2021.11.28-14.41.29:427][  0]LogTargetPlatformManager: Display: Loaded TargetPlatform 'Lumin'
[2021.11.28-14.41.29:428][  0]LogTargetPlatformManager: Display: Loaded TargetPlatform 'LuminClient'
[2021.11.28-14.41.29:439][  0]LogTargetPlatformManager: Display: Loaded TargetPlatform 'MacNoEditor'
[2021.11.28-14.41.29:445][  0]LogTargetPlatformManager: Display: Loaded TargetPlatform 'Mac'
[2021.11.28-14.41.29:452][  0]LogTargetPlatformManager: Display: Loaded TargetPlatform 'MacClient'
[2021.11.28-14.41.29:458][  0]LogTargetPlatformManager: Display: Loaded TargetPlatform 'MacServer'
[2021.11.28-14.41.29:470][  0]LogTargetPlatformManager: Display: Loaded TargetPlatform 'TVOSClient'
[2021.11.28-14.41.29:470][  0]LogTargetPlatformManager: Display: Loaded TargetPlatform 'TVOS'
[2021.11.28-14.41.29:481][  0]LogTargetPlatformManager: Display: Loaded TargetPlatform 'WindowsNoEditor'
[2021.11.28-14.41.29:487][  0]LogTargetPlatformManager: Display: Loaded TargetPlatform 'Windows'
[2021.11.28-14.41.29:492][  0]LogTargetPlatformManager: Display: Loaded TargetPlatform 'WindowsClient'
[2021.11.28-14.41.29:499][  0]LogTargetPlatformManager: Display: Loaded TargetPlatform 'WindowsServer'
[2021.11.28-14.41.29:499][  0]LogTargetPlatformManager: Display: Building Assets For Windows
[2021.11.28-14.41.29:511][  0]LogAudioDebug: Display: Lib vorbis DLL was dynamically loaded.
[2021.11.28-14.41.29:561][  0]LogTextureFormatOodle: Display: Oodle Texture 2.9.0 init RDO Off
[2021.11.28-14.41.29:645][  0]LogRendererCore: Ray tracing is disabled. Reason: r.RayTracing=0.
[2021.11.28-14.41.29:645][  0]LogShaderCompilers: Guid format shader working directory is -19 characters bigger than the processId version (../../../../../../Users/garre/OneDrive/Documents/GitHub/Gridlock/Intermediate/Shaders/WorkingDirectory/22312/).
[2021.11.28-14.41.29:645][  0]LogShaderCompilers: Cleaned the shader compiler working directory 'C:/Users/garre/AppData/Local/Temp/UnrealShaderWorkingDir/D498D0B74BEA3F8B22ABB799C4A241F1/'.
[2021.11.28-14.41.29:646][  0]LogXGEController: Cannot use XGE Controller as Incredibuild is not installed on this machine.
[2021.11.28-14.41.29:646][  0]LogShaderCompilers: Cannot use XGE Shader Compiler as Incredibuild is not installed on this machine.
[2021.11.28-14.41.29:646][  0]LogShaderCompilers: Display: Using Local Shader Compiler.
[2021.11.28-14.41.30:438][  0]LogDerivedDataCache: Display: Max Cache Size: 512 MB
[2021.11.28-14.41.30:523][  0]LogDerivedDataCache: Loaded boot cache 0.08s 94MB C:/Users/garre/AppData/Local/UnrealEngine/4.27/DerivedDataCache/Boot.ddc.
[2021.11.28-14.41.30:523][  0]LogDerivedDataCache: Display: Loaded Boot cache: C:/Users/garre/AppData/Local/UnrealEngine/4.27/DerivedDataCache/Boot.ddc
[2021.11.28-14.41.30:523][  0]LogDerivedDataCache: FDerivedDataBackendGraph:  Pak pak cache file ../../../../../../Users/garre/OneDrive/Documents/GitHub/Gridlock/DerivedDataCache/DDC.ddp not found, will not use a pak cache.
[2021.11.28-14.41.30:523][  0]LogDerivedDataCache: Unable to find inner node Pak for hierarchical cache Hierarchy.
[2021.11.28-14.41.30:523][  0]LogDerivedDataCache: FDerivedDataBackendGraph:  CompressedPak pak cache file ../../../../../../Users/garre/OneDrive/Documents/GitHub/Gridlock/DerivedDataCache/Compressed.ddp not found, will not use a pak cache.
[2021.11.28-14.41.30:523][  0]LogDerivedDataCache: Unable to find inner node CompressedPak for hierarchical cache Hierarchy.
[2021.11.28-14.41.30:539][  0]LogDerivedDataCache: Display: Pak cache opened for reading ../../../Engine/DerivedDataCache/Compressed.ddp.
[2021.11.28-14.41.30:539][  0]LogDerivedDataCache: FDerivedDataBackendGraph:  EnterprisePak pak cache file ../../../Enterprise/DerivedDataCache/Compressed.ddp not found, will not use a pak cache.
[2021.11.28-14.41.30:539][  0]LogDerivedDataCache: Unable to find inner node EnterprisePak for hierarchical cache Hierarchy.
[2021.11.28-14.41.30:550][  0]LogDerivedDataCache: Speed tests for C:/Users/garre/AppData/Local/UnrealEngine/Common/DerivedDataCache took 0.01 seconds
[2021.11.28-14.41.30:550][  0]LogDerivedDataCache: Display: Performance to C:/Users/garre/AppData/Local/UnrealEngine/Common/DerivedDataCache: Latency=0.05ms. RandomReadSpeed=826.02MBs, RandomWriteSpeed=103.26MBs. Assigned SpeedClass 'Local'
[2021.11.28-14.41.30:551][  0]LogDerivedDataCache: Using Local data cache path C:/Users/garre/AppData/Local/UnrealEngine/Common/DerivedDataCache: Writable
[2021.11.28-14.41.30:551][  0]LogDerivedDataCache: Shared data cache path not found in *engine.ini, will not use an Shared cache.
[2021.11.28-14.41.30:551][  0]LogDerivedDataCache: Unable to find inner node Shared for hierarchical cache Hierarchy.
[2021.11.28-14.41.30:601][  0]LogSlate: Using FreeType 2.10.0
[2021.11.28-14.41.30:602][  0]LogSlate: SlateFontServices - WITH_FREETYPE: 1, WITH_HARFBUZZ: 1
[2021.11.28-14.41.30:629][  0]LogAssetRegistry: FAssetRegistry took 0.0029 seconds to start up
[2021.11.28-14.41.30:882][  0]LogInit: Selected Device Profile: [Windows]
[2021.11.28-14.41.30:882][  0]LogInit: Active device profile: [000001AEC015C700][000001AEB244E740 49] Windows
[2021.11.28-14.41.30:882][  0]LogInit: Profiles: [000001AEC015C700][000001AEB244E740 49] Windows, [000001AEC0123600][000001AEB244A880 49] WindowsNoEditor, [000001AEC015F300][000001AEC0C5C9C0 49] WindowsServer, [000001AEC0123F00][000001AEC0C60B00 49] WindowsClient, [000001AEC015F500][000001AEC0C68C80 49] IOS, [000001AEC0113F00][000001AEC0C80E00 49] iPadAir, [000001AEC0123A00][000001AEC0C84F80 49] iPadAir2, [000001AEC0884500][000001AEC0C8D240 49] IPadPro, [000001AEC0884600][000001AEC0C89280 49] iPadAir3, [000001AEC0110100][000001AEB24C3400 49] iPadAir4, [000001AEC0886C00][000001AEB24C7580 49] iPadMini2, [000001AEC0112500][000001AEB24CF700 49] iPadMini3, [000001AEC0887400][000001AEBF4B1880 49] iPadMini4, [000001AEC0110F00][000001AEBF4B5A00 49] iPadMini5, [000001AEC086FE00][000001AEC1186140 49] iPhone6, [000001AEC086FF00][000001AEBF4E8180 49] iPodTouch6, [000001AEC015F900][000001AEB2D52440 49] iPhone7, [000001AEC015E100][000001AEB2D4E480 49] iPodTouch7, [000001AEC086C400][000001AEB2D56600 49] iPhone5S, [000001AEC0887D00][000001AEB2D5A780 49] iPhone6Plus, [000001AEC015F400][000001AEC0F24900 49] iPhone6S, [000001AEC0886000][000001AEC0C64A40 49] iPhone6SPlus, [000001AEC015C900][000001AEB24CAB80 49] iPhone7Plus, [000001AEC0884E00][000001AEB2D5ECC0 49] iPhoneSE, [000001AEC015C200][000001AEBF568E40 49] iPhone8, [000001AEC0886400][000001AEBF56CFC0 49] iPhone8Plus, [000001AEC015DE00][000001AEBF571140 49] iPhoneX, [000001AEC0887E00][000001AEBF5752C0 49] iPhoneXS, [000001AEC015D600][000001AEBF579440 49] iPhoneXSMax, [000001AEC0886500][000001AEBF57D5C0 49] iPhoneXR, [000001AEC015EA00][000001AEC0A07740 49] iPhone11, [000001AEC0887A00][000001AEC0AD98C0 49] iPhone11Pro, [000001AEC015CF00][000001AEC0AD5A40 49] iPhone11ProMax, [000001AEC0886300][000001AEC0AD1BC0 49] iPhoneSE2, [000001AEC015E700][000001AEC0ACC1C0 49] iPhone12Mini, [000001AEC0884700][000001AEC0AC8340 49] iPhone12, [000001AEC015F100][000001AEC0AC44C0 49] iPhone12Pro, [000001AEC0887500][000001AEC0AC0640 49] iPhone12ProMax, [000001AEC015C800][000001AEC0AB47C0 49] iPadPro105, [000001AEC0885C00][000001AEC0A98940 49] iPadPro129, [000001AEC015C300][000001AEBF872AC0 49] iPadPro97, [000001AEC0885D00][000001AEBF564C00 49] iPadPro2_129, [000001AEC015CC00][000001AEC09EED40 49] iPad5, [000001AEC0887000][000001AEC09D2E80 49] iPad6, [000001AEC015EC00][000001AEC09CEFC0 49] iPad7, [000001AEC0886E00][000001AEC09C7140 49] iPad8, [000001AEC015D800][000001AEC09C32C0 49] iPadPro11, [000001AEC0885B00][000001AEC09BF440 49] iPadPro2_11, [000001AEC015D500][000001AEC09BB5C0 49] iPadPro3_129, [000001AEC0886700][000001AEC09B7740 49] iPadPro4_129, [000001AEC015C100][000001AEC09B38C0 49] AppleTV, [000001AEC0886B00][000001AEC09AFA40 49] AppleTV4K, [000001AEC015DB00][000001AEBD439BC0 49] TVOS, [000001AEC0884900][000001AEBD4341C0 49] Mac, [000001AEC015D700][000001AEBF756340 49] MacClient, [000001AEC0886F00][000001AEBF7524C0 49] MacNoEditor, [000001AEC015CD00][000001AEB2514640 49] MacServer, [000001AEC0884300][000001AEBF86E7C0 49] Linux, [000001AEC015EE00][000001AEC0A3C940 49] LinuxAArch64, [000001AEC0885500][000001AEBF580AC0 49] LinuxNoEditor, [000001AEC015E400][000001AEC0A5CC40 49] LinuxAArch64NoEditor, [000001AEC0884200][000001AEC09CAD80 49] LinuxClient, [000001AEC015ED00][000001AEC0A60EC0 49] LinuxAArch64Client, [000001AEC0884C00][000001AEC0A65000 49] LinuxServer, [000001AEC015C400][000001AEC0A69140 49] LinuxAArch64Server, [000001AEC0885000][000001AEC0A712C0 49] Android, [000001AEC0113900][000001AEC0A75440 49] Android_Low, [000001AEC086DB00][000001AEC0A795C0 49] Android_Mid, [000001AEC0113000][000001AEC0A7D740 49] Android_High, [000001AEC086E300][000001AEC0A818C0 49] Android_Default, [000001AEC0112000][000001AEC0A85A40 49] Android_Adreno4xx, [000001AEC086C100][000001AEC0A89BC0 49] Android_Adreno5xx_Low, [000001AEC0110B00][000001AEC0A8C1C0 49] Android_Adreno5xx, [000001AEC086D800][000001AEC0A90340 49] Android_Adreno6xx, [000001AEC0111100][000001AEC0A944C0 49] Android_Adreno6xx_Vulkan, [000001AEC086C800][000001AEB2CFA640 49] Android_Mali_T6xx, [000001AEC0113600][000001AEB2CFE7C0 49] Android_Mali_T7xx, [000001AEC086CD00][000001AEB2D02940 49] Android_Mali_T8xx, [000001AEC0113C00][000001AEB2D06AC0 49] Android_Mali_G71, [000001AEC086D500][000001AEB2D0AC40 49] Android_Mali_G72, [000001AEC0113E00][000001AEB2D0EDC0 49] Android_Mali_G72_Vulkan, [000001AEC086FD00][000001AEB2D12F40 49] Android_Mali_G76, [000001AEC0113A00][000001AEC0A6D080 49] Android_Mali_G76_Vulkan, [000001AEC086F600][000001AEB2D171C0 49] Android_Mali_G77, [000001AEC0112200][000001AEB2D1B300 49] Android_Mali_G77_Vulkan, [000001AEC086D200][000001AEB2D23480 49] Android_Mali_G78, [000001AEC0110A00][000001AEB2D27600 49] Android_Mali_G78_Vulkan, [000001AEC086F000][000001AEB2D2B780 49] Android_Mali_G710, [000001AEC0111400][000001AEB2D2F900 49] Android_Mali_G710_Vulkan, [000001AEC086C700][000001AEB2D33A80 49] Android_Vulkan_SM5, [000001AEC0111800][000001AEB2D37C00 49] Android_PowerVR_G6xxx, [000001AEC086CE00][000001AEB2D3A200 49] Android_PowerVR_GT7xxx, [000001AEC0110200][000001AEB2D3E380 49] Android_PowerVR_GE8xxx, [000001AEC086C600][000001AEB511E500 49] Android_PowerVR_GM9xxx, [000001AEC0112600][000001AEB5122680 49] Android_PowerVR_GM9xxx_Vulkan, [000001AEC0884F00][000001AEB5126800 49] Android_TegraK1, [000001AEC0112A00][000001AEB512A980 49] Android_Unknown_Vulkan, [000001AEC0884D00][000001AEB512EB00 49] Lumin, [000001AEC0111200][000001AEB5132C80 49] Lumin_Desktop, [000001AEC0884B00][000001AEB5136E00 49] HoloLens, 
[2021.11.28-14.41.31:011][  0]LogMeshReduction: Using QuadricMeshReduction for automatic static mesh reduction
[2021.11.28-14.41.31:011][  0]LogMeshReduction: Using SimplygonMeshReduction for automatic skeletal mesh reduction
[2021.11.28-14.41.31:011][  0]LogMeshReduction: Using ProxyLODMeshReduction for automatic mesh merging
[2021.11.28-14.41.31:011][  0]LogMeshReduction: No distributed automatic mesh merging module available
[2021.11.28-14.41.31:011][  0]LogMeshMerging: No distributed automatic mesh merging module available
[2021.11.28-14.41.31:028][  0]LogNetVersion: ThomasAdvanture 1.0.0, NetCL: 17155196, EngineNetVer: 17, GameNetVer: 0 (Checksum: 983440284)
[2021.11.28-14.41.31:444][  0]LogTexture: Default maximum texture size for cubemaps generated from long-lat sources has been changed from 512 to unlimited. In order to preserve old behaiour for '/Engine/MapTemplates/Sky/DaylightAmbientCubemap.DaylightAmbientCubemap', its maximum texture size has been explicitly set to 512.
[2021.11.28-14.41.31:541][  0]LogHMD: PokeAHoleMaterial loaded successfully
[2021.11.28-14.41.31:551][  0]LogUObjectArray: 17178 objects as part of root set at end of initial load.
[2021.11.28-14.41.31:552][  0]LogUObjectAllocator: 4301856 out of 0 bytes used by permanent object pool.
[2021.11.28-14.41.31:552][  0]LogUObjectArray: CloseDisregardForGC: 0/0 objects in disregard for GC pool
[2021.11.28-14.41.31:818][  0]LogNiagaraDebuggerClient: Niagara Debugger Client Initialized | Session: 0DFC86D244AE34712441099339E110F4 | Instance: F5CD54BF45308268AF8775A0B6652651 (MSI-22312).
[2021.11.28-14.41.31:852][  0]LogImageWrapper: Warning: PNG Warning: Duplicate iCCP chunk
[2021.11.28-14.41.31:852][  0]LogImageWrapper: Warning: PNG Warning: Duplicate iCCP chunk
[2021.11.28-14.41.31:852][  0]LogPython: Using Python 3.7.7
[2021.11.28-14.41.32:448][  0]LogUdpMessaging: Initializing bridge on interface 0.0.0.0:0 to multicast group 230.0.0.1:6666.
[2021.11.28-14.41.32:459][  0]LogTcpMessaging: Initializing TcpMessaging bridge
[2021.11.28-14.41.32:704][  0]SourceControl: Source control is disabled
[2021.11.28-14.41.32:704][  0]SourceControl: Source control is disabled
[2021.11.28-14.41.32:770][  0]SourceControl: Source control is disabled
[2021.11.28-14.41.32:777][  0]SourceControl: Source control is disabled
[2021.11.28-14.41.32:788][  0]SourceControl: Source control is disabled
[2021.11.28-14.41.32:795][  0]LogUProjectInfo: Found projects:
[2021.11.28-14.41.32:834][  0]LogOpenImageDenoise: OIDN starting up
[2021.11.28-14.41.32:879][  0]LogAndroidPermission: UAndroidPermissionCallbackProxy::GetInstance
[2021.11.28-14.41.32:902][  0]LogAudioCaptureCore: Display: No Audio Capture implementations found. Audio input will be silent.
[2021.11.28-14.41.32:902][  0]LogAudioCaptureCore: Display: No Audio Capture implementations found. Audio input will be silent.
[2021.11.28-14.41.33:026][  0]LogCollectionManager: Loaded 0 collections in 0.001672 seconds
[2021.11.28-14.41.33:055][  0]LogFileCache: Scanning file cache for directory 'C:/Users/garre/OneDrive/Documents/GitHub/Gridlock/Saved/Collections/' took 0.00s
[2021.11.28-14.41.33:055][  0]LogFileCache: Scanning file cache for directory 'C:/Users/garre/OneDrive/Documents/GitHub/Gridlock/Content/Developers/garre/Collections/' took 0.00s
[2021.11.28-14.41.33:055][  0]LogFileCache: Scanning file cache for directory 'C:/Users/garre/OneDrive/Documents/GitHub/Gridlock/Content/Collections/' took 0.00s
[2021.11.28-14.41.33:055][  0]LogOcInput: OculusInput pre-init called
[2021.11.28-14.41.33:293][  0]LogImageWrapper: Warning: PNG Warning: Duplicate iCCP chunk
[2021.11.28-14.41.33:293][  0]LogImageWrapper: Warning: PNG Warning: Duplicate iCCP chunk
[2021.11.28-14.41.33:293][  0]LogEngine: Initializing Engine...
[2021.11.28-14.41.33:304][  0]LogHMD: Failed to enumerate extensions. Please check that you have a valid OpenXR runtime installed.
[2021.11.28-14.41.33:305][  0]LogHMD: Failed to initialize OpenVR with code 110
[2021.11.28-14.41.33:305][  0]LogMagicLeap: Warning: VR disabled because ZI is not enabled.  To enable, in the editor, Edit -> Project Settings -> Plugins -> Magic Leap Plugin -> Enable Zero Iteration
[2021.11.28-14.41.33:306][  0]LogStats: UGameplayTagsManager::InitializeManager -  0.000 s
[2021.11.28-14.41.33:488][  0]LogInit: Initializing FReadOnlyCVARCache
[2021.11.28-14.41.33:497][  0]LogAIModule: Creating AISystem for world Untitled
[2021.11.28-14.41.33:508][  0]LogAudio: Display: Initializing Audio Device Manager...
[2021.11.28-14.41.33:511][  0]LogAudio: Display: Loading Default Audio Settings Objects...
[2021.11.28-14.41.33:512][  0]LogAudio: Display: No default SoundConcurrencyObject specified (or failed to load).
[2021.11.28-14.41.33:513][  0]LogAudio: Display: Audio Device Manager Initialized
[2021.11.28-14.41.33:513][  0]LogAudio: Display: Creating Audio Device:                 Id: 1, Scope: Shared, Realtime: True
[2021.11.28-14.41.33:513][  0]LogAudioMixer: Display: Audio Mixer Platform Settings:
[2021.11.28-14.41.33:513][  0]LogAudioMixer: Display: 	Sample Rate:						  48000
[2021.11.28-14.41.33:513][  0]LogAudioMixer: Display: 	Callback Buffer Frame Size Requested: 1024
[2021.11.28-14.41.33:513][  0]LogAudioMixer: Display: 	Callback Buffer Frame Size To Use:	  1024
[2021.11.28-14.41.33:513][  0]LogAudioMixer: Display: 	Number of buffers to queue:			  2
[2021.11.28-14.41.33:513][  0]LogAudioMixer: Display: 	Max Channels (voices):				  32
[2021.11.28-14.41.33:513][  0]LogAudioMixer: Display: 	Number of Async Source Workers:		  0
[2021.11.28-14.41.33:513][  0]LogAudio: Display: AudioDevice MaxSources: 32
[2021.11.28-14.41.33:513][  0]LogAudio: Display: Audio Spatialization Plugin: None (built-in).
[2021.11.28-14.41.33:513][  0]LogAudio: Display: Audio Reverb Plugin: None (built-in).
[2021.11.28-14.41.33:513][  0]LogAudio: Display: Audio Occlusion Plugin: None (built-in).
[2021.11.28-14.41.33:513][  0]LogAudioMixer: Display: Initializing audio mixer.
[2021.11.28-14.41.33:562][  0]LogAudioMixer: Display: 0: FrontLeft
[2021.11.28-14.41.33:562][  0]LogAudioMixer: Display: 1: FrontRight
[2021.11.28-14.41.33:580][  0]LogAudioMixer: Display: Using Audio Device Headphones (MDR-XB950N1 Stereo)
[2021.11.28-14.41.33:586][  0]LogAudioMixer: Display: Initializing Sound Submixes...
[2021.11.28-14.41.33:588][  0]LogAudioMixer: Display: Creating Master Submix 'MasterSubmixDefault'
[2021.11.28-14.41.33:588][  0]LogAudioMixer: Display: Creating Master Submix 'MasterReverbSubmixDefault'
[2021.11.28-14.41.33:589][  0]LogAudioMixer: Display: Creating Master Submix 'MasterEQSubmixDefault'
[2021.11.28-14.41.33:589][  0]LogAudioMixer: FMixerPlatformXAudio2::StartAudioStream() called
[2021.11.28-14.41.33:589][  0]LogAudioMixer: Display: Output buffers initialized: Frames=1024, Channels=2, Samples=2048
[2021.11.28-14.41.33:590][  0]LogAudioMixer: Display: Starting AudioMixerPlatformInterface::RunInternal()
[2021.11.28-14.41.33:590][  0]LogAudioMixer: Display: FMixerPlatformXAudio2::SubmitBuffer() called for the first time
[2021.11.28-14.41.33:590][  0]LogInit: FAudioDevice initialized.
[2021.11.28-14.41.33:591][  0]LogAudio: Display: Audio Device (ID: 1) registered with world 'Untitled'.
[2021.11.28-14.41.33:591][  0]LogNetVersion: Set ProjectVersion to 1.0.0.0. Version Checksum will be recalculated on next use.
[2021.11.28-14.41.33:652][  0]LogDerivedDataCache: Saved boot cache 0.06s 94MB C:/Users/garre/AppData/Local/UnrealEngine/4.27/DerivedDataCache/Boot.ddc.
[2021.11.28-14.41.33:652][  0]LogInit: Texture streaming: Enabled
[2021.11.28-14.41.33:664][  0]LogAnalytics: Display: [UEEditor.Rocket.Release] APIServer = https://datarouter.ol.epicgames.com/. AppVersion = 4.27.1-17735300+++UE4+Release-4.27
[2021.11.28-14.41.33:668][  0]LogEngineSessionManager: EngineSessionManager initialized
[2021.11.28-14.41.33:668][  0]LogEditorSessionSummary: Verbose: Initializing EditorSessionSummaryWriter for editor session tracking
[2021.11.28-14.41.33:674][  0]LogEditorSessionSummary: EditorSessionSummaryWriter initialized
[2021.11.28-14.41.33:724][  0]LogInit: Transaction tracking system initialized
[2021.11.28-14.41.33:743][  0]BlueprintLog: New page: Editor Load
[2021.11.28-14.41.33:800][  0]LocalizationService: Localization service is disabled
[2021.11.28-14.41.33:822][  0]TimingProfiler: Initialize
[2021.11.28-14.41.33:822][  0]TimingProfiler: OnSessionChanged
[2021.11.28-14.41.33:822][  0]LoadingProfiler: Initialize
[2021.11.28-14.41.33:822][  0]LoadingProfiler: OnSessionChanged
[2021.11.28-14.41.33:822][  0]NetworkingProfiler: Initialize
[2021.11.28-14.41.33:823][  0]NetworkingProfiler: OnSessionChanged
[2021.11.28-14.41.33:823][  0]MemoryProfiler: Initialize
[2021.11.28-14.41.33:823][  0]MemoryProfiler: OnSessionChanged
[2021.11.28-14.41.34:011][  0]LogCook: Display: CookSettings for Memory: MemoryMaxUsedVirtual 0MiB, MemoryMaxUsedPhysical 16384MiB, MemoryMinFreeVirtual 0MiB, MemoryMinFreePhysical 1024MiB
[2021.11.28-14.41.34:011][  0]LogCook: Display: Mobile HDR setting 1
[2021.11.28-14.41.34:210][  0]LogFileCache: Scanning file cache for directory 'C:/Users/garre/OneDrive/Documents/GitHub/Gridlock/Content/' took 0.01s
[2021.11.28-14.41.34:420][  0]LogImageWrapper: Warning: PNG Warning: Duplicate iCCP chunk
[2021.11.28-14.41.34:420][  0]LogImageWrapper: Warning: PNG Warning: Duplicate iCCP chunk
[2021.11.28-14.41.34:420][  0]LogInit: Display: Engine is initialized. Leaving FEngineLoop::Init()
[2021.11.28-14.41.34:425][  0]SourceControl: Source control is disabled
[2021.11.28-14.41.34:425][  0]LogUnrealEdMisc: Loading editor; pre map load, took 9.694
[2021.11.28-14.41.34:425][  0]Cmd: MAP LOAD FILE="../../../../../../Users/garre/OneDrive/Documents/GitHub/Gridlock/Content/MapsForGame/Yujia/CarScene_BlockOut1_Map.umap" TEMPLATE=0 SHOWPROGRESS=1 FEATURELEVEL=3
[2021.11.28-14.41.34:425][  0]LightingResults: New page: Lighting Build
[2021.11.28-14.41.34:427][  0]LogWorld: UWorld::CleanupWorld for Untitled, bSessionEnded=true, bCleanupResources=true
[2021.11.28-14.41.34:427][  0]LogSlate: InvalidateAllWidgets triggered.  All widgets were invalidated
[2021.11.28-14.41.34:427][  0]MapCheck: New page: Map Check
[2021.11.28-14.41.34:427][  0]LightingResults: New page: Lighting Build
[2021.11.28-14.41.34:432][  0]LogAudio: Display: Audio Device unregistered from world 'None'.
[2021.11.28-14.41.34:434][  0]LogUObjectHash: Compacting FUObjectHashTables data took   0.90ms
[2021.11.28-14.41.35:542][  0]LogSkeletalMesh: Display: [AssetLog] C:\Users\garre\OneDrive\Documents\GitHub\Gridlock\Content\AssetsvilleCars\Meshes\Vehicles\SK_veh_TruckTrailer_01.uasset: Find and fix some bad tangent! please re-import this skeletal mesh asset to fix the issue. The shading of the skeletal mesh will be bad and faceted.
[2021.11.28-14.41.36:014][  0]LogAudio: Display: Audio Device (ID: 1) registered with world 'CarScene_BlockOut1_Map'.
[2021.11.28-14.41.36:016][  0]LogAIModule: Creating AISystem for world CarScene_BlockOut1_Map
[2021.11.28-14.41.36:164][  0]LogSlate: New Slate User Created.  User Index 8, Is Virtual User: 1
[2021.11.28-14.41.36:165][  0]LogSlate: Slate User Registered.  User Index 8, Is Virtual User: 1
[2021.11.28-14.41.36:206][  0]LogEditorServer: Finished looking for orphan Actors (0.000 secs)
[2021.11.28-14.41.36:260][  0]LogUObjectHash: Compacting FUObjectHashTables data took   1.09ms
[2021.11.28-14.41.36:264][  0]Cmd: MAP CHECKDEP NOCLEARLOG
[2021.11.28-14.41.36:265][  0]MapCheck: Map check complete: 0 Error(s), 0 Warning(s), took 0.816ms to complete.
[2021.11.28-14.41.36:265][  0]LogFileHelpers: Loading map 'CarScene_BlockOut1_Map' took 1.840
[2021.11.28-14.41.36:318][  0]LogUnrealEdMisc: Total Editor Startup Time, took 11.587
[2021.11.28-14.41.36:572][  0]LogSlate: Updating window title bar state: overlay mode, drag disabled, window buttons hidden, title bar hidden
[2021.11.28-14.41.36:582][  0]LogSlate: Updating window title bar state: overlay mode, drag disabled, window buttons hidden, title bar hidden
[2021.11.28-14.41.36:645][  0]LogNativeClassHierarchy: Verbose: Native class hierarchy populated in 0.0115 seconds. Added 3822 classes and 928 folders.
[2021.11.28-14.41.36:665][  0]LogNativeClassHierarchy: Verbose: Native class hierarchy updated for 'WidgetCarousel' in 0.0004 seconds. Added 0 classes and 0 folders.
[2021.11.28-14.41.36:673][  0]LogPakFile: PakFile PrimaryIndexSize=187
[2021.11.28-14.41.36:673][  0]LogPakFile: PakFile PathHashIndexSize=101
[2021.11.28-14.41.36:673][  0]LogPakFile: PakFile FullDirectoryIndexSize=148
[2021.11.28-14.41.36:675][  0]LogShaderLibrary: Display: ShaderCodeLibraryPakFileMountedCallback: PakFile 'C:/Program Files/Epic Games/UE_4.27/FeaturePacks/FP_FirstPerson.upack' (chunk index -1, root 'root:/') mounted
[2021.11.28-14.41.36:675][  0]LogShaderLibrary: Display: ShaderCodeLibraryPakFileMountedCallback: pending pak file info (ChunkID:-1 Root:root:/ File:C:/Program Files/Epic Games/UE_4.27/FeaturePacks/FP_FirstPerson.upack)
[2021.11.28-14.41.36:675][  0]LogPakFile: OnPakFileMounted2Time == 0.001690
[2021.11.28-14.41.36:681][  0]LogPakFile: PakFile PrimaryIndexSize=189
[2021.11.28-14.41.36:681][  0]LogPakFile: PakFile PathHashIndexSize=101
[2021.11.28-14.41.36:681][  0]LogPakFile: PakFile FullDirectoryIndexSize=152
[2021.11.28-14.41.36:681][  0]LogShaderLibrary: Display: ShaderCodeLibraryPakFileMountedCallback: PakFile 'C:/Program Files/Epic Games/UE_4.27/FeaturePacks/FP_FirstPersonBP.upack' (chunk index -1, root 'root:/') mounted
[2021.11.28-14.41.36:681][  0]LogShaderLibrary: Display: ShaderCodeLibraryPakFileMountedCallback: pending pak file info (ChunkID:-1 Root:root:/ File:C:/Program Files/Epic Games/UE_4.27/FeaturePacks/FP_FirstPersonBP.upack)
[2021.11.28-14.41.36:681][  0]LogPakFile: OnPakFileMounted2Time == 0.000045
[2021.11.28-14.41.36:684][  0]LogPakFile: PakFile PrimaryIndexSize=191
[2021.11.28-14.41.36:684][  0]LogPakFile: PakFile PathHashIndexSize=101
[2021.11.28-14.41.36:684][  0]LogPakFile: PakFile FullDirectoryIndexSize=160
[2021.11.28-14.41.36:684][  0]LogShaderLibrary: Display: ShaderCodeLibraryPakFileMountedCallback: PakFile 'C:/Program Files/Epic Games/UE_4.27/FeaturePacks/MobileStarterContent.upack' (chunk index -1, root 'root:/') mounted
[2021.11.28-14.41.36:684][  0]LogShaderLibrary: Display: ShaderCodeLibraryPakFileMountedCallback: pending pak file info (ChunkID:-1 Root:root:/ File:C:/Program Files/Epic Games/UE_4.27/FeaturePacks/MobileStarterContent.upack)
[2021.11.28-14.41.36:684][  0]LogPakFile: OnPakFileMounted2Time == 0.000068
[2021.11.28-14.41.36:686][  0]LogPakFile: PakFile PrimaryIndexSize=185
[2021.11.28-14.41.36:686][  0]LogPakFile: PakFile PathHashIndexSize=101
[2021.11.28-14.41.36:686][  0]LogPakFile: PakFile FullDirectoryIndexSize=148
[2021.11.28-14.41.36:686][  0]LogShaderLibrary: Display: ShaderCodeLibraryPakFileMountedCallback: PakFile 'C:/Program Files/Epic Games/UE_4.27/FeaturePacks/StarterContent.upack' (chunk index -1, root 'root:/') mounted
[2021.11.28-14.41.36:686][  0]LogShaderLibrary: Display: ShaderCodeLibraryPakFileMountedCallback: pending pak file info (ChunkID:-1 Root:root:/ File:C:/Program Files/Epic Games/UE_4.27/FeaturePacks/StarterContent.upack)
[2021.11.28-14.41.36:686][  0]LogPakFile: OnPakFileMounted2Time == 0.000061
[2021.11.28-14.41.36:688][  0]LogPakFile: PakFile PrimaryIndexSize=190
[2021.11.28-14.41.36:688][  0]LogPakFile: PakFile PathHashIndexSize=101
[2021.11.28-14.41.36:688][  0]LogPakFile: PakFile FullDirectoryIndexSize=154
[2021.11.28-14.41.36:688][  0]LogShaderLibrary: Display: ShaderCodeLibraryPakFileMountedCallback: PakFile 'C:/Program Files/Epic Games/UE_4.27/FeaturePacks/TP_2DSideScroller.upack' (chunk index -1, root 'root:/') mounted
[2021.11.28-14.41.36:688][  0]LogShaderLibrary: Display: ShaderCodeLibraryPakFileMountedCallback: pending pak file info (ChunkID:-1 Root:root:/ File:C:/Program Files/Epic Games/UE_4.27/FeaturePacks/TP_2DSideScroller.upack)
[2021.11.28-14.41.36:688][  0]LogPakFile: OnPakFileMounted2Time == 0.000058
[2021.11.28-14.41.36:691][  0]LogPakFile: PakFile PrimaryIndexSize=192
[2021.11.28-14.41.36:691][  0]LogPakFile: PakFile PathHashIndexSize=101
[2021.11.28-14.41.36:691][  0]LogPakFile: PakFile FullDirectoryIndexSize=158
[2021.11.28-14.41.36:691][  0]LogShaderLibrary: Display: ShaderCodeLibraryPakFileMountedCallback: PakFile 'C:/Program Files/Epic Games/UE_4.27/FeaturePacks/TP_2DSideScrollerBP.upack' (chunk index -1, root 'root:/') mounted
[2021.11.28-14.41.36:691][  0]LogShaderLibrary: Display: ShaderCodeLibraryPakFileMountedCallback: pending pak file info (ChunkID:-1 Root:root:/ File:C:/Program Files/Epic Games/UE_4.27/FeaturePacks/TP_2DSideScrollerBP.upack)
[2021.11.28-14.41.36:691][  0]LogPakFile: OnPakFileMounted2Time == 0.000036
[2021.11.28-14.41.36:692][  0]LogPakFile: PakFile PrimaryIndexSize=182
[2021.11.28-14.41.36:692][  0]LogPakFile: PakFile PathHashIndexSize=101
[2021.11.28-14.41.36:692][  0]LogPakFile: PakFile FullDirectoryIndexSize=138
[2021.11.28-14.41.36:692][  0]LogShaderLibrary: Display: ShaderCodeLibraryPakFileMountedCallback: PakFile 'C:/Program Files/Epic Games/UE_4.27/FeaturePacks/TP_Flying.upack' (chunk index -1, root 'root:/') mounted
[2021.11.28-14.41.36:692][  0]LogShaderLibrary: Display: ShaderCodeLibraryPakFileMountedCallback: pending pak file info (ChunkID:-1 Root:root:/ File:C:/Program Files/Epic Games/UE_4.27/FeaturePacks/TP_Flying.upack)
[2021.11.28-14.41.36:692][  0]LogPakFile: OnPakFileMounted2Time == 0.000039
[2021.11.28-14.41.36:694][  0]LogPakFile: PakFile PrimaryIndexSize=184
[2021.11.28-14.41.36:694][  0]LogPakFile: PakFile PathHashIndexSize=101
[2021.11.28-14.41.36:694][  0]LogPakFile: PakFile FullDirectoryIndexSize=142
[2021.11.28-14.41.36:694][  0]LogShaderLibrary: Display: ShaderCodeLibraryPakFileMountedCallback: PakFile 'C:/Program Files/Epic Games/UE_4.27/FeaturePacks/TP_FlyingBP.upack' (chunk index -1, root 'root:/') mounted
[2021.11.28-14.41.36:694][  0]LogShaderLibrary: Display: ShaderCodeLibraryPakFileMountedCallback: pending pak file info (ChunkID:-1 Root:root:/ File:C:/Program Files/Epic Games/UE_4.27/FeaturePacks/TP_FlyingBP.upack)
[2021.11.28-14.41.36:694][  0]LogPakFile: OnPakFileMounted2Time == 0.000035
[2021.11.28-14.41.36:696][  0]LogPakFile: PakFile PrimaryIndexSize=188
[2021.11.28-14.41.36:696][  0]LogPakFile: PakFile PathHashIndexSize=101
[2021.11.28-14.41.36:696][  0]LogPakFile: PakFile FullDirectoryIndexSize=150
[2021.11.28-14.41.36:696][  0]LogShaderLibrary: Display: ShaderCodeLibraryPakFileMountedCallback: PakFile 'C:/Program Files/Epic Games/UE_4.27/FeaturePacks/TP_HandheldARBP.upack' (chunk index -1, root 'root:/') mounted
[2021.11.28-14.41.36:696][  0]LogShaderLibrary: Display: ShaderCodeLibraryPakFileMountedCallback: pending pak file info (ChunkID:-1 Root:root:/ File:C:/Program Files/Epic Games/UE_4.27/FeaturePacks/TP_HandheldARBP.upack)
[2021.11.28-14.41.36:696][  0]LogPakFile: OnPakFileMounted2Time == 0.000035
[2021.11.28-14.41.36:698][  0]LogPakFile: PakFile PrimaryIndexSize=182
[2021.11.28-14.41.36:698][  0]LogPakFile: PakFile PathHashIndexSize=101
[2021.11.28-14.41.36:698][  0]LogPakFile: PakFile FullDirectoryIndexSize=138
[2021.11.28-14.41.36:698][  0]LogShaderLibrary: Display: ShaderCodeLibraryPakFileMountedCallback: PakFile 'C:/Program Files/Epic Games/UE_4.27/FeaturePacks/TP_Puzzle.upack' (chunk index -1, root 'root:/') mounted
[2021.11.28-14.41.36:698][  0]LogShaderLibrary: Display: ShaderCodeLibraryPakFileMountedCallback: pending pak file info (ChunkID:-1 Root:root:/ File:C:/Program Files/Epic Games/UE_4.27/FeaturePacks/TP_Puzzle.upack)
[2021.11.28-14.41.36:698][  0]LogPakFile: OnPakFileMounted2Time == 0.000035
[2021.11.28-14.41.36:701][  0]LogPakFile: PakFile PrimaryIndexSize=184
[2021.11.28-14.41.36:701][  0]LogPakFile: PakFile PathHashIndexSize=101
[2021.11.28-14.41.36:701][  0]LogPakFile: PakFile FullDirectoryIndexSize=142
[2021.11.28-14.41.36:701][  0]LogShaderLibrary: Display: ShaderCodeLibraryPakFileMountedCallback: PakFile 'C:/Program Files/Epic Games/UE_4.27/FeaturePacks/TP_PuzzleBP.upack' (chunk index -1, root 'root:/') mounted
[2021.11.28-14.41.36:701][  0]LogShaderLibrary: Display: ShaderCodeLibraryPakFileMountedCallback: pending pak file info (ChunkID:-1 Root:root:/ File:C:/Program Files/Epic Games/UE_4.27/FeaturePacks/TP_PuzzleBP.upack)
[2021.11.28-14.41.36:701][  0]LogPakFile: OnPakFileMounted2Time == 0.000056
[2021.11.28-14.41.36:703][  0]LogPakFile: PakFile PrimaryIndexSize=183
[2021.11.28-14.41.36:703][  0]LogPakFile: PakFile PathHashIndexSize=101
[2021.11.28-14.41.36:703][  0]LogPakFile: PakFile FullDirectoryIndexSize=140
[2021.11.28-14.41.36:703][  0]LogShaderLibrary: Display: ShaderCodeLibraryPakFileMountedCallback: PakFile 'C:/Program Files/Epic Games/UE_4.27/FeaturePacks/TP_Rolling.upack' (chunk index -1, root 'root:/') mounted
[2021.11.28-14.41.36:703][  0]LogShaderLibrary: Display: ShaderCodeLibraryPakFileMountedCallback: pending pak file info (ChunkID:-1 Root:root:/ File:C:/Program Files/Epic Games/UE_4.27/FeaturePacks/TP_Rolling.upack)
[2021.11.28-14.41.36:703][  0]LogPakFile: OnPakFileMounted2Time == 0.000054
[2021.11.28-14.41.36:706][  0]LogPakFile: PakFile PrimaryIndexSize=185
[2021.11.28-14.41.36:706][  0]LogPakFile: PakFile PathHashIndexSize=101
[2021.11.28-14.41.36:707][  0]LogPakFile: PakFile FullDirectoryIndexSize=144
[2021.11.28-14.41.36:707][  0]LogShaderLibrary: Display: ShaderCodeLibraryPakFileMountedCallback: PakFile 'C:/Program Files/Epic Games/UE_4.27/FeaturePacks/TP_RollingBP.upack' (chunk index -1, root 'root:/') mounted
[2021.11.28-14.41.36:707][  0]LogShaderLibrary: Display: ShaderCodeLibraryPakFileMountedCallback: pending pak file info (ChunkID:-1 Root:root:/ File:C:/Program Files/Epic Games/UE_4.27/FeaturePacks/TP_RollingBP.upack)
[2021.11.28-14.41.36:707][  0]LogPakFile: OnPakFileMounted2Time == 0.000060
[2021.11.28-14.41.36:709][  0]LogPakFile: PakFile PrimaryIndexSize=188
[2021.11.28-14.41.36:709][  0]LogPakFile: PakFile PathHashIndexSize=101
[2021.11.28-14.41.36:709][  0]LogPakFile: PakFile FullDirectoryIndexSize=150
[2021.11.28-14.41.36:709][  0]LogShaderLibrary: Display: ShaderCodeLibraryPakFileMountedCallback: PakFile 'C:/Program Files/Epic Games/UE_4.27/FeaturePacks/TP_SideScroller.upack' (chunk index -1, root 'root:/') mounted
[2021.11.28-14.41.36:709][  0]LogShaderLibrary: Display: ShaderCodeLibraryPakFileMountedCallback: pending pak file info (ChunkID:-1 Root:root:/ File:C:/Program Files/Epic Games/UE_4.27/FeaturePacks/TP_SideScroller.upack)
[2021.11.28-14.41.36:709][  0]LogPakFile: OnPakFileMounted2Time == 0.000045
[2021.11.28-14.41.36:711][  0]LogPakFile: PakFile PrimaryIndexSize=190
[2021.11.28-14.41.36:711][  0]LogPakFile: PakFile PathHashIndexSize=101
[2021.11.28-14.41.36:711][  0]LogPakFile: PakFile FullDirectoryIndexSize=154
[2021.11.28-14.41.36:711][  0]LogShaderLibrary: Display: ShaderCodeLibraryPakFileMountedCallback: PakFile 'C:/Program Files/Epic Games/UE_4.27/FeaturePacks/TP_SideScrollerBP.upack' (chunk index -1, root 'root:/') mounted
[2021.11.28-14.41.36:711][  0]LogShaderLibrary: Display: ShaderCodeLibraryPakFileMountedCallback: pending pak file info (ChunkID:-1 Root:root:/ File:C:/Program Files/Epic Games/UE_4.27/FeaturePacks/TP_SideScrollerBP.upack)
[2021.11.28-14.41.36:711][  0]LogPakFile: OnPakFileMounted2Time == 0.000038
[2021.11.28-14.41.36:712][  0]LogPakFile: PakFile PrimaryIndexSize=187
[2021.11.28-14.41.36:712][  0]LogPakFile: PakFile PathHashIndexSize=101
[2021.11.28-14.41.36:712][  0]LogPakFile: PakFile FullDirectoryIndexSize=148
[2021.11.28-14.41.36:712][  0]LogShaderLibrary: Display: ShaderCodeLibraryPakFileMountedCallback: PakFile 'C:/Program Files/Epic Games/UE_4.27/FeaturePacks/TP_ThirdPerson.upack' (chunk index -1, root 'root:/') mounted
[2021.11.28-14.41.36:712][  0]LogShaderLibrary: Display: ShaderCodeLibraryPakFileMountedCallback: pending pak file info (ChunkID:-1 Root:root:/ File:C:/Program Files/Epic Games/UE_4.27/FeaturePacks/TP_ThirdPerson.upack)
[2021.11.28-14.41.36:712][  0]LogPakFile: OnPakFileMounted2Time == 0.000035
[2021.11.28-14.41.36:715][  0]LogPakFile: PakFile PrimaryIndexSize=189
[2021.11.28-14.41.36:715][  0]LogPakFile: PakFile PathHashIndexSize=101
[2021.11.28-14.41.36:715][  0]LogPakFile: PakFile FullDirectoryIndexSize=152
[2021.11.28-14.41.36:715][  0]LogShaderLibrary: Display: ShaderCodeLibraryPakFileMountedCallback: PakFile 'C:/Program Files/Epic Games/UE_4.27/FeaturePacks/TP_ThirdPersonBP.upack' (chunk index -1, root 'root:/') mounted
[2021.11.28-14.41.36:715][  0]LogShaderLibrary: Display: ShaderCodeLibraryPakFileMountedCallback: pending pak file info (ChunkID:-1 Root:root:/ File:C:/Program Files/Epic Games/UE_4.27/FeaturePacks/TP_ThirdPersonBP.upack)
[2021.11.28-14.41.36:715][  0]LogPakFile: OnPakFileMounted2Time == 0.000038
[2021.11.28-14.41.36:717][  0]LogPakFile: PakFile PrimaryIndexSize=183
[2021.11.28-14.41.36:717][  0]LogPakFile: PakFile PathHashIndexSize=101
[2021.11.28-14.41.36:717][  0]LogPakFile: PakFile FullDirectoryIndexSize=140
[2021.11.28-14.41.36:717][  0]LogShaderLibrary: Display: ShaderCodeLibraryPakFileMountedCallback: PakFile 'C:/Program Files/Epic Games/UE_4.27/FeaturePacks/TP_TopDown.upack' (chunk index -1, root 'root:/') mounted
[2021.11.28-14.41.36:717][  0]LogShaderLibrary: Display: ShaderCodeLibraryPakFileMountedCallback: pending pak file info (ChunkID:-1 Root:root:/ File:C:/Program Files/Epic Games/UE_4.27/FeaturePacks/TP_TopDown.upack)
[2021.11.28-14.41.36:717][  0]LogPakFile: OnPakFileMounted2Time == 0.000064
[2021.11.28-14.41.36:719][  0]LogPakFile: PakFile PrimaryIndexSize=185
[2021.11.28-14.41.36:719][  0]LogPakFile: PakFile PathHashIndexSize=101
[2021.11.28-14.41.36:719][  0]LogPakFile: PakFile FullDirectoryIndexSize=144
[2021.11.28-14.41.36:719][  0]LogShaderLibrary: Display: ShaderCodeLibraryPakFileMountedCallback: PakFile 'C:/Program Files/Epic Games/UE_4.27/FeaturePacks/TP_TopDownBP.upack' (chunk index -1, root 'root:/') mounted
[2021.11.28-14.41.36:719][  0]LogShaderLibrary: Display: ShaderCodeLibraryPakFileMountedCallback: pending pak file info (ChunkID:-1 Root:root:/ File:C:/Program Files/Epic Games/UE_4.27/FeaturePacks/TP_TopDownBP.upack)
[2021.11.28-14.41.36:719][  0]LogPakFile: OnPakFileMounted2Time == 0.000064
[2021.11.28-14.41.36:722][  0]LogPakFile: PakFile PrimaryIndexSize=185
[2021.11.28-14.41.36:722][  0]LogPakFile: PakFile PathHashIndexSize=101
[2021.11.28-14.41.36:722][  0]LogPakFile: PakFile FullDirectoryIndexSize=144
[2021.11.28-14.41.36:722][  0]LogShaderLibrary: Display: ShaderCodeLibraryPakFileMountedCallback: PakFile 'C:/Program Files/Epic Games/UE_4.27/FeaturePacks/TP_TwinStick.upack' (chunk index -1, root 'root:/') mounted
[2021.11.28-14.41.36:722][  0]LogShaderLibrary: Display: ShaderCodeLibraryPakFileMountedCallback: pending pak file info (ChunkID:-1 Root:root:/ File:C:/Program Files/Epic Games/UE_4.27/FeaturePacks/TP_TwinStick.upack)
[2021.11.28-14.41.36:722][  0]LogPakFile: OnPakFileMounted2Time == 0.000044
[2021.11.28-14.41.36:724][  0]LogPakFile: PakFile PrimaryIndexSize=187
[2021.11.28-14.41.36:724][  0]LogPakFile: PakFile PathHashIndexSize=101
[2021.11.28-14.41.36:724][  0]LogPakFile: PakFile FullDirectoryIndexSize=148
[2021.11.28-14.41.36:724][  0]LogShaderLibrary: Display: ShaderCodeLibraryPakFileMountedCallback: PakFile 'C:/Program Files/Epic Games/UE_4.27/FeaturePacks/TP_TwinStickBP.upack' (chunk index -1, root 'root:/') mounted
[2021.11.28-14.41.36:724][  0]LogShaderLibrary: Display: ShaderCodeLibraryPakFileMountedCallback: pending pak file info (ChunkID:-1 Root:root:/ File:C:/Program Files/Epic Games/UE_4.27/FeaturePacks/TP_TwinStickBP.upack)
[2021.11.28-14.41.36:724][  0]LogPakFile: OnPakFileMounted2Time == 0.000045
[2021.11.28-14.41.36:726][  0]LogPakFile: PakFile PrimaryIndexSize=183
[2021.11.28-14.41.36:726][  0]LogPakFile: PakFile PathHashIndexSize=101
[2021.11.28-14.41.36:726][  0]LogPakFile: PakFile FullDirectoryIndexSize=140
[2021.11.28-14.41.36:726][  0]LogShaderLibrary: Display: ShaderCodeLibraryPakFileMountedCallback: PakFile 'C:/Program Files/Epic Games/UE_4.27/FeaturePacks/TP_Vehicle.upack' (chunk index -1, root 'root:/') mounted
[2021.11.28-14.41.36:726][  0]LogShaderLibrary: Display: ShaderCodeLibraryPakFileMountedCallback: pending pak file info (ChunkID:-1 Root:root:/ File:C:/Program Files/Epic Games/UE_4.27/FeaturePacks/TP_Vehicle.upack)
[2021.11.28-14.41.36:726][  0]LogPakFile: OnPakFileMounted2Time == 0.000053
[2021.11.28-14.41.36:728][  0]LogPakFile: PakFile PrimaryIndexSize=186
[2021.11.28-14.41.36:728][  0]LogPakFile: PakFile PathHashIndexSize=101
[2021.11.28-14.41.36:728][  0]LogPakFile: PakFile FullDirectoryIndexSize=146
[2021.11.28-14.41.36:728][  0]LogShaderLibrary: Display: ShaderCodeLibraryPakFileMountedCallback: PakFile 'C:/Program Files/Epic Games/UE_4.27/FeaturePacks/TP_VehicleAdv.upack' (chunk index -1, root 'root:/') mounted
[2021.11.28-14.41.36:728][  0]LogShaderLibrary: Display: ShaderCodeLibraryPakFileMountedCallback: pending pak file info (ChunkID:-1 Root:root:/ File:C:/Program Files/Epic Games/UE_4.27/FeaturePacks/TP_VehicleAdv.upack)
[2021.11.28-14.41.36:728][  0]LogPakFile: OnPakFileMounted2Time == 0.000050
[2021.11.28-14.41.36:729][  0]LogPakFile: PakFile PrimaryIndexSize=188
[2021.11.28-14.41.36:729][  0]LogPakFile: PakFile PathHashIndexSize=101
[2021.11.28-14.41.36:729][  0]LogPakFile: PakFile FullDirectoryIndexSize=150
[2021.11.28-14.41.36:729][  0]LogShaderLibrary: Display: ShaderCodeLibraryPakFileMountedCallback: PakFile 'C:/Program Files/Epic Games/UE_4.27/FeaturePacks/TP_VehicleAdvBP.upack' (chunk index -1, root 'root:/') mounted
[2021.11.28-14.41.36:729][  0]LogShaderLibrary: Display: ShaderCodeLibraryPakFileMountedCallback: pending pak file info (ChunkID:-1 Root:root:/ File:C:/Program Files/Epic Games/UE_4.27/FeaturePacks/TP_VehicleAdvBP.upack)
[2021.11.28-14.41.36:729][  0]LogPakFile: OnPakFileMounted2Time == 0.000038
[2021.11.28-14.41.36:731][  0]LogPakFile: PakFile PrimaryIndexSize=185
[2021.11.28-14.41.36:731][  0]LogPakFile: PakFile PathHashIndexSize=101
[2021.11.28-14.41.36:731][  0]LogPakFile: PakFile FullDirectoryIndexSize=144
[2021.11.28-14.41.36:731][  0]LogShaderLibrary: Display: ShaderCodeLibraryPakFileMountedCallback: PakFile 'C:/Program Files/Epic Games/UE_4.27/FeaturePacks/TP_VehicleBP.upack' (chunk index -1, root 'root:/') mounted
[2021.11.28-14.41.36:731][  0]LogShaderLibrary: Display: ShaderCodeLibraryPakFileMountedCallback: pending pak file info (ChunkID:-1 Root:root:/ File:C:/Program Files/Epic Games/UE_4.27/FeaturePacks/TP_VehicleBP.upack)
[2021.11.28-14.41.36:731][  0]LogPakFile: OnPakFileMounted2Time == 0.000040
[2021.11.28-14.41.36:733][  0]LogPakFile: PakFile PrimaryIndexSize=192
[2021.11.28-14.41.36:733][  0]LogPakFile: PakFile PathHashIndexSize=101
[2021.11.28-14.41.36:733][  0]LogPakFile: PakFile FullDirectoryIndexSize=158
[2021.11.28-14.41.36:733][  0]LogShaderLibrary: Display: ShaderCodeLibraryPakFileMountedCallback: PakFile 'C:/Program Files/Epic Games/UE_4.27/FeaturePacks/TP_VirtualRealityBP.upack' (chunk index -1, root 'root:/') mounted
[2021.11.28-14.41.36:733][  0]LogShaderLibrary: Display: ShaderCodeLibraryPakFileMountedCallback: pending pak file info (ChunkID:-1 Root:root:/ File:C:/Program Files/Epic Games/UE_4.27/FeaturePacks/TP_VirtualRealityBP.upack)
[2021.11.28-14.41.36:733][  0]LogPakFile: OnPakFileMounted2Time == 0.000044
[2021.11.28-14.41.36:880][  0]LogNativeClassHierarchy: Verbose: Native class hierarchy updated for 'AddContentDialog' in 0.0003 seconds. Added 0 classes and 0 folders.
[2021.11.28-14.41.36:889][  0]LogNativeClassHierarchy: Verbose: Native class hierarchy updated for 'SceneOutliner' in 0.0003 seconds. Added 2 classes and 0 folders.
[2021.11.28-14.41.37:071][  0]LogSlate: Took 0.001461 seconds to synchronously load lazily loaded font '../../../Engine/Content/Slate/Fonts/Roboto-Regular.ttf' (155K)
[2021.11.28-14.41.37:075][  0]LogSlate: Took 0.000853 seconds to synchronously load lazily loaded font '../../../Engine/Content/Editor/Slate/Fonts/FontAwesome.ttf' (139K)
[2021.11.28-14.41.37:081][  0]LogSlate: Took 0.001093 seconds to synchronously load lazily loaded font '../../../Engine/Content/Slate/Fonts/Roboto-Bold.ttf' (160K)
[2021.11.28-14.41.37:267][  0]LogRenderer: Reallocating scene render targets to support 508x432 Format 10 NumSamples 1 (Frame:1).
[2021.11.28-14.41.37:569][  0]LogSlate: Took 0.001180 seconds to synchronously load lazily loaded font '../../../Engine/Content/Slate/Fonts/Roboto-Light.ttf' (167K)
[2021.11.28-14.41.38:360][  0]LogNativeClassHierarchy: Verbose: Native class hierarchy updated for 'HierarchicalLODOutliner' in 0.0014 seconds. Added 0 classes and 0 folders.
[2021.11.28-14.41.38:366][  0]LogLoad: (Engine Initialization) Total time: 13.63 seconds
[2021.11.28-14.41.38:366][  0]LogLoad: (Engine Initialization) Total Blueprint compile time: 0.00 seconds
[2021.11.28-14.41.38:736][  0]LogContentStreaming: Texture pool size now 1000 MB
[2021.11.28-14.41.39:245][  1]LogAssetRegistry: Asset discovery search completed in 8.6161 seconds
[2021.11.28-14.41.39:264][  1]LogCollectionManager: Fixed up redirectors for 0 collections in 0.000006 seconds (updated 0 objects)
[2021.11.28-14.41.55:066][879]LogSlate: Took 0.000728 seconds to synchronously load lazily loaded font '../../../Engine/Content/Slate/Fonts/Roboto-Light.ttf' (167K)
[2021.11.28-14.41.55:655][897]LogAssetEditorSubsystem: Opening Asset editor for LevelScriptBlueprint /Game/MapsForGame/Yujia/CarScene_BlockOut1_Map.CarScene_BlockOut1_Map:PersistentLevel.CarScene_BlockOut1_Map
[2021.11.28-14.41.56:096][897]LogNativeClassHierarchy: Verbose: Native class hierarchy updated for 'BlueprintGraph' in 0.0009 seconds. Added 126 classes and 0 folders.
[2021.11.28-14.41.57:296][897]LogSlate: Took 0.000878 seconds to synchronously load lazily loaded font '../../../Engine/Content/Slate/Fonts/Roboto-BoldCondensed.ttf' (158K)
[2021.11.28-14.41.57:415][898]LogSlate: Took 0.001027 seconds to synchronously load lazily loaded font '../../../Engine/Content/Slate/Fonts/Roboto-Italic.ttf' (157K)
[2021.11.28-14.42.04:993][185]LogUObjectHash: Compacting FUObjectHashTables data took   2.85ms
[2021.11.28-14.42.05:256][185]LogAssetEditorSubsystem: Opening Asset editor for World /Game/MapsForGame/Garrett/CarScene_BlockOut7_Map.CarScene_BlockOut7_Map
[2021.11.28-14.42.05:260][185]Cmd: MAP LOAD FILE="../../../../../../Users/garre/OneDrive/Documents/GitHub/Gridlock/Content/MapsForGame/Garrett/CarScene_BlockOut7_Map.umap" TEMPLATE=0 SHOWPROGRESS=1 FEATURELEVEL=3
[2021.11.28-14.42.05:261][185]LightingResults: New page: Lighting Build
[2021.11.28-14.42.05:263][185]LoadErrors: New page: Loading map: CarScene_BlockOut7_Map.umap
[2021.11.28-14.42.05:287][185]LogSlate: Window 'CarScene_BlockOut1_Map' being destroyed
[2021.11.28-14.42.05:314][185]LogWorld: UWorld::CleanupWorld for World_7, bSessionEnded=true, bCleanupResources=true
[2021.11.28-14.42.05:316][185]LogSlate: InvalidateAllWidgets triggered.  All widgets were invalidated
[2021.11.28-14.42.05:408][185]LogWorld: UWorld::CleanupWorld for CarScene_BlockOut1_Map, bSessionEnded=true, bCleanupResources=true
[2021.11.28-14.42.05:411][185]LogSlate: InvalidateAllWidgets triggered.  All widgets were invalidated
[2021.11.28-14.42.05:412][185]MapCheck: New page: Map Check
[2021.11.28-14.42.05:412][185]LightingResults: New page: Lighting Build
[2021.11.28-14.42.05:438][185]LogAudio: Display: Audio Device unregistered from world 'None'.
[2021.11.28-14.42.05:470][185]LogUObjectHash: Compacting FUObjectHashTables data took   4.93ms
[2021.11.28-14.42.05:473][185]LogAudio: Display: Audio Device (ID: 1) registered with world 'CarScene_BlockOut7_Map'.
[2021.11.28-14.42.05:568][185]LogEditorServer: Finished looking for orphan Actors (0.000 secs)
[2021.11.28-14.42.05:568][185]LogAIModule: Creating AISystem for world CarScene_BlockOut7_Map
[2021.11.28-14.42.05:602][185]LogUObjectHash: Compacting FUObjectHashTables data took   1.92ms
[2021.11.28-14.42.05:617][185]Cmd: MAP CHECKDEP NOCLEARLOG
[2021.11.28-14.42.05:617][185]MapCheck: Map check complete: 0 Error(s), 0 Warning(s), took 0.554ms to complete.
[2021.11.28-14.42.05:618][185]LogFileHelpers: Loading map 'CarScene_BlockOut7_Map' took 0.361
[2021.11.28-14.42.24:364][ 77]LogUObjectHash: Compacting FUObjectHashTables data took   1.57ms
[2021.11.28-14.42.24:396][ 77]LogAssetEditorSubsystem: Opening Asset editor for World /Game/MapsForGame/Garrett/CarScene_BlockOut7_Map.CarScene_BlockOut7_Map
[2021.11.28-14.42.24:396][ 77]Cmd: MAP LOAD FILE="../../../../../../Users/garre/OneDrive/Documents/GitHub/Gridlock/Content/MapsForGame/Garrett/CarScene_BlockOut7_Map.umap" TEMPLATE=0 SHOWPROGRESS=1 FEATURELEVEL=3
[2021.11.28-14.42.24:396][ 77]LightingResults: New page: Lighting Build
[2021.11.28-14.42.24:396][ 77]LoadErrors: New page: Loading map: CarScene_BlockOut7_Map.umap
[2021.11.28-14.42.24:403][ 77]LogWorld: UWorld::CleanupWorld for CarScene_BlockOut7_Map, bSessionEnded=true, bCleanupResources=true
[2021.11.28-14.42.24:403][ 77]LogSlate: InvalidateAllWidgets triggered.  All widgets were invalidated
[2021.11.28-14.42.24:403][ 77]MapCheck: New page: Map Check
[2021.11.28-14.42.24:403][ 77]LightingResults: New page: Lighting Build
[2021.11.28-14.42.24:424][ 77]LogAudio: Display: Audio Device unregistered from world 'None'.
[2021.11.28-14.42.24:431][ 77]LogSlate: Slate User Unregistered.  User Index 8
[2021.11.28-14.42.24:431][ 77]LogSlate: Slate User Destroyed.  User Index 8, Is Virtual User: 1
[2021.11.28-14.42.24:434][ 77]LogUObjectHash: Compacting FUObjectHashTables data took   2.79ms
[2021.11.28-14.42.24:482][ 77]LogAudio: Display: Audio Device (ID: 1) registered with world 'CarScene_BlockOut7_Map'.
[2021.11.28-14.42.24:483][ 77]LogAIModule: Creating AISystem for world CarScene_BlockOut7_Map
[2021.11.28-14.42.24:535][ 77]LogSlate: New Slate User Created.  User Index 8, Is Virtual User: 1
[2021.11.28-14.42.24:536][ 77]LogSlate: Slate User Registered.  User Index 8, Is Virtual User: 1
[2021.11.28-14.42.24:551][ 77]LogEditorServer: Finished looking for orphan Actors (0.000 secs)
[2021.11.28-14.42.24:578][ 77]LogUObjectHash: Compacting FUObjectHashTables data took   2.43ms
[2021.11.28-14.42.24:589][ 77]Cmd: MAP CHECKDEP NOCLEARLOG
[2021.11.28-14.42.24:589][ 77]MapCheck: Map check complete: 0 Error(s), 0 Warning(s), took 0.18ms to complete.
[2021.11.28-14.42.24:589][ 77]LogFileHelpers: Loading map 'CarScene_BlockOut7_Map' took 0.193
[2021.11.28-14.42.28:577][291]LogAssetEditorSubsystem: Opening Asset editor for LevelScriptBlueprint /Game/MapsForGame/Garrett/CarScene_BlockOut7_Map.CarScene_BlockOut7_Map:PersistentLevel.CarScene_BlockOut7_Map
[2021.11.28-14.42.40:286][863]LogAssetEditorSubsystem: Opening Asset editor for Blueprint /Game/AssetsvilleCars/Meshes/Vehicles/MainCarComponets/MainCar.MainCar
[2021.11.28-14.42.54:919][577]LogEditorViewport: Clicking on Actor (LMB): A_goldMetal_C (A_goldMetal)
[2021.11.28-14.43.27:910][336]BlueprintLog: New page: Compile MainCar
[2021.11.28-14.43.28:070][336]LogUObjectHash: Compacting FUObjectHashTables data took   3.92ms
[2021.11.28-14.43.28:254][336]LogSlate: Took 0.001160 seconds to synchronously load lazily loaded font '../../../Engine/Content/Slate/Fonts/DroidSansMono.ttf' (77K)
[2021.11.28-14.43.30:101][416]LogSavePackage: Moving '../../../../../../Users/garre/OneDrive/Documents/GitHub/Gridlock/Saved/MainCar7F06FE3F41DB18C7693A8BAF756B6162.tmp' to '../../../../../../Users/garre/OneDrive/Documents/GitHub/Gridlock/Content/AssetsvilleCars/Meshes/Vehicles/MainCarComponets/MainCar.uasset'
[2021.11.28-14.43.32:555][416]AssetCheck: New page: Asset Save: MainCar
[2021.11.28-14.43.32:556][416]LogContentValidation: Display: Validating Blueprint /Game/AssetsvilleCars/Meshes/Vehicles/MainCarComponets/MainCar.MainCar
[2021.11.28-14.43.33:361][452]LogSavePackage: Moving '../../../../../../Users/garre/OneDrive/Documents/GitHub/Gridlock/Saved/MainCarA10955BE4BC7AE6B8871CC9566AEED23.tmp' to '../../../../../../Users/garre/OneDrive/Documents/GitHub/Gridlock/Content/AssetsvilleCars/Meshes/Vehicles/MainCarComponets/MainCar.uasset'
[2021.11.28-14.43.33:377][452]AssetCheck: New page: Asset Save: MainCar
[2021.11.28-14.43.33:377][452]LogContentValidation: Display: Validating Blueprint /Game/AssetsvilleCars/Meshes/Vehicles/MainCarComponets/MainCar.MainCar
[2021.11.28-14.44.13:733][723]BlueprintLog: New page: Compile CarScene_BlockOut7_Map
[2021.11.28-14.44.13:814][723]LogUObjectHash: Compacting FUObjectHashTables data took   3.68ms
[2021.11.28-14.45.08:259][795]BlueprintLog: New page: Compile CarScene_BlockOut7_Map
[2021.11.28-14.45.08:411][795]LogUObjectHash: Compacting FUObjectHashTables data took   3.58ms
[2021.11.28-14.45.08:853][815]LogUObjectHash: Compacting FUObjectHashTables data took   1.86ms
[2021.11.28-14.45.09:036][815]LogSavePackage: Moving '../../../../../../Users/garre/OneDrive/Documents/GitHub/Gridlock/Saved/CarScene_BlockOut7_MapC9D4B86F4D7658407E2813A0D2E80C7A.tmp' to '../../../../../../Users/garre/OneDrive/Documents/GitHub/Gridlock/Content/MapsForGame/Garrett/CarScene_BlockOut7_Map.umap'
[2021.11.28-14.45.09:061][815]LogFileHelpers: Saving map 'CarScene_BlockOut7_Map' took 0.256
[2021.11.28-14.45.09:220][815]AssetCheck: New page: Asset Save: CarScene_BlockOut7_Map
[2021.11.28-14.45.09:220][815]LogContentValidation: Display: Validating World /Game/MapsForGame/Garrett/CarScene_BlockOut7_Map.CarScene_BlockOut7_Map
[2021.11.28-14.46.22:474][396]LogSlate: Window 'Reference Viewer' being destroyed
[2021.11.28-14.46.22:481][396]LogSlate: Window 'Reference Viewer' being destroyed
[2021.11.28-14.46.29:615][772]LogRenderer: Reallocating scene render targets to support 540x432 Format 10 NumSamples 1 (Frame:1).
[2021.11.28-14.46.29:642][773]LogD3D11RHI: Error: Direct3DDevice->CreateTexture2D(TextureDesc,SubResourceData,OutTexture2D) failed 
 at D:/Build/++UE4/Sync/Engine/Source/Runtime/Windows/D3D11RHI/Private/D3D11Texture.cpp:534 
 with error E_OUTOFMEMORY, 
 Size=6144x2048x1 PF=12 D3DFormat=(0x00000035), NumMips=1, Flags=D3D11_BIND_DEPTH_STENCIL D3D11_BIND_SHADER_RESOURCE , Usage:0x0, CPUFlags:0x0, MiscFlags:0x0, SampleCount:0x1, SampleQuality:0x0, SubresPtr:0x0000000000000000, SubresPitch:0, SubresSlicePitch:0
