Log file open, 12/08/21 01:25:33
LogWindows: Failed to load 'aqProf.dll' (GetLastError=126)
LogWindows: File 'aqProf.dll' does not exist
LogWindows: Failed to load 'VtuneApi.dll' (GetLastError=126)
LogWindows: File 'VtuneApi.dll' does not exist
LogWindows: Failed to load 'VtuneApi32e.dll' (GetLastError=126)
LogWindows: File 'VtuneApi32e.dll' does not exist
LogConsoleResponse: Display: Failed to find resolution value strings in scalability ini. Falling back to default.
LogConsoleResponse: Display: Failed to find resolution value strings in scalability ini. Falling back to default.
LogInit: Display: Running engine for game: ThomasAdvanture
LogPlatformFile: Not using cached read wrapper
LogTaskGraph: Started task graph with 5 named threads and 47 total threads with 3 sets of task threads.
LogStats: Stats thread started at 0.186148
LogICUInternationalization: ICU TimeZone Detection - Raw Offset: -7:00, Platform Override: ''
LogInit: Display: Loading text-based GConfig....
LogPluginManager: Mounting plugin MeshPainting
LogPluginManager: Mounting plugin XGEController
LogPluginManager: Mounting plugin Paper2D
LogPluginManager: Mounting plugin LiveLink
LogPluginManager: Mounting plugin AISupport
LogPluginManager: Mounting plugin EnvironmentQueryEditor
LogPluginManager: Mounting plugin LightPropagationVolume
LogPluginManager: Mounting plugin CameraShakePreviewer
LogPluginManager: Mounting plugin OodleData
LogPluginManager: Mounting plugin OodleNetwork
LogPluginManager: Mounting plugin GameplayCameras
LogPluginManager: Mounting plugin DatasmithContent
LogPluginManager: Mounting plugin VariantManagerContent
LogPluginManager: Mounting plugin AssetManagerEditor
LogPluginManager: Mounting plugin CryptoKeys
LogPluginManager: Mounting plugin DataValidation
LogPluginManager: Mounting plugin CurveEditorTools
LogPluginManager: Mounting plugin FacialAnimation
LogPluginManager: Mounting plugin GameplayTagsEditor
LogPluginManager: Mounting plugin MacGraphicsSwitching
LogPluginManager: Mounting plugin MaterialAnalyzer
LogPluginManager: Mounting plugin GeometryMode
LogPluginManager: Mounting plugin PluginBrowser
LogPluginManager: Mounting plugin AnimationSharing
LogPluginManager: Mounting plugin MobileLauncherProfileWizard
LogPluginManager: Mounting plugin SpeedTreeImporter
LogPluginManager: Mounting plugin CLionSourceCodeAccess
LogPluginManager: Mounting plugin CodeLiteSourceCodeAccess
LogPluginManager: Mounting plugin PerforceSourceControl
LogPluginManager: Mounting plugin PropertyAccessNode
LogPluginManager: Mounting plugin PluginUtils
LogPluginManager: Mounting plugin GitSourceControl
LogPluginManager: Mounting plugin NullSourceCodeAccess
LogPluginManager: Mounting plugin PlasticSourceControl
LogPluginManager: Mounting plugin RiderSourceCodeAccess
LogPluginManager: Mounting plugin MagicLeap
LogPluginManager: Mounting plugin TextureFormatOodle
LogPluginManager: Mounting plugin SubversionSourceControl
LogPluginManager: Mounting plugin KDevelopSourceCodeAccess
LogPluginManager: Mounting plugin PixWinPlugin
LogPluginManager: Mounting plugin UObjectPlugin
LogPluginManager: Mounting plugin LuminPlatformFeatures
LogPluginManager: Mounting plugin MagicLeapLightEstimation
LogPluginManager: Mounting plugin MagicLeapMedia
LogPluginManager: Mounting plugin XCodeSourceCodeAccess
LogPluginManager: Mounting plugin VisualStudioCodeSourceCodeAccess
LogPluginManager: Mounting plugin VisualStudioSourceCodeAccess
LogPluginManager: Mounting plugin MagicLeapPassableWorld
LogPluginManager: Mounting plugin Niagara
LogPluginManager: Mounting plugin MLSDK
LogPluginManager: Mounting plugin ActorSequence
LogPluginManager: Mounting plugin LevelSequenceEditor
LogPluginManager: Mounting plugin MatineeToLevelSequence
LogPluginManager: Mounting plugin TemplateSequence
LogPluginManager: Mounting plugin AlembicImporter
LogPluginManager: Mounting plugin AutomationUtils
LogPluginManager: Mounting plugin BackChannel
LogPluginManager: Mounting plugin ChaosCloth
LogPluginManager: Mounting plugin ChaosClothEditor
LogPluginManager: Mounting plugin ChaosNiagara
LogPluginManager: Mounting plugin ChaosEditor
LogPluginManager: Mounting plugin CharacterAI
LogPluginManager: Mounting plugin ChaosSolverPlugin
LogPluginManager: Mounting plugin GeometryCache
LogPluginManager: Mounting plugin GeometryCollectionPlugin
LogPluginManager: Mounting plugin OnlineSubsystem
LogPluginManager: Mounting plugin OnlineSubsystemNull
LogPluginManager: Mounting plugin GeometryProcessing
LogPluginManager: Mounting plugin OnlineSubsystemUtils
LogPluginManager: Mounting plugin LauncherChunkInstaller
LogPluginManager: Mounting plugin MotoSynth
LogPluginManager: Mounting plugin OpenImageDenoise
LogPluginManager: Mounting plugin TcpMessaging
LogPluginManager: Mounting plugin PlanarCut
LogPluginManager: Mounting plugin PlatformCrypto
LogPluginManager: Mounting plugin ProxyLODPlugin
LogPluginManager: Mounting plugin UdpMessaging
LogPluginManager: Mounting plugin PythonScriptPlugin
LogPluginManager: Mounting plugin SkeletalReduction
LogPluginManager: Mounting plugin AndroidMedia
LogPluginManager: Mounting plugin AvfMedia
LogPluginManager: Mounting plugin MediaCompositing
LogPluginManager: Mounting plugin ImgMedia
LogPluginManager: Mounting plugin MediaPlayerEditor
LogPluginManager: Mounting plugin WebMMedia
LogPluginManager: Mounting plugin ActorLayerUtilities
LogPluginManager: Mounting plugin WmfMedia
LogPluginManager: Mounting plugin AndroidDeviceProfileSelector
LogPluginManager: Mounting plugin AndroidPermission
LogPluginManager: Mounting plugin AndroidMoviePlayer
LogPluginManager: Mounting plugin AppleImageUtils
LogPluginManager: Mounting plugin AppleMoviePlayer
LogPluginManager: Mounting plugin ArchVisCharacter
LogPluginManager: Mounting plugin AudioCapture
LogPluginManager: Mounting plugin AssetTags
LogPluginManager: Mounting plugin AudioSynesthesia
LogPluginManager: Mounting plugin ChunkDownloader
LogPluginManager: Mounting plugin CableComponent
LogPluginManager: Mounting plugin CustomMeshComponent
LogPluginManager: Mounting plugin EditableMesh
LogPluginManager: Mounting plugin ExampleDeviceProfileSelector
LogPluginManager: Mounting plugin GoogleCloudMessaging
LogPluginManager: Mounting plugin GooglePAD
LogPluginManager: Mounting plugin ScreenshotTools
LogPluginManager: Mounting plugin Takes
LogPluginManager: Mounting plugin IOSDeviceProfileSelector
LogPluginManager: Mounting plugin LinuxDeviceProfileSelector
LogPluginManager: Mounting plugin LocationServicesBPLibrary
LogPluginManager: Mounting plugin MobilePatchingUtils
LogPluginManager: Mounting plugin OpenXR
LogPluginManager: Mounting plugin OpenXRHandTracking
LogPluginManager: Mounting plugin OpenXREyeTracker
LogPluginManager: Mounting plugin PostSplashScreen
LogPluginManager: Mounting plugin PhysXVehicles
LogPluginManager: Mounting plugin ProceduralMeshComponent
LogPluginManager: Mounting plugin PropertyAccessEditor
LogPluginManager: Mounting plugin SignificanceManager
LogPluginManager: Mounting plugin RuntimePhysXCooking
LogPluginManager: Mounting plugin SoundFields
LogPluginManager: Mounting plugin Synthesis
LogPluginManager: Mounting plugin WebMMoviePlayer
LogPluginManager: Mounting plugin WindowsMoviePlayer
LogPluginManager: Mounting plugin ContentBrowserClassDataSource
LogPluginManager: Mounting plugin ContentBrowserAssetDataSource
LogPluginManager: Mounting plugin ContentBrowserFileDataSource
LogPluginManager: Mounting plugin OnlineSubsystemGooglePlay
LogPluginManager: Mounting plugin OnlineSubsystemIOS
LogPluginManager: Mounting plugin OculusVR
LogPluginManager: Mounting plugin SteamVR
PixWinPlugin: PIX capture plugin failed to initialize! Check that the process is launched from PIX.
LogInit: Using libcurl 7.55.1-DEV
LogInit:  - built for x86_64-pc-win32
LogInit:  - supports SSL with OpenSSL/1.1.1
LogInit:  - supports HTTP deflate (compression) using libz 1.2.8
LogInit:  - other features:
LogInit:      CURL_VERSION_SSL
LogInit:      CURL_VERSION_LIBZ
LogInit:      CURL_VERSION_IPV6
LogInit:      CURL_VERSION_ASYNCHDNS
LogInit:      CURL_VERSION_LARGEFILE
LogInit:      CURL_VERSION_IDN
LogInit:  CurlRequestOptions (configurable via config and command line):
LogInit:  - bVerifyPeer = true  - Libcurl will verify peer certificate
LogInit:  - bUseHttpProxy = false  - Libcurl will NOT use HTTP proxy
LogInit:  - bDontReuseConnections = false  - Libcurl will reuse connections
LogInit:  - MaxHostConnections = 16  - Libcurl will limit the number of connections to a host
LogInit:  - LocalHostAddr = Default
LogInit:  - BufferSize = 65536
LogOnline: OSS: Creating online subsystem instance for: NULL
LogInit: WinSock: version 1.1 (2.2), MaxSocks=32767, MaxUdp=65467
LogOnline: OSS: TryLoadSubsystemAndSetDefault: Loaded subsystem for module [NULL]
LogOculusPluginWrapper: OculusPlugin initialized successfully
LogHMD: Failed initializing OVRPlugin 1.59.0
LogInit: Build: ++UE4+Release-4.27-CL-17735300
LogInit: Engine Version: 4.27.1-17735300+++UE4+Release-4.27
LogInit: Compatible Engine Version: 4.27.0-17155196+++UE4+Release-4.27
LogInit: Net CL: 17155196
LogInit: OS: Windows 10 (Release 2004) (), CPU: AMD Ryzen 7 5800X 8-Core Processor             , GPU: NVIDIA GeForce RTX 3080 Ti
LogInit: Compiled (64-bit): Oct  6 2021 14:42:51
LogInit: Compiled with Visual C++: 19.24.28315.00
LogInit: Build Configuration: Development
LogInit: Branch Name: ++UE4+Release-4.27
LogInit: Command Line:  /Game/MapsForGame/Yujia/CarScene_BlockOut10_Map -game -PIEVIACONSOLE -Multiprocess "GameUserSettingsINI=C:/Users/lucys/OneDrive/文档/Unreal Projects/ThomasAdvanture/Saved/Config/Windows/PIEGameUserSettings0.ini" -MultiprocessSaveConfig -forcepassthrough -messaging -SessionName="Play in Standalone Game" -windowed -WinX=663 -WinY=73 SAVEWINPOS=1 -ResX=1223 -ResY=908
LogInit: Base Directory: C:/Program Files/Epic Games/UE_4.27/Engine/Binaries/Win64/
LogInit: Allocator: TBB
LogInit: Installed Engine Build: 1
LogDevObjectVersion: Number of dev versions registered: 29
LogDevObjectVersion:   Dev-Blueprints (B0D832E4-1F89-4F0D-ACCF-7EB736FD4AA2): 10
LogDevObjectVersion:   Dev-Build (E1C64328-A22C-4D53-A36C-8E866417BD8C): 0
LogDevObjectVersion:   Dev-Core (375EC13C-06E4-48FB-B500-84F0262A717E): 4
LogDevObjectVersion:   Dev-Editor (E4B068ED-F494-42E9-A231-DA0B2E46BB41): 40
LogDevObjectVersion:   Dev-Framework (CFFC743F-43B0-4480-9391-14DF171D2073): 37
LogDevObjectVersion:   Dev-Mobile (B02B49B5-BB20-44E9-A304-32B752E40360): 3
LogDevObjectVersion:   Dev-Networking (A4E4105C-59A1-49B5-A7C5-40C4547EDFEE): 0
LogDevObjectVersion:   Dev-Online (39C831C9-5AE6-47DC-9A44-9C173E1C8E7C): 0
LogDevObjectVersion:   Dev-Physics (78F01B33-EBEA-4F98-B9B4-84EACCB95AA2): 14
LogDevObjectVersion:   Dev-Platform (6631380F-2D4D-43E0-8009-CF276956A95A): 0
LogDevObjectVersion:   Dev-Rendering (12F88B9F-8875-4AFC-A67C-D90C383ABD29): 45
LogDevObjectVersion:   Dev-Sequencer (7B5AE74C-D270-4C10-A958-57980B212A5A): 13
LogDevObjectVersion:   Dev-VR (D7296918-1DD6-4BDD-9DE2-64A83CC13884): 3
LogDevObjectVersion:   Dev-LoadTimes (C2A15278-BFE7-4AFE-6C17-90FF531DF755): 1
LogDevObjectVersion:   Private-Geometry (6EACA3D4-40EC-4CC1-B786-8BED09428FC5): 3
LogDevObjectVersion:   Dev-AnimPhys (29E575DD-E0A3-4627-9D10-D276232CDCEA): 17
LogDevObjectVersion:   Dev-Anim (AF43A65D-7FD3-4947-9873-3E8ED9C1BB05): 15
LogDevObjectVersion:   Dev-ReflectionCapture (6B266CEC-1EC7-4B8F-A30B-E4D90942FC07): 1
LogDevObjectVersion:   Dev-Automation (0DF73D61-A23F-47EA-B727-89E90C41499A): 1
LogDevObjectVersion:   FortniteMain (601D1886-AC64-4F84-AA16-D3DE0DEAC7D6): 47
LogDevObjectVersion:   FortniteRelease (E7086368-6B23-4C58-8439-1B7016265E91): 1
LogDevObjectVersion:   Dev-Enterprise (9DFFBCD6-494F-0158-E221-12823C92A888): 10
LogDevObjectVersion:   Dev-Niagara (F2AED0AC-9AFE-416F-8664-AA7FFA26D6FC): 1
LogDevObjectVersion:   Dev-Destruction (174F1F0B-B4C6-45A5-B13F-2EE8D0FB917D): 10
LogDevObjectVersion:   Dev-Physics-Ext (35F94A83-E258-406C-A318-09F59610247C): 41
LogDevObjectVersion:   Dev-PhysicsMaterial-Chaos (B68FC16E-8B1B-42E2-B453-215C058844FE): 1
LogDevObjectVersion:   Dev-CineCamera (B2E18506-4273-CFC2-A54E-F4BB758BBA07): 1
LogDevObjectVersion:   Dev-VirtualProduction (64F58936-FD1B-42BA-BA96-7289D5D0FA4E): 1
LogDevObjectVersion:   Dev-MediaFramework (6F0ED827-A609-4895-9C91-998D90180EA4): 2
LogInit: Presizing for max 25165824 objects, including 0 objects not considered by GC, pre-allocating 0 bytes for permanent pool.
LogConfig: Applying CVar settings from Section [/Script/Engine.StreamingSettings] File [C:/Users/lucys/OneDrive/文档/Unreal Projects/ThomasAdvanture/Saved/Config/Windows/Engine.ini]
LogConfig: Setting CVar [[s.MinBulkDataSizeForAsyncLoading:131072]]
LogConfig: Setting CVar [[s.AsyncLoadingThreadEnabled:0]]
LogConfig: Setting CVar [[s.EventDrivenLoaderEnabled:1]]
LogConfig: Setting CVar [[s.WarnIfTimeLimitExceeded:0]]
LogConfig: Setting CVar [[s.TimeLimitExceededMultiplier:1.5]]
LogConfig: Setting CVar [[s.TimeLimitExceededMinTime:0.005]]
LogConfig: Setting CVar [[s.UseBackgroundLevelStreaming:1]]
LogConfig: Setting CVar [[s.PriorityAsyncLoadingExtraTime:15.0]]
LogConfig: Setting CVar [[s.LevelStreamingActorsUpdateTimeLimit:5.0]]
LogConfig: Setting CVar [[s.PriorityLevelStreamingActorsUpdateExtraTime:5.0]]
LogConfig: Setting CVar [[s.LevelStreamingComponentsRegistrationGranularity:10]]
LogConfig: Setting CVar [[s.UnregisterComponentsTimeLimit:1.0]]
LogConfig: Setting CVar [[s.LevelStreamingComponentsUnregistrationGranularity:5]]
LogConfig: Setting CVar [[s.FlushStreamingOnExit:1]]
LogInit: Object subsystem initialized
LogConfig: Setting CVar [[con.DebugEarlyDefault:1]]
LogConfig: Setting CVar [[r.setres:1280x720]]
[2021.12.08-08.25.33:496][  0]LogConfig: Setting CVar [[con.DebugEarlyDefault:1]]
[2021.12.08-08.25.33:496][  0]LogConfig: Setting CVar [[r.setres:1280x720]]
[2021.12.08-08.25.33:496][  0]LogConfig: Applying CVar settings from Section [/Script/Engine.RendererSettings] File [C:/Users/lucys/OneDrive/文档/Unreal Projects/ThomasAdvanture/Saved/Config/Windows/Engine.ini]
[2021.12.08-08.25.33:496][  0]LogConfig: Setting CVar [[r.GPUCrashDebugging:0]]
[2021.12.08-08.25.33:496][  0]LogConfig: Applying CVar settings from Section [/Script/Engine.RendererOverrideSettings] File [C:/Users/lucys/OneDrive/文档/Unreal Projects/ThomasAdvanture/Saved/Config/Windows/Engine.ini]
[2021.12.08-08.25.33:496][  0]LogConfig: Applying CVar settings from Section [/Script/Engine.StreamingSettings] File [C:/Users/lucys/OneDrive/文档/Unreal Projects/ThomasAdvanture/Saved/Config/Windows/Engine.ini]
[2021.12.08-08.25.33:496][  0]LogConfig: Setting CVar [[s.MinBulkDataSizeForAsyncLoading:131072]]
[2021.12.08-08.25.33:496][  0]LogConfig: Setting CVar [[s.AsyncLoadingThreadEnabled:0]]
[2021.12.08-08.25.33:496][  0]LogConfig: Setting CVar [[s.EventDrivenLoaderEnabled:1]]
[2021.12.08-08.25.33:496][  0]LogConfig: Setting CVar [[s.WarnIfTimeLimitExceeded:0]]
[2021.12.08-08.25.33:496][  0]LogConfig: Setting CVar [[s.TimeLimitExceededMultiplier:1.5]]
[2021.12.08-08.25.33:496][  0]LogConfig: Setting CVar [[s.TimeLimitExceededMinTime:0.005]]
[2021.12.08-08.25.33:496][  0]LogConfig: Setting CVar [[s.UseBackgroundLevelStreaming:1]]
[2021.12.08-08.25.33:496][  0]LogConfig: Setting CVar [[s.PriorityAsyncLoadingExtraTime:15.0]]
[2021.12.08-08.25.33:496][  0]LogConfig: Setting CVar [[s.LevelStreamingActorsUpdateTimeLimit:5.0]]
[2021.12.08-08.25.33:496][  0]LogConfig: Setting CVar [[s.PriorityLevelStreamingActorsUpdateExtraTime:5.0]]
[2021.12.08-08.25.33:496][  0]LogConfig: Setting CVar [[s.LevelStreamingComponentsRegistrationGranularity:10]]
[2021.12.08-08.25.33:496][  0]LogConfig: Setting CVar [[s.UnregisterComponentsTimeLimit:1.0]]
[2021.12.08-08.25.33:496][  0]LogConfig: Setting CVar [[s.LevelStreamingComponentsUnregistrationGranularity:5]]
[2021.12.08-08.25.33:496][  0]LogConfig: Setting CVar [[s.FlushStreamingOnExit:1]]
[2021.12.08-08.25.33:496][  0]LogConfig: Applying CVar settings from Section [/Script/Engine.GarbageCollectionSettings] File [C:/Users/lucys/OneDrive/文档/Unreal Projects/ThomasAdvanture/Saved/Config/Windows/Engine.ini]
[2021.12.08-08.25.33:496][  0]LogConfig: Setting CVar [[gc.MaxObjectsNotConsideredByGC:1]]
[2021.12.08-08.25.33:496][  0]LogConfig: Setting CVar [[gc.SizeOfPermanentObjectPool:0]]
[2021.12.08-08.25.33:496][  0]LogConfig: Setting CVar [[gc.FlushStreamingOnGC:0]]
[2021.12.08-08.25.33:496][  0]LogConfig: Setting CVar [[gc.NumRetriesBeforeForcingGC:10]]
[2021.12.08-08.25.33:496][  0]LogConfig: Setting CVar [[gc.AllowParallelGC:1]]
[2021.12.08-08.25.33:496][  0]LogConfig: Setting CVar [[gc.TimeBetweenPurgingPendingKillObjects:61.1]]
[2021.12.08-08.25.33:496][  0]LogConfig: Setting CVar [[gc.MaxObjectsInEditor:25165824]]
[2021.12.08-08.25.33:496][  0]LogConfig: Setting CVar [[gc.IncrementalBeginDestroyEnabled:1]]
[2021.12.08-08.25.33:496][  0]LogConfig: Setting CVar [[gc.CreateGCClusters:1]]
[2021.12.08-08.25.33:496][  0]LogConfig: Setting CVar [[gc.MinGCClusterSize:5]]
[2021.12.08-08.25.33:497][  0]LogConfig: Setting CVar [[gc.ActorClusteringEnabled:0]]
[2021.12.08-08.25.33:497][  0]LogConfig: Setting CVar [[gc.BlueprintClusteringEnabled:0]]
[2021.12.08-08.25.33:497][  0]LogConfig: Setting CVar [[gc.UseDisregardForGCOnDedicatedServers:0]]
[2021.12.08-08.25.33:497][  0]LogConfig: Setting CVar [[gc.MultithreadedDestructionEnabled:1]]
[2021.12.08-08.25.33:497][  0]LogConfig: Applying CVar settings from Section [/Script/Engine.NetworkSettings] File [C:/Users/lucys/OneDrive/文档/Unreal Projects/ThomasAdvanture/Saved/Config/Windows/Engine.ini]
[2021.12.08-08.25.33:497][  0]LogConfig: Applying CVar settings from Section [/Script/UnrealEd.CookerSettings] File [C:/Users/lucys/OneDrive/文档/Unreal Projects/ThomasAdvanture/Saved/Config/Windows/Engine.ini]
[2021.12.08-08.25.33:500][  0]LogConfig: Applying CVar settings from Section [ViewDistanceQuality@3] File [C:/Users/lucys/OneDrive/文档/Unreal Projects/ThomasAdvanture/Saved/Config/Windows/Scalability.ini]
[2021.12.08-08.25.33:500][  0]LogConfig: Setting CVar [[r.SkeletalMeshLODBias:0]]
[2021.12.08-08.25.33:500][  0]LogConfig: Setting CVar [[r.ViewDistanceScale:1.0]]
[2021.12.08-08.25.33:500][  0]LogConfig: Applying CVar settings from Section [AntiAliasingQuality@3] File [C:/Users/lucys/OneDrive/文档/Unreal Projects/ThomasAdvanture/Saved/Config/Windows/Scalability.ini]
[2021.12.08-08.25.33:500][  0]LogConfig: Setting CVar [[r.PostProcessAAQuality:4]]
[2021.12.08-08.25.33:500][  0]LogConfig: Applying CVar settings from Section [ShadowQuality@3] File [C:/Users/lucys/OneDrive/文档/Unreal Projects/ThomasAdvanture/Saved/Config/Windows/Scalability.ini]
[2021.12.08-08.25.33:500][  0]LogConfig: Setting CVar [[r.LightFunctionQuality:1]]
[2021.12.08-08.25.33:500][  0]LogConfig: Setting CVar [[r.ShadowQuality:5]]
[2021.12.08-08.25.33:500][  0]LogConfig: Setting CVar [[r.Shadow.CSM.MaxCascades:10]]
[2021.12.08-08.25.33:500][  0]LogConfig: Setting CVar [[r.Shadow.MaxResolution:2048]]
[2021.12.08-08.25.33:501][  0]LogConfig: Setting CVar [[r.Shadow.MaxCSMResolution:2048]]
[2021.12.08-08.25.33:501][  0]LogConfig: Setting CVar [[r.Shadow.RadiusThreshold:0.01]]
[2021.12.08-08.25.33:501][  0]LogConfig: Setting CVar [[r.Shadow.DistanceScale:1.0]]
[2021.12.08-08.25.33:501][  0]LogConfig: Setting CVar [[r.Shadow.CSM.TransitionScale:1.0]]
[2021.12.08-08.25.33:501][  0]LogConfig: Setting CVar [[r.Shadow.PreShadowResolutionFactor:1.0]]
[2021.12.08-08.25.33:501][  0]LogConfig: Setting CVar [[r.DistanceFieldShadowing:1]]
[2021.12.08-08.25.33:501][  0]LogConfig: Setting CVar [[r.DistanceFieldAO:1]]
[2021.12.08-08.25.33:501][  0]LogConfig: Setting CVar [[r.AOQuality:2]]
[2021.12.08-08.25.33:501][  0]LogConfig: Setting CVar [[r.VolumetricFog:1]]
[2021.12.08-08.25.33:501][  0]LogConfig: Setting CVar [[r.VolumetricFog.GridPixelSize:8]]
[2021.12.08-08.25.33:501][  0]LogConfig: Setting CVar [[r.VolumetricFog.GridSizeZ:128]]
[2021.12.08-08.25.33:501][  0]LogConfig: Setting CVar [[r.VolumetricFog.HistoryMissSupersampleCount:4]]
[2021.12.08-08.25.33:501][  0]LogConfig: Setting CVar [[r.LightMaxDrawDistanceScale:1]]
[2021.12.08-08.25.33:501][  0]LogConfig: Setting CVar [[r.CapsuleShadows:1]]
[2021.12.08-08.25.33:501][  0]LogConfig: Applying CVar settings from Section [PostProcessQuality@3] File [C:/Users/lucys/OneDrive/文档/Unreal Projects/ThomasAdvanture/Saved/Config/Windows/Scalability.ini]
[2021.12.08-08.25.33:501][  0]LogConfig: Setting CVar [[r.MotionBlurQuality:4]]
[2021.12.08-08.25.33:501][  0]LogConfig: Setting CVar [[r.AmbientOcclusionMipLevelFactor:0.4]]
[2021.12.08-08.25.33:501][  0]LogConfig: Setting CVar [[r.AmbientOcclusionMaxQuality:100]]
[2021.12.08-08.25.33:501][  0]LogConfig: Setting CVar [[r.AmbientOcclusionLevels:-1]]
[2021.12.08-08.25.33:501][  0]LogConfig: Setting CVar [[r.AmbientOcclusionRadiusScale:1.0]]
[2021.12.08-08.25.33:501][  0]LogConfig: Setting CVar [[r.DepthOfFieldQuality:2]]
[2021.12.08-08.25.33:501][  0]LogConfig: Setting CVar [[r.RenderTargetPoolMin:400]]
[2021.12.08-08.25.33:501][  0]LogConfig: Setting CVar [[r.LensFlareQuality:2]]
[2021.12.08-08.25.33:501][  0]LogConfig: Setting CVar [[r.SceneColorFringeQuality:1]]
[2021.12.08-08.25.33:501][  0]LogConfig: Setting CVar [[r.EyeAdaptationQuality:2]]
[2021.12.08-08.25.33:501][  0]LogConfig: Setting CVar [[r.BloomQuality:5]]
[2021.12.08-08.25.33:501][  0]LogConfig: Setting CVar [[r.FastBlurThreshold:100]]
[2021.12.08-08.25.33:501][  0]LogConfig: Setting CVar [[r.Upscale.Quality:3]]
[2021.12.08-08.25.33:501][  0]LogConfig: Setting CVar [[r.Tonemapper.GrainQuantization:1]]
[2021.12.08-08.25.33:501][  0]LogConfig: Setting CVar [[r.LightShaftQuality:1]]
[2021.12.08-08.25.33:501][  0]LogConfig: Setting CVar [[r.Filter.SizeScale:1]]
[2021.12.08-08.25.33:501][  0]LogConfig: Setting CVar [[r.Tonemapper.Quality:5]]
[2021.12.08-08.25.33:501][  0]LogConfig: Setting CVar [[r.DOF.Gather.AccumulatorQuality:1        ; higher gathering accumulator quality]]
[2021.12.08-08.25.33:501][  0]LogConfig: Setting CVar [[r.DOF.Gather.PostfilterMethod:1          ; Median3x3 postfilering method]]
[2021.12.08-08.25.33:501][  0]LogConfig: Setting CVar [[r.DOF.Gather.EnableBokehSettings:0       ; no bokeh simulation when gathering]]
[2021.12.08-08.25.33:501][  0]LogConfig: Setting CVar [[r.DOF.Gather.RingCount:4                 ; medium number of samples when gathering]]
[2021.12.08-08.25.33:501][  0]LogConfig: Setting CVar [[r.DOF.Scatter.ForegroundCompositing:1    ; additive foreground scattering]]
[2021.12.08-08.25.33:501][  0]LogConfig: Setting CVar [[r.DOF.Scatter.BackgroundCompositing:2    ; additive background scattering]]
[2021.12.08-08.25.33:501][  0]LogConfig: Setting CVar [[r.DOF.Scatter.EnableBokehSettings:1      ; bokeh simulation when scattering]]
[2021.12.08-08.25.33:501][  0]LogConfig: Setting CVar [[r.DOF.Scatter.MaxSpriteRatio:0.1         ; only a maximum of 10% of scattered bokeh]]
[2021.12.08-08.25.33:501][  0]LogConfig: Setting CVar [[r.DOF.Recombine.Quality:1                ; cheap slight out of focus]]
[2021.12.08-08.25.33:501][  0]LogConfig: Setting CVar [[r.DOF.Recombine.EnableBokehSettings:0    ; no bokeh simulation on slight out of focus]]
[2021.12.08-08.25.33:501][  0]LogConfig: Setting CVar [[r.DOF.TemporalAAQuality:1                ; more stable temporal accumulation]]
[2021.12.08-08.25.33:501][  0]LogConfig: Setting CVar [[r.DOF.Kernel.MaxForegroundRadius:0.025]]
[2021.12.08-08.25.33:501][  0]LogConfig: Setting CVar [[r.DOF.Kernel.MaxBackgroundRadius:0.025]]
[2021.12.08-08.25.33:501][  0]LogConfig: Applying CVar settings from Section [TextureQuality@3] File [C:/Users/lucys/OneDrive/文档/Unreal Projects/ThomasAdvanture/Saved/Config/Windows/Scalability.ini]
[2021.12.08-08.25.33:501][  0]LogConfig: Setting CVar [[r.Streaming.MipBias:0]]
[2021.12.08-08.25.33:501][  0]LogConfig: Setting CVar [[r.Streaming.AmortizeCPUToGPUCopy:0]]
[2021.12.08-08.25.33:501][  0]LogConfig: Setting CVar [[r.Streaming.MaxNumTexturesToStreamPerFrame:0]]
[2021.12.08-08.25.33:501][  0]LogConfig: Setting CVar [[r.Streaming.Boost:1]]
[2021.12.08-08.25.33:501][  0]LogConfig: Setting CVar [[r.MaxAnisotropy:8]]
[2021.12.08-08.25.33:501][  0]LogConfig: Setting CVar [[r.VT.MaxAnisotropy:8]]
[2021.12.08-08.25.33:501][  0]LogConfig: Setting CVar [[r.Streaming.LimitPoolSizeToVRAM:0]]
[2021.12.08-08.25.33:501][  0]LogConfig: Setting CVar [[r.Streaming.PoolSize:1000]]
[2021.12.08-08.25.33:501][  0]LogConfig: Setting CVar [[r.Streaming.MaxEffectiveScreenSize:0]]
[2021.12.08-08.25.33:501][  0]LogConfig: Applying CVar settings from Section [EffectsQuality@3] File [C:/Users/lucys/OneDrive/文档/Unreal Projects/ThomasAdvanture/Saved/Config/Windows/Scalability.ini]
[2021.12.08-08.25.33:501][  0]LogConfig: Setting CVar [[r.TranslucencyLightingVolumeDim:64]]
[2021.12.08-08.25.33:501][  0]LogConfig: Setting CVar [[r.RefractionQuality:2]]
[2021.12.08-08.25.33:501][  0]LogConfig: Setting CVar [[r.SSR.Quality:3]]
[2021.12.08-08.25.33:501][  0]LogConfig: Setting CVar [[r.SSR.HalfResSceneColor:0]]
[2021.12.08-08.25.33:501][  0]LogConfig: Setting CVar [[r.SceneColorFormat:4]]
[2021.12.08-08.25.33:501][  0]LogConfig: Setting CVar [[r.DetailMode:2]]
[2021.12.08-08.25.33:501][  0]LogConfig: Setting CVar [[r.TranslucencyVolumeBlur:1]]
[2021.12.08-08.25.33:501][  0]LogConfig: Setting CVar [[r.MaterialQualityLevel:1 ; High quality]]
[2021.12.08-08.25.33:501][  0]LogConfig: Setting CVar [[r.AnisotropicMaterials:1]]
[2021.12.08-08.25.33:501][  0]LogConfig: Setting CVar [[r.SSS.Scale:1]]
[2021.12.08-08.25.33:501][  0]LogConfig: Setting CVar [[r.SSS.SampleSet:2]]
[2021.12.08-08.25.33:501][  0]LogConfig: Setting CVar [[r.SSS.Quality:1]]
[2021.12.08-08.25.33:501][  0]LogConfig: Setting CVar [[r.SSS.HalfRes:0]]
[2021.12.08-08.25.33:501][  0]LogConfig: Setting CVar [[r.SSGI.Quality:3]]
[2021.12.08-08.25.33:501][  0]LogConfig: Setting CVar [[r.EmitterSpawnRateScale:1.0]]
[2021.12.08-08.25.33:501][  0]LogConfig: Setting CVar [[r.ParticleLightQuality:2]]
[2021.12.08-08.25.33:501][  0]LogConfig: Setting CVar [[r.SkyAtmosphere.AerialPerspectiveLUT.FastApplyOnOpaque:1 ; Always have FastSkyLUT 1 in this case to avoid wrong sky]]
[2021.12.08-08.25.33:501][  0]LogConfig: Setting CVar [[r.SkyAtmosphere.AerialPerspectiveLUT.SampleCountMaxPerSlice:4]]
[2021.12.08-08.25.33:501][  0]LogConfig: Setting CVar [[r.SkyAtmosphere.AerialPerspectiveLUT.DepthResolution:16.0]]
[2021.12.08-08.25.33:501][  0]LogConfig: Setting CVar [[r.SkyAtmosphere.FastSkyLUT:1]]
[2021.12.08-08.25.33:501][  0]LogConfig: Setting CVar [[r.SkyAtmosphere.FastSkyLUT.SampleCountMin:4.0]]
[2021.12.08-08.25.33:501][  0]LogConfig: Setting CVar [[r.SkyAtmosphere.FastSkyLUT.SampleCountMax:128.0]]
[2021.12.08-08.25.33:501][  0]LogConfig: Setting CVar [[r.SkyAtmosphere.SampleCountMin:4.0]]
[2021.12.08-08.25.33:501][  0]LogConfig: Setting CVar [[r.SkyAtmosphere.SampleCountMax:128.0]]
[2021.12.08-08.25.33:501][  0]LogConfig: Setting CVar [[r.SkyAtmosphere.TransmittanceLUT.UseSmallFormat:0]]
[2021.12.08-08.25.33:501][  0]LogConfig: Setting CVar [[r.SkyAtmosphere.TransmittanceLUT.SampleCount:10.0]]
[2021.12.08-08.25.33:501][  0]LogConfig: Setting CVar [[r.SkyAtmosphere.MultiScatteringLUT.SampleCount:15.0]]
[2021.12.08-08.25.33:501][  0]LogConfig: Setting CVar [[r.SkyLight.RealTimeReflectionCapture:1]]
[2021.12.08-08.25.33:501][  0]LogConfig: Applying CVar settings from Section [FoliageQuality@3] File [C:/Users/lucys/OneDrive/文档/Unreal Projects/ThomasAdvanture/Saved/Config/Windows/Scalability.ini]
[2021.12.08-08.25.33:501][  0]LogConfig: Setting CVar [[foliage.DensityScale:1.0]]
[2021.12.08-08.25.33:501][  0]LogConfig: Setting CVar [[grass.DensityScale:1.0]]
[2021.12.08-08.25.33:501][  0]LogConfig: Applying CVar settings from Section [ShadingQuality@3] File [C:/Users/lucys/OneDrive/文档/Unreal Projects/ThomasAdvanture/Saved/Config/Windows/Scalability.ini]
[2021.12.08-08.25.33:501][  0]LogConfig: Setting CVar [[r.HairStrands.SkyLighting.IntegrationType:2]]
[2021.12.08-08.25.33:501][  0]LogConfig: Setting CVar [[r.HairStrands.SkyAO.SampleCount:4]]
[2021.12.08-08.25.33:501][  0]LogConfig: Setting CVar [[r.HairStrands.Visibility.MSAA.SamplePerPixel:4]]
[2021.12.08-08.25.33:501][  0]LogInit: Selected Device Profile: [Windows]
[2021.12.08-08.25.33:501][  0]LogInit: Applying CVar settings loaded from the selected device profile: [Windows]
[2021.12.08-08.25.33:501][  0]LogHAL: Display: Platform has ~ 32 GB [34301116416 / 34359738368 / 32], which maps to Largest [LargestMinGB=32, LargerMinGB=12, DefaultMinGB=8, SmallerMinGB=6, SmallestMinGB=0)
[2021.12.08-08.25.33:501][  0]LogInit: Going up to parent DeviceProfile []
[2021.12.08-08.25.33:501][  0]LogConfig: Applying CVar settings from Section [ViewDistanceQuality@3] File [C:/Users/lucys/OneDrive/文档/Unreal Projects/ThomasAdvanture/Saved/Config/Windows/Scalability.ini]
[2021.12.08-08.25.33:501][  0]LogConfig: Setting CVar [[r.SkeletalMeshLODBias:0]]
[2021.12.08-08.25.33:501][  0]LogConfig: Setting CVar [[r.ViewDistanceScale:1.0]]
[2021.12.08-08.25.33:501][  0]LogConfig: Applying CVar settings from Section [AntiAliasingQuality@3] File [C:/Users/lucys/OneDrive/文档/Unreal Projects/ThomasAdvanture/Saved/Config/Windows/Scalability.ini]
[2021.12.08-08.25.33:501][  0]LogConfig: Setting CVar [[r.PostProcessAAQuality:4]]
[2021.12.08-08.25.33:501][  0]LogConfig: Applying CVar settings from Section [ShadowQuality@3] File [C:/Users/lucys/OneDrive/文档/Unreal Projects/ThomasAdvanture/Saved/Config/Windows/Scalability.ini]
[2021.12.08-08.25.33:501][  0]LogConfig: Setting CVar [[r.LightFunctionQuality:1]]
[2021.12.08-08.25.33:501][  0]LogConfig: Setting CVar [[r.ShadowQuality:5]]
[2021.12.08-08.25.33:501][  0]LogConfig: Setting CVar [[r.Shadow.CSM.MaxCascades:10]]
[2021.12.08-08.25.33:501][  0]LogConfig: Setting CVar [[r.Shadow.MaxResolution:2048]]
[2021.12.08-08.25.33:501][  0]LogConfig: Setting CVar [[r.Shadow.MaxCSMResolution:2048]]
[2021.12.08-08.25.33:501][  0]LogConfig: Setting CVar [[r.Shadow.RadiusThreshold:0.01]]
[2021.12.08-08.25.33:501][  0]LogConfig: Setting CVar [[r.Shadow.DistanceScale:1.0]]
[2021.12.08-08.25.33:501][  0]LogConfig: Setting CVar [[r.Shadow.CSM.TransitionScale:1.0]]
[2021.12.08-08.25.33:501][  0]LogConfig: Setting CVar [[r.Shadow.PreShadowResolutionFactor:1.0]]
[2021.12.08-08.25.33:501][  0]LogConfig: Setting CVar [[r.DistanceFieldShadowing:1]]
[2021.12.08-08.25.33:501][  0]LogConfig: Setting CVar [[r.DistanceFieldAO:1]]
[2021.12.08-08.25.33:501][  0]LogConfig: Setting CVar [[r.AOQuality:2]]
[2021.12.08-08.25.33:501][  0]LogConfig: Setting CVar [[r.VolumetricFog:1]]
[2021.12.08-08.25.33:501][  0]LogConfig: Setting CVar [[r.VolumetricFog.GridPixelSize:8]]
[2021.12.08-08.25.33:501][  0]LogConfig: Setting CVar [[r.VolumetricFog.GridSizeZ:128]]
[2021.12.08-08.25.33:501][  0]LogConfig: Setting CVar [[r.VolumetricFog.HistoryMissSupersampleCount:4]]
[2021.12.08-08.25.33:501][  0]LogConfig: Setting CVar [[r.LightMaxDrawDistanceScale:1]]
[2021.12.08-08.25.33:501][  0]LogConfig: Setting CVar [[r.CapsuleShadows:1]]
[2021.12.08-08.25.33:501][  0]LogConfig: Applying CVar settings from Section [PostProcessQuality@3] File [C:/Users/lucys/OneDrive/文档/Unreal Projects/ThomasAdvanture/Saved/Config/Windows/Scalability.ini]
[2021.12.08-08.25.33:501][  0]LogConfig: Setting CVar [[r.MotionBlurQuality:4]]
[2021.12.08-08.25.33:502][  0]LogConfig: Setting CVar [[r.AmbientOcclusionMipLevelFactor:0.4]]
[2021.12.08-08.25.33:502][  0]LogConfig: Setting CVar [[r.AmbientOcclusionMaxQuality:100]]
[2021.12.08-08.25.33:502][  0]LogConfig: Setting CVar [[r.AmbientOcclusionLevels:-1]]
[2021.12.08-08.25.33:502][  0]LogConfig: Setting CVar [[r.AmbientOcclusionRadiusScale:1.0]]
[2021.12.08-08.25.33:502][  0]LogConfig: Setting CVar [[r.DepthOfFieldQuality:2]]
[2021.12.08-08.25.33:502][  0]LogConfig: Setting CVar [[r.RenderTargetPoolMin:400]]
[2021.12.08-08.25.33:502][  0]LogConfig: Setting CVar [[r.LensFlareQuality:2]]
[2021.12.08-08.25.33:502][  0]LogConfig: Setting CVar [[r.SceneColorFringeQuality:1]]
[2021.12.08-08.25.33:502][  0]LogConfig: Setting CVar [[r.EyeAdaptationQuality:2]]
[2021.12.08-08.25.33:502][  0]LogConfig: Setting CVar [[r.BloomQuality:5]]
[2021.12.08-08.25.33:502][  0]LogConfig: Setting CVar [[r.FastBlurThreshold:100]]
[2021.12.08-08.25.33:502][  0]LogConfig: Setting CVar [[r.Upscale.Quality:3]]
[2021.12.08-08.25.33:502][  0]LogConfig: Setting CVar [[r.Tonemapper.GrainQuantization:1]]
[2021.12.08-08.25.33:502][  0]LogConfig: Setting CVar [[r.LightShaftQuality:1]]
[2021.12.08-08.25.33:502][  0]LogConfig: Setting CVar [[r.Filter.SizeScale:1]]
[2021.12.08-08.25.33:502][  0]LogConfig: Setting CVar [[r.Tonemapper.Quality:5]]
[2021.12.08-08.25.33:502][  0]LogConfig: Setting CVar [[r.DOF.Gather.AccumulatorQuality:1        ; higher gathering accumulator quality]]
[2021.12.08-08.25.33:502][  0]LogConfig: Setting CVar [[r.DOF.Gather.PostfilterMethod:1          ; Median3x3 postfilering method]]
[2021.12.08-08.25.33:502][  0]LogConfig: Setting CVar [[r.DOF.Gather.EnableBokehSettings:0       ; no bokeh simulation when gathering]]
[2021.12.08-08.25.33:502][  0]LogConfig: Setting CVar [[r.DOF.Gather.RingCount:4                 ; medium number of samples when gathering]]
[2021.12.08-08.25.33:502][  0]LogConfig: Setting CVar [[r.DOF.Scatter.ForegroundCompositing:1    ; additive foreground scattering]]
[2021.12.08-08.25.33:502][  0]LogConfig: Setting CVar [[r.DOF.Scatter.BackgroundCompositing:2    ; additive background scattering]]
[2021.12.08-08.25.33:502][  0]LogConfig: Setting CVar [[r.DOF.Scatter.EnableBokehSettings:1      ; bokeh simulation when scattering]]
[2021.12.08-08.25.33:502][  0]LogConfig: Setting CVar [[r.DOF.Scatter.MaxSpriteRatio:0.1         ; only a maximum of 10% of scattered bokeh]]
[2021.12.08-08.25.33:502][  0]LogConfig: Setting CVar [[r.DOF.Recombine.Quality:1                ; cheap slight out of focus]]
[2021.12.08-08.25.33:502][  0]LogConfig: Setting CVar [[r.DOF.Recombine.EnableBokehSettings:0    ; no bokeh simulation on slight out of focus]]
[2021.12.08-08.25.33:502][  0]LogConfig: Setting CVar [[r.DOF.TemporalAAQuality:1                ; more stable temporal accumulation]]
[2021.12.08-08.25.33:502][  0]LogConfig: Setting CVar [[r.DOF.Kernel.MaxForegroundRadius:0.025]]
[2021.12.08-08.25.33:502][  0]LogConfig: Setting CVar [[r.DOF.Kernel.MaxBackgroundRadius:0.025]]
[2021.12.08-08.25.33:502][  0]LogConfig: Applying CVar settings from Section [TextureQuality@3] File [C:/Users/lucys/OneDrive/文档/Unreal Projects/ThomasAdvanture/Saved/Config/Windows/Scalability.ini]
[2021.12.08-08.25.33:502][  0]LogConfig: Setting CVar [[r.Streaming.MipBias:0]]
[2021.12.08-08.25.33:502][  0]LogConfig: Setting CVar [[r.Streaming.AmortizeCPUToGPUCopy:0]]
[2021.12.08-08.25.33:502][  0]LogConfig: Setting CVar [[r.Streaming.MaxNumTexturesToStreamPerFrame:0]]
[2021.12.08-08.25.33:502][  0]LogConfig: Setting CVar [[r.Streaming.Boost:1]]
[2021.12.08-08.25.33:502][  0]LogConfig: Setting CVar [[r.MaxAnisotropy:8]]
[2021.12.08-08.25.33:502][  0]LogConfig: Setting CVar [[r.VT.MaxAnisotropy:8]]
[2021.12.08-08.25.33:502][  0]LogConfig: Setting CVar [[r.Streaming.LimitPoolSizeToVRAM:0]]
[2021.12.08-08.25.33:502][  0]LogConfig: Setting CVar [[r.Streaming.PoolSize:1000]]
[2021.12.08-08.25.33:502][  0]LogConfig: Setting CVar [[r.Streaming.MaxEffectiveScreenSize:0]]
[2021.12.08-08.25.33:502][  0]LogConfig: Applying CVar settings from Section [EffectsQuality@3] File [C:/Users/lucys/OneDrive/文档/Unreal Projects/ThomasAdvanture/Saved/Config/Windows/Scalability.ini]
[2021.12.08-08.25.33:502][  0]LogConfig: Setting CVar [[r.TranslucencyLightingVolumeDim:64]]
[2021.12.08-08.25.33:502][  0]LogConfig: Setting CVar [[r.RefractionQuality:2]]
[2021.12.08-08.25.33:502][  0]LogConfig: Setting CVar [[r.SSR.Quality:3]]
[2021.12.08-08.25.33:502][  0]LogConfig: Setting CVar [[r.SSR.HalfResSceneColor:0]]
[2021.12.08-08.25.33:502][  0]LogConfig: Setting CVar [[r.SceneColorFormat:4]]
[2021.12.08-08.25.33:502][  0]LogConfig: Setting CVar [[r.DetailMode:2]]
[2021.12.08-08.25.33:502][  0]LogConfig: Setting CVar [[r.TranslucencyVolumeBlur:1]]
[2021.12.08-08.25.33:502][  0]LogConfig: Setting CVar [[r.MaterialQualityLevel:1 ; High quality]]
[2021.12.08-08.25.33:502][  0]LogConfig: Setting CVar [[r.AnisotropicMaterials:1]]
[2021.12.08-08.25.33:502][  0]LogConfig: Setting CVar [[r.SSS.Scale:1]]
[2021.12.08-08.25.33:502][  0]LogConfig: Setting CVar [[r.SSS.SampleSet:2]]
[2021.12.08-08.25.33:502][  0]LogConfig: Setting CVar [[r.SSS.Quality:1]]
[2021.12.08-08.25.33:502][  0]LogConfig: Setting CVar [[r.SSS.HalfRes:0]]
[2021.12.08-08.25.33:502][  0]LogConfig: Setting CVar [[r.SSGI.Quality:3]]
[2021.12.08-08.25.33:502][  0]LogConfig: Setting CVar [[r.EmitterSpawnRateScale:1.0]]
[2021.12.08-08.25.33:502][  0]LogConfig: Setting CVar [[r.ParticleLightQuality:2]]
[2021.12.08-08.25.33:502][  0]LogConfig: Setting CVar [[r.SkyAtmosphere.AerialPerspectiveLUT.FastApplyOnOpaque:1 ; Always have FastSkyLUT 1 in this case to avoid wrong sky]]
[2021.12.08-08.25.33:502][  0]LogConfig: Setting CVar [[r.SkyAtmosphere.AerialPerspectiveLUT.SampleCountMaxPerSlice:4]]
[2021.12.08-08.25.33:502][  0]LogConfig: Setting CVar [[r.SkyAtmosphere.AerialPerspectiveLUT.DepthResolution:16.0]]
[2021.12.08-08.25.33:502][  0]LogConfig: Setting CVar [[r.SkyAtmosphere.FastSkyLUT:1]]
[2021.12.08-08.25.33:502][  0]LogConfig: Setting CVar [[r.SkyAtmosphere.FastSkyLUT.SampleCountMin:4.0]]
[2021.12.08-08.25.33:502][  0]LogConfig: Setting CVar [[r.SkyAtmosphere.FastSkyLUT.SampleCountMax:128.0]]
[2021.12.08-08.25.33:502][  0]LogConfig: Setting CVar [[r.SkyAtmosphere.SampleCountMin:4.0]]
[2021.12.08-08.25.33:502][  0]LogConfig: Setting CVar [[r.SkyAtmosphere.SampleCountMax:128.0]]
[2021.12.08-08.25.33:502][  0]LogConfig: Setting CVar [[r.SkyAtmosphere.TransmittanceLUT.UseSmallFormat:0]]
[2021.12.08-08.25.33:502][  0]LogConfig: Setting CVar [[r.SkyAtmosphere.TransmittanceLUT.SampleCount:10.0]]
[2021.12.08-08.25.33:502][  0]LogConfig: Setting CVar [[r.SkyAtmosphere.MultiScatteringLUT.SampleCount:15.0]]
[2021.12.08-08.25.33:502][  0]LogConfig: Setting CVar [[r.SkyLight.RealTimeReflectionCapture:1]]
[2021.12.08-08.25.33:502][  0]LogConfig: Applying CVar settings from Section [FoliageQuality@3] File [C:/Users/lucys/OneDrive/文档/Unreal Projects/ThomasAdvanture/Saved/Config/Windows/Scalability.ini]
[2021.12.08-08.25.33:502][  0]LogConfig: Setting CVar [[foliage.DensityScale:1.0]]
[2021.12.08-08.25.33:502][  0]LogConfig: Setting CVar [[grass.DensityScale:1.0]]
[2021.12.08-08.25.33:502][  0]LogConfig: Applying CVar settings from Section [ShadingQuality@3] File [C:/Users/lucys/OneDrive/文档/Unreal Projects/ThomasAdvanture/Saved/Config/Windows/Scalability.ini]
[2021.12.08-08.25.33:502][  0]LogConfig: Setting CVar [[r.HairStrands.SkyLighting.IntegrationType:2]]
[2021.12.08-08.25.33:502][  0]LogConfig: Setting CVar [[r.HairStrands.SkyAO.SampleCount:4]]
[2021.12.08-08.25.33:502][  0]LogConfig: Setting CVar [[r.HairStrands.Visibility.MSAA.SamplePerPixel:4]]
[2021.12.08-08.25.33:502][  0]LogConfig: Applying CVar settings from Section [Startup] File [../../../Engine/Config/ConsoleVariables.ini]
[2021.12.08-08.25.33:502][  0]LogConfig: Setting CVar [[net.UseAdaptiveNetUpdateFrequency:0]]
[2021.12.08-08.25.33:502][  0]LogConfig: Setting CVar [[p.chaos.AllowCreatePhysxBodies:1]]
[2021.12.08-08.25.33:502][  0]LogConfig: Setting CVar [[fx.SkipVectorVMBackendOptimizations:1]]
[2021.12.08-08.25.33:502][  0]LogConfig: Applying CVar settings from Section [ConsoleVariables] File [C:/Users/lucys/OneDrive/文档/Unreal Projects/ThomasAdvanture/Saved/Config/Windows/Engine.ini]
[2021.12.08-08.25.33:503][  0]LogConfig: Applying CVar settings from Section [ConsoleVariables] File [C:/Users/lucys/OneDrive/文档/Unreal Projects/ThomasAdvanture/Saved/Config/Windows/Editor.ini]
[2021.12.08-08.25.33:503][  0]LogInit: Computer: BLD
[2021.12.08-08.25.33:503][  0]LogInit: User: SYJ
[2021.12.08-08.25.33:503][  0]LogInit: CPU Page size=4096, Cores=8
[2021.12.08-08.25.33:503][  0]LogInit: High frequency timer resolution =10.000000 MHz
[2021.12.08-08.25.33:503][  0]LogMemory: Memory total: Physical=31.9GB (32GB approx)
[2021.12.08-08.25.33:503][  0]LogMemory: Platform Memory Stats for Windows
[2021.12.08-08.25.33:503][  0]LogMemory: Process Physical Memory: 151.64 MB used, 151.65 MB peak
[2021.12.08-08.25.33:503][  0]LogMemory: Process Virtual Memory: 123.24 MB used, 123.24 MB peak
[2021.12.08-08.25.33:503][  0]LogMemory: Physical Memory: 10057.05 MB used,  22655.04 MB free, 32712.09 MB total
[2021.12.08-08.25.33:503][  0]LogMemory: Virtual Memory: 134193768.00 MB used,  23956.15 MB free, 134217728.00 MB total
[2021.12.08-08.25.33:506][  0]LogWindows: WindowsPlatformFeatures enabled
[2021.12.08-08.25.33:532][  0]LogInit: Physics initialised using underlying interface: PhysX
[2021.12.08-08.25.33:532][  0]LogInit: Using OS detected language (en-US).
[2021.12.08-08.25.33:532][  0]LogInit: Using OS detected locale (en-US).
[2021.12.08-08.25.33:534][  0]LogTextLocalizationManager: No specific localization for 'en-US' exists, so the 'en' localization will be used.
[2021.12.08-08.25.33:674][  0]LogWindowsTextInputMethodSystem: Display: IME system deactivated.
[2021.12.08-08.25.33:684][  0]LogSlate: New Slate User Created.  User Index 0, Is Virtual User: 0
[2021.12.08-08.25.33:684][  0]LogSlate: Slate User Registered.  User Index 0, Is Virtual User: 0
[2021.12.08-08.25.33:700][  0]LogD3D11RHI: Loaded GFSDK_Aftermath_Lib.x64.dll
[2021.12.08-08.25.33:702][  0]LogHMD: Failed to initialize OpenVR with code 110
[2021.12.08-08.25.33:702][  0]LogD3D11RHI: D3D11 min allowed feature level: 11_0
[2021.12.08-08.25.33:702][  0]LogD3D11RHI: D3D11 max allowed feature level: 11_0
[2021.12.08-08.25.33:702][  0]LogD3D11RHI: D3D11 adapters:
[2021.12.08-08.25.33:800][  0]LogD3D11RHI:    0. 'NVIDIA GeForce RTX 3080 Ti' (Feature Level 11_0)
[2021.12.08-08.25.33:800][  0]LogD3D11RHI:       12108/0/16356 MB DedicatedVideo/DedicatedSystem/SharedSystem, Outputs:1, VendorId:0x10de
[2021.12.08-08.25.33:802][  0]LogD3D11RHI:    1. 'Microsoft Basic Render Driver' (Feature Level 11_0)
[2021.12.08-08.25.33:802][  0]LogD3D11RHI:       0/0/16356 MB DedicatedVideo/DedicatedSystem/SharedSystem, Outputs:0, VendorId:0x1414
[2021.12.08-08.25.33:802][  0]LogD3D11RHI: Chosen D3D11 Adapter:
[2021.12.08-08.25.33:802][  0]LogD3D11RHI:     Description : NVIDIA GeForce RTX 3080 Ti
[2021.12.08-08.25.33:802][  0]LogD3D11RHI:     VendorId    : 10de
[2021.12.08-08.25.33:802][  0]LogD3D11RHI:     DeviceId    : 2208
[2021.12.08-08.25.33:802][  0]LogD3D11RHI:     SubSysId    : 153510de
[2021.12.08-08.25.33:802][  0]LogD3D11RHI:     Revision    : 00a1
[2021.12.08-08.25.33:802][  0]LogD3D11RHI:     DedicatedVideoMemory : 12696158208 bytes
[2021.12.08-08.25.33:802][  0]LogD3D11RHI:     DedicatedSystemMemory : 0 bytes
[2021.12.08-08.25.33:802][  0]LogD3D11RHI:     SharedSystemMemory : 17150558208 bytes
[2021.12.08-08.25.33:802][  0]LogD3D11RHI:     AdapterLuid : 0 45677
[2021.12.08-08.25.33:808][  0]LogD3D11RHI: Creating new Direct3DDevice
[2021.12.08-08.25.33:808][  0]LogD3D11RHI:     GPU DeviceId: 0x2208 (for the marketing name, search the web for "GPU Device Id")
[2021.12.08-08.25.33:808][  0]LogWindows: EnumDisplayDevices:
[2021.12.08-08.25.33:808][  0]LogWindows:    0. 'NVIDIA GeForce RTX 3080 Ti' (P:1 D:1)
[2021.12.08-08.25.33:808][  0]LogWindows:    1. 'NVIDIA GeForce RTX 3080 Ti' (P:0 D:0)
[2021.12.08-08.25.33:808][  0]LogWindows:    2. 'NVIDIA GeForce RTX 3080 Ti' (P:0 D:0)
[2021.12.08-08.25.33:809][  0]LogWindows:    3. 'NVIDIA GeForce RTX 3080 Ti' (P:0 D:0)
[2021.12.08-08.25.33:809][  0]LogWindows: DebugString: FoundDriverCount:4 
[2021.12.08-08.25.33:809][  0]LogD3D11RHI:     Adapter Name: NVIDIA GeForce RTX 3080 Ti
[2021.12.08-08.25.33:809][  0]LogD3D11RHI:   Driver Version: 472.12 (internal:30.0.14.7212, unified:472.12)
[2021.12.08-08.25.33:809][  0]LogD3D11RHI:      Driver Date: 9-13-2021
[2021.12.08-08.25.33:809][  0]LogRHI: Texture pool is 8475 MB (70% of 12108 MB)
[2021.12.08-08.25.33:809][  0]LogD3D11RHI: Creating D3DDevice using adapter:
[2021.12.08-08.25.33:809][  0]LogD3D11RHI:     Description : NVIDIA GeForce RTX 3080 Ti
[2021.12.08-08.25.33:809][  0]LogD3D11RHI:     VendorId    : 10de
[2021.12.08-08.25.33:809][  0]LogD3D11RHI:     DeviceId    : 2208
[2021.12.08-08.25.33:809][  0]LogD3D11RHI:     SubSysId    : 153510de
[2021.12.08-08.25.33:809][  0]LogD3D11RHI:     Revision    : 00a1
[2021.12.08-08.25.33:809][  0]LogD3D11RHI:     DedicatedVideoMemory : 12696158208 bytes
[2021.12.08-08.25.33:809][  0]LogD3D11RHI:     DedicatedSystemMemory : 0 bytes
[2021.12.08-08.25.33:809][  0]LogD3D11RHI:     SharedSystemMemory : 17150558208 bytes
[2021.12.08-08.25.33:809][  0]LogD3D11RHI:     AdapterLuid : 0 45677
[2021.12.08-08.25.33:865][  0]LogD3D11RHI: RHI has support for 64 bit atomics
[2021.12.08-08.25.33:865][  0]LogD3D11RHI: Async texture creation enabled
[2021.12.08-08.25.33:865][  0]LogD3D11RHI: Array index from any shader is supported
[2021.12.08-08.25.33:888][  0]LogD3D11RHI: GPU Timing Frequency: 1000.000000 (Debug: 2 1)
[2021.12.08-08.25.33:906][  0]LogRHI: GeForceNow SDK initialized: 1
[2021.12.08-08.25.34:103][  0]LogTargetPlatformManager: Display: Loaded TargetPlatform 'WindowsNoEditor'
[2021.12.08-08.25.34:106][  0]LogTargetPlatformManager: Display: Loaded TargetPlatform 'Windows'
[2021.12.08-08.25.34:109][  0]LogTargetPlatformManager: Display: Loaded TargetPlatform 'WindowsClient'
[2021.12.08-08.25.34:112][  0]LogTargetPlatformManager: Display: Loaded TargetPlatform 'WindowsServer'
[2021.12.08-08.25.34:112][  0]LogTargetPlatformManager: Display: Building Assets For Windows
[2021.12.08-08.25.34:117][  0]LogAudioDebug: Display: Lib vorbis DLL was dynamically loaded.
[2021.12.08-08.25.34:138][  0]LogTextureFormatOodle: Display: Oodle Texture 2.9.0 init RDO Off
[2021.12.08-08.25.34:157][  0]LogRendererCore: Ray tracing is disabled. Reason: r.RayTracing=0.
[2021.12.08-08.25.34:157][  0]LogShaderCompilers: Guid format shader working directory is -27 characters bigger than the processId version (../../../../../../Users/lucys/OneDrive/文档/Unreal Projects/ThomasAdvanture/Intermediate/Shaders/WorkingDirectory/2456/).
[2021.12.08-08.25.34:157][  0]LogShaderCompilers: Cleaned the shader compiler working directory 'C:/Users/lucys/AppData/Local/Temp/UnrealShaderWorkingDir/89DD46454BCD64A05B66CA9AFB66B593/'.
[2021.12.08-08.25.34:158][  0]LogXGEController: Cannot use XGE Controller as Incredibuild is not installed on this machine.
[2021.12.08-08.25.34:158][  0]LogShaderCompilers: Cannot use XGE Shader Compiler as Incredibuild is not installed on this machine.
[2021.12.08-08.25.34:158][  0]LogShaderCompilers: Display: Using Local Shader Compiler.
[2021.12.08-08.25.34:673][  0]LogDerivedDataCache: Display: Max Cache Size: 512 MB
[2021.12.08-08.25.34:712][  0]LogDerivedDataCache: Loaded boot cache 0.04s 94MB C:/Users/lucys/AppData/Local/UnrealEngine/4.27/DerivedDataCache/Boot.ddc.
[2021.12.08-08.25.34:712][  0]LogDerivedDataCache: Display: Loaded Boot cache: C:/Users/lucys/AppData/Local/UnrealEngine/4.27/DerivedDataCache/Boot.ddc
[2021.12.08-08.25.34:713][  0]LogDerivedDataCache: FDerivedDataBackendGraph:  Pak pak cache file ../../../../../../Users/lucys/OneDrive/文档/Unreal Projects/ThomasAdvanture/DerivedDataCache/DDC.ddp not found, will not use a pak cache.
[2021.12.08-08.25.34:713][  0]LogDerivedDataCache: Unable to find inner node Pak for hierarchical cache Hierarchy.
[2021.12.08-08.25.34:713][  0]LogDerivedDataCache: FDerivedDataBackendGraph:  CompressedPak pak cache file ../../../../../../Users/lucys/OneDrive/文档/Unreal Projects/ThomasAdvanture/DerivedDataCache/Compressed.ddp not found, will not use a pak cache.
[2021.12.08-08.25.34:713][  0]LogDerivedDataCache: Unable to find inner node CompressedPak for hierarchical cache Hierarchy.
[2021.12.08-08.25.34:726][  0]LogDerivedDataCache: Display: Pak cache opened for reading ../../../Engine/DerivedDataCache/Compressed.ddp.
[2021.12.08-08.25.34:726][  0]LogDerivedDataCache: FDerivedDataBackendGraph:  EnterprisePak pak cache file ../../../Enterprise/DerivedDataCache/Compressed.ddp not found, will not use a pak cache.
[2021.12.08-08.25.34:726][  0]LogDerivedDataCache: Unable to find inner node EnterprisePak for hierarchical cache Hierarchy.
[2021.12.08-08.25.34:732][  0]LogDerivedDataCache: Speed tests for C:/Users/lucys/AppData/Local/UnrealEngine/Common/DerivedDataCache took 0.01 seconds
[2021.12.08-08.25.34:733][  0]LogDerivedDataCache: Display: Performance to C:/Users/lucys/AppData/Local/UnrealEngine/Common/DerivedDataCache: Latency=0.02ms. RandomReadSpeed=462.37MBs, RandomWriteSpeed=206.69MBs. Assigned SpeedClass 'Local'
[2021.12.08-08.25.34:733][  0]LogDerivedDataCache: Using Local data cache path C:/Users/lucys/AppData/Local/UnrealEngine/Common/DerivedDataCache: Writable
[2021.12.08-08.25.34:733][  0]LogDerivedDataCache: Shared data cache path not found in *engine.ini, will not use an Shared cache.
[2021.12.08-08.25.34:733][  0]LogDerivedDataCache: Unable to find inner node Shared for hierarchical cache Hierarchy.
[2021.12.08-08.25.34:758][  0]LogSlate: Using FreeType 2.10.0
[2021.12.08-08.25.34:759][  0]LogSlate: SlateFontServices - WITH_FREETYPE: 1, WITH_HARFBUZZ: 1
[2021.12.08-08.25.34:807][  0]LogInit: Using OS detected language (en-US).
[2021.12.08-08.25.34:807][  0]LogInit: Using OS detected locale (en-US).
[2021.12.08-08.25.34:807][  0]LogTextLocalizationManager: No localization for 'en-US' exists, so 'en' will be used for the language.
[2021.12.08-08.25.34:807][  0]LogTextLocalizationManager: No localization for 'en-US' exists, so 'en' will be used for the locale.
[2021.12.08-08.25.34:807][  0]LogSlate: FontCache flush requested. Reason: Culture for localization was changed
[2021.12.08-08.25.34:807][  0]LogSlate: FontCache flush requested. Reason: Culture for localization was changed
[2021.12.08-08.25.34:810][  0]LogTextLocalizationManager: Compacting localization data took   0.00ms
[2021.12.08-08.25.34:810][  0]LogAssetRegistry: FAssetRegistry took 0.0018 seconds to start up
[2021.12.08-08.25.34:942][  0]LogPackageLocalizationCache: Processed 27 localized package path(s) for 1 prioritized culture(s) in 0.000885 seconds
[2021.12.08-08.25.34:987][  0]LogInit: Selected Device Profile: [Windows]
[2021.12.08-08.25.34:987][  0]LogInit: Active device profile: [000001D44CF32E00][000001D447008F40 49] Windows
[2021.12.08-08.25.34:987][  0]LogInit: Profiles: [000001D44CF32E00][000001D447008F40 49] Windows, [000001D44CEE5400][000001D4470110C0 49] WindowsNoEditor, [000001D44CF31400][000001D446093240 49] WindowsServer, [000001D44CEE6600][000001D4460973C0 49] WindowsClient, [000001D44CF32500][000001D44609B540 49] IOS, [000001D44CEE5D00][000001D44609F6C0 49] iPadAir, [000001D44CF31C00][000001D44700D800 49] iPadAir2, [000001D44CE93500][000001D4460A7A40 49] IPadPro, [000001D44CE93600][000001D4460A3A80 49] iPadAir3, [000001D44CF33000][000001D4460AFC00 49] iPadAir4, [000001D44CE91900][000001D4460B2200 49] iPadMini2, [000001D44CF32B00][000001D4460B6380 49] iPadMini3, [000001D44CE93700][000001D4460BA500 49] iPadMini4, [000001D44CF30100][000001D4460BE680 49] iPadMini5, [000001D44CED6E00][000001D4460C6940 49] iPhone6, [000001D44CED6F00][000001D4460C2980 49] iPodTouch6, [000001D44CE90A00][000001D4470BCC40 49] iPhone7, [000001D44CE90900][000001D4470B8C80 49] iPodTouch7, [000001D44CED5800][000001D4470C0E00 49] iPhone5S, [000001D44CE92E00][000001D4470C4F80 49] iPhone6Plus, [000001D44CED6100][000001D4470C9100 49] iPhone6S, [000001D44CE92400][000001D4470CD280 49] iPhone6SPlus, [000001D44CED5700][000001D4470D1400 49] iPhone7Plus, [000001D44CE93A00][000001D4470D5580 49] iPhoneSE, [000001D44CED5A00][000001D4470D9700 49] iPhone8, [000001D44CE92C00][000001D4470DD880 49] iPhone8Plus, [000001D44CED6000][000001D4460AB9C0 49] iPhoneX, [000001D44CE92500][000001D4470E1B00 49] iPhoneXS, [000001D44CED6900][000001D4470E40C0 49] iPhoneXSMax, [000001D44CE93300][000001D4470EC240 49] iPhoneXR, [000001D44CED7700][000001D4470F03C0 49] iPhone11, [000001D44CE90E00][000001D4470F4540 49] iPhone11Pro, [000001D44CED7500][000001D4470F86C0 49] iPhone11ProMax, [000001D44CE91A00][000001D4470FC840 49] iPhoneSE2, [000001D44CED5200][000001D4471009C0 49] iPhone12Mini, [000001D44CE91E00][000001D445FF6B40 49] iPhone12, [000001D44CED6200][000001D445FFACC0 49] iPhone12Pro, [000001D44CE90700][000001D445FFEE40 49] iPhone12ProMax, [000001D44CED7800][000001D446002FC0 49] iPadPro105, [000001D44CE92A00][000001D446007140 49] iPadPro129, [000001D44CED4B00][000001D44600B2C0 49] iPadPro97, [000001D44CE93800][000001D44600F440 49] iPadPro2_129, [000001D44CED7D00][000001D4460135C0 49] iPad5, [000001D44CE93D00][000001D446017740 49] iPad6, [000001D44CED6500][000001D44601B8C0 49] iPad7, [000001D44CE90400][000001D44601FA40 49] iPad8, [000001D44CED6D00][000001D4470E9B80 49] iPadPro11, [000001D44CE91800][000001D446022140 49] iPadPro2_11, [000001D44CED7600][000001D446026280 49] iPadPro3_129, [000001D44CE92900][000001D44602A3C0 49] iPadPro4_129, [000001D44CED5300][000001D446032540 49] AppleTV, [000001D44CF70A00][000001D4460366C0 49] AppleTV4K, [000001D44CEE7A00][000001D44603A840 49] TVOS, [000001D44CF71900][000001D44603E9C0 49] Mac, [000001D44CEE6200][000001D446042B40 49] MacClient, [000001D44CF71200][000001D446046CC0 49] MacNoEditor, [000001D44CEE6A00][000001D446322E40 49] MacServer, [000001D44CF70200][000001D446326FC0 49] Linux, [000001D44CEE4D00][000001D44632B140 49] LinuxAArch64, [000001D44CF70F00][000001D44632F2C0 49] LinuxNoEditor, [000001D44CEE5500][000001D446333440 49] LinuxAArch64NoEditor, [000001D44CF71600][000001D4463375C0 49] LinuxClient, [000001D44CEE6E00][000001D44633B740 49] LinuxAArch64Client, [000001D44CF71500][000001D44633F8C0 49] LinuxServer, [000001D44CEE7500][000001D446343A40 49] LinuxAArch64Server, [000001D44CF71D00][000001D446347BC0 49] Android, [000001D44CEE5E00][000001D44602E180 49] Android_Low, [000001D44CF71C00][000001D44634A2C0 49] Android_Mid, [000001D44CEE6900][000001D44634E400 49] Android_High, [000001D44CED5E00][000001D446352540 49] Android_Default, [000001D44CE92100][000001D44635A6C0 49] Android_Adreno4xx, [000001D44CED6A00][000001D44635E840 49] Android_Adreno5xx_Low, [000001D44CE90800][000001D4463629C0 49] Android_Adreno5xx, [000001D44CED6300][000001D446366B40 49] Android_Adreno6xx, [000001D44CE92800][000001D44636ACC0 49] Android_Adreno6xx_Vulkan, [000001D44CED7C00][000001D44636EE40 49] Android_Mali_T6xx, [000001D44CE92F00][000001D446372FC0 49] Android_Mali_T7xx, [000001D44CED5F00][000001D446377140 49] Android_Mali_T8xx, [000001D44CE91300][000001D44637B2C0 49] Android_Mali_G71, [000001D44CED5400][000001D44637F440 49] Android_Mali_G72, [000001D44CE90D00][000001D4463835C0 49] Android_Mali_G72_Vulkan, [000001D44CED7B00][000001D446387740 49] Android_Mali_G76, [000001D44CE93E00][000001D44638B8C0 49] Android_Mali_G76_Vulkan, [000001D44CED6700][000001D44638FA40 49] Android_Mali_G77, [000001D44CE93200][000001D446393BC0 49] Android_Mali_G77_Vulkan, [000001D44CED4400][000001D4463961C0 49] Android_Mali_G78, [000001D44CE91400][000001D44639A340 49] Android_Mali_G78_Vulkan, [000001D44CED7300][000001D446356480 49] Android_Mali_G710, [000001D44CE93100][000001D44639E5C0 49] Android_Mali_G710_Vulkan, [000001D44CF70600][000001D4463A2700 49] Android_Vulkan_SM5, [000001D44CE93000][000001D447108880 49] Android_PowerVR_G6xxx, [000001D44CF71800][000001D44710CA00 49] Android_PowerVR_GT7xxx, [000001D44CE91C00][000001D447110B80 49] Android_PowerVR_GE8xxx, [000001D44CF71B00][000001D447114D00 49] Android_PowerVR_GM9xxx, [000001D44CE90600][000001D447118E80 49] Android_PowerVR_GM9xxx_Vulkan, [000001D44CF70100][000001D44711D000 49] Android_TegraK1, [000001D44CE92300][000001D447121180 49] Android_Unknown_Vulkan, [000001D44CF70800][000001D447125300 49] Lumin, [000001D44CE93900][000001D447129480 49] Lumin_Desktop, [000001D44CED4C00][000001D4463A7600 49] HoloLens, 
[2021.12.08-08.25.35:014][  0]LogMeshReduction: Using QuadricMeshReduction for automatic static mesh reduction
[2021.12.08-08.25.35:014][  0]LogMeshReduction: Using SimplygonMeshReduction for automatic skeletal mesh reduction
[2021.12.08-08.25.35:014][  0]LogMeshReduction: Using ProxyLODMeshReduction for automatic mesh merging
[2021.12.08-08.25.35:014][  0]LogMeshReduction: No distributed automatic mesh merging module available
[2021.12.08-08.25.35:014][  0]LogMeshMerging: No distributed automatic mesh merging module available
[2021.12.08-08.25.35:082][  0]LogNetVersion: ThomasAdvanture 1.0.0, NetCL: 17155196, EngineNetVer: 17, GameNetVer: 0 (Checksum: 983440284)
[2021.12.08-08.25.35:235][  0]LogTexture: Default maximum texture size for cubemaps generated from long-lat sources has been changed from 512 to unlimited. In order to preserve old behaiour for '/Engine/MapTemplates/Sky/DaylightAmbientCubemap.DaylightAmbientCubemap', its maximum texture size has been explicitly set to 512.
[2021.12.08-08.25.35:276][  0]LogHMD: PokeAHoleMaterial loaded successfully
[2021.12.08-08.25.35:348][  0]LogMoviePlayer: Initializing movie player
[2021.12.08-08.25.35:481][  0]LogNiagaraDebuggerClient: Niagara Debugger Client Initialized | Session: FA83FF294670F3C56B1A0BA80BA3CEB2 | Instance: 32510B734BF09C97EAD027BC8353B114 (BLD-2456).
[2021.12.08-08.25.35:495][  0]LogCollectionManager: Loaded 0 collections in 0.001259 seconds
[2021.12.08-08.25.35:497][  0]LogFileCache: Scanning file cache for directory 'C:/Users/lucys/OneDrive/文档/Unreal Projects/ThomasAdvanture/Saved/Collections/' took 0.00s
[2021.12.08-08.25.35:497][  0]LogFileCache: Scanning file cache for directory 'C:/Users/lucys/OneDrive/文档/Unreal Projects/ThomasAdvanture/Content/Developers/SYJ/Collections/' took 0.00s
[2021.12.08-08.25.35:497][  0]LogFileCache: Scanning file cache for directory 'C:/Users/lucys/OneDrive/文档/Unreal Projects/ThomasAdvanture/Content/Collections/' took 0.00s
[2021.12.08-08.25.35:497][  0]LogCollectionManager: Fixed up redirectors for 0 collections in 0.000002 seconds (updated 0 objects)
[2021.12.08-08.25.35:511][  0]LogImageWrapper: Warning: PNG Warning: Duplicate iCCP chunk
[2021.12.08-08.25.35:511][  0]LogImageWrapper: Warning: PNG Warning: Duplicate iCCP chunk
[2021.12.08-08.25.35:511][  0]LogTcpMessaging: Initializing TcpMessaging bridge
[2021.12.08-08.25.35:513][  0]LogUdpMessaging: Initializing bridge on interface 0.0.0.0:0 to multicast group 230.0.0.1:6666.
[2021.12.08-08.25.35:520][  0]LogPython: Using Python 3.7.7
[2021.12.08-08.25.35:868][  0]SourceControl: Source control is disabled
[2021.12.08-08.25.35:868][  0]SourceControl: Source control is disabled
[2021.12.08-08.25.35:874][  0]SourceControl: Source control is disabled
[2021.12.08-08.25.35:878][  0]LogUProjectInfo: Found projects:
[2021.12.08-08.25.35:930][  0]LogOpenImageDenoise: OIDN starting up
[2021.12.08-08.25.35:944][  0]LogAndroidPermission: UAndroidPermissionCallbackProxy::GetInstance
[2021.12.08-08.25.35:954][  0]LogAudioCaptureCore: Display: No Audio Capture implementations found. Audio input will be silent.
[2021.12.08-08.25.35:954][  0]LogAudioCaptureCore: Display: No Audio Capture implementations found. Audio input will be silent.
[2021.12.08-08.25.36:003][  0]LogOcInput: OculusInput pre-init called
[2021.12.08-08.25.36:010][  0]LogUObjectArray: 22121 objects as part of root set at end of initial load.
[2021.12.08-08.25.36:010][  0]LogUObjectAllocator: 5975440 out of 0 bytes used by permanent object pool.
[2021.12.08-08.25.36:010][  0]LogUObjectArray: CloseDisregardForGC: 0/0 objects in disregard for GC pool
[2021.12.08-08.25.36:045][  0]LogEngine: Initializing Engine...
[2021.12.08-08.25.36:046][  0]LogHMD: Failed to enumerate extensions. Please check that you have a valid OpenXR runtime installed.
[2021.12.08-08.25.36:047][  0]LogHMD: Failed to initialize OpenVR with code 110
[2021.12.08-08.25.36:047][  0]LogMagicLeap: Warning: VR disabled because ZI is not enabled.  To enable, in the editor, Edit -> Project Settings -> Plugins -> Magic Leap Plugin -> Enable Zero Iteration
[2021.12.08-08.25.36:048][  0]LogStats: UGameplayTagsManager::InitializeManager -  0.000 s
[2021.12.08-08.25.36:106][  0]LogInit: Initializing FReadOnlyCVARCache
[2021.12.08-08.25.36:106][  0]LogAudio: Display: Initializing Audio Device Manager...
[2021.12.08-08.25.36:109][  0]LogAudio: Display: Loading Default Audio Settings Objects...
[2021.12.08-08.25.36:109][  0]LogAudio: Display: No default SoundConcurrencyObject specified (or failed to load).
[2021.12.08-08.25.36:110][  0]LogAudio: Display: Audio Device Manager Initialized
[2021.12.08-08.25.36:110][  0]LogAudio: Display: Creating Audio Device:                 Id: 1, Scope: Shared, Realtime: True
[2021.12.08-08.25.36:110][  0]LogAudioMixer: Display: Audio Mixer Platform Settings:
[2021.12.08-08.25.36:110][  0]LogAudioMixer: Display: 	Sample Rate:						  48000
[2021.12.08-08.25.36:110][  0]LogAudioMixer: Display: 	Callback Buffer Frame Size Requested: 1024
[2021.12.08-08.25.36:110][  0]LogAudioMixer: Display: 	Callback Buffer Frame Size To Use:	  1024
[2021.12.08-08.25.36:110][  0]LogAudioMixer: Display: 	Number of buffers to queue:			  2
[2021.12.08-08.25.36:110][  0]LogAudioMixer: Display: 	Max Channels (voices):				  32
[2021.12.08-08.25.36:110][  0]LogAudioMixer: Display: 	Number of Async Source Workers:		  0
[2021.12.08-08.25.36:110][  0]LogAudio: Display: AudioDevice MaxSources: 32
[2021.12.08-08.25.36:110][  0]LogAudio: Display: Audio Spatialization Plugin: None (built-in).
[2021.12.08-08.25.36:110][  0]LogAudio: Display: Audio Reverb Plugin: None (built-in).
[2021.12.08-08.25.36:110][  0]LogAudio: Display: Audio Occlusion Plugin: None (built-in).
[2021.12.08-08.25.36:110][  0]LogAudioMixer: Display: Initializing audio mixer.
[2021.12.08-08.25.36:119][  0]LogAudioMixer: Display: 0: FrontLeft
[2021.12.08-08.25.36:119][  0]LogAudioMixer: Display: 1: FrontRight
[2021.12.08-08.25.36:129][  0]LogAudioMixer: Display: Using Audio Device Headphones (5- High Definition Audio Device)
[2021.12.08-08.25.36:131][  0]LogAudioMixer: Display: Initializing Sound Submixes...
[2021.12.08-08.25.36:132][  0]LogAudioMixer: Display: Creating Master Submix 'MasterSubmixDefault'
[2021.12.08-08.25.36:132][  0]LogAudioMixer: Display: Creating Master Submix 'MasterReverbSubmixDefault'
[2021.12.08-08.25.36:133][  0]LogAudioMixer: Display: Creating Master Submix 'MasterEQSubmixDefault'
[2021.12.08-08.25.36:133][  0]LogAudioMixer: FMixerPlatformXAudio2::StartAudioStream() called
[2021.12.08-08.25.36:133][  0]LogAudioMixer: Display: Output buffers initialized: Frames=1024, Channels=2, Samples=2048
[2021.12.08-08.25.36:133][  0]LogAudioMixer: Display: Starting AudioMixerPlatformInterface::RunInternal()
[2021.12.08-08.25.36:133][  0]LogAudioMixer: Display: FMixerPlatformXAudio2::SubmitBuffer() called for the first time
[2021.12.08-08.25.36:133][  0]LogInit: FAudioDevice initialized.
[2021.12.08-08.25.36:134][  0]LogNetVersion: Set ProjectVersion to 1.0.0.0. Version Checksum will be recalculated on next use.
[2021.12.08-08.25.36:134][  0]LogInit: Texture streaming: Enabled
[2021.12.08-08.25.36:182][  0]LogAudio: Display: Audio Device (ID: 1) registered with world 'Untitled'.
[2021.12.08-08.25.36:182][  0]LogSlate: Updating window title bar state: overlay mode, drag disabled, window buttons hidden, title bar hidden
[2021.12.08-08.25.36:182][  0]LogInit: Display: Game Engine Initialized.
[2021.12.08-08.25.36:183][  0]LogNiagaraEditor: GEditor isn't valid! Particle reset commands will not work for Niagara components!
[2021.12.08-08.25.36:254][  0]LogImageWrapper: Warning: PNG Warning: Duplicate iCCP chunk
[2021.12.08-08.25.36:254][  0]LogImageWrapper: Warning: PNG Warning: Duplicate iCCP chunk
[2021.12.08-08.25.36:254][  0]LogInit: Display: Starting Game.
[2021.12.08-08.25.36:254][  0]LogNet: Browse: /Game/MapsForGame/Yujia/CarScene_BlockOut10_Map?Name=Player
[2021.12.08-08.25.36:254][  0]LogLoad: LoadMap: /Game/MapsForGame/Yujia/CarScene_BlockOut10_Map?Name=Player
[2021.12.08-08.25.36:254][  0]LogWorld: BeginTearingDown for /Temp/Untitled_0
[2021.12.08-08.25.36:255][  0]LogWorld: UWorld::CleanupWorld for Untitled, bSessionEnded=true, bCleanupResources=true
[2021.12.08-08.25.36:255][  0]LogSlate: InvalidateAllWidgets triggered.  All widgets were invalidated
[2021.12.08-08.25.36:261][  0]LogAudio: Display: Audio Device unregistered from world 'None'.
[2021.12.08-08.25.36:263][  0]LogUObjectHash: Compacting FUObjectHashTables data took   0.58ms
[2021.12.08-08.25.36:988][  0]LogSkeletalMesh: Display: [AssetLog] C:\Users\lucys\OneDrive\文档\Unreal Projects\ThomasAdvanture\Content\AssetsvilleCars\Meshes\Vehicles\SK_veh_TruckTrailer_01.uasset: Find and fix some bad tangent! please re-import this skeletal mesh asset to fix the issue. The shading of the skeletal mesh will be bad and faceted.
[2021.12.08-08.25.37:251][  0]LogAudio: Display: Audio Device (ID: 1) registered with world 'CarScene_BlockOut10_Map'.
[2021.12.08-08.25.37:257][  0]LogAIModule: Creating AISystem for world CarScene_BlockOut10_Map
[2021.12.08-08.25.37:257][  0]LogLoad: Game class is 'FirstPersonGameMode_C'
[2021.12.08-08.25.37:272][  0]LogWorld: Bringing World /Game/MapsForGame/Yujia/CarScene_BlockOut10_Map.CarScene_BlockOut10_Map up for play (max tick rate 0) at 2021.12.08-01.25.37
[2021.12.08-08.25.37:272][  0]LogSlate: New Slate User Created.  User Index 8, Is Virtual User: 1
[2021.12.08-08.25.37:273][  0]LogSlate: Slate User Registered.  User Index 8, Is Virtual User: 1
[2021.12.08-08.25.37:273][  0]LogWorld: Bringing up level for play took: 0.014801
[2021.12.08-08.25.37:283][  0]LogViewport: Display: Viewport MouseCaptureMode Changed, CapturePermanently_IncludingInitialMouseDown -> CapturePermanently
[2021.12.08-08.25.37:283][  0]LogPlayerController: Error: InputMode:UIOnly - Attempting to focus Non-Focusable widget SObjectWidget [Widget.cpp(799)]!
[2021.12.08-08.25.37:283][  0]LogViewport: Display: Viewport MouseLockMode Changed, LockOnCapture -> DoNotLock
[2021.12.08-08.25.37:283][  0]LogViewport: Display: Viewport MouseCaptureMode Changed, CapturePermanently -> NoCapture
[2021.12.08-08.25.37:283][  0]LogLoad: Took 1.029265 seconds to LoadMap(/Game/MapsForGame/Yujia/CarScene_BlockOut10_Map)
[2021.12.08-08.25.37:312][  0]LogSlate: Took 0.000293 seconds to synchronously load lazily loaded font '../../../Engine/Content/Slate/Fonts/Roboto-Regular.ttf' (155K)
[2021.12.08-08.25.37:337][  0]LogRenderer: Reallocating scene render targets to support 1224x908 Format 10 NumSamples 1 (Frame:1).
[2021.12.08-08.25.37:337][  0]LogInit: Display: Engine is initialized. Leaving FEngineLoop::Init()
[2021.12.08-08.25.37:337][  0]LogLoad: (Engine Initialization) Total time: 4.60 seconds
[2021.12.08-08.25.37:337][  0]LogLoad: (Engine Initialization) Total Blueprint compile time: 0.00 seconds
[2021.12.08-08.25.37:375][  0]LogContentStreaming: Texture pool size now 1000 MB
[2021.12.08-08.25.37:377][  0]LogSlate: InvalidateAllWidgets triggered.  All widgets were invalidated
[2021.12.08-08.25.37:387][  0]LogRenderer: Reallocating scene render targets to support 128x128 Format 10 NumSamples 1 (Frame:1).
[2021.12.08-08.25.37:413][  0]LogRenderer: Reallocating scene render targets to support 1224x908 Format 10 NumSamples 1 (Frame:2).
[2021.12.08-08.25.37:454][  1]LogSlate: Took 0.000093 seconds to synchronously load lazily loaded font '../../../Engine/Content/Slate/Fonts/Roboto-Regular.ttf' (155K)
[2021.12.08-08.25.48:998][ 81]LogAudioMixer: Warning: Changing default audio render device to new device: {0.0.0.00000000}.{f628c352-9804-4031-8407-90718bd45039}.
[2021.12.08-08.25.49:006][ 82]LogAudioMixer: Resetting audio stream to device id 
[2021.12.08-08.25.49:029][ 83]LogAudioMixer: Display: 0: FrontLeft
[2021.12.08-08.25.49:029][ 83]LogAudioMixer: Display: 1: FrontRight
