Log file open, 11/14/21 22:39:04
LogWindows: Failed to load 'aqProf.dll' (GetLastError=126)
LogWindows: File 'aqProf.dll' does not exist
LogWindows: Failed to load 'VtuneApi.dll' (GetLastError=126)
LogWindows: File 'VtuneApi.dll' does not exist
LogWindows: Failed to load 'VtuneApi32e.dll' (GetLastError=126)
LogWindows: File 'VtuneApi32e.dll' does not exist
LogConsoleResponse: Display: Failed to find resolution value strings in scalability ini. Falling back to default.
LogConsoleResponse: Display: Failed to find resolution value strings in scalability ini. Falling back to default.
LogInit: Display: Running engine for game: ThomasAdvanture
LogPlatformFile: Not using cached read wrapper
LogTaskGraph: Started task graph with 5 named threads and 47 total threads with 3 sets of task threads.
LogStats: Stats thread started at 0.193777
LogICUInternationalization: ICU TimeZone Detection - Raw Offset: -7:00, Platform Override: ''
LogInit: Display: Loading text-based GConfig....
LogPluginManager: Mounting plugin MeshPainting
LogPluginManager: Mounting plugin XGEController
LogPluginManager: Mounting plugin Paper2D
LogPluginManager: Mounting plugin LiveLink
LogPluginManager: Mounting plugin EnvironmentQueryEditor
LogPluginManager: Mounting plugin AISupport
LogPluginManager: Mounting plugin CameraShakePreviewer
LogPluginManager: Mounting plugin LightPropagationVolume
LogPluginManager: Mounting plugin OodleData
LogPluginManager: Mounting plugin OodleNetwork
LogPluginManager: Mounting plugin GameplayCameras
LogPluginManager: Mounting plugin DatasmithContent
LogPluginManager: Mounting plugin VariantManagerContent
LogPluginManager: Mounting plugin CurveEditorTools
LogPluginManager: Mounting plugin DataValidation
LogPluginManager: Mounting plugin FacialAnimation
LogPluginManager: Mounting plugin CryptoKeys
LogPluginManager: Mounting plugin GameplayTagsEditor
LogPluginManager: Mounting plugin MaterialAnalyzer
LogPluginManager: Mounting plugin MobileLauncherProfileWizard
LogPluginManager: Mounting plugin PluginBrowser
LogPluginManager: Mounting plugin MacGraphicsSwitching
LogPluginManager: Mounting plugin SpeedTreeImporter
LogPluginManager: Mounting plugin Niagara
LogPluginManager: Mounting plugin GeometryMode
LogPluginManager: Mounting plugin CLionSourceCodeAccess
LogPluginManager: Mounting plugin CodeLiteSourceCodeAccess
LogPluginManager: Mounting plugin AnimationSharing
LogPluginManager: Mounting plugin KDevelopSourceCodeAccess
LogPluginManager: Mounting plugin NullSourceCodeAccess
LogPluginManager: Mounting plugin PlasticSourceControl
LogPluginManager: Mounting plugin GitSourceControl
LogPluginManager: Mounting plugin PixWinPlugin
LogPluginManager: Mounting plugin PerforceSourceControl
LogPluginManager: Mounting plugin PropertyAccessNode
LogPluginManager: Mounting plugin PluginUtils
LogPluginManager: Mounting plugin RiderSourceCodeAccess
LogPluginManager: Mounting plugin TextureFormatOodle
LogPluginManager: Mounting plugin SubversionSourceControl
LogPluginManager: Mounting plugin VisualStudioCodeSourceCodeAccess
LogPluginManager: Mounting plugin VisualStudioSourceCodeAccess
LogPluginManager: Mounting plugin AssetManagerEditor
LogPluginManager: Mounting plugin LuminPlatformFeatures
LogPluginManager: Mounting plugin UObjectPlugin
LogPluginManager: Mounting plugin MagicLeapLightEstimation
LogPluginManager: Mounting plugin MagicLeap
LogPluginManager: Mounting plugin MagicLeapMedia
LogPluginManager: Mounting plugin XCodeSourceCodeAccess
LogPluginManager: Mounting plugin MagicLeapPassableWorld
LogPluginManager: Mounting plugin MLSDK
LogPluginManager: Mounting plugin TcpMessaging
LogPluginManager: Mounting plugin UdpMessaging
LogPluginManager: Mounting plugin AndroidMedia
LogPluginManager: Mounting plugin AvfMedia
LogPluginManager: Mounting plugin ImgMedia
LogPluginManager: Mounting plugin MediaCompositing
LogPluginManager: Mounting plugin MediaPlayerEditor
LogPluginManager: Mounting plugin WebMMedia
LogPluginManager: Mounting plugin WmfMedia
LogPluginManager: Mounting plugin OnlineSubsystem
LogPluginManager: Mounting plugin ActorSequence
LogPluginManager: Mounting plugin OnlineSubsystemNull
LogPluginManager: Mounting plugin LevelSequenceEditor
LogPluginManager: Mounting plugin MatineeToLevelSequence
LogPluginManager: Mounting plugin OnlineSubsystemUtils
LogPluginManager: Mounting plugin LauncherChunkInstaller
LogPluginManager: Mounting plugin ActorLayerUtilities
LogPluginManager: Mounting plugin TemplateSequence
LogPluginManager: Mounting plugin AndroidDeviceProfileSelector
LogPluginManager: Mounting plugin AndroidPermission
LogPluginManager: Mounting plugin AndroidMoviePlayer
LogPluginManager: Mounting plugin AppleImageUtils
LogPluginManager: Mounting plugin AppleMoviePlayer
LogPluginManager: Mounting plugin ArchVisCharacter
LogPluginManager: Mounting plugin AudioCapture
LogPluginManager: Mounting plugin AssetTags
LogPluginManager: Mounting plugin AudioSynesthesia
LogPluginManager: Mounting plugin CableComponent
LogPluginManager: Mounting plugin ChunkDownloader
LogPluginManager: Mounting plugin CustomMeshComponent
LogPluginManager: Mounting plugin EditableMesh
LogPluginManager: Mounting plugin ExampleDeviceProfileSelector
LogPluginManager: Mounting plugin GoogleCloudMessaging
LogPluginManager: Mounting plugin GooglePAD
LogPluginManager: Mounting plugin IOSDeviceProfileSelector
LogPluginManager: Mounting plugin LinuxDeviceProfileSelector
LogPluginManager: Mounting plugin LocationServicesBPLibrary
LogPluginManager: Mounting plugin MobilePatchingUtils
LogPluginManager: Mounting plugin OpenXREyeTracker
LogPluginManager: Mounting plugin OpenXRHandTracking
LogPluginManager: Mounting plugin OpenXR
LogPluginManager: Mounting plugin PhysXVehicles
LogPluginManager: Mounting plugin ScreenshotTools
LogPluginManager: Mounting plugin Takes
LogPluginManager: Mounting plugin PostSplashScreen
LogPluginManager: Mounting plugin PropertyAccessEditor
LogPluginManager: Mounting plugin RuntimePhysXCooking
LogPluginManager: Mounting plugin SignificanceManager
LogPluginManager: Mounting plugin SoundFields
LogPluginManager: Mounting plugin Synthesis
LogPluginManager: Mounting plugin WebMMoviePlayer
LogPluginManager: Mounting plugin AlembicImporter
LogPluginManager: Mounting plugin WindowsMoviePlayer
LogPluginManager: Mounting plugin AutomationUtils
LogPluginManager: Mounting plugin BackChannel
LogPluginManager: Mounting plugin ProceduralMeshComponent
LogPluginManager: Mounting plugin ChaosCloth
LogPluginManager: Mounting plugin ChaosClothEditor
LogPluginManager: Mounting plugin ChaosEditor
LogPluginManager: Mounting plugin ChaosSolverPlugin
LogPluginManager: Mounting plugin CharacterAI
LogPluginManager: Mounting plugin ChaosNiagara
LogPluginManager: Mounting plugin GeometryCollectionPlugin
LogPluginManager: Mounting plugin GeometryCache
LogPluginManager: Mounting plugin GeometryProcessing
LogPluginManager: Mounting plugin MotoSynth
LogPluginManager: Mounting plugin PlanarCut
LogPluginManager: Mounting plugin OpenImageDenoise
LogPluginManager: Mounting plugin PlatformCrypto
LogPluginManager: Mounting plugin ProxyLODPlugin
LogPluginManager: Mounting plugin SkeletalReduction
LogPluginManager: Mounting plugin PythonScriptPlugin
LogPluginManager: Mounting plugin ContentBrowserClassDataSource
LogPluginManager: Mounting plugin ContentBrowserAssetDataSource
LogPluginManager: Mounting plugin ContentBrowserFileDataSource
LogPluginManager: Mounting plugin OnlineSubsystemGooglePlay
LogPluginManager: Mounting plugin OnlineSubsystemIOS
LogPluginManager: Mounting plugin OculusVR
LogPluginManager: Mounting plugin SteamVR
PixWinPlugin: PIX capture plugin failed to initialize! Check that the process is launched from PIX.
LogInit: Using libcurl 7.55.1-DEV
LogInit:  - built for x86_64-pc-win32
LogInit:  - supports SSL with OpenSSL/1.1.1
LogInit:  - supports HTTP deflate (compression) using libz 1.2.8
LogInit:  - other features:
LogInit:      CURL_VERSION_SSL
LogInit:      CURL_VERSION_LIBZ
LogInit:      CURL_VERSION_IPV6
LogInit:      CURL_VERSION_ASYNCHDNS
LogInit:      CURL_VERSION_LARGEFILE
LogInit:      CURL_VERSION_IDN
LogInit:  CurlRequestOptions (configurable via config and command line):
LogInit:  - bVerifyPeer = true  - Libcurl will verify peer certificate
LogInit:  - bUseHttpProxy = false  - Libcurl will NOT use HTTP proxy
LogInit:  - bDontReuseConnections = false  - Libcurl will reuse connections
LogInit:  - MaxHostConnections = 16  - Libcurl will limit the number of connections to a host
LogInit:  - LocalHostAddr = Default
LogInit:  - BufferSize = 65536
LogOnline: OSS: Creating online subsystem instance for: NULL
LogInit: WinSock: version 1.1 (2.2), MaxSocks=32767, MaxUdp=65467
LogOnline: OSS: TryLoadSubsystemAndSetDefault: Loaded subsystem for module [NULL]
LogOculusPluginWrapper: OculusPlugin initialized successfully
LogHMD: Failed initializing OVRPlugin 1.59.0
LogInit: Build: ++UE4+Release-4.27-CL-17735300
LogInit: Engine Version: 4.27.1-17735300+++UE4+Release-4.27
LogInit: Compatible Engine Version: 4.27.0-17155196+++UE4+Release-4.27
LogInit: Net CL: 17155196
LogInit: OS: Windows 10 (Release 2004) (), CPU: AMD Ryzen 7 5800X 8-Core Processor             , GPU: NVIDIA GeForce RTX 3080 Ti
LogInit: Compiled (64-bit): Oct  6 2021 14:42:51
LogInit: Compiled with Visual C++: 19.24.28315.00
LogInit: Build Configuration: Development
LogInit: Branch Name: ++UE4+Release-4.27
LogInit: Command Line:  -EpicPortal -epicusername=yujiashan -epicuserid=9dcf7116478b402094feaac093f65c8c -epiclocale=en -epicsandboxid=ue
LogInit: Base Directory: C:/Program Files/Epic Games/UE_4.27/Engine/Binaries/Win64/
LogInit: Allocator: TBB
LogInit: Installed Engine Build: 1
LogDevObjectVersion: Number of dev versions registered: 29
LogDevObjectVersion:   Dev-Blueprints (B0D832E4-1F89-4F0D-ACCF-7EB736FD4AA2): 10
LogDevObjectVersion:   Dev-Build (E1C64328-A22C-4D53-A36C-8E866417BD8C): 0
LogDevObjectVersion:   Dev-Core (375EC13C-06E4-48FB-B500-84F0262A717E): 4
LogDevObjectVersion:   Dev-Editor (E4B068ED-F494-42E9-A231-DA0B2E46BB41): 40
LogDevObjectVersion:   Dev-Framework (CFFC743F-43B0-4480-9391-14DF171D2073): 37
LogDevObjectVersion:   Dev-Mobile (B02B49B5-BB20-44E9-A304-32B752E40360): 3
LogDevObjectVersion:   Dev-Networking (A4E4105C-59A1-49B5-A7C5-40C4547EDFEE): 0
LogDevObjectVersion:   Dev-Online (39C831C9-5AE6-47DC-9A44-9C173E1C8E7C): 0
LogDevObjectVersion:   Dev-Physics (78F01B33-EBEA-4F98-B9B4-84EACCB95AA2): 14
LogDevObjectVersion:   Dev-Platform (6631380F-2D4D-43E0-8009-CF276956A95A): 0
LogDevObjectVersion:   Dev-Rendering (12F88B9F-8875-4AFC-A67C-D90C383ABD29): 45
LogDevObjectVersion:   Dev-Sequencer (7B5AE74C-D270-4C10-A958-57980B212A5A): 13
LogDevObjectVersion:   Dev-VR (D7296918-1DD6-4BDD-9DE2-64A83CC13884): 3
LogDevObjectVersion:   Dev-LoadTimes (C2A15278-BFE7-4AFE-6C17-90FF531DF755): 1
LogDevObjectVersion:   Private-Geometry (6EACA3D4-40EC-4CC1-B786-8BED09428FC5): 3
LogDevObjectVersion:   Dev-AnimPhys (29E575DD-E0A3-4627-9D10-D276232CDCEA): 17
LogDevObjectVersion:   Dev-Anim (AF43A65D-7FD3-4947-9873-3E8ED9C1BB05): 15
LogDevObjectVersion:   Dev-ReflectionCapture (6B266CEC-1EC7-4B8F-A30B-E4D90942FC07): 1
LogDevObjectVersion:   Dev-Automation (0DF73D61-A23F-47EA-B727-89E90C41499A): 1
LogDevObjectVersion:   FortniteMain (601D1886-AC64-4F84-AA16-D3DE0DEAC7D6): 47
LogDevObjectVersion:   FortniteRelease (E7086368-6B23-4C58-8439-1B7016265E91): 1
LogDevObjectVersion:   Dev-Enterprise (9DFFBCD6-494F-0158-E221-12823C92A888): 10
LogDevObjectVersion:   Dev-Niagara (F2AED0AC-9AFE-416F-8664-AA7FFA26D6FC): 1
LogDevObjectVersion:   Dev-Destruction (174F1F0B-B4C6-45A5-B13F-2EE8D0FB917D): 10
LogDevObjectVersion:   Dev-Physics-Ext (35F94A83-E258-406C-A318-09F59610247C): 41
LogDevObjectVersion:   Dev-PhysicsMaterial-Chaos (B68FC16E-8B1B-42E2-B453-215C058844FE): 1
LogDevObjectVersion:   Dev-CineCamera (B2E18506-4273-CFC2-A54E-F4BB758BBA07): 1
LogDevObjectVersion:   Dev-VirtualProduction (64F58936-FD1B-42BA-BA96-7289D5D0FA4E): 1
LogDevObjectVersion:   Dev-MediaFramework (6F0ED827-A609-4895-9C91-998D90180EA4): 2
LogInit: Presizing for max 25165824 objects, including 0 objects not considered by GC, pre-allocating 0 bytes for permanent pool.
LogConfig: Applying CVar settings from Section [/Script/Engine.StreamingSettings] File [C:/Users/lucys/OneDrive/文档/Unreal Projects/ThomasAdvanture/Saved/Config/Windows/Engine.ini]
LogConfig: Setting CVar [[s.MinBulkDataSizeForAsyncLoading:131072]]
LogConfig: Setting CVar [[s.AsyncLoadingThreadEnabled:0]]
LogConfig: Setting CVar [[s.EventDrivenLoaderEnabled:1]]
LogConfig: Setting CVar [[s.WarnIfTimeLimitExceeded:0]]
LogConfig: Setting CVar [[s.TimeLimitExceededMultiplier:1.5]]
LogConfig: Setting CVar [[s.TimeLimitExceededMinTime:0.005]]
LogConfig: Setting CVar [[s.UseBackgroundLevelStreaming:1]]
LogConfig: Setting CVar [[s.PriorityAsyncLoadingExtraTime:15.0]]
LogConfig: Setting CVar [[s.LevelStreamingActorsUpdateTimeLimit:5.0]]
LogConfig: Setting CVar [[s.PriorityLevelStreamingActorsUpdateExtraTime:5.0]]
LogConfig: Setting CVar [[s.LevelStreamingComponentsRegistrationGranularity:10]]
LogConfig: Setting CVar [[s.UnregisterComponentsTimeLimit:1.0]]
LogConfig: Setting CVar [[s.LevelStreamingComponentsUnregistrationGranularity:5]]
LogConfig: Setting CVar [[s.FlushStreamingOnExit:1]]
LogInit: Object subsystem initialized
LogConfig: Setting CVar [[con.DebugEarlyDefault:1]]
LogConfig: Setting CVar [[r.setres:1280x720]]
[2021.11.15-05.39.05:255][  0]LogConfig: Setting CVar [[r.VSync:0]]
[2021.11.15-05.39.05:255][  0]LogConfig: Setting CVar [[r.RHICmdBypass:0]]
[2021.11.15-05.39.05:255][  0]LogConfig: Applying CVar settings from Section [/Script/Engine.RendererSettings] File [C:/Users/lucys/OneDrive/文档/Unreal Projects/ThomasAdvanture/Saved/Config/Windows/Engine.ini]
[2021.11.15-05.39.05:255][  0]LogConfig: Setting CVar [[r.GPUCrashDebugging:0]]
[2021.11.15-05.39.05:255][  0]LogConfig: Applying CVar settings from Section [/Script/Engine.RendererOverrideSettings] File [C:/Users/lucys/OneDrive/文档/Unreal Projects/ThomasAdvanture/Saved/Config/Windows/Engine.ini]
[2021.11.15-05.39.05:255][  0]LogConfig: Applying CVar settings from Section [/Script/Engine.StreamingSettings] File [C:/Users/lucys/OneDrive/文档/Unreal Projects/ThomasAdvanture/Saved/Config/Windows/Engine.ini]
[2021.11.15-05.39.05:255][  0]LogConfig: Setting CVar [[s.MinBulkDataSizeForAsyncLoading:131072]]
[2021.11.15-05.39.05:255][  0]LogConfig: Setting CVar [[s.AsyncLoadingThreadEnabled:0]]
[2021.11.15-05.39.05:255][  0]LogConfig: Setting CVar [[s.EventDrivenLoaderEnabled:1]]
[2021.11.15-05.39.05:255][  0]LogConfig: Setting CVar [[s.WarnIfTimeLimitExceeded:0]]
[2021.11.15-05.39.05:255][  0]LogConfig: Setting CVar [[s.TimeLimitExceededMultiplier:1.5]]
[2021.11.15-05.39.05:255][  0]LogConfig: Setting CVar [[s.TimeLimitExceededMinTime:0.005]]
[2021.11.15-05.39.05:255][  0]LogConfig: Setting CVar [[s.UseBackgroundLevelStreaming:1]]
[2021.11.15-05.39.05:255][  0]LogConfig: Setting CVar [[s.PriorityAsyncLoadingExtraTime:15.0]]
[2021.11.15-05.39.05:255][  0]LogConfig: Setting CVar [[s.LevelStreamingActorsUpdateTimeLimit:5.0]]
[2021.11.15-05.39.05:255][  0]LogConfig: Setting CVar [[s.PriorityLevelStreamingActorsUpdateExtraTime:5.0]]
[2021.11.15-05.39.05:255][  0]LogConfig: Setting CVar [[s.LevelStreamingComponentsRegistrationGranularity:10]]
[2021.11.15-05.39.05:255][  0]LogConfig: Setting CVar [[s.UnregisterComponentsTimeLimit:1.0]]
[2021.11.15-05.39.05:255][  0]LogConfig: Setting CVar [[s.LevelStreamingComponentsUnregistrationGranularity:5]]
[2021.11.15-05.39.05:255][  0]LogConfig: Setting CVar [[s.FlushStreamingOnExit:1]]
[2021.11.15-05.39.05:255][  0]LogConfig: Applying CVar settings from Section [/Script/Engine.GarbageCollectionSettings] File [C:/Users/lucys/OneDrive/文档/Unreal Projects/ThomasAdvanture/Saved/Config/Windows/Engine.ini]
[2021.11.15-05.39.05:255][  0]LogConfig: Setting CVar [[gc.MaxObjectsNotConsideredByGC:1]]
[2021.11.15-05.39.05:255][  0]LogConfig: Setting CVar [[gc.SizeOfPermanentObjectPool:0]]
[2021.11.15-05.39.05:255][  0]LogConfig: Setting CVar [[gc.FlushStreamingOnGC:0]]
[2021.11.15-05.39.05:255][  0]LogConfig: Setting CVar [[gc.NumRetriesBeforeForcingGC:10]]
[2021.11.15-05.39.05:255][  0]LogConfig: Setting CVar [[gc.AllowParallelGC:1]]
[2021.11.15-05.39.05:255][  0]LogConfig: Setting CVar [[gc.TimeBetweenPurgingPendingKillObjects:61.1]]
[2021.11.15-05.39.05:255][  0]LogConfig: Setting CVar [[gc.MaxObjectsInEditor:25165824]]
[2021.11.15-05.39.05:255][  0]LogConfig: Setting CVar [[gc.IncrementalBeginDestroyEnabled:1]]
[2021.11.15-05.39.05:255][  0]LogConfig: Setting CVar [[gc.CreateGCClusters:1]]
[2021.11.15-05.39.05:255][  0]LogConfig: Setting CVar [[gc.MinGCClusterSize:5]]
[2021.11.15-05.39.05:255][  0]LogConfig: Setting CVar [[gc.ActorClusteringEnabled:0]]
[2021.11.15-05.39.05:255][  0]LogConfig: Setting CVar [[gc.BlueprintClusteringEnabled:0]]
[2021.11.15-05.39.05:255][  0]LogConfig: Setting CVar [[gc.UseDisregardForGCOnDedicatedServers:0]]
[2021.11.15-05.39.05:256][  0]LogConfig: Setting CVar [[gc.MultithreadedDestructionEnabled:1]]
[2021.11.15-05.39.05:256][  0]LogConfig: Applying CVar settings from Section [/Script/Engine.NetworkSettings] File [C:/Users/lucys/OneDrive/文档/Unreal Projects/ThomasAdvanture/Saved/Config/Windows/Engine.ini]
[2021.11.15-05.39.05:256][  0]LogConfig: Applying CVar settings from Section [/Script/UnrealEd.CookerSettings] File [C:/Users/lucys/OneDrive/文档/Unreal Projects/ThomasAdvanture/Saved/Config/Windows/Engine.ini]
[2021.11.15-05.39.05:259][  0]LogConfig: Applying CVar settings from Section [ViewDistanceQuality@3] File [C:/Users/lucys/OneDrive/文档/Unreal Projects/ThomasAdvanture/Saved/Config/Windows/Scalability.ini]
[2021.11.15-05.39.05:259][  0]LogConfig: Setting CVar [[r.SkeletalMeshLODBias:0]]
[2021.11.15-05.39.05:259][  0]LogConfig: Setting CVar [[r.ViewDistanceScale:1.0]]
[2021.11.15-05.39.05:259][  0]LogConfig: Applying CVar settings from Section [AntiAliasingQuality@3] File [C:/Users/lucys/OneDrive/文档/Unreal Projects/ThomasAdvanture/Saved/Config/Windows/Scalability.ini]
[2021.11.15-05.39.05:259][  0]LogConfig: Setting CVar [[r.PostProcessAAQuality:4]]
[2021.11.15-05.39.05:259][  0]LogConfig: Applying CVar settings from Section [ShadowQuality@3] File [C:/Users/lucys/OneDrive/文档/Unreal Projects/ThomasAdvanture/Saved/Config/Windows/Scalability.ini]
[2021.11.15-05.39.05:259][  0]LogConfig: Setting CVar [[r.LightFunctionQuality:1]]
[2021.11.15-05.39.05:259][  0]LogConfig: Setting CVar [[r.ShadowQuality:5]]
[2021.11.15-05.39.05:259][  0]LogConfig: Setting CVar [[r.Shadow.CSM.MaxCascades:10]]
[2021.11.15-05.39.05:259][  0]LogConfig: Setting CVar [[r.Shadow.MaxResolution:2048]]
[2021.11.15-05.39.05:259][  0]LogConfig: Setting CVar [[r.Shadow.MaxCSMResolution:2048]]
[2021.11.15-05.39.05:260][  0]LogConfig: Setting CVar [[r.Shadow.RadiusThreshold:0.01]]
[2021.11.15-05.39.05:260][  0]LogConfig: Setting CVar [[r.Shadow.DistanceScale:1.0]]
[2021.11.15-05.39.05:260][  0]LogConfig: Setting CVar [[r.Shadow.CSM.TransitionScale:1.0]]
[2021.11.15-05.39.05:260][  0]LogConfig: Setting CVar [[r.Shadow.PreShadowResolutionFactor:1.0]]
[2021.11.15-05.39.05:260][  0]LogConfig: Setting CVar [[r.DistanceFieldShadowing:1]]
[2021.11.15-05.39.05:260][  0]LogConfig: Setting CVar [[r.DistanceFieldAO:1]]
[2021.11.15-05.39.05:260][  0]LogConfig: Setting CVar [[r.AOQuality:2]]
[2021.11.15-05.39.05:260][  0]LogConfig: Setting CVar [[r.VolumetricFog:1]]
[2021.11.15-05.39.05:260][  0]LogConfig: Setting CVar [[r.VolumetricFog.GridPixelSize:8]]
[2021.11.15-05.39.05:260][  0]LogConfig: Setting CVar [[r.VolumetricFog.GridSizeZ:128]]
[2021.11.15-05.39.05:260][  0]LogConfig: Setting CVar [[r.VolumetricFog.HistoryMissSupersampleCount:4]]
[2021.11.15-05.39.05:260][  0]LogConfig: Setting CVar [[r.LightMaxDrawDistanceScale:1]]
[2021.11.15-05.39.05:260][  0]LogConfig: Setting CVar [[r.CapsuleShadows:1]]
[2021.11.15-05.39.05:260][  0]LogConfig: Applying CVar settings from Section [PostProcessQuality@3] File [C:/Users/lucys/OneDrive/文档/Unreal Projects/ThomasAdvanture/Saved/Config/Windows/Scalability.ini]
[2021.11.15-05.39.05:260][  0]LogConfig: Setting CVar [[r.MotionBlurQuality:4]]
[2021.11.15-05.39.05:260][  0]LogConfig: Setting CVar [[r.AmbientOcclusionMipLevelFactor:0.4]]
[2021.11.15-05.39.05:260][  0]LogConfig: Setting CVar [[r.AmbientOcclusionMaxQuality:100]]
[2021.11.15-05.39.05:260][  0]LogConfig: Setting CVar [[r.AmbientOcclusionLevels:-1]]
[2021.11.15-05.39.05:260][  0]LogConfig: Setting CVar [[r.AmbientOcclusionRadiusScale:1.0]]
[2021.11.15-05.39.05:260][  0]LogConfig: Setting CVar [[r.DepthOfFieldQuality:2]]
[2021.11.15-05.39.05:260][  0]LogConfig: Setting CVar [[r.RenderTargetPoolMin:400]]
[2021.11.15-05.39.05:260][  0]LogConfig: Setting CVar [[r.LensFlareQuality:2]]
[2021.11.15-05.39.05:260][  0]LogConfig: Setting CVar [[r.SceneColorFringeQuality:1]]
[2021.11.15-05.39.05:260][  0]LogConfig: Setting CVar [[r.EyeAdaptationQuality:2]]
[2021.11.15-05.39.05:260][  0]LogConfig: Setting CVar [[r.BloomQuality:5]]
[2021.11.15-05.39.05:260][  0]LogConfig: Setting CVar [[r.FastBlurThreshold:100]]
[2021.11.15-05.39.05:260][  0]LogConfig: Setting CVar [[r.Upscale.Quality:3]]
[2021.11.15-05.39.05:260][  0]LogConfig: Setting CVar [[r.Tonemapper.GrainQuantization:1]]
[2021.11.15-05.39.05:260][  0]LogConfig: Setting CVar [[r.LightShaftQuality:1]]
[2021.11.15-05.39.05:260][  0]LogConfig: Setting CVar [[r.Filter.SizeScale:1]]
[2021.11.15-05.39.05:260][  0]LogConfig: Setting CVar [[r.Tonemapper.Quality:5]]
[2021.11.15-05.39.05:260][  0]LogConfig: Setting CVar [[r.DOF.Gather.AccumulatorQuality:1        ; higher gathering accumulator quality]]
[2021.11.15-05.39.05:260][  0]LogConfig: Setting CVar [[r.DOF.Gather.PostfilterMethod:1          ; Median3x3 postfilering method]]
[2021.11.15-05.39.05:260][  0]LogConfig: Setting CVar [[r.DOF.Gather.EnableBokehSettings:0       ; no bokeh simulation when gathering]]
[2021.11.15-05.39.05:260][  0]LogConfig: Setting CVar [[r.DOF.Gather.RingCount:4                 ; medium number of samples when gathering]]
[2021.11.15-05.39.05:260][  0]LogConfig: Setting CVar [[r.DOF.Scatter.ForegroundCompositing:1    ; additive foreground scattering]]
[2021.11.15-05.39.05:260][  0]LogConfig: Setting CVar [[r.DOF.Scatter.BackgroundCompositing:2    ; additive background scattering]]
[2021.11.15-05.39.05:260][  0]LogConfig: Setting CVar [[r.DOF.Scatter.EnableBokehSettings:1      ; bokeh simulation when scattering]]
[2021.11.15-05.39.05:260][  0]LogConfig: Setting CVar [[r.DOF.Scatter.MaxSpriteRatio:0.1         ; only a maximum of 10% of scattered bokeh]]
[2021.11.15-05.39.05:260][  0]LogConfig: Setting CVar [[r.DOF.Recombine.Quality:1                ; cheap slight out of focus]]
[2021.11.15-05.39.05:260][  0]LogConfig: Setting CVar [[r.DOF.Recombine.EnableBokehSettings:0    ; no bokeh simulation on slight out of focus]]
[2021.11.15-05.39.05:260][  0]LogConfig: Setting CVar [[r.DOF.TemporalAAQuality:1                ; more stable temporal accumulation]]
[2021.11.15-05.39.05:260][  0]LogConfig: Setting CVar [[r.DOF.Kernel.MaxForegroundRadius:0.025]]
[2021.11.15-05.39.05:260][  0]LogConfig: Setting CVar [[r.DOF.Kernel.MaxBackgroundRadius:0.025]]
[2021.11.15-05.39.05:260][  0]LogConfig: Applying CVar settings from Section [TextureQuality@3] File [C:/Users/lucys/OneDrive/文档/Unreal Projects/ThomasAdvanture/Saved/Config/Windows/Scalability.ini]
[2021.11.15-05.39.05:260][  0]LogConfig: Setting CVar [[r.Streaming.MipBias:0]]
[2021.11.15-05.39.05:260][  0]LogConfig: Setting CVar [[r.Streaming.AmortizeCPUToGPUCopy:0]]
[2021.11.15-05.39.05:260][  0]LogConfig: Setting CVar [[r.Streaming.MaxNumTexturesToStreamPerFrame:0]]
[2021.11.15-05.39.05:260][  0]LogConfig: Setting CVar [[r.Streaming.Boost:1]]
[2021.11.15-05.39.05:260][  0]LogConfig: Setting CVar [[r.MaxAnisotropy:8]]
[2021.11.15-05.39.05:260][  0]LogConfig: Setting CVar [[r.VT.MaxAnisotropy:8]]
[2021.11.15-05.39.05:260][  0]LogConfig: Setting CVar [[r.Streaming.LimitPoolSizeToVRAM:0]]
[2021.11.15-05.39.05:260][  0]LogConfig: Setting CVar [[r.Streaming.PoolSize:1000]]
[2021.11.15-05.39.05:260][  0]LogConfig: Setting CVar [[r.Streaming.MaxEffectiveScreenSize:0]]
[2021.11.15-05.39.05:260][  0]LogConfig: Applying CVar settings from Section [EffectsQuality@3] File [C:/Users/lucys/OneDrive/文档/Unreal Projects/ThomasAdvanture/Saved/Config/Windows/Scalability.ini]
[2021.11.15-05.39.05:260][  0]LogConfig: Setting CVar [[r.TranslucencyLightingVolumeDim:64]]
[2021.11.15-05.39.05:260][  0]LogConfig: Setting CVar [[r.RefractionQuality:2]]
[2021.11.15-05.39.05:260][  0]LogConfig: Setting CVar [[r.SSR.Quality:3]]
[2021.11.15-05.39.05:260][  0]LogConfig: Setting CVar [[r.SSR.HalfResSceneColor:0]]
[2021.11.15-05.39.05:260][  0]LogConfig: Setting CVar [[r.SceneColorFormat:4]]
[2021.11.15-05.39.05:260][  0]LogConfig: Setting CVar [[r.DetailMode:2]]
[2021.11.15-05.39.05:260][  0]LogConfig: Setting CVar [[r.TranslucencyVolumeBlur:1]]
[2021.11.15-05.39.05:260][  0]LogConfig: Setting CVar [[r.MaterialQualityLevel:1 ; High quality]]
[2021.11.15-05.39.05:260][  0]LogConfig: Setting CVar [[r.AnisotropicMaterials:1]]
[2021.11.15-05.39.05:260][  0]LogConfig: Setting CVar [[r.SSS.Scale:1]]
[2021.11.15-05.39.05:260][  0]LogConfig: Setting CVar [[r.SSS.SampleSet:2]]
[2021.11.15-05.39.05:260][  0]LogConfig: Setting CVar [[r.SSS.Quality:1]]
[2021.11.15-05.39.05:260][  0]LogConfig: Setting CVar [[r.SSS.HalfRes:0]]
[2021.11.15-05.39.05:260][  0]LogConfig: Setting CVar [[r.SSGI.Quality:3]]
[2021.11.15-05.39.05:260][  0]LogConfig: Setting CVar [[r.EmitterSpawnRateScale:1.0]]
[2021.11.15-05.39.05:260][  0]LogConfig: Setting CVar [[r.ParticleLightQuality:2]]
[2021.11.15-05.39.05:260][  0]LogConfig: Setting CVar [[r.SkyAtmosphere.AerialPerspectiveLUT.FastApplyOnOpaque:1 ; Always have FastSkyLUT 1 in this case to avoid wrong sky]]
[2021.11.15-05.39.05:260][  0]LogConfig: Setting CVar [[r.SkyAtmosphere.AerialPerspectiveLUT.SampleCountMaxPerSlice:4]]
[2021.11.15-05.39.05:260][  0]LogConfig: Setting CVar [[r.SkyAtmosphere.AerialPerspectiveLUT.DepthResolution:16.0]]
[2021.11.15-05.39.05:260][  0]LogConfig: Setting CVar [[r.SkyAtmosphere.FastSkyLUT:1]]
[2021.11.15-05.39.05:260][  0]LogConfig: Setting CVar [[r.SkyAtmosphere.FastSkyLUT.SampleCountMin:4.0]]
[2021.11.15-05.39.05:260][  0]LogConfig: Setting CVar [[r.SkyAtmosphere.FastSkyLUT.SampleCountMax:128.0]]
[2021.11.15-05.39.05:260][  0]LogConfig: Setting CVar [[r.SkyAtmosphere.SampleCountMin:4.0]]
[2021.11.15-05.39.05:260][  0]LogConfig: Setting CVar [[r.SkyAtmosphere.SampleCountMax:128.0]]
[2021.11.15-05.39.05:260][  0]LogConfig: Setting CVar [[r.SkyAtmosphere.TransmittanceLUT.UseSmallFormat:0]]
[2021.11.15-05.39.05:260][  0]LogConfig: Setting CVar [[r.SkyAtmosphere.TransmittanceLUT.SampleCount:10.0]]
[2021.11.15-05.39.05:260][  0]LogConfig: Setting CVar [[r.SkyAtmosphere.MultiScatteringLUT.SampleCount:15.0]]
[2021.11.15-05.39.05:260][  0]LogConfig: Setting CVar [[r.SkyLight.RealTimeReflectionCapture:1]]
[2021.11.15-05.39.05:260][  0]LogConfig: Applying CVar settings from Section [FoliageQuality@3] File [C:/Users/lucys/OneDrive/文档/Unreal Projects/ThomasAdvanture/Saved/Config/Windows/Scalability.ini]
[2021.11.15-05.39.05:260][  0]LogConfig: Setting CVar [[foliage.DensityScale:1.0]]
[2021.11.15-05.39.05:260][  0]LogConfig: Setting CVar [[grass.DensityScale:1.0]]
[2021.11.15-05.39.05:260][  0]LogConfig: Applying CVar settings from Section [ShadingQuality@3] File [C:/Users/lucys/OneDrive/文档/Unreal Projects/ThomasAdvanture/Saved/Config/Windows/Scalability.ini]
[2021.11.15-05.39.05:260][  0]LogConfig: Setting CVar [[r.HairStrands.SkyLighting.IntegrationType:2]]
[2021.11.15-05.39.05:260][  0]LogConfig: Setting CVar [[r.HairStrands.SkyAO.SampleCount:4]]
[2021.11.15-05.39.05:260][  0]LogConfig: Setting CVar [[r.HairStrands.Visibility.MSAA.SamplePerPixel:4]]
[2021.11.15-05.39.05:260][  0]LogInit: Selected Device Profile: [Windows]
[2021.11.15-05.39.05:260][  0]LogInit: Applying CVar settings loaded from the selected device profile: [Windows]
[2021.11.15-05.39.05:260][  0]LogHAL: Display: Platform has ~ 32 GB [34301116416 / 34359738368 / 32], which maps to Largest [LargestMinGB=32, LargerMinGB=12, DefaultMinGB=8, SmallerMinGB=6, SmallestMinGB=0)
[2021.11.15-05.39.05:260][  0]LogInit: Going up to parent DeviceProfile []
[2021.11.15-05.39.05:260][  0]LogConfig: Applying CVar settings from Section [ViewDistanceQuality@3] File [C:/Users/lucys/OneDrive/文档/Unreal Projects/ThomasAdvanture/Saved/Config/Windows/Scalability.ini]
[2021.11.15-05.39.05:260][  0]LogConfig: Setting CVar [[r.SkeletalMeshLODBias:0]]
[2021.11.15-05.39.05:260][  0]LogConfig: Setting CVar [[r.ViewDistanceScale:1.0]]
[2021.11.15-05.39.05:260][  0]LogConfig: Applying CVar settings from Section [AntiAliasingQuality@3] File [C:/Users/lucys/OneDrive/文档/Unreal Projects/ThomasAdvanture/Saved/Config/Windows/Scalability.ini]
[2021.11.15-05.39.05:260][  0]LogConfig: Setting CVar [[r.PostProcessAAQuality:4]]
[2021.11.15-05.39.05:260][  0]LogConfig: Applying CVar settings from Section [ShadowQuality@3] File [C:/Users/lucys/OneDrive/文档/Unreal Projects/ThomasAdvanture/Saved/Config/Windows/Scalability.ini]
[2021.11.15-05.39.05:260][  0]LogConfig: Setting CVar [[r.LightFunctionQuality:1]]
[2021.11.15-05.39.05:260][  0]LogConfig: Setting CVar [[r.ShadowQuality:5]]
[2021.11.15-05.39.05:260][  0]LogConfig: Setting CVar [[r.Shadow.CSM.MaxCascades:10]]
[2021.11.15-05.39.05:260][  0]LogConfig: Setting CVar [[r.Shadow.MaxResolution:2048]]
[2021.11.15-05.39.05:260][  0]LogConfig: Setting CVar [[r.Shadow.MaxCSMResolution:2048]]
[2021.11.15-05.39.05:260][  0]LogConfig: Setting CVar [[r.Shadow.RadiusThreshold:0.01]]
[2021.11.15-05.39.05:260][  0]LogConfig: Setting CVar [[r.Shadow.DistanceScale:1.0]]
[2021.11.15-05.39.05:260][  0]LogConfig: Setting CVar [[r.Shadow.CSM.TransitionScale:1.0]]
[2021.11.15-05.39.05:260][  0]LogConfig: Setting CVar [[r.Shadow.PreShadowResolutionFactor:1.0]]
[2021.11.15-05.39.05:260][  0]LogConfig: Setting CVar [[r.DistanceFieldShadowing:1]]
[2021.11.15-05.39.05:260][  0]LogConfig: Setting CVar [[r.DistanceFieldAO:1]]
[2021.11.15-05.39.05:260][  0]LogConfig: Setting CVar [[r.AOQuality:2]]
[2021.11.15-05.39.05:261][  0]LogConfig: Setting CVar [[r.VolumetricFog:1]]
[2021.11.15-05.39.05:261][  0]LogConfig: Setting CVar [[r.VolumetricFog.GridPixelSize:8]]
[2021.11.15-05.39.05:261][  0]LogConfig: Setting CVar [[r.VolumetricFog.GridSizeZ:128]]
[2021.11.15-05.39.05:261][  0]LogConfig: Setting CVar [[r.VolumetricFog.HistoryMissSupersampleCount:4]]
[2021.11.15-05.39.05:261][  0]LogConfig: Setting CVar [[r.LightMaxDrawDistanceScale:1]]
[2021.11.15-05.39.05:261][  0]LogConfig: Setting CVar [[r.CapsuleShadows:1]]
[2021.11.15-05.39.05:261][  0]LogConfig: Applying CVar settings from Section [PostProcessQuality@3] File [C:/Users/lucys/OneDrive/文档/Unreal Projects/ThomasAdvanture/Saved/Config/Windows/Scalability.ini]
[2021.11.15-05.39.05:261][  0]LogConfig: Setting CVar [[r.MotionBlurQuality:4]]
[2021.11.15-05.39.05:261][  0]LogConfig: Setting CVar [[r.AmbientOcclusionMipLevelFactor:0.4]]
[2021.11.15-05.39.05:261][  0]LogConfig: Setting CVar [[r.AmbientOcclusionMaxQuality:100]]
[2021.11.15-05.39.05:261][  0]LogConfig: Setting CVar [[r.AmbientOcclusionLevels:-1]]
[2021.11.15-05.39.05:261][  0]LogConfig: Setting CVar [[r.AmbientOcclusionRadiusScale:1.0]]
[2021.11.15-05.39.05:261][  0]LogConfig: Setting CVar [[r.DepthOfFieldQuality:2]]
[2021.11.15-05.39.05:261][  0]LogConfig: Setting CVar [[r.RenderTargetPoolMin:400]]
[2021.11.15-05.39.05:261][  0]LogConfig: Setting CVar [[r.LensFlareQuality:2]]
[2021.11.15-05.39.05:261][  0]LogConfig: Setting CVar [[r.SceneColorFringeQuality:1]]
[2021.11.15-05.39.05:261][  0]LogConfig: Setting CVar [[r.EyeAdaptationQuality:2]]
[2021.11.15-05.39.05:261][  0]LogConfig: Setting CVar [[r.BloomQuality:5]]
[2021.11.15-05.39.05:261][  0]LogConfig: Setting CVar [[r.FastBlurThreshold:100]]
[2021.11.15-05.39.05:261][  0]LogConfig: Setting CVar [[r.Upscale.Quality:3]]
[2021.11.15-05.39.05:261][  0]LogConfig: Setting CVar [[r.Tonemapper.GrainQuantization:1]]
[2021.11.15-05.39.05:261][  0]LogConfig: Setting CVar [[r.LightShaftQuality:1]]
[2021.11.15-05.39.05:261][  0]LogConfig: Setting CVar [[r.Filter.SizeScale:1]]
[2021.11.15-05.39.05:261][  0]LogConfig: Setting CVar [[r.Tonemapper.Quality:5]]
[2021.11.15-05.39.05:261][  0]LogConfig: Setting CVar [[r.DOF.Gather.AccumulatorQuality:1        ; higher gathering accumulator quality]]
[2021.11.15-05.39.05:261][  0]LogConfig: Setting CVar [[r.DOF.Gather.PostfilterMethod:1          ; Median3x3 postfilering method]]
[2021.11.15-05.39.05:261][  0]LogConfig: Setting CVar [[r.DOF.Gather.EnableBokehSettings:0       ; no bokeh simulation when gathering]]
[2021.11.15-05.39.05:261][  0]LogConfig: Setting CVar [[r.DOF.Gather.RingCount:4                 ; medium number of samples when gathering]]
[2021.11.15-05.39.05:261][  0]LogConfig: Setting CVar [[r.DOF.Scatter.ForegroundCompositing:1    ; additive foreground scattering]]
[2021.11.15-05.39.05:261][  0]LogConfig: Setting CVar [[r.DOF.Scatter.BackgroundCompositing:2    ; additive background scattering]]
[2021.11.15-05.39.05:261][  0]LogConfig: Setting CVar [[r.DOF.Scatter.EnableBokehSettings:1      ; bokeh simulation when scattering]]
[2021.11.15-05.39.05:261][  0]LogConfig: Setting CVar [[r.DOF.Scatter.MaxSpriteRatio:0.1         ; only a maximum of 10% of scattered bokeh]]
[2021.11.15-05.39.05:261][  0]LogConfig: Setting CVar [[r.DOF.Recombine.Quality:1                ; cheap slight out of focus]]
[2021.11.15-05.39.05:261][  0]LogConfig: Setting CVar [[r.DOF.Recombine.EnableBokehSettings:0    ; no bokeh simulation on slight out of focus]]
[2021.11.15-05.39.05:261][  0]LogConfig: Setting CVar [[r.DOF.TemporalAAQuality:1                ; more stable temporal accumulation]]
[2021.11.15-05.39.05:261][  0]LogConfig: Setting CVar [[r.DOF.Kernel.MaxForegroundRadius:0.025]]
[2021.11.15-05.39.05:261][  0]LogConfig: Setting CVar [[r.DOF.Kernel.MaxBackgroundRadius:0.025]]
[2021.11.15-05.39.05:261][  0]LogConfig: Applying CVar settings from Section [TextureQuality@3] File [C:/Users/lucys/OneDrive/文档/Unreal Projects/ThomasAdvanture/Saved/Config/Windows/Scalability.ini]
[2021.11.15-05.39.05:261][  0]LogConfig: Setting CVar [[r.Streaming.MipBias:0]]
[2021.11.15-05.39.05:261][  0]LogConfig: Setting CVar [[r.Streaming.AmortizeCPUToGPUCopy:0]]
[2021.11.15-05.39.05:261][  0]LogConfig: Setting CVar [[r.Streaming.MaxNumTexturesToStreamPerFrame:0]]
[2021.11.15-05.39.05:261][  0]LogConfig: Setting CVar [[r.Streaming.Boost:1]]
[2021.11.15-05.39.05:261][  0]LogConfig: Setting CVar [[r.MaxAnisotropy:8]]
[2021.11.15-05.39.05:261][  0]LogConfig: Setting CVar [[r.VT.MaxAnisotropy:8]]
[2021.11.15-05.39.05:261][  0]LogConfig: Setting CVar [[r.Streaming.LimitPoolSizeToVRAM:0]]
[2021.11.15-05.39.05:261][  0]LogConfig: Setting CVar [[r.Streaming.PoolSize:1000]]
[2021.11.15-05.39.05:261][  0]LogConfig: Setting CVar [[r.Streaming.MaxEffectiveScreenSize:0]]
[2021.11.15-05.39.05:261][  0]LogConfig: Applying CVar settings from Section [EffectsQuality@3] File [C:/Users/lucys/OneDrive/文档/Unreal Projects/ThomasAdvanture/Saved/Config/Windows/Scalability.ini]
[2021.11.15-05.39.05:261][  0]LogConfig: Setting CVar [[r.TranslucencyLightingVolumeDim:64]]
[2021.11.15-05.39.05:261][  0]LogConfig: Setting CVar [[r.RefractionQuality:2]]
[2021.11.15-05.39.05:261][  0]LogConfig: Setting CVar [[r.SSR.Quality:3]]
[2021.11.15-05.39.05:261][  0]LogConfig: Setting CVar [[r.SSR.HalfResSceneColor:0]]
[2021.11.15-05.39.05:261][  0]LogConfig: Setting CVar [[r.SceneColorFormat:4]]
[2021.11.15-05.39.05:261][  0]LogConfig: Setting CVar [[r.DetailMode:2]]
[2021.11.15-05.39.05:261][  0]LogConfig: Setting CVar [[r.TranslucencyVolumeBlur:1]]
[2021.11.15-05.39.05:261][  0]LogConfig: Setting CVar [[r.MaterialQualityLevel:1 ; High quality]]
[2021.11.15-05.39.05:261][  0]LogConfig: Setting CVar [[r.AnisotropicMaterials:1]]
[2021.11.15-05.39.05:261][  0]LogConfig: Setting CVar [[r.SSS.Scale:1]]
[2021.11.15-05.39.05:261][  0]LogConfig: Setting CVar [[r.SSS.SampleSet:2]]
[2021.11.15-05.39.05:261][  0]LogConfig: Setting CVar [[r.SSS.Quality:1]]
[2021.11.15-05.39.05:261][  0]LogConfig: Setting CVar [[r.SSS.HalfRes:0]]
[2021.11.15-05.39.05:261][  0]LogConfig: Setting CVar [[r.SSGI.Quality:3]]
[2021.11.15-05.39.05:261][  0]LogConfig: Setting CVar [[r.EmitterSpawnRateScale:1.0]]
[2021.11.15-05.39.05:261][  0]LogConfig: Setting CVar [[r.ParticleLightQuality:2]]
[2021.11.15-05.39.05:261][  0]LogConfig: Setting CVar [[r.SkyAtmosphere.AerialPerspectiveLUT.FastApplyOnOpaque:1 ; Always have FastSkyLUT 1 in this case to avoid wrong sky]]
[2021.11.15-05.39.05:261][  0]LogConfig: Setting CVar [[r.SkyAtmosphere.AerialPerspectiveLUT.SampleCountMaxPerSlice:4]]
[2021.11.15-05.39.05:261][  0]LogConfig: Setting CVar [[r.SkyAtmosphere.AerialPerspectiveLUT.DepthResolution:16.0]]
[2021.11.15-05.39.05:261][  0]LogConfig: Setting CVar [[r.SkyAtmosphere.FastSkyLUT:1]]
[2021.11.15-05.39.05:261][  0]LogConfig: Setting CVar [[r.SkyAtmosphere.FastSkyLUT.SampleCountMin:4.0]]
[2021.11.15-05.39.05:261][  0]LogConfig: Setting CVar [[r.SkyAtmosphere.FastSkyLUT.SampleCountMax:128.0]]
[2021.11.15-05.39.05:261][  0]LogConfig: Setting CVar [[r.SkyAtmosphere.SampleCountMin:4.0]]
[2021.11.15-05.39.05:261][  0]LogConfig: Setting CVar [[r.SkyAtmosphere.SampleCountMax:128.0]]
[2021.11.15-05.39.05:261][  0]LogConfig: Setting CVar [[r.SkyAtmosphere.TransmittanceLUT.UseSmallFormat:0]]
[2021.11.15-05.39.05:261][  0]LogConfig: Setting CVar [[r.SkyAtmosphere.TransmittanceLUT.SampleCount:10.0]]
[2021.11.15-05.39.05:261][  0]LogConfig: Setting CVar [[r.SkyAtmosphere.MultiScatteringLUT.SampleCount:15.0]]
[2021.11.15-05.39.05:261][  0]LogConfig: Setting CVar [[r.SkyLight.RealTimeReflectionCapture:1]]
[2021.11.15-05.39.05:261][  0]LogConfig: Applying CVar settings from Section [FoliageQuality@3] File [C:/Users/lucys/OneDrive/文档/Unreal Projects/ThomasAdvanture/Saved/Config/Windows/Scalability.ini]
[2021.11.15-05.39.05:261][  0]LogConfig: Setting CVar [[foliage.DensityScale:1.0]]
[2021.11.15-05.39.05:261][  0]LogConfig: Setting CVar [[grass.DensityScale:1.0]]
[2021.11.15-05.39.05:261][  0]LogConfig: Applying CVar settings from Section [ShadingQuality@3] File [C:/Users/lucys/OneDrive/文档/Unreal Projects/ThomasAdvanture/Saved/Config/Windows/Scalability.ini]
[2021.11.15-05.39.05:261][  0]LogConfig: Setting CVar [[r.HairStrands.SkyLighting.IntegrationType:2]]
[2021.11.15-05.39.05:261][  0]LogConfig: Setting CVar [[r.HairStrands.SkyAO.SampleCount:4]]
[2021.11.15-05.39.05:261][  0]LogConfig: Setting CVar [[r.HairStrands.Visibility.MSAA.SamplePerPixel:4]]
[2021.11.15-05.39.05:261][  0]LogConfig: Applying CVar settings from Section [Startup] File [../../../Engine/Config/ConsoleVariables.ini]
[2021.11.15-05.39.05:262][  0]LogConfig: Setting CVar [[net.UseAdaptiveNetUpdateFrequency:0]]
[2021.11.15-05.39.05:262][  0]LogConfig: Setting CVar [[p.chaos.AllowCreatePhysxBodies:1]]
[2021.11.15-05.39.05:262][  0]LogConfig: Setting CVar [[fx.SkipVectorVMBackendOptimizations:1]]
[2021.11.15-05.39.05:262][  0]LogConfig: Applying CVar settings from Section [ConsoleVariables] File [C:/Users/lucys/OneDrive/文档/Unreal Projects/ThomasAdvanture/Saved/Config/Windows/Engine.ini]
[2021.11.15-05.39.05:262][  0]LogConfig: Applying CVar settings from Section [ConsoleVariables] File [C:/Users/lucys/OneDrive/文档/Unreal Projects/ThomasAdvanture/Saved/Config/Windows/Editor.ini]
[2021.11.15-05.39.05:262][  0]LogInit: Computer: BLD
[2021.11.15-05.39.05:262][  0]LogInit: User: SYJ
[2021.11.15-05.39.05:262][  0]LogInit: CPU Page size=4096, Cores=8
[2021.11.15-05.39.05:262][  0]LogInit: High frequency timer resolution =10.000000 MHz
[2021.11.15-05.39.05:262][  0]LogMemory: Memory total: Physical=31.9GB (32GB approx)
[2021.11.15-05.39.05:262][  0]LogMemory: Platform Memory Stats for Windows
[2021.11.15-05.39.05:262][  0]LogMemory: Process Physical Memory: 146.60 MB used, 146.61 MB peak
[2021.11.15-05.39.05:262][  0]LogMemory: Process Virtual Memory: 131.36 MB used, 131.36 MB peak
[2021.11.15-05.39.05:262][  0]LogMemory: Physical Memory: 12118.23 MB used,  20593.87 MB free, 32712.09 MB total
[2021.11.15-05.39.05:262][  0]LogMemory: Virtual Memory: 134196672.00 MB used,  21053.01 MB free, 134217728.00 MB total
[2021.11.15-05.39.05:265][  0]LogWindows: WindowsPlatformFeatures enabled
[2021.11.15-05.39.05:291][  0]LogInit: Physics initialised using underlying interface: PhysX
[2021.11.15-05.39.05:292][  0]LogInit: Using OS detected language (en-US).
[2021.11.15-05.39.05:292][  0]LogInit: Using OS detected locale (en-US).
[2021.11.15-05.39.05:294][  0]LogTextLocalizationManager: No specific localization for 'en-US' exists, so the 'en' localization will be used.
[2021.11.15-05.39.05:434][  0]LogInit: Setting process to per monitor DPI aware
[2021.11.15-05.39.05:444][  0]LogWindowsTextInputMethodSystem: Display: IME system deactivated.
[2021.11.15-05.39.05:454][  0]LogSlate: New Slate User Created.  User Index 0, Is Virtual User: 0
[2021.11.15-05.39.05:454][  0]LogSlate: Slate User Registered.  User Index 0, Is Virtual User: 0
[2021.11.15-05.39.05:545][  0]LogD3D11RHI: Loaded GFSDK_Aftermath_Lib.x64.dll
[2021.11.15-05.39.05:547][  0]LogHMD: Failed to initialize OpenVR with code 110
[2021.11.15-05.39.05:547][  0]LogD3D11RHI: D3D11 min allowed feature level: 11_0
[2021.11.15-05.39.05:547][  0]LogD3D11RHI: D3D11 max allowed feature level: 11_0
[2021.11.15-05.39.05:547][  0]LogD3D11RHI: D3D11 adapters:
[2021.11.15-05.39.05:641][  0]LogD3D11RHI:    0. 'NVIDIA GeForce RTX 3080 Ti' (Feature Level 11_0)
[2021.11.15-05.39.05:641][  0]LogD3D11RHI:       12108/0/16356 MB DedicatedVideo/DedicatedSystem/SharedSystem, Outputs:1, VendorId:0x10de
[2021.11.15-05.39.05:642][  0]LogD3D11RHI:    1. 'Microsoft Basic Render Driver' (Feature Level 11_0)
[2021.11.15-05.39.05:642][  0]LogD3D11RHI:       0/0/16356 MB DedicatedVideo/DedicatedSystem/SharedSystem, Outputs:0, VendorId:0x1414
[2021.11.15-05.39.05:642][  0]LogD3D11RHI: Chosen D3D11 Adapter:
[2021.11.15-05.39.05:642][  0]LogD3D11RHI:     Description : NVIDIA GeForce RTX 3080 Ti
[2021.11.15-05.39.05:642][  0]LogD3D11RHI:     VendorId    : 10de
[2021.11.15-05.39.05:642][  0]LogD3D11RHI:     DeviceId    : 2208
[2021.11.15-05.39.05:642][  0]LogD3D11RHI:     SubSysId    : 153510de
[2021.11.15-05.39.05:642][  0]LogD3D11RHI:     Revision    : 00a1
[2021.11.15-05.39.05:642][  0]LogD3D11RHI:     DedicatedVideoMemory : 12696158208 bytes
[2021.11.15-05.39.05:642][  0]LogD3D11RHI:     DedicatedSystemMemory : 0 bytes
[2021.11.15-05.39.05:642][  0]LogD3D11RHI:     SharedSystemMemory : 17150558208 bytes
[2021.11.15-05.39.05:642][  0]LogD3D11RHI:     AdapterLuid : 0 40121
[2021.11.15-05.39.05:652][  0]LogD3D11RHI: Creating new Direct3DDevice
[2021.11.15-05.39.05:652][  0]LogD3D11RHI:     GPU DeviceId: 0x2208 (for the marketing name, search the web for "GPU Device Id")
[2021.11.15-05.39.05:652][  0]LogWindows: EnumDisplayDevices:
[2021.11.15-05.39.05:652][  0]LogWindows:    0. 'NVIDIA GeForce RTX 3080 Ti' (P:1 D:1)
[2021.11.15-05.39.05:652][  0]LogWindows:    1. 'NVIDIA GeForce RTX 3080 Ti' (P:0 D:0)
[2021.11.15-05.39.05:653][  0]LogWindows:    2. 'NVIDIA GeForce RTX 3080 Ti' (P:0 D:0)
[2021.11.15-05.39.05:653][  0]LogWindows:    3. 'NVIDIA GeForce RTX 3080 Ti' (P:0 D:0)
[2021.11.15-05.39.05:653][  0]LogWindows: DebugString: FoundDriverCount:4 
[2021.11.15-05.39.05:653][  0]LogD3D11RHI:     Adapter Name: NVIDIA GeForce RTX 3080 Ti
[2021.11.15-05.39.05:653][  0]LogD3D11RHI:   Driver Version: 472.12 (internal:30.0.14.7212, unified:472.12)
[2021.11.15-05.39.05:653][  0]LogD3D11RHI:      Driver Date: 9-13-2021
[2021.11.15-05.39.05:653][  0]LogRHI: Texture pool is 8475 MB (70% of 12108 MB)
[2021.11.15-05.39.05:653][  0]LogD3D11RHI: Creating D3DDevice using adapter:
[2021.11.15-05.39.05:653][  0]LogD3D11RHI:     Description : NVIDIA GeForce RTX 3080 Ti
[2021.11.15-05.39.05:653][  0]LogD3D11RHI:     VendorId    : 10de
[2021.11.15-05.39.05:653][  0]LogD3D11RHI:     DeviceId    : 2208
[2021.11.15-05.39.05:653][  0]LogD3D11RHI:     SubSysId    : 153510de
[2021.11.15-05.39.05:653][  0]LogD3D11RHI:     Revision    : 00a1
[2021.11.15-05.39.05:653][  0]LogD3D11RHI:     DedicatedVideoMemory : 12696158208 bytes
[2021.11.15-05.39.05:653][  0]LogD3D11RHI:     DedicatedSystemMemory : 0 bytes
[2021.11.15-05.39.05:653][  0]LogD3D11RHI:     SharedSystemMemory : 17150558208 bytes
[2021.11.15-05.39.05:653][  0]LogD3D11RHI:     AdapterLuid : 0 40121
[2021.11.15-05.39.05:713][  0]LogD3D11RHI: RHI has support for 64 bit atomics
[2021.11.15-05.39.05:713][  0]LogD3D11RHI: Async texture creation enabled
[2021.11.15-05.39.05:713][  0]LogD3D11RHI: Array index from any shader is supported
[2021.11.15-05.39.05:733][  0]LogD3D11RHI: GPU Timing Frequency: 1000.000000 (Debug: 2 1)
[2021.11.15-05.39.05:752][  0]LogRHI: GeForceNow SDK initialized: 1
[2021.11.15-05.39.05:948][  0]LogTargetPlatformManager: Display: Loaded TargetPlatform 'AllDesktop'
[2021.11.15-05.39.05:965][  0]LogTargetPlatformManager: Display: Loaded TargetPlatform 'Android'
[2021.11.15-05.39.05:966][  0]LogTargetPlatformManager: Display: Loaded TargetPlatform 'Android_ASTC'
[2021.11.15-05.39.05:966][  0]LogTargetPlatformManager: Display: Loaded TargetPlatform 'Android_DXT'
[2021.11.15-05.39.05:966][  0]LogTargetPlatformManager: Display: Loaded TargetPlatform 'Android_ETC2'
[2021.11.15-05.39.05:966][  0]LogTargetPlatformManager: Display: Loaded TargetPlatform 'AndroidClient'
[2021.11.15-05.39.05:966][  0]LogTargetPlatformManager: Display: Loaded TargetPlatform 'Android_ASTCClient'
[2021.11.15-05.39.05:966][  0]LogTargetPlatformManager: Display: Loaded TargetPlatform 'Android_DXTClient'
[2021.11.15-05.39.05:966][  0]LogTargetPlatformManager: Display: Loaded TargetPlatform 'Android_ETC2Client'
[2021.11.15-05.39.05:966][  0]LogTargetPlatformManager: Display: Loaded TargetPlatform 'Android_Multi'
[2021.11.15-05.39.05:966][  0]LogTargetPlatformManager: Display: Loaded TargetPlatform 'Android_MultiClient'
[2021.11.15-05.39.05:980][  0]LogTargetPlatformManager: Display: Loaded TargetPlatform 'IOSClient'
[2021.11.15-05.39.05:980][  0]LogTargetPlatformManager: Display: Loaded TargetPlatform 'IOS'
[2021.11.15-05.39.05:987][  0]LogTargetPlatformManager: Display: Loaded TargetPlatform 'Linux'
[2021.11.15-05.39.05:990][  0]LogTargetPlatformManager: Display: Loaded TargetPlatform 'LinuxNoEditor'
[2021.11.15-05.39.05:993][  0]LogTargetPlatformManager: Display: Loaded TargetPlatform 'LinuxClient'
[2021.11.15-05.39.05:997][  0]LogTargetPlatformManager: Display: Loaded TargetPlatform 'LinuxServer'
[2021.11.15-05.39.06:004][  0]LogTargetPlatformManager: Display: Loaded TargetPlatform 'LinuxAArch64NoEditor'
[2021.11.15-05.39.06:007][  0]LogTargetPlatformManager: Display: Loaded TargetPlatform 'LinuxAArch64Client'
[2021.11.15-05.39.06:010][  0]LogTargetPlatformManager: Display: Loaded TargetPlatform 'LinuxAArch64Server'
[2021.11.15-05.39.06:031][  0]LogTargetPlatformManager: Display: Loaded TargetPlatform 'Lumin'
[2021.11.15-05.39.06:031][  0]LogTargetPlatformManager: Display: Loaded TargetPlatform 'LuminClient'
[2021.11.15-05.39.06:038][  0]LogTargetPlatformManager: Display: Loaded TargetPlatform 'MacNoEditor'
[2021.11.15-05.39.06:041][  0]LogTargetPlatformManager: Display: Loaded TargetPlatform 'Mac'
[2021.11.15-05.39.06:043][  0]LogTargetPlatformManager: Display: Loaded TargetPlatform 'MacClient'
[2021.11.15-05.39.06:047][  0]LogTargetPlatformManager: Display: Loaded TargetPlatform 'MacServer'
[2021.11.15-05.39.06:056][  0]LogTargetPlatformManager: Display: Loaded TargetPlatform 'TVOSClient'
[2021.11.15-05.39.06:056][  0]LogTargetPlatformManager: Display: Loaded TargetPlatform 'TVOS'
[2021.11.15-05.39.06:064][  0]LogTargetPlatformManager: Display: Loaded TargetPlatform 'WindowsNoEditor'
[2021.11.15-05.39.06:068][  0]LogTargetPlatformManager: Display: Loaded TargetPlatform 'Windows'
[2021.11.15-05.39.06:071][  0]LogTargetPlatformManager: Display: Loaded TargetPlatform 'WindowsClient'
[2021.11.15-05.39.06:074][  0]LogTargetPlatformManager: Display: Loaded TargetPlatform 'WindowsServer'
[2021.11.15-05.39.06:074][  0]LogTargetPlatformManager: Display: Building Assets For Windows
[2021.11.15-05.39.06:079][  0]LogAudioDebug: Display: Lib vorbis DLL was dynamically loaded.
[2021.11.15-05.39.06:101][  0]LogTextureFormatOodle: Display: Oodle Texture 2.9.0 init RDO Off
[2021.11.15-05.39.06:121][  0]LogRendererCore: Ray tracing is disabled. Reason: r.RayTracing=0.
[2021.11.15-05.39.06:121][  0]LogShaderCompilers: Guid format shader working directory is -27 characters bigger than the processId version (../../../../../../Users/lucys/OneDrive/文档/Unreal Projects/ThomasAdvanture/Intermediate/Shaders/WorkingDirectory/8240/).
[2021.11.15-05.39.06:121][  0]LogShaderCompilers: Cleaned the shader compiler working directory 'C:/Users/lucys/AppData/Local/Temp/UnrealShaderWorkingDir/827E42D540808C662169B5AAA850D50B/'.
[2021.11.15-05.39.06:121][  0]LogXGEController: Cannot use XGE Controller as Incredibuild is not installed on this machine.
[2021.11.15-05.39.06:121][  0]LogShaderCompilers: Cannot use XGE Shader Compiler as Incredibuild is not installed on this machine.
[2021.11.15-05.39.06:121][  0]LogShaderCompilers: Display: Using Local Shader Compiler.
[2021.11.15-05.39.06:636][  0]LogDerivedDataCache: Display: Max Cache Size: 512 MB
[2021.11.15-05.39.06:691][  0]LogDerivedDataCache: Loaded boot cache 0.06s 94MB C:/Users/lucys/AppData/Local/UnrealEngine/4.27/DerivedDataCache/Boot.ddc.
[2021.11.15-05.39.06:691][  0]LogDerivedDataCache: Display: Loaded Boot cache: C:/Users/lucys/AppData/Local/UnrealEngine/4.27/DerivedDataCache/Boot.ddc
[2021.11.15-05.39.06:692][  0]LogDerivedDataCache: FDerivedDataBackendGraph:  Pak pak cache file ../../../../../../Users/lucys/OneDrive/文档/Unreal Projects/ThomasAdvanture/DerivedDataCache/DDC.ddp not found, will not use a pak cache.
[2021.11.15-05.39.06:692][  0]LogDerivedDataCache: Unable to find inner node Pak for hierarchical cache Hierarchy.
[2021.11.15-05.39.06:692][  0]LogDerivedDataCache: FDerivedDataBackendGraph:  CompressedPak pak cache file ../../../../../../Users/lucys/OneDrive/文档/Unreal Projects/ThomasAdvanture/DerivedDataCache/Compressed.ddp not found, will not use a pak cache.
[2021.11.15-05.39.06:692][  0]LogDerivedDataCache: Unable to find inner node CompressedPak for hierarchical cache Hierarchy.
[2021.11.15-05.39.06:705][  0]LogDerivedDataCache: Display: Pak cache opened for reading ../../../Engine/DerivedDataCache/Compressed.ddp.
[2021.11.15-05.39.06:705][  0]LogDerivedDataCache: FDerivedDataBackendGraph:  EnterprisePak pak cache file ../../../Enterprise/DerivedDataCache/Compressed.ddp not found, will not use a pak cache.
[2021.11.15-05.39.06:705][  0]LogDerivedDataCache: Unable to find inner node EnterprisePak for hierarchical cache Hierarchy.
[2021.11.15-05.39.06:712][  0]LogDerivedDataCache: Speed tests for C:/Users/lucys/AppData/Local/UnrealEngine/Common/DerivedDataCache took 0.01 seconds
[2021.11.15-05.39.06:712][  0]LogDerivedDataCache: Display: Performance to C:/Users/lucys/AppData/Local/UnrealEngine/Common/DerivedDataCache: Latency=0.02ms. RandomReadSpeed=441.51MBs, RandomWriteSpeed=209.68MBs. Assigned SpeedClass 'Local'
[2021.11.15-05.39.06:713][  0]LogDerivedDataCache: Using Local data cache path C:/Users/lucys/AppData/Local/UnrealEngine/Common/DerivedDataCache: Writable
[2021.11.15-05.39.06:713][  0]LogDerivedDataCache: Shared data cache path not found in *engine.ini, will not use an Shared cache.
[2021.11.15-05.39.06:713][  0]LogDerivedDataCache: Unable to find inner node Shared for hierarchical cache Hierarchy.
[2021.11.15-05.39.06:747][  0]LogSlate: Using FreeType 2.10.0
[2021.11.15-05.39.06:747][  0]LogSlate: SlateFontServices - WITH_FREETYPE: 1, WITH_HARFBUZZ: 1
[2021.11.15-05.39.06:764][  0]LogAssetRegistry: FAssetRegistry took 0.0037 seconds to start up
[2021.11.15-05.39.06:945][  0]LogInit: Selected Device Profile: [Windows]
[2021.11.15-05.39.06:945][  0]LogInit: Active device profile: [00000166D409CF00][00000166D3D57040 49] Windows
[2021.11.15-05.39.06:945][  0]LogInit: Profiles: [00000166D409CF00][00000166D3D57040 49] Windows, [00000166D406A400][00000166D3D8D1C0 49] WindowsNoEditor, [00000166D409DF00][00000166D3DF7340 49] WindowsServer, [00000166D4069600][00000166D3E114C0 49] WindowsClient, [00000166D409D000][00000166D3E4F640 49] IOS, [00000166D406BA00][00000166D3E537C0 49] iPadAir, [00000166D409F300][00000166D3E57940 49] iPadAir2, [00000166D3FFD300][00000166C726FC00 49] IPadPro, [00000166D3FFD400][00000166C726A0C0 49] iPadAir3, [00000166D4068B00][00000166C7272240 49] iPadAir4, [00000166D3FFE100][00000166D19A83C0 49] iPadMini2, [00000166D406B400][00000166D3D88540 49] iPadMini3, [00000166D3FFEC00][00000166D19AC6C0 49] iPadMini4, [00000166D406A700][00000166D19B0840 49] iPadMini5, [00000166D4004E00][00000166D19B8A80 49] iPhone6, [00000166D4004F00][00000166D3D5AAC0 49] iPodTouch6, [00000166D409E800][00000166D52B4D00 49] iPhone7, [00000166D409E900][00000166C727ED40 49] iPodTouch7, [00000166D3FFCC00][00000166D52C4EC0 49] iPhone5S, [00000166D409D300][00000166D52C9040 49] iPhone6Plus, [00000166D409FA00][00000166D52CD1C0 49] iPhone6S, [00000166D4005300][00000166D564D340 49] iPhone6SPlus, [00000166D409CB00][00000166D565D4C0 49] iPhone7Plus, [00000166D4005600][00000166D566B640 49] iPhoneSE, [00000166D409CA00][00000166D566F7C0 49] iPhone8, [00000166D4005200][00000166D5673940 49] iPhone8Plus, [00000166D3FFEB00][00000166D5677AC0 49] iPhoneX, [00000166D4004C00][00000166D567A0C0 49] iPhoneXS, [00000166D3FFFA00][00000166D567E240 49] iPhoneXSMax, [00000166D4007800][00000166D56823C0 49] iPhoneXR, [00000166D3FFCD00][00000166D5686540 49] iPhone11, [00000166D4006600][00000166D568A6C0 49] iPhone11Pro, [00000166D3FFE900][00000166C71FA840 49] iPhone11ProMax, [00000166D4004200][00000166C71FE9C0 49] iPhoneSE2, [00000166D3FFCB00][00000166C7216B40 49] iPhone12Mini, [00000166D4006A00][00000166D52C0C80 49] iPhone12, [00000166D3FFEE00][00000166D56CADC0 49] iPhone12Pro, [00000166D4004A00][00000166D56CEF00 49] iPhone12ProMax, [00000166D3FFF200][00000166D56D7080 49] iPadPro105, [00000166D4007600][00000166D56DB200 49] iPadPro129, [00000166D3FFE000][00000166D1951380 49] iPadPro97, [00000166D4006000][00000166D1955500 49] iPadPro2_129, [00000166D3FFE400][00000166D195D680 49] iPad5, [00000166D4005400][00000166D1961800 49] iPad6, [00000166D3FFD000][00000166D1965980 49] iPad7, [00000166D4005700][00000166D1959B00 49] iPad8, [00000166D3FFFC00][00000166D1968100 49] iPadPro11, [00000166D4005800][00000166D196C280 49] iPadPro2_11, [00000166D3FFC600][00000166D194C400 49] iPadPro3_129, [00000166D4004D00][00000166D510A580 49] iPadPro4_129, [00000166D3FFF100][00000166C7248700 49] AppleTV, [00000166D4004800][00000166C724C880 49] AppleTV4K, [00000166D3FFC500][00000166C7250A00 49] TVOS, [00000166D4004500][00000166C7254B80 49] Mac, [00000166D3FFC700][00000166C7258D00 49] MacClient, [00000166D4005500][00000166D56D2E40 49] MacNoEditor, [00000166D3FFD500][00000166D52BCF80 49] MacServer, [00000166D4006E00][00000166C727B0C0 49] Linux, [00000166D3FFC400][00000166D3D85240 49] LinuxAArch64, [00000166D4005E00][00000166D19B53C0 49] LinuxNoEditor, [00000166D3FFDC00][00000166C725D540 49] LinuxAArch64NoEditor, [00000166D4006900][00000166C72616C0 49] LinuxClient, [00000166D3FFED00][00000166C7265840 49] LinuxAArch64Client, [00000166D4004100][00000166D3D919C0 49] LinuxServer, [00000166D3FFDE00][00000166D3D95B40 49] LinuxAArch64Server, [00000166D4004B00][00000166D3D98140 49] Android, [00000166D3FFDA00][00000166D3D9C2C0 49] Android_Low, [00000166D4006F00][00000166D3DA0440 49] Android_Mid, [00000166D3FFD100][00000166D3DA45C0 49] Android_High, [00000166D4007000][00000166D3DA8740 49] Android_Default, [00000166D3FFD700][00000166D3DAC8C0 49] Android_Adreno4xx, [00000166D4005900][00000166D3DB0A40 49] Android_Adreno5xx_Low, [00000166D3FFCA00][00000166D3DB4BC0 49] Android_Adreno5xx, [00000166D4007400][00000166C7442D40 49] Android_Adreno6xx, [00000166D3FFCE00][00000166C7446EC0 49] Android_Adreno6xx_Vulkan, [00000166D4007100][00000166C7277000 49] Android_Mali_T6xx, [00000166D409DE00][00000166C744B140 49] Android_Mali_T7xx, [00000166D4068800][00000166C744F280 49] Android_Mali_T8xx, [00000166D409D200][00000166C74533C0 49] Android_Mali_G71, [00000166D4068E00][00000166C745B540 49] Android_Mali_G72, [00000166D409D100][00000166C745F6C0 49] Android_Mali_G72_Vulkan, [00000166D406A500][00000166C7463840 49] Android_Mali_G76, [00000166D409D500][00000166C74679C0 49] Android_Mali_G76_Vulkan, [00000166D406A000][00000166C746BB40 49] Android_Mali_G77, [00000166D409FF00][00000166C746E140 49] Android_Mali_G77_Vulkan, [00000166D4069D00][00000166C74722C0 49] Android_Mali_G78, [00000166D409C300][00000166C7476440 49] Android_Mali_G78_Vulkan, [00000166D4068400][00000166C747A5C0 49] Android_Mali_G710, [00000166D409F700][00000166D5212740 49] Android_Mali_G710_Vulkan, [00000166D406B100][00000166D52168C0 49] Android_Vulkan_SM5, [00000166D409C800][00000166D521AA40 49] Android_PowerVR_G6xxx, [00000166D4068A00][00000166D521EBC0 49] Android_PowerVR_GT7xxx, [00000166D409CD00][00000166D5222D40 49] Android_PowerVR_GE8xxx, [00000166D406BC00][00000166D5226EC0 49] Android_PowerVR_GM9xxx, [00000166D409C600][00000166D522B040 49] Android_PowerVR_GM9xxx_Vulkan, [00000166D4069200][00000166C7457180 49] Android_TegraK1, [00000166D409EB00][00000166D522F2C0 49] Android_Unknown_Vulkan, [00000166D406B000][00000166D5233400 49] Lumin, [00000166D409E000][00000166D5237540 49] Lumin_Desktop, [00000166D406AE00][00000166D523F6C0 49] HoloLens, 
[2021.11.15-05.39.07:031][  0]LogMeshReduction: Using QuadricMeshReduction for automatic static mesh reduction
[2021.11.15-05.39.07:031][  0]LogMeshReduction: Using SimplygonMeshReduction for automatic skeletal mesh reduction
[2021.11.15-05.39.07:031][  0]LogMeshReduction: Using ProxyLODMeshReduction for automatic mesh merging
[2021.11.15-05.39.07:031][  0]LogMeshReduction: No distributed automatic mesh merging module available
[2021.11.15-05.39.07:031][  0]LogMeshMerging: No distributed automatic mesh merging module available
[2021.11.15-05.39.07:041][  0]LogNetVersion: ThomasAdvanture 1.0.0, NetCL: 17155196, EngineNetVer: 17, GameNetVer: 0 (Checksum: 983440284)
[2021.11.15-05.39.07:284][  0]LogTexture: Default maximum texture size for cubemaps generated from long-lat sources has been changed from 512 to unlimited. In order to preserve old behaiour for '/Engine/MapTemplates/Sky/DaylightAmbientCubemap.DaylightAmbientCubemap', its maximum texture size has been explicitly set to 512.
[2021.11.15-05.39.07:325][  0]LogHMD: PokeAHoleMaterial loaded successfully
[2021.11.15-05.39.07:330][  0]LogUObjectArray: 17178 objects as part of root set at end of initial load.
[2021.11.15-05.39.07:330][  0]LogUObjectAllocator: 4301856 out of 0 bytes used by permanent object pool.
[2021.11.15-05.39.07:330][  0]LogUObjectArray: CloseDisregardForGC: 0/0 objects in disregard for GC pool
[2021.11.15-05.39.07:446][  0]LogNiagaraDebuggerClient: Niagara Debugger Client Initialized | Session: ED2875E84A39670B2091D7B745534106 | Instance: 8521F6454B780D0C948E37A5D043C884 (BLD-8240).
[2021.11.15-05.39.07:590][  0]LogImageWrapper: Warning: PNG Warning: Duplicate iCCP chunk
[2021.11.15-05.39.07:591][  0]LogImageWrapper: Warning: PNG Warning: Duplicate iCCP chunk
[2021.11.15-05.39.07:591][  0]LogTcpMessaging: Initializing TcpMessaging bridge
[2021.11.15-05.39.07:595][  0]LogUdpMessaging: Initializing bridge on interface 0.0.0.0:0 to multicast group 230.0.0.1:6666.
[2021.11.15-05.39.07:631][  0]LogPython: Using Python 3.7.7
[2021.11.15-05.39.08:118][  0]SourceControl: Source control is disabled
[2021.11.15-05.39.08:118][  0]SourceControl: Source control is disabled
[2021.11.15-05.39.08:120][  0]SourceControl: Source control is disabled
[2021.11.15-05.39.08:122][  0]SourceControl: Source control is disabled
[2021.11.15-05.39.08:126][  0]SourceControl: Source control is disabled
[2021.11.15-05.39.08:127][  0]LogUProjectInfo: Found projects:
[2021.11.15-05.39.08:160][  0]LogAndroidPermission: UAndroidPermissionCallbackProxy::GetInstance
[2021.11.15-05.39.08:170][  0]LogAudioCaptureCore: Display: No Audio Capture implementations found. Audio input will be silent.
[2021.11.15-05.39.08:170][  0]LogAudioCaptureCore: Display: No Audio Capture implementations found. Audio input will be silent.
[2021.11.15-05.39.08:337][  0]LogOpenImageDenoise: OIDN starting up
[2021.11.15-05.39.08:342][  0]LogCollectionManager: Loaded 0 collections in 0.001311 seconds
[2021.11.15-05.39.08:357][  0]LogFileCache: Scanning file cache for directory 'C:/Users/lucys/OneDrive/文档/Unreal Projects/ThomasAdvanture/Saved/Collections/' took 0.00s
[2021.11.15-05.39.08:357][  0]LogFileCache: Scanning file cache for directory 'C:/Users/lucys/OneDrive/文档/Unreal Projects/ThomasAdvanture/Content/Developers/SYJ/Collections/' took 0.00s
[2021.11.15-05.39.08:357][  0]LogFileCache: Scanning file cache for directory 'C:/Users/lucys/OneDrive/文档/Unreal Projects/ThomasAdvanture/Content/Collections/' took 0.00s
[2021.11.15-05.39.08:357][  0]LogOcInput: OculusInput pre-init called
[2021.11.15-05.39.08:502][  0]LogImageWrapper: Warning: PNG Warning: Duplicate iCCP chunk
[2021.11.15-05.39.08:502][  0]LogImageWrapper: Warning: PNG Warning: Duplicate iCCP chunk
[2021.11.15-05.39.08:502][  0]LogEngine: Initializing Engine...
[2021.11.15-05.39.08:504][  0]LogHMD: Failed to enumerate extensions. Please check that you have a valid OpenXR runtime installed.
[2021.11.15-05.39.08:504][  0]LogHMD: Failed to initialize OpenVR with code 110
[2021.11.15-05.39.08:504][  0]LogMagicLeap: Warning: VR disabled because ZI is not enabled.  To enable, in the editor, Edit -> Project Settings -> Plugins -> Magic Leap Plugin -> Enable Zero Iteration
[2021.11.15-05.39.08:505][  0]LogStats: UGameplayTagsManager::InitializeManager -  0.000 s
[2021.11.15-05.39.08:589][  0]LogInit: Initializing FReadOnlyCVARCache
[2021.11.15-05.39.08:595][  0]LogAIModule: Creating AISystem for world Untitled
[2021.11.15-05.39.08:603][  0]LogAudio: Display: Initializing Audio Device Manager...
[2021.11.15-05.39.08:606][  0]LogAudio: Display: Loading Default Audio Settings Objects...
[2021.11.15-05.39.08:607][  0]LogAudio: Display: No default SoundConcurrencyObject specified (or failed to load).
[2021.11.15-05.39.08:607][  0]LogAudio: Display: Audio Device Manager Initialized
[2021.11.15-05.39.08:607][  0]LogAudio: Display: Creating Audio Device:                 Id: 1, Scope: Shared, Realtime: True
[2021.11.15-05.39.08:607][  0]LogAudioMixer: Display: Audio Mixer Platform Settings:
[2021.11.15-05.39.08:607][  0]LogAudioMixer: Display: 	Sample Rate:						  48000
[2021.11.15-05.39.08:607][  0]LogAudioMixer: Display: 	Callback Buffer Frame Size Requested: 1024
[2021.11.15-05.39.08:607][  0]LogAudioMixer: Display: 	Callback Buffer Frame Size To Use:	  1024
[2021.11.15-05.39.08:607][  0]LogAudioMixer: Display: 	Number of buffers to queue:			  2
[2021.11.15-05.39.08:607][  0]LogAudioMixer: Display: 	Max Channels (voices):				  32
[2021.11.15-05.39.08:607][  0]LogAudioMixer: Display: 	Number of Async Source Workers:		  0
[2021.11.15-05.39.08:607][  0]LogAudio: Display: AudioDevice MaxSources: 32
[2021.11.15-05.39.08:607][  0]LogAudio: Display: Audio Spatialization Plugin: None (built-in).
[2021.11.15-05.39.08:607][  0]LogAudio: Display: Audio Reverb Plugin: None (built-in).
[2021.11.15-05.39.08:607][  0]LogAudio: Display: Audio Occlusion Plugin: None (built-in).
[2021.11.15-05.39.08:607][  0]LogAudioMixer: Display: Initializing audio mixer.
[2021.11.15-05.39.08:616][  0]LogAudioMixer: Display: 0: FrontLeft
[2021.11.15-05.39.08:616][  0]LogAudioMixer: Display: 1: FrontRight
[2021.11.15-05.39.08:627][  0]LogAudioMixer: Display: Using Audio Device LG ULTRAWIDE (NVIDIA High Definition Audio)
[2021.11.15-05.39.08:627][  0]LogAudioMixer: Display: Initializing Sound Submixes...
[2021.11.15-05.39.08:628][  0]LogAudioMixer: Display: Creating Master Submix 'MasterSubmixDefault'
[2021.11.15-05.39.08:628][  0]LogAudioMixer: Display: Creating Master Submix 'MasterReverbSubmixDefault'
[2021.11.15-05.39.08:629][  0]LogAudioMixer: Display: Creating Master Submix 'MasterEQSubmixDefault'
[2021.11.15-05.39.08:629][  0]LogAudioMixer: FMixerPlatformXAudio2::StartAudioStream() called
[2021.11.15-05.39.08:629][  0]LogAudioMixer: Display: Output buffers initialized: Frames=1024, Channels=2, Samples=2048
[2021.11.15-05.39.08:629][  0]LogAudioMixer: Display: Starting AudioMixerPlatformInterface::RunInternal()
[2021.11.15-05.39.08:629][  0]LogAudioMixer: Display: FMixerPlatformXAudio2::SubmitBuffer() called for the first time
[2021.11.15-05.39.08:629][  0]LogInit: FAudioDevice initialized.
[2021.11.15-05.39.08:630][  0]LogAudio: Display: Audio Device (ID: 1) registered with world 'Untitled'.
[2021.11.15-05.39.08:630][  0]LogNetVersion: Set ProjectVersion to 1.0.0.0. Version Checksum will be recalculated on next use.
[2021.11.15-05.39.08:678][  0]LogDerivedDataCache: Saved boot cache 0.05s 94MB C:/Users/lucys/AppData/Local/UnrealEngine/4.27/DerivedDataCache/Boot.ddc.
[2021.11.15-05.39.08:678][  0]LogInit: Texture streaming: Enabled
[2021.11.15-05.39.08:687][  0]LogAnalytics: Display: [UEEditor.Rocket.Release] APIServer = https://datarouter.ol.epicgames.com/. AppVersion = 4.27.1-17735300+++UE4+Release-4.27
[2021.11.15-05.39.08:690][  0]LogEngineSessionManager: EngineSessionManager initialized
[2021.11.15-05.39.08:690][  0]LogEditorSessionSummary: Verbose: Initializing EditorSessionSummaryWriter for editor session tracking
[2021.11.15-05.39.08:691][  0]LogEditorSessionSummary: EditorSessionSummaryWriter initialized
[2021.11.15-05.39.08:716][  0]LogInit: Transaction tracking system initialized
[2021.11.15-05.39.08:730][  0]BlueprintLog: New page: Editor Load
[2021.11.15-05.39.08:774][  0]LocalizationService: Localization service is disabled
[2021.11.15-05.39.08:790][  0]TimingProfiler: Initialize
[2021.11.15-05.39.08:790][  0]TimingProfiler: OnSessionChanged
[2021.11.15-05.39.08:790][  0]LoadingProfiler: Initialize
[2021.11.15-05.39.08:790][  0]LoadingProfiler: OnSessionChanged
[2021.11.15-05.39.08:790][  0]NetworkingProfiler: Initialize
[2021.11.15-05.39.08:790][  0]NetworkingProfiler: OnSessionChanged
[2021.11.15-05.39.08:790][  0]MemoryProfiler: Initialize
[2021.11.15-05.39.08:790][  0]MemoryProfiler: OnSessionChanged
[2021.11.15-05.39.08:891][  0]LogCook: Display: CookSettings for Memory: MemoryMaxUsedVirtual 0MiB, MemoryMaxUsedPhysical 16384MiB, MemoryMinFreeVirtual 0MiB, MemoryMinFreePhysical 1024MiB
[2021.11.15-05.39.08:891][  0]LogCook: Display: Mobile HDR setting 1
[2021.11.15-05.39.09:012][  0]LogFileCache: Scanning file cache for directory 'C:/Users/lucys/OneDrive/文档/Unreal Projects/ThomasAdvanture/Content/' took 0.01s
[2021.11.15-05.39.09:118][  0]LogImageWrapper: Warning: PNG Warning: Duplicate iCCP chunk
[2021.11.15-05.39.09:118][  0]LogImageWrapper: Warning: PNG Warning: Duplicate iCCP chunk
[2021.11.15-05.39.09:118][  0]LogInit: Display: Engine is initialized. Leaving FEngineLoop::Init()
[2021.11.15-05.39.09:120][  0]SourceControl: Source control is disabled
[2021.11.15-05.39.09:120][  0]LogUnrealEdMisc: Loading editor; pre map load, took 4.661
[2021.11.15-05.39.09:120][  0]Cmd: MAP LOAD FILE="../../../../../../Users/lucys/OneDrive/文档/Unreal Projects/ThomasAdvanture/Content/FirstPersonBP/Maps/FirstPersonExampleMap.umap" TEMPLATE=0 SHOWPROGRESS=1 FEATURELEVEL=3
[2021.11.15-05.39.09:120][  0]LightingResults: New page: Lighting Build
[2021.11.15-05.39.09:121][  0]LogWorld: UWorld::CleanupWorld for Untitled, bSessionEnded=true, bCleanupResources=true
[2021.11.15-05.39.09:121][  0]LogSlate: InvalidateAllWidgets triggered.  All widgets were invalidated
[2021.11.15-05.39.09:121][  0]MapCheck: New page: Map Check
[2021.11.15-05.39.09:122][  0]LightingResults: New page: Lighting Build
[2021.11.15-05.39.09:130][  0]LogAudio: Display: Audio Device unregistered from world 'None'.
[2021.11.15-05.39.09:132][  0]LogUObjectHash: Compacting FUObjectHashTables data took   0.63ms
[2021.11.15-05.39.09:361][  0]LogAudio: Display: Audio Device (ID: 1) registered with world 'FirstPersonExampleMap'.
[2021.11.15-05.39.09:361][  0]LogAIModule: Creating AISystem for world FirstPersonExampleMap
[2021.11.15-05.39.09:365][  0]LogSlate: New Slate User Created.  User Index 8, Is Virtual User: 1
[2021.11.15-05.39.09:365][  0]LogSlate: Slate User Registered.  User Index 8, Is Virtual User: 1
[2021.11.15-05.39.09:369][  0]LogEditorServer: Finished looking for orphan Actors (0.000 secs)
[2021.11.15-05.39.09:375][  0]LogUObjectHash: Compacting FUObjectHashTables data took   0.71ms
[2021.11.15-05.39.09:376][  0]Cmd: MAP CHECKDEP NOCLEARLOG
[2021.11.15-05.39.09:376][  0]MapCheck: Map check complete: 0 Error(s), 0 Warning(s), took 0.198ms to complete.
[2021.11.15-05.39.09:376][  0]LogFileHelpers: Loading map 'FirstPersonExampleMap' took 0.256
[2021.11.15-05.39.09:377][  0]LogUnrealEdMisc: Total Editor Startup Time, took 4.919
[2021.11.15-05.39.09:494][  0]LogSlate: Updating window title bar state: overlay mode, drag disabled, window buttons hidden, title bar hidden
[2021.11.15-05.39.09:500][  0]LogSlate: Updating window title bar state: overlay mode, drag disabled, window buttons hidden, title bar hidden
[2021.11.15-05.39.09:512][  0]LogNativeClassHierarchy: Verbose: Native class hierarchy populated in 0.0085 seconds. Added 3822 classes and 928 folders.
[2021.11.15-05.39.09:513][  0]LogNativeClassHierarchy: Verbose: Native class hierarchy updated for 'WidgetCarousel' in 0.0002 seconds. Added 0 classes and 0 folders.
[2021.11.15-05.39.09:514][  0]LogPakFile: PakFile PrimaryIndexSize=187
[2021.11.15-05.39.09:515][  0]LogPakFile: PakFile PathHashIndexSize=101
[2021.11.15-05.39.09:515][  0]LogPakFile: PakFile FullDirectoryIndexSize=148
[2021.11.15-05.39.09:515][  0]LogShaderLibrary: Display: ShaderCodeLibraryPakFileMountedCallback: PakFile 'C:/Program Files/Epic Games/UE_4.27/FeaturePacks/FP_FirstPerson.upack' (chunk index -1, root 'root:/') mounted
[2021.11.15-05.39.09:515][  0]LogShaderLibrary: Display: ShaderCodeLibraryPakFileMountedCallback: pending pak file info (ChunkID:-1 Root:root:/ File:C:/Program Files/Epic Games/UE_4.27/FeaturePacks/FP_FirstPerson.upack)
[2021.11.15-05.39.09:515][  0]LogPakFile: OnPakFileMounted2Time == 0.000040
[2021.11.15-05.39.09:515][  0]LogPakFile: PakFile PrimaryIndexSize=189
[2021.11.15-05.39.09:515][  0]LogPakFile: PakFile PathHashIndexSize=101
[2021.11.15-05.39.09:515][  0]LogPakFile: PakFile FullDirectoryIndexSize=152
[2021.11.15-05.39.09:515][  0]LogShaderLibrary: Display: ShaderCodeLibraryPakFileMountedCallback: PakFile 'C:/Program Files/Epic Games/UE_4.27/FeaturePacks/FP_FirstPersonBP.upack' (chunk index -1, root 'root:/') mounted
[2021.11.15-05.39.09:515][  0]LogShaderLibrary: Display: ShaderCodeLibraryPakFileMountedCallback: pending pak file info (ChunkID:-1 Root:root:/ File:C:/Program Files/Epic Games/UE_4.27/FeaturePacks/FP_FirstPersonBP.upack)
[2021.11.15-05.39.09:515][  0]LogPakFile: OnPakFileMounted2Time == 0.000023
[2021.11.15-05.39.09:515][  0]LogPakFile: PakFile PrimaryIndexSize=191
[2021.11.15-05.39.09:515][  0]LogPakFile: PakFile PathHashIndexSize=101
[2021.11.15-05.39.09:515][  0]LogPakFile: PakFile FullDirectoryIndexSize=160
[2021.11.15-05.39.09:515][  0]LogShaderLibrary: Display: ShaderCodeLibraryPakFileMountedCallback: PakFile 'C:/Program Files/Epic Games/UE_4.27/FeaturePacks/MobileStarterContent.upack' (chunk index -1, root 'root:/') mounted
[2021.11.15-05.39.09:515][  0]LogShaderLibrary: Display: ShaderCodeLibraryPakFileMountedCallback: pending pak file info (ChunkID:-1 Root:root:/ File:C:/Program Files/Epic Games/UE_4.27/FeaturePacks/MobileStarterContent.upack)
[2021.11.15-05.39.09:515][  0]LogPakFile: OnPakFileMounted2Time == 0.000020
[2021.11.15-05.39.09:516][  0]LogPakFile: PakFile PrimaryIndexSize=185
[2021.11.15-05.39.09:516][  0]LogPakFile: PakFile PathHashIndexSize=101
[2021.11.15-05.39.09:516][  0]LogPakFile: PakFile FullDirectoryIndexSize=148
[2021.11.15-05.39.09:516][  0]LogShaderLibrary: Display: ShaderCodeLibraryPakFileMountedCallback: PakFile 'C:/Program Files/Epic Games/UE_4.27/FeaturePacks/StarterContent.upack' (chunk index -1, root 'root:/') mounted
[2021.11.15-05.39.09:516][  0]LogShaderLibrary: Display: ShaderCodeLibraryPakFileMountedCallback: pending pak file info (ChunkID:-1 Root:root:/ File:C:/Program Files/Epic Games/UE_4.27/FeaturePacks/StarterContent.upack)
[2021.11.15-05.39.09:516][  0]LogPakFile: OnPakFileMounted2Time == 0.000021
[2021.11.15-05.39.09:516][  0]LogPakFile: PakFile PrimaryIndexSize=190
[2021.11.15-05.39.09:516][  0]LogPakFile: PakFile PathHashIndexSize=101
[2021.11.15-05.39.09:516][  0]LogPakFile: PakFile FullDirectoryIndexSize=154
[2021.11.15-05.39.09:516][  0]LogShaderLibrary: Display: ShaderCodeLibraryPakFileMountedCallback: PakFile 'C:/Program Files/Epic Games/UE_4.27/FeaturePacks/TP_2DSideScroller.upack' (chunk index -1, root 'root:/') mounted
[2021.11.15-05.39.09:516][  0]LogShaderLibrary: Display: ShaderCodeLibraryPakFileMountedCallback: pending pak file info (ChunkID:-1 Root:root:/ File:C:/Program Files/Epic Games/UE_4.27/FeaturePacks/TP_2DSideScroller.upack)
[2021.11.15-05.39.09:516][  0]LogPakFile: OnPakFileMounted2Time == 0.000020
[2021.11.15-05.39.09:517][  0]LogPakFile: PakFile PrimaryIndexSize=192
[2021.11.15-05.39.09:517][  0]LogPakFile: PakFile PathHashIndexSize=101
[2021.11.15-05.39.09:517][  0]LogPakFile: PakFile FullDirectoryIndexSize=158
[2021.11.15-05.39.09:517][  0]LogShaderLibrary: Display: ShaderCodeLibraryPakFileMountedCallback: PakFile 'C:/Program Files/Epic Games/UE_4.27/FeaturePacks/TP_2DSideScrollerBP.upack' (chunk index -1, root 'root:/') mounted
[2021.11.15-05.39.09:517][  0]LogShaderLibrary: Display: ShaderCodeLibraryPakFileMountedCallback: pending pak file info (ChunkID:-1 Root:root:/ File:C:/Program Files/Epic Games/UE_4.27/FeaturePacks/TP_2DSideScrollerBP.upack)
[2021.11.15-05.39.09:517][  0]LogPakFile: OnPakFileMounted2Time == 0.000020
[2021.11.15-05.39.09:517][  0]LogPakFile: PakFile PrimaryIndexSize=182
[2021.11.15-05.39.09:517][  0]LogPakFile: PakFile PathHashIndexSize=101
[2021.11.15-05.39.09:517][  0]LogPakFile: PakFile FullDirectoryIndexSize=138
[2021.11.15-05.39.09:517][  0]LogShaderLibrary: Display: ShaderCodeLibraryPakFileMountedCallback: PakFile 'C:/Program Files/Epic Games/UE_4.27/FeaturePacks/TP_Flying.upack' (chunk index -1, root 'root:/') mounted
[2021.11.15-05.39.09:517][  0]LogShaderLibrary: Display: ShaderCodeLibraryPakFileMountedCallback: pending pak file info (ChunkID:-1 Root:root:/ File:C:/Program Files/Epic Games/UE_4.27/FeaturePacks/TP_Flying.upack)
[2021.11.15-05.39.09:517][  0]LogPakFile: OnPakFileMounted2Time == 0.000021
[2021.11.15-05.39.09:517][  0]LogPakFile: PakFile PrimaryIndexSize=184
[2021.11.15-05.39.09:517][  0]LogPakFile: PakFile PathHashIndexSize=101
[2021.11.15-05.39.09:517][  0]LogPakFile: PakFile FullDirectoryIndexSize=142
[2021.11.15-05.39.09:517][  0]LogShaderLibrary: Display: ShaderCodeLibraryPakFileMountedCallback: PakFile 'C:/Program Files/Epic Games/UE_4.27/FeaturePacks/TP_FlyingBP.upack' (chunk index -1, root 'root:/') mounted
[2021.11.15-05.39.09:517][  0]LogShaderLibrary: Display: ShaderCodeLibraryPakFileMountedCallback: pending pak file info (ChunkID:-1 Root:root:/ File:C:/Program Files/Epic Games/UE_4.27/FeaturePacks/TP_FlyingBP.upack)
[2021.11.15-05.39.09:517][  0]LogPakFile: OnPakFileMounted2Time == 0.000020
[2021.11.15-05.39.09:518][  0]LogPakFile: PakFile PrimaryIndexSize=188
[2021.11.15-05.39.09:518][  0]LogPakFile: PakFile PathHashIndexSize=101
[2021.11.15-05.39.09:518][  0]LogPakFile: PakFile FullDirectoryIndexSize=150
[2021.11.15-05.39.09:518][  0]LogShaderLibrary: Display: ShaderCodeLibraryPakFileMountedCallback: PakFile 'C:/Program Files/Epic Games/UE_4.27/FeaturePacks/TP_HandheldARBP.upack' (chunk index -1, root 'root:/') mounted
[2021.11.15-05.39.09:518][  0]LogShaderLibrary: Display: ShaderCodeLibraryPakFileMountedCallback: pending pak file info (ChunkID:-1 Root:root:/ File:C:/Program Files/Epic Games/UE_4.27/FeaturePacks/TP_HandheldARBP.upack)
[2021.11.15-05.39.09:518][  0]LogPakFile: OnPakFileMounted2Time == 0.000020
[2021.11.15-05.39.09:518][  0]LogPakFile: PakFile PrimaryIndexSize=182
[2021.11.15-05.39.09:518][  0]LogPakFile: PakFile PathHashIndexSize=101
[2021.11.15-05.39.09:518][  0]LogPakFile: PakFile FullDirectoryIndexSize=138
[2021.11.15-05.39.09:518][  0]LogShaderLibrary: Display: ShaderCodeLibraryPakFileMountedCallback: PakFile 'C:/Program Files/Epic Games/UE_4.27/FeaturePacks/TP_Puzzle.upack' (chunk index -1, root 'root:/') mounted
[2021.11.15-05.39.09:518][  0]LogShaderLibrary: Display: ShaderCodeLibraryPakFileMountedCallback: pending pak file info (ChunkID:-1 Root:root:/ File:C:/Program Files/Epic Games/UE_4.27/FeaturePacks/TP_Puzzle.upack)
[2021.11.15-05.39.09:518][  0]LogPakFile: OnPakFileMounted2Time == 0.000021
[2021.11.15-05.39.09:519][  0]LogPakFile: PakFile PrimaryIndexSize=184
[2021.11.15-05.39.09:519][  0]LogPakFile: PakFile PathHashIndexSize=101
[2021.11.15-05.39.09:519][  0]LogPakFile: PakFile FullDirectoryIndexSize=142
[2021.11.15-05.39.09:519][  0]LogShaderLibrary: Display: ShaderCodeLibraryPakFileMountedCallback: PakFile 'C:/Program Files/Epic Games/UE_4.27/FeaturePacks/TP_PuzzleBP.upack' (chunk index -1, root 'root:/') mounted
[2021.11.15-05.39.09:519][  0]LogShaderLibrary: Display: ShaderCodeLibraryPakFileMountedCallback: pending pak file info (ChunkID:-1 Root:root:/ File:C:/Program Files/Epic Games/UE_4.27/FeaturePacks/TP_PuzzleBP.upack)
[2021.11.15-05.39.09:519][  0]LogPakFile: OnPakFileMounted2Time == 0.000020
[2021.11.15-05.39.09:519][  0]LogPakFile: PakFile PrimaryIndexSize=183
[2021.11.15-05.39.09:519][  0]LogPakFile: PakFile PathHashIndexSize=101
[2021.11.15-05.39.09:519][  0]LogPakFile: PakFile FullDirectoryIndexSize=140
[2021.11.15-05.39.09:519][  0]LogShaderLibrary: Display: ShaderCodeLibraryPakFileMountedCallback: PakFile 'C:/Program Files/Epic Games/UE_4.27/FeaturePacks/TP_Rolling.upack' (chunk index -1, root 'root:/') mounted
[2021.11.15-05.39.09:519][  0]LogShaderLibrary: Display: ShaderCodeLibraryPakFileMountedCallback: pending pak file info (ChunkID:-1 Root:root:/ File:C:/Program Files/Epic Games/UE_4.27/FeaturePacks/TP_Rolling.upack)
[2021.11.15-05.39.09:519][  0]LogPakFile: OnPakFileMounted2Time == 0.000020
[2021.11.15-05.39.09:519][  0]LogPakFile: PakFile PrimaryIndexSize=185
[2021.11.15-05.39.09:519][  0]LogPakFile: PakFile PathHashIndexSize=101
[2021.11.15-05.39.09:519][  0]LogPakFile: PakFile FullDirectoryIndexSize=144
[2021.11.15-05.39.09:519][  0]LogShaderLibrary: Display: ShaderCodeLibraryPakFileMountedCallback: PakFile 'C:/Program Files/Epic Games/UE_4.27/FeaturePacks/TP_RollingBP.upack' (chunk index -1, root 'root:/') mounted
[2021.11.15-05.39.09:519][  0]LogShaderLibrary: Display: ShaderCodeLibraryPakFileMountedCallback: pending pak file info (ChunkID:-1 Root:root:/ File:C:/Program Files/Epic Games/UE_4.27/FeaturePacks/TP_RollingBP.upack)
[2021.11.15-05.39.09:519][  0]LogPakFile: OnPakFileMounted2Time == 0.000020
[2021.11.15-05.39.09:520][  0]LogPakFile: PakFile PrimaryIndexSize=188
[2021.11.15-05.39.09:520][  0]LogPakFile: PakFile PathHashIndexSize=101
[2021.11.15-05.39.09:520][  0]LogPakFile: PakFile FullDirectoryIndexSize=150
[2021.11.15-05.39.09:520][  0]LogShaderLibrary: Display: ShaderCodeLibraryPakFileMountedCallback: PakFile 'C:/Program Files/Epic Games/UE_4.27/FeaturePacks/TP_SideScroller.upack' (chunk index -1, root 'root:/') mounted
[2021.11.15-05.39.09:520][  0]LogShaderLibrary: Display: ShaderCodeLibraryPakFileMountedCallback: pending pak file info (ChunkID:-1 Root:root:/ File:C:/Program Files/Epic Games/UE_4.27/FeaturePacks/TP_SideScroller.upack)
[2021.11.15-05.39.09:520][  0]LogPakFile: OnPakFileMounted2Time == 0.000020
[2021.11.15-05.39.09:520][  0]LogPakFile: PakFile PrimaryIndexSize=190
[2021.11.15-05.39.09:520][  0]LogPakFile: PakFile PathHashIndexSize=101
[2021.11.15-05.39.09:520][  0]LogPakFile: PakFile FullDirectoryIndexSize=154
[2021.11.15-05.39.09:520][  0]LogShaderLibrary: Display: ShaderCodeLibraryPakFileMountedCallback: PakFile 'C:/Program Files/Epic Games/UE_4.27/FeaturePacks/TP_SideScrollerBP.upack' (chunk index -1, root 'root:/') mounted
[2021.11.15-05.39.09:520][  0]LogShaderLibrary: Display: ShaderCodeLibraryPakFileMountedCallback: pending pak file info (ChunkID:-1 Root:root:/ File:C:/Program Files/Epic Games/UE_4.27/FeaturePacks/TP_SideScrollerBP.upack)
[2021.11.15-05.39.09:520][  0]LogPakFile: OnPakFileMounted2Time == 0.000020
[2021.11.15-05.39.09:520][  0]LogPakFile: PakFile PrimaryIndexSize=187
[2021.11.15-05.39.09:520][  0]LogPakFile: PakFile PathHashIndexSize=101
[2021.11.15-05.39.09:520][  0]LogPakFile: PakFile FullDirectoryIndexSize=148
[2021.11.15-05.39.09:520][  0]LogShaderLibrary: Display: ShaderCodeLibraryPakFileMountedCallback: PakFile 'C:/Program Files/Epic Games/UE_4.27/FeaturePacks/TP_ThirdPerson.upack' (chunk index -1, root 'root:/') mounted
[2021.11.15-05.39.09:520][  0]LogShaderLibrary: Display: ShaderCodeLibraryPakFileMountedCallback: pending pak file info (ChunkID:-1 Root:root:/ File:C:/Program Files/Epic Games/UE_4.27/FeaturePacks/TP_ThirdPerson.upack)
[2021.11.15-05.39.09:521][  0]LogPakFile: OnPakFileMounted2Time == 0.000021
[2021.11.15-05.39.09:521][  0]LogPakFile: PakFile PrimaryIndexSize=189
[2021.11.15-05.39.09:521][  0]LogPakFile: PakFile PathHashIndexSize=101
[2021.11.15-05.39.09:521][  0]LogPakFile: PakFile FullDirectoryIndexSize=152
[2021.11.15-05.39.09:521][  0]LogShaderLibrary: Display: ShaderCodeLibraryPakFileMountedCallback: PakFile 'C:/Program Files/Epic Games/UE_4.27/FeaturePacks/TP_ThirdPersonBP.upack' (chunk index -1, root 'root:/') mounted
[2021.11.15-05.39.09:521][  0]LogShaderLibrary: Display: ShaderCodeLibraryPakFileMountedCallback: pending pak file info (ChunkID:-1 Root:root:/ File:C:/Program Files/Epic Games/UE_4.27/FeaturePacks/TP_ThirdPersonBP.upack)
[2021.11.15-05.39.09:521][  0]LogPakFile: OnPakFileMounted2Time == 0.000020
[2021.11.15-05.39.09:521][  0]LogPakFile: PakFile PrimaryIndexSize=183
[2021.11.15-05.39.09:521][  0]LogPakFile: PakFile PathHashIndexSize=101
[2021.11.15-05.39.09:521][  0]LogPakFile: PakFile FullDirectoryIndexSize=140
[2021.11.15-05.39.09:521][  0]LogShaderLibrary: Display: ShaderCodeLibraryPakFileMountedCallback: PakFile 'C:/Program Files/Epic Games/UE_4.27/FeaturePacks/TP_TopDown.upack' (chunk index -1, root 'root:/') mounted
[2021.11.15-05.39.09:521][  0]LogShaderLibrary: Display: ShaderCodeLibraryPakFileMountedCallback: pending pak file info (ChunkID:-1 Root:root:/ File:C:/Program Files/Epic Games/UE_4.27/FeaturePacks/TP_TopDown.upack)
[2021.11.15-05.39.09:521][  0]LogPakFile: OnPakFileMounted2Time == 0.000025
[2021.11.15-05.39.09:522][  0]LogPakFile: PakFile PrimaryIndexSize=185
[2021.11.15-05.39.09:522][  0]LogPakFile: PakFile PathHashIndexSize=101
[2021.11.15-05.39.09:522][  0]LogPakFile: PakFile FullDirectoryIndexSize=144
[2021.11.15-05.39.09:522][  0]LogShaderLibrary: Display: ShaderCodeLibraryPakFileMountedCallback: PakFile 'C:/Program Files/Epic Games/UE_4.27/FeaturePacks/TP_TopDownBP.upack' (chunk index -1, root 'root:/') mounted
[2021.11.15-05.39.09:522][  0]LogShaderLibrary: Display: ShaderCodeLibraryPakFileMountedCallback: pending pak file info (ChunkID:-1 Root:root:/ File:C:/Program Files/Epic Games/UE_4.27/FeaturePacks/TP_TopDownBP.upack)
[2021.11.15-05.39.09:522][  0]LogPakFile: OnPakFileMounted2Time == 0.000020
[2021.11.15-05.39.09:522][  0]LogPakFile: PakFile PrimaryIndexSize=185
[2021.11.15-05.39.09:522][  0]LogPakFile: PakFile PathHashIndexSize=101
[2021.11.15-05.39.09:522][  0]LogPakFile: PakFile FullDirectoryIndexSize=144
[2021.11.15-05.39.09:522][  0]LogShaderLibrary: Display: ShaderCodeLibraryPakFileMountedCallback: PakFile 'C:/Program Files/Epic Games/UE_4.27/FeaturePacks/TP_TwinStick.upack' (chunk index -1, root 'root:/') mounted
[2021.11.15-05.39.09:522][  0]LogShaderLibrary: Display: ShaderCodeLibraryPakFileMountedCallback: pending pak file info (ChunkID:-1 Root:root:/ File:C:/Program Files/Epic Games/UE_4.27/FeaturePacks/TP_TwinStick.upack)
[2021.11.15-05.39.09:522][  0]LogPakFile: OnPakFileMounted2Time == 0.000020
[2021.11.15-05.39.09:522][  0]LogPakFile: PakFile PrimaryIndexSize=187
[2021.11.15-05.39.09:522][  0]LogPakFile: PakFile PathHashIndexSize=101
[2021.11.15-05.39.09:522][  0]LogPakFile: PakFile FullDirectoryIndexSize=148
[2021.11.15-05.39.09:522][  0]LogShaderLibrary: Display: ShaderCodeLibraryPakFileMountedCallback: PakFile 'C:/Program Files/Epic Games/UE_4.27/FeaturePacks/TP_TwinStickBP.upack' (chunk index -1, root 'root:/') mounted
[2021.11.15-05.39.09:522][  0]LogShaderLibrary: Display: ShaderCodeLibraryPakFileMountedCallback: pending pak file info (ChunkID:-1 Root:root:/ File:C:/Program Files/Epic Games/UE_4.27/FeaturePacks/TP_TwinStickBP.upack)
[2021.11.15-05.39.09:522][  0]LogPakFile: OnPakFileMounted2Time == 0.000020
[2021.11.15-05.39.09:523][  0]LogPakFile: PakFile PrimaryIndexSize=183
[2021.11.15-05.39.09:523][  0]LogPakFile: PakFile PathHashIndexSize=101
[2021.11.15-05.39.09:523][  0]LogPakFile: PakFile FullDirectoryIndexSize=140
[2021.11.15-05.39.09:523][  0]LogShaderLibrary: Display: ShaderCodeLibraryPakFileMountedCallback: PakFile 'C:/Program Files/Epic Games/UE_4.27/FeaturePacks/TP_Vehicle.upack' (chunk index -1, root 'root:/') mounted
[2021.11.15-05.39.09:523][  0]LogShaderLibrary: Display: ShaderCodeLibraryPakFileMountedCallback: pending pak file info (ChunkID:-1 Root:root:/ File:C:/Program Files/Epic Games/UE_4.27/FeaturePacks/TP_Vehicle.upack)
[2021.11.15-05.39.09:523][  0]LogPakFile: OnPakFileMounted2Time == 0.000020
[2021.11.15-05.39.09:523][  0]LogPakFile: PakFile PrimaryIndexSize=186
[2021.11.15-05.39.09:523][  0]LogPakFile: PakFile PathHashIndexSize=101
[2021.11.15-05.39.09:523][  0]LogPakFile: PakFile FullDirectoryIndexSize=146
[2021.11.15-05.39.09:523][  0]LogShaderLibrary: Display: ShaderCodeLibraryPakFileMountedCallback: PakFile 'C:/Program Files/Epic Games/UE_4.27/FeaturePacks/TP_VehicleAdv.upack' (chunk index -1, root 'root:/') mounted
[2021.11.15-05.39.09:523][  0]LogShaderLibrary: Display: ShaderCodeLibraryPakFileMountedCallback: pending pak file info (ChunkID:-1 Root:root:/ File:C:/Program Files/Epic Games/UE_4.27/FeaturePacks/TP_VehicleAdv.upack)
[2021.11.15-05.39.09:523][  0]LogPakFile: OnPakFileMounted2Time == 0.000020
[2021.11.15-05.39.09:523][  0]LogPakFile: PakFile PrimaryIndexSize=188
[2021.11.15-05.39.09:523][  0]LogPakFile: PakFile PathHashIndexSize=101
[2021.11.15-05.39.09:524][  0]LogPakFile: PakFile FullDirectoryIndexSize=150
[2021.11.15-05.39.09:524][  0]LogShaderLibrary: Display: ShaderCodeLibraryPakFileMountedCallback: PakFile 'C:/Program Files/Epic Games/UE_4.27/FeaturePacks/TP_VehicleAdvBP.upack' (chunk index -1, root 'root:/') mounted
[2021.11.15-05.39.09:524][  0]LogShaderLibrary: Display: ShaderCodeLibraryPakFileMountedCallback: pending pak file info (ChunkID:-1 Root:root:/ File:C:/Program Files/Epic Games/UE_4.27/FeaturePacks/TP_VehicleAdvBP.upack)
[2021.11.15-05.39.09:524][  0]LogPakFile: OnPakFileMounted2Time == 0.000020
[2021.11.15-05.39.09:524][  0]LogPakFile: PakFile PrimaryIndexSize=185
[2021.11.15-05.39.09:524][  0]LogPakFile: PakFile PathHashIndexSize=101
[2021.11.15-05.39.09:524][  0]LogPakFile: PakFile FullDirectoryIndexSize=144
[2021.11.15-05.39.09:524][  0]LogShaderLibrary: Display: ShaderCodeLibraryPakFileMountedCallback: PakFile 'C:/Program Files/Epic Games/UE_4.27/FeaturePacks/TP_VehicleBP.upack' (chunk index -1, root 'root:/') mounted
[2021.11.15-05.39.09:524][  0]LogShaderLibrary: Display: ShaderCodeLibraryPakFileMountedCallback: pending pak file info (ChunkID:-1 Root:root:/ File:C:/Program Files/Epic Games/UE_4.27/FeaturePacks/TP_VehicleBP.upack)
[2021.11.15-05.39.09:524][  0]LogPakFile: OnPakFileMounted2Time == 0.000020
[2021.11.15-05.39.09:524][  0]LogPakFile: PakFile PrimaryIndexSize=192
[2021.11.15-05.39.09:524][  0]LogPakFile: PakFile PathHashIndexSize=101
[2021.11.15-05.39.09:524][  0]LogPakFile: PakFile FullDirectoryIndexSize=158
[2021.11.15-05.39.09:524][  0]LogShaderLibrary: Display: ShaderCodeLibraryPakFileMountedCallback: PakFile 'C:/Program Files/Epic Games/UE_4.27/FeaturePacks/TP_VirtualRealityBP.upack' (chunk index -1, root 'root:/') mounted
[2021.11.15-05.39.09:524][  0]LogShaderLibrary: Display: ShaderCodeLibraryPakFileMountedCallback: pending pak file info (ChunkID:-1 Root:root:/ File:C:/Program Files/Epic Games/UE_4.27/FeaturePacks/TP_VirtualRealityBP.upack)
[2021.11.15-05.39.09:524][  0]LogPakFile: OnPakFileMounted2Time == 0.000020
[2021.11.15-05.39.09:560][  0]LogNativeClassHierarchy: Verbose: Native class hierarchy updated for 'AddContentDialog' in 0.0003 seconds. Added 0 classes and 0 folders.
[2021.11.15-05.39.09:561][  0]LogNativeClassHierarchy: Verbose: Native class hierarchy updated for 'SceneOutliner' in 0.0002 seconds. Added 2 classes and 0 folders.
[2021.11.15-05.39.09:592][  0]LogSlate: Took 0.000154 seconds to synchronously load lazily loaded font '../../../Engine/Content/Slate/Fonts/Roboto-Regular.ttf' (155K)
[2021.11.15-05.39.09:593][  0]LogSlate: Took 0.000081 seconds to synchronously load lazily loaded font '../../../Engine/Content/Editor/Slate/Fonts/FontAwesome.ttf' (139K)
[2021.11.15-05.39.09:594][  0]LogSlate: Took 0.000077 seconds to synchronously load lazily loaded font '../../../Engine/Content/Slate/Fonts/Roboto-Bold.ttf' (160K)
[2021.11.15-05.39.09:650][  0]LogRenderer: Reallocating scene render targets to support 1616x572 Format 10 NumSamples 1 (Frame:1).
[2021.11.15-05.39.09:715][  0]LogNativeClassHierarchy: Verbose: Native class hierarchy updated for 'HierarchicalLODOutliner' in 0.0003 seconds. Added 0 classes and 0 folders.
[2021.11.15-05.39.09:715][  0]LogLoad: (Engine Initialization) Total time: 5.26 seconds
[2021.11.15-05.39.09:715][  0]LogLoad: (Engine Initialization) Total Blueprint compile time: 0.00 seconds
[2021.11.15-05.39.09:748][  0]LogAssetRegistry: Asset discovery search completed in 2.9848 seconds
[2021.11.15-05.39.09:752][  0]LogCollectionManager: Fixed up redirectors for 0 collections in 0.000003 seconds (updated 0 objects)
[2021.11.15-05.39.09:753][  0]LogContentStreaming: Texture pool size now 1000 MB
[2021.11.15-05.39.09:911][  4]LogSlate: Took 0.000318 seconds to synchronously load lazily loaded font '../../../Engine/Content/Slate/Fonts/Roboto-Light.ttf' (167K)
[2021.11.15-05.39.14:781][480]LogContentBrowser: Deferred new asset file creation: NewMaterial
[2021.11.15-05.39.14:788][480]LogContentBrowser: Creating deferred item: NewMaterial
[2021.11.15-05.39.30:138][303]LogContentBrowser: Attempting asset rename: NewMaterial -> M_1
[2021.11.15-05.39.30:139][303]LogContentBrowser: End creating deferred item NewMaterial
[2021.11.15-05.39.41:143][456]LogContentBrowser: Deferred new asset file creation: NewWidgetBlueprint
[2021.11.15-05.39.41:149][456]LogContentBrowser: Creating deferred item: NewWidgetBlueprint
[2021.11.15-05.39.50:404][561]LogContentBrowser: Attempting asset rename: NewWidgetBlueprint -> Wi
[2021.11.15-05.39.50:405][561]LogContentBrowser: End creating deferred item NewWidgetBlueprint
[2021.11.15-05.39.54:979][ 52]LogContentBrowser: Deferred new asset file creation: NewMaterial
[2021.11.15-05.39.54:989][ 52]LogContentBrowser: Creating deferred item: NewMaterial
[2021.11.15-05.39.59:228][555]LogContentBrowser: Attempting asset rename: NewMaterial -> M_2
[2021.11.15-05.39.59:228][555]LogContentBrowser: End creating deferred item NewMaterial
[2021.11.15-05.40.02:957][990]LogSlate: Took 0.000103 seconds to synchronously load lazily loaded font '../../../Engine/Content/Slate/Fonts/Roboto-Light.ttf' (167K)
[2021.11.15-05.40.02:989][990]LogUObjectHash: Compacting FUObjectHashTables data took   0.52ms
[2021.11.15-05.40.03:007][990]LogSavePackage: Moving '../../../../../../Users/lucys/OneDrive/文档/Unreal Projects/ThomasAdvanture/Saved/FirstPersonExampleMap5552E6EE4DCAF9BFEDE2BAA9BEE4FF5D.tmp' to '../../../../../../Users/lucys/OneDrive/文档/Unreal Projects/ThomasAdvanture/Content/FirstPersonBP/Maps/FirstPersonExampleMap.umap'
[2021.11.15-05.40.03:496][990]LogSavePackage: Moving '../../../../../../Users/lucys/OneDrive/文档/Unreal Projects/ThomasAdvanture/Saved/FirstPersonExampleMap_BuiltData77A1291D444968309F24A1B51A6CE70F.tmp' to '../../../../../../Users/lucys/OneDrive/文档/Unreal Projects/ThomasAdvanture/Content/FirstPersonBP/Maps/FirstPersonExampleMap_BuiltData.uasset'
[2021.11.15-05.40.03:506][990]AssetCheck: New page: Asset Save: multiple assets
[2021.11.15-05.40.03:506][990]LogContentValidation: Display: Validating MapBuildDataRegistry /Game/FirstPersonBP/Maps/FirstPersonExampleMap_BuiltData.FirstPersonExampleMap_BuiltData
[2021.11.15-05.40.03:506][990]LogContentValidation: Display: Validating World /Game/FirstPersonBP/Maps/FirstPersonExampleMap.FirstPersonExampleMap
[2021.11.15-05.40.17:063][595]LogSlate: Took 0.000161 seconds to synchronously load lazily loaded font '../../../Engine/Content/Slate/Fonts/Roboto-Italic.ttf' (157K)
[2021.11.15-05.40.19:302][857]LogUObjectHash: Compacting FUObjectHashTables data took   0.34ms
[2021.11.15-05.40.19:319][857]LogSavePackage: Moving '../../../../../../Users/lucys/OneDrive/文档/Unreal Projects/ThomasAdvanture/Saved/FirstPersonExampleMapE51B12DA45D47F277B5AF589AD50BE44.tmp' to '../../../../../../Users/lucys/OneDrive/文档/Unreal Projects/ThomasAdvanture/Content/FirstPersonBP/Maps/FirstPersonExampleMap.umap'
[2021.11.15-05.40.19:573][857]LogSavePackage: Moving '../../../../../../Users/lucys/OneDrive/文档/Unreal Projects/ThomasAdvanture/Saved/FirstPersonExampleMap_BuiltDataAADD3CD04D12901796D0BF9978656E6D.tmp' to '../../../../../../Users/lucys/OneDrive/文档/Unreal Projects/ThomasAdvanture/Content/FirstPersonBP/Maps/FirstPersonExampleMap_BuiltData.uasset'
[2021.11.15-05.40.19:584][857]AssetCheck: New page: Asset Save: multiple assets
[2021.11.15-05.40.19:584][857]LogContentValidation: Display: Validating MapBuildDataRegistry /Game/FirstPersonBP/Maps/FirstPersonExampleMap_BuiltData.FirstPersonExampleMap_BuiltData
[2021.11.15-05.40.19:584][857]LogContentValidation: Display: Validating World /Game/FirstPersonBP/Maps/FirstPersonExampleMap.FirstPersonExampleMap
[2021.11.15-05.41.21:999][653]LogUObjectHash: Compacting FUObjectHashTables data took   0.27ms
[2021.11.15-05.41.22:025][653]Cmd: OBJ SAVEPACKAGE PACKAGE="/Game/MapsForGame/Yujia/M_1" FILE="../../../../../../Users/lucys/OneDrive/文档/Unreal Projects/ThomasAdvanture/Content/MapsForGame/Yujia/M_1.uasset" SILENT=true
[2021.11.15-05.41.22:028][653]LogSavePackage: Moving '../../../../../../Users/lucys/OneDrive/文档/Unreal Projects/ThomasAdvanture/Saved/M_1E897445A496AD66FA5CA8BAF35F1FA4A.tmp' to '../../../../../../Users/lucys/OneDrive/文档/Unreal Projects/ThomasAdvanture/Content/MapsForGame/Yujia/M_1.uasset'
[2021.11.15-05.41.22:029][653]Cmd: OBJ SAVEPACKAGE PACKAGE="/Game/MapsForGame/Garrett/Wi" FILE="../../../../../../Users/lucys/OneDrive/文档/Unreal Projects/ThomasAdvanture/Content/MapsForGame/Garrett/Wi.uasset" SILENT=true
[2021.11.15-05.41.22:031][653]LogSavePackage: Moving '../../../../../../Users/lucys/OneDrive/文档/Unreal Projects/ThomasAdvanture/Saved/WiC19BC2874F86303FB72D4680F9694FDB.tmp' to '../../../../../../Users/lucys/OneDrive/文档/Unreal Projects/ThomasAdvanture/Content/MapsForGame/Garrett/Wi.uasset'
[2021.11.15-05.41.22:038][653]Cmd: OBJ SAVEPACKAGE PACKAGE="/Game/MapsForGame/Zheng/M_2" FILE="../../../../../../Users/lucys/OneDrive/文档/Unreal Projects/ThomasAdvanture/Content/MapsForGame/Zheng/M_2.uasset" SILENT=true
[2021.11.15-05.41.22:042][653]LogSavePackage: Moving '../../../../../../Users/lucys/OneDrive/文档/Unreal Projects/ThomasAdvanture/Saved/M_291120BE3442212F99C5C349305B004C0.tmp' to '../../../../../../Users/lucys/OneDrive/文档/Unreal Projects/ThomasAdvanture/Content/MapsForGame/Zheng/M_2.uasset'
[2021.11.15-05.41.22:053][653]AssetCheck: New page: Asset Save: multiple assets
[2021.11.15-05.41.22:053][653]LogContentValidation: Display: Validating Material /Game/MapsForGame/Zheng/M_2.M_2
[2021.11.15-05.41.22:053][653]LogContentValidation: Display: Validating WidgetBlueprint /Game/MapsForGame/Garrett/Wi.Wi
[2021.11.15-05.41.22:054][653]LogContentValidation: Display: Validating Material /Game/MapsForGame/Yujia/M_1.M_1
