Log file open, 12/08/21 01:25:53
LogWindows: Failed to load 'aqProf.dll' (GetLastError=126)
LogWindows: File 'aqProf.dll' does not exist
LogWindows: Failed to load 'VtuneApi.dll' (GetLastError=126)
LogWindows: File 'VtuneApi.dll' does not exist
LogWindows: Failed to load 'VtuneApi32e.dll' (GetLastError=126)
LogWindows: File 'VtuneApi32e.dll' does not exist
LogConsoleResponse: Display: Failed to find resolution value strings in scalability ini. Falling back to default.
LogConsoleResponse: Display: Failed to find resolution value strings in scalability ini. Falling back to default.
LogInit: Display: Running engine for game: ThomasAdvanture
LogPlatformFile: Not using cached read wrapper
LogTaskGraph: Started task graph with 5 named threads and 47 total threads with 3 sets of task threads.
LogStats: Stats thread started at 0.198646
LogICUInternationalization: ICU TimeZone Detection - Raw Offset: -7:00, Platform Override: ''
LogInit: Display: Loading text-based GConfig....
LogPluginManager: Mounting plugin MeshPainting
LogPluginManager: Mounting plugin XGEController
LogPluginManager: Mounting plugin Paper2D
LogPluginManager: Mounting plugin LiveLink
LogPluginManager: Mounting plugin AISupport
LogPluginManager: Mounting plugin EnvironmentQueryEditor
LogPluginManager: Mounting plugin LightPropagationVolume
LogPluginManager: Mounting plugin OodleNetwork
LogPluginManager: Mounting plugin Niagara
LogPluginManager: Mounting plugin AnimationSharing
LogPluginManager: Mounting plugin CLionSourceCodeAccess
LogPluginManager: Mounting plugin CodeLiteSourceCodeAccess
LogPluginManager: Mounting plugin GitSourceControl
LogPluginManager: Mounting plugin KDevelopSourceCodeAccess
LogPluginManager: Mounting plugin AssetManagerEditor
LogPluginManager: Mounting plugin PerforceSourceControl
LogPluginManager: Mounting plugin NullSourceCodeAccess
LogPluginManager: Mounting plugin PixWinPlugin
LogPluginManager: Mounting plugin PlasticSourceControl
LogPluginManager: Mounting plugin OodleData
LogPluginManager: Mounting plugin PropertyAccessNode
LogPluginManager: Mounting plugin PluginUtils
LogPluginManager: Mounting plugin RiderSourceCodeAccess
LogPluginManager: Mounting plugin TextureFormatOodle
LogPluginManager: Mounting plugin CryptoKeys
LogPluginManager: Mounting plugin UObjectPlugin
LogPluginManager: Mounting plugin CurveEditorTools
LogPluginManager: Mounting plugin DataValidation
LogPluginManager: Mounting plugin FacialAnimation
LogPluginManager: Mounting plugin GeometryMode
LogPluginManager: Mounting plugin GameplayTagsEditor
LogPluginManager: Mounting plugin VisualStudioSourceCodeAccess
LogPluginManager: Mounting plugin MaterialAnalyzer
LogPluginManager: Mounting plugin VisualStudioCodeSourceCodeAccess
LogPluginManager: Mounting plugin XCodeSourceCodeAccess
LogPluginManager: Mounting plugin PluginBrowser
LogPluginManager: Mounting plugin MobileLauncherProfileWizard
LogPluginManager: Mounting plugin LuminPlatformFeatures
LogPluginManager: Mounting plugin MagicLeap
LogPluginManager: Mounting plugin SpeedTreeImporter
LogPluginManager: Mounting plugin MagicLeapLightEstimation
LogPluginManager: Mounting plugin MagicLeapMedia
LogPluginManager: Mounting plugin MacGraphicsSwitching
LogPluginManager: Mounting plugin MLSDK
LogPluginManager: Mounting plugin TcpMessaging
LogPluginManager: Mounting plugin UdpMessaging
LogPluginManager: Mounting plugin MagicLeapPassableWorld
LogPluginManager: Mounting plugin AvfMedia
LogPluginManager: Mounting plugin AndroidMedia
LogPluginManager: Mounting plugin ImgMedia
LogPluginManager: Mounting plugin SubversionSourceControl
LogPluginManager: Mounting plugin MediaPlayerEditor
LogPluginManager: Mounting plugin MediaCompositing
LogPluginManager: Mounting plugin WebMMedia
LogPluginManager: Mounting plugin WmfMedia
LogPluginManager: Mounting plugin AutomationUtils
LogPluginManager: Mounting plugin AlembicImporter
LogPluginManager: Mounting plugin BackChannel
LogPluginManager: Mounting plugin LevelSequenceEditor
LogPluginManager: Mounting plugin MatineeToLevelSequence
LogPluginManager: Mounting plugin ActorSequence
LogPluginManager: Mounting plugin ChaosCloth
LogPluginManager: Mounting plugin ChaosClothEditor
LogPluginManager: Mounting plugin ChaosEditor
LogPluginManager: Mounting plugin ChaosSolverPlugin
LogPluginManager: Mounting plugin CharacterAI
LogPluginManager: Mounting plugin ChaosNiagara
LogPluginManager: Mounting plugin GeometryCache
LogPluginManager: Mounting plugin GeometryCollectionPlugin
LogPluginManager: Mounting plugin LauncherChunkInstaller
LogPluginManager: Mounting plugin TemplateSequence
LogPluginManager: Mounting plugin OnlineSubsystem
LogPluginManager: Mounting plugin GeometryProcessing
LogPluginManager: Mounting plugin OnlineSubsystemNull
LogPluginManager: Mounting plugin OnlineSubsystemUtils
LogPluginManager: Mounting plugin MotoSynth
LogPluginManager: Mounting plugin OpenImageDenoise
LogPluginManager: Mounting plugin PlatformCrypto
LogPluginManager: Mounting plugin PlanarCut
LogPluginManager: Mounting plugin PythonScriptPlugin
LogPluginManager: Mounting plugin ProxyLODPlugin
LogPluginManager: Mounting plugin SkeletalReduction
LogPluginManager: Mounting plugin ScreenshotTools
LogPluginManager: Mounting plugin ActorLayerUtilities
LogPluginManager: Mounting plugin AndroidMoviePlayer
LogPluginManager: Mounting plugin AndroidPermission
LogPluginManager: Mounting plugin Takes
LogPluginManager: Mounting plugin AndroidDeviceProfileSelector
LogPluginManager: Mounting plugin AppleMoviePlayer
LogPluginManager: Mounting plugin AppleImageUtils
LogPluginManager: Mounting plugin ArchVisCharacter
LogPluginManager: Mounting plugin AssetTags
LogPluginManager: Mounting plugin AudioCapture
LogPluginManager: Mounting plugin AudioSynesthesia
LogPluginManager: Mounting plugin CustomMeshComponent
LogPluginManager: Mounting plugin ChunkDownloader
LogPluginManager: Mounting plugin EditableMesh
LogPluginManager: Mounting plugin ExampleDeviceProfileSelector
LogPluginManager: Mounting plugin GoogleCloudMessaging
LogPluginManager: Mounting plugin GooglePAD
LogPluginManager: Mounting plugin IOSDeviceProfileSelector
LogPluginManager: Mounting plugin LinuxDeviceProfileSelector
LogPluginManager: Mounting plugin LocationServicesBPLibrary
LogPluginManager: Mounting plugin MobilePatchingUtils
LogPluginManager: Mounting plugin CableComponent
LogPluginManager: Mounting plugin OpenXR
LogPluginManager: Mounting plugin OpenXRHandTracking
LogPluginManager: Mounting plugin OpenXREyeTracker
LogPluginManager: Mounting plugin PostSplashScreen
LogPluginManager: Mounting plugin PhysXVehicles
LogPluginManager: Mounting plugin PropertyAccessEditor
LogPluginManager: Mounting plugin ProceduralMeshComponent
LogPluginManager: Mounting plugin RuntimePhysXCooking
LogPluginManager: Mounting plugin SignificanceManager
LogPluginManager: Mounting plugin SoundFields
LogPluginManager: Mounting plugin Synthesis
LogPluginManager: Mounting plugin WebMMoviePlayer
LogPluginManager: Mounting plugin WindowsMoviePlayer
LogPluginManager: Mounting plugin CameraShakePreviewer
LogPluginManager: Mounting plugin GameplayCameras
LogPluginManager: Mounting plugin DatasmithContent
LogPluginManager: Mounting plugin VariantManagerContent
LogPluginManager: Mounting plugin ContentBrowserClassDataSource
LogPluginManager: Mounting plugin ContentBrowserAssetDataSource
LogPluginManager: Mounting plugin ContentBrowserFileDataSource
LogPluginManager: Mounting plugin OnlineSubsystemGooglePlay
LogPluginManager: Mounting plugin OnlineSubsystemIOS
LogPluginManager: Mounting plugin OculusVR
LogPluginManager: Mounting plugin SteamVR
PixWinPlugin: PIX capture plugin failed to initialize! Check that the process is launched from PIX.
LogInit: Using libcurl 7.55.1-DEV
LogInit:  - built for x86_64-pc-win32
LogInit:  - supports SSL with OpenSSL/1.1.1
LogInit:  - supports HTTP deflate (compression) using libz 1.2.8
LogInit:  - other features:
LogInit:      CURL_VERSION_SSL
LogInit:      CURL_VERSION_LIBZ
LogInit:      CURL_VERSION_IPV6
LogInit:      CURL_VERSION_ASYNCHDNS
LogInit:      CURL_VERSION_LARGEFILE
LogInit:      CURL_VERSION_IDN
LogInit:  CurlRequestOptions (configurable via config and command line):
LogInit:  - bVerifyPeer = true  - Libcurl will verify peer certificate
LogInit:  - bUseHttpProxy = false  - Libcurl will NOT use HTTP proxy
LogInit:  - bDontReuseConnections = false  - Libcurl will reuse connections
LogInit:  - MaxHostConnections = 16  - Libcurl will limit the number of connections to a host
LogInit:  - LocalHostAddr = Default
LogInit:  - BufferSize = 65536
LogOnline: OSS: Creating online subsystem instance for: NULL
LogInit: WinSock: version 1.1 (2.2), MaxSocks=32767, MaxUdp=65467
LogOnline: OSS: TryLoadSubsystemAndSetDefault: Loaded subsystem for module [NULL]
LogOculusPluginWrapper: OculusPlugin initialized successfully
LogHMD: Failed initializing OVRPlugin 1.59.0
LogInit: Build: ++UE4+Release-4.27-CL-17735300
LogInit: Engine Version: 4.27.1-17735300+++UE4+Release-4.27
LogInit: Compatible Engine Version: 4.27.0-17155196+++UE4+Release-4.27
LogInit: Net CL: 17155196
LogInit: OS: Windows 10 (Release 2004) (), CPU: AMD Ryzen 7 5800X 8-Core Processor             , GPU: NVIDIA GeForce RTX 3080 Ti
LogInit: Compiled (64-bit): Oct  6 2021 14:42:51
LogInit: Compiled with Visual C++: 19.24.28315.00
LogInit: Build Configuration: Development
LogInit: Branch Name: ++UE4+Release-4.27
LogInit: Command Line:  /Game/MapsForGame/Yujia/CarScene_BlockOut10_Map -game -PIEVIACONSOLE -Multiprocess "GameUserSettingsINI=C:/Users/lucys/OneDrive/文档/Unreal Projects/ThomasAdvanture/Saved/Config/Windows/PIEGameUserSettings0.ini" -MultiprocessSaveConfig -forcepassthrough -messaging -SessionName="Play in Standalone Game" -windowed -WinX=663 -WinY=73 SAVEWINPOS=1 -ResX=1223 -ResY=908
LogInit: Base Directory: C:/Program Files/Epic Games/UE_4.27/Engine/Binaries/Win64/
LogInit: Allocator: TBB
LogInit: Installed Engine Build: 1
LogDevObjectVersion: Number of dev versions registered: 29
LogDevObjectVersion:   Dev-Blueprints (B0D832E4-1F89-4F0D-ACCF-7EB736FD4AA2): 10
LogDevObjectVersion:   Dev-Build (E1C64328-A22C-4D53-A36C-8E866417BD8C): 0
LogDevObjectVersion:   Dev-Core (375EC13C-06E4-48FB-B500-84F0262A717E): 4
LogDevObjectVersion:   Dev-Editor (E4B068ED-F494-42E9-A231-DA0B2E46BB41): 40
LogDevObjectVersion:   Dev-Framework (CFFC743F-43B0-4480-9391-14DF171D2073): 37
LogDevObjectVersion:   Dev-Mobile (B02B49B5-BB20-44E9-A304-32B752E40360): 3
LogDevObjectVersion:   Dev-Networking (A4E4105C-59A1-49B5-A7C5-40C4547EDFEE): 0
LogDevObjectVersion:   Dev-Online (39C831C9-5AE6-47DC-9A44-9C173E1C8E7C): 0
LogDevObjectVersion:   Dev-Physics (78F01B33-EBEA-4F98-B9B4-84EACCB95AA2): 14
LogDevObjectVersion:   Dev-Platform (6631380F-2D4D-43E0-8009-CF276956A95A): 0
LogDevObjectVersion:   Dev-Rendering (12F88B9F-8875-4AFC-A67C-D90C383ABD29): 45
LogDevObjectVersion:   Dev-Sequencer (7B5AE74C-D270-4C10-A958-57980B212A5A): 13
LogDevObjectVersion:   Dev-VR (D7296918-1DD6-4BDD-9DE2-64A83CC13884): 3
LogDevObjectVersion:   Dev-LoadTimes (C2A15278-BFE7-4AFE-6C17-90FF531DF755): 1
LogDevObjectVersion:   Private-Geometry (6EACA3D4-40EC-4CC1-B786-8BED09428FC5): 3
LogDevObjectVersion:   Dev-AnimPhys (29E575DD-E0A3-4627-9D10-D276232CDCEA): 17
LogDevObjectVersion:   Dev-Anim (AF43A65D-7FD3-4947-9873-3E8ED9C1BB05): 15
LogDevObjectVersion:   Dev-ReflectionCapture (6B266CEC-1EC7-4B8F-A30B-E4D90942FC07): 1
LogDevObjectVersion:   Dev-Automation (0DF73D61-A23F-47EA-B727-89E90C41499A): 1
LogDevObjectVersion:   FortniteMain (601D1886-AC64-4F84-AA16-D3DE0DEAC7D6): 47
LogDevObjectVersion:   FortniteRelease (E7086368-6B23-4C58-8439-1B7016265E91): 1
LogDevObjectVersion:   Dev-Enterprise (9DFFBCD6-494F-0158-E221-12823C92A888): 10
LogDevObjectVersion:   Dev-Niagara (F2AED0AC-9AFE-416F-8664-AA7FFA26D6FC): 1
LogDevObjectVersion:   Dev-Destruction (174F1F0B-B4C6-45A5-B13F-2EE8D0FB917D): 10
LogDevObjectVersion:   Dev-Physics-Ext (35F94A83-E258-406C-A318-09F59610247C): 41
LogDevObjectVersion:   Dev-PhysicsMaterial-Chaos (B68FC16E-8B1B-42E2-B453-215C058844FE): 1
LogDevObjectVersion:   Dev-CineCamera (B2E18506-4273-CFC2-A54E-F4BB758BBA07): 1
LogDevObjectVersion:   Dev-VirtualProduction (64F58936-FD1B-42BA-BA96-7289D5D0FA4E): 1
LogDevObjectVersion:   Dev-MediaFramework (6F0ED827-A609-4895-9C91-998D90180EA4): 2
LogInit: Presizing for max 25165824 objects, including 0 objects not considered by GC, pre-allocating 0 bytes for permanent pool.
LogConfig: Applying CVar settings from Section [/Script/Engine.StreamingSettings] File [C:/Users/lucys/OneDrive/文档/Unreal Projects/ThomasAdvanture/Saved/Config/Windows/Engine.ini]
LogConfig: Setting CVar [[s.MinBulkDataSizeForAsyncLoading:131072]]
LogConfig: Setting CVar [[s.AsyncLoadingThreadEnabled:0]]
LogConfig: Setting CVar [[s.EventDrivenLoaderEnabled:1]]
LogConfig: Setting CVar [[s.WarnIfTimeLimitExceeded:0]]
LogConfig: Setting CVar [[s.TimeLimitExceededMultiplier:1.5]]
LogConfig: Setting CVar [[s.TimeLimitExceededMinTime:0.005]]
LogConfig: Setting CVar [[s.UseBackgroundLevelStreaming:1]]
LogConfig: Setting CVar [[s.PriorityAsyncLoadingExtraTime:15.0]]
LogConfig: Setting CVar [[s.LevelStreamingActorsUpdateTimeLimit:5.0]]
LogConfig: Setting CVar [[s.PriorityLevelStreamingActorsUpdateExtraTime:5.0]]
LogConfig: Setting CVar [[s.LevelStreamingComponentsRegistrationGranularity:10]]
LogConfig: Setting CVar [[s.UnregisterComponentsTimeLimit:1.0]]
LogConfig: Setting CVar [[s.LevelStreamingComponentsUnregistrationGranularity:5]]
LogConfig: Setting CVar [[s.FlushStreamingOnExit:1]]
LogInit: Object subsystem initialized
LogConfig: Setting CVar [[con.DebugEarlyDefault:1]]
LogConfig: Setting CVar [[r.setres:1280x720]]
[2021.12.08-08.25.53:680][  0]LogConfig: Setting CVar [[con.DebugEarlyDefault:1]]
[2021.12.08-08.25.53:680][  0]LogConfig: Setting CVar [[r.setres:1280x720]]
[2021.12.08-08.25.53:680][  0]LogConfig: Applying CVar settings from Section [/Script/Engine.RendererSettings] File [C:/Users/lucys/OneDrive/文档/Unreal Projects/ThomasAdvanture/Saved/Config/Windows/Engine.ini]
[2021.12.08-08.25.53:680][  0]LogConfig: Setting CVar [[r.GPUCrashDebugging:0]]
[2021.12.08-08.25.53:680][  0]LogConfig: Applying CVar settings from Section [/Script/Engine.RendererOverrideSettings] File [C:/Users/lucys/OneDrive/文档/Unreal Projects/ThomasAdvanture/Saved/Config/Windows/Engine.ini]
[2021.12.08-08.25.53:680][  0]LogConfig: Applying CVar settings from Section [/Script/Engine.StreamingSettings] File [C:/Users/lucys/OneDrive/文档/Unreal Projects/ThomasAdvanture/Saved/Config/Windows/Engine.ini]
[2021.12.08-08.25.53:680][  0]LogConfig: Setting CVar [[s.MinBulkDataSizeForAsyncLoading:131072]]
[2021.12.08-08.25.53:680][  0]LogConfig: Setting CVar [[s.AsyncLoadingThreadEnabled:0]]
[2021.12.08-08.25.53:680][  0]LogConfig: Setting CVar [[s.EventDrivenLoaderEnabled:1]]
[2021.12.08-08.25.53:680][  0]LogConfig: Setting CVar [[s.WarnIfTimeLimitExceeded:0]]
[2021.12.08-08.25.53:680][  0]LogConfig: Setting CVar [[s.TimeLimitExceededMultiplier:1.5]]
[2021.12.08-08.25.53:680][  0]LogConfig: Setting CVar [[s.TimeLimitExceededMinTime:0.005]]
[2021.12.08-08.25.53:680][  0]LogConfig: Setting CVar [[s.UseBackgroundLevelStreaming:1]]
[2021.12.08-08.25.53:680][  0]LogConfig: Setting CVar [[s.PriorityAsyncLoadingExtraTime:15.0]]
[2021.12.08-08.25.53:680][  0]LogConfig: Setting CVar [[s.LevelStreamingActorsUpdateTimeLimit:5.0]]
[2021.12.08-08.25.53:680][  0]LogConfig: Setting CVar [[s.PriorityLevelStreamingActorsUpdateExtraTime:5.0]]
[2021.12.08-08.25.53:680][  0]LogConfig: Setting CVar [[s.LevelStreamingComponentsRegistrationGranularity:10]]
[2021.12.08-08.25.53:680][  0]LogConfig: Setting CVar [[s.UnregisterComponentsTimeLimit:1.0]]
[2021.12.08-08.25.53:680][  0]LogConfig: Setting CVar [[s.LevelStreamingComponentsUnregistrationGranularity:5]]
[2021.12.08-08.25.53:680][  0]LogConfig: Setting CVar [[s.FlushStreamingOnExit:1]]
[2021.12.08-08.25.53:680][  0]LogConfig: Applying CVar settings from Section [/Script/Engine.GarbageCollectionSettings] File [C:/Users/lucys/OneDrive/文档/Unreal Projects/ThomasAdvanture/Saved/Config/Windows/Engine.ini]
[2021.12.08-08.25.53:680][  0]LogConfig: Setting CVar [[gc.MaxObjectsNotConsideredByGC:1]]
[2021.12.08-08.25.53:680][  0]LogConfig: Setting CVar [[gc.SizeOfPermanentObjectPool:0]]
[2021.12.08-08.25.53:680][  0]LogConfig: Setting CVar [[gc.FlushStreamingOnGC:0]]
[2021.12.08-08.25.53:680][  0]LogConfig: Setting CVar [[gc.NumRetriesBeforeForcingGC:10]]
[2021.12.08-08.25.53:680][  0]LogConfig: Setting CVar [[gc.AllowParallelGC:1]]
[2021.12.08-08.25.53:680][  0]LogConfig: Setting CVar [[gc.TimeBetweenPurgingPendingKillObjects:61.1]]
[2021.12.08-08.25.53:680][  0]LogConfig: Setting CVar [[gc.MaxObjectsInEditor:25165824]]
[2021.12.08-08.25.53:680][  0]LogConfig: Setting CVar [[gc.IncrementalBeginDestroyEnabled:1]]
[2021.12.08-08.25.53:680][  0]LogConfig: Setting CVar [[gc.CreateGCClusters:1]]
[2021.12.08-08.25.53:680][  0]LogConfig: Setting CVar [[gc.MinGCClusterSize:5]]
[2021.12.08-08.25.53:680][  0]LogConfig: Setting CVar [[gc.ActorClusteringEnabled:0]]
[2021.12.08-08.25.53:680][  0]LogConfig: Setting CVar [[gc.BlueprintClusteringEnabled:0]]
[2021.12.08-08.25.53:680][  0]LogConfig: Setting CVar [[gc.UseDisregardForGCOnDedicatedServers:0]]
[2021.12.08-08.25.53:680][  0]LogConfig: Setting CVar [[gc.MultithreadedDestructionEnabled:1]]
[2021.12.08-08.25.53:680][  0]LogConfig: Applying CVar settings from Section [/Script/Engine.NetworkSettings] File [C:/Users/lucys/OneDrive/文档/Unreal Projects/ThomasAdvanture/Saved/Config/Windows/Engine.ini]
[2021.12.08-08.25.53:680][  0]LogConfig: Applying CVar settings from Section [/Script/UnrealEd.CookerSettings] File [C:/Users/lucys/OneDrive/文档/Unreal Projects/ThomasAdvanture/Saved/Config/Windows/Engine.ini]
[2021.12.08-08.25.53:684][  0]LogConfig: Applying CVar settings from Section [ViewDistanceQuality@3] File [C:/Users/lucys/OneDrive/文档/Unreal Projects/ThomasAdvanture/Saved/Config/Windows/Scalability.ini]
[2021.12.08-08.25.53:684][  0]LogConfig: Setting CVar [[r.SkeletalMeshLODBias:0]]
[2021.12.08-08.25.53:684][  0]LogConfig: Setting CVar [[r.ViewDistanceScale:1.0]]
[2021.12.08-08.25.53:684][  0]LogConfig: Applying CVar settings from Section [AntiAliasingQuality@3] File [C:/Users/lucys/OneDrive/文档/Unreal Projects/ThomasAdvanture/Saved/Config/Windows/Scalability.ini]
[2021.12.08-08.25.53:684][  0]LogConfig: Setting CVar [[r.PostProcessAAQuality:4]]
[2021.12.08-08.25.53:684][  0]LogConfig: Applying CVar settings from Section [ShadowQuality@3] File [C:/Users/lucys/OneDrive/文档/Unreal Projects/ThomasAdvanture/Saved/Config/Windows/Scalability.ini]
[2021.12.08-08.25.53:684][  0]LogConfig: Setting CVar [[r.LightFunctionQuality:1]]
[2021.12.08-08.25.53:684][  0]LogConfig: Setting CVar [[r.ShadowQuality:5]]
[2021.12.08-08.25.53:684][  0]LogConfig: Setting CVar [[r.Shadow.CSM.MaxCascades:10]]
[2021.12.08-08.25.53:684][  0]LogConfig: Setting CVar [[r.Shadow.MaxResolution:2048]]
[2021.12.08-08.25.53:684][  0]LogConfig: Setting CVar [[r.Shadow.MaxCSMResolution:2048]]
[2021.12.08-08.25.53:684][  0]LogConfig: Setting CVar [[r.Shadow.RadiusThreshold:0.01]]
[2021.12.08-08.25.53:684][  0]LogConfig: Setting CVar [[r.Shadow.DistanceScale:1.0]]
[2021.12.08-08.25.53:684][  0]LogConfig: Setting CVar [[r.Shadow.CSM.TransitionScale:1.0]]
[2021.12.08-08.25.53:684][  0]LogConfig: Setting CVar [[r.Shadow.PreShadowResolutionFactor:1.0]]
[2021.12.08-08.25.53:684][  0]LogConfig: Setting CVar [[r.DistanceFieldShadowing:1]]
[2021.12.08-08.25.53:684][  0]LogConfig: Setting CVar [[r.DistanceFieldAO:1]]
[2021.12.08-08.25.53:684][  0]LogConfig: Setting CVar [[r.AOQuality:2]]
[2021.12.08-08.25.53:684][  0]LogConfig: Setting CVar [[r.VolumetricFog:1]]
[2021.12.08-08.25.53:684][  0]LogConfig: Setting CVar [[r.VolumetricFog.GridPixelSize:8]]
[2021.12.08-08.25.53:684][  0]LogConfig: Setting CVar [[r.VolumetricFog.GridSizeZ:128]]
[2021.12.08-08.25.53:684][  0]LogConfig: Setting CVar [[r.VolumetricFog.HistoryMissSupersampleCount:4]]
[2021.12.08-08.25.53:684][  0]LogConfig: Setting CVar [[r.LightMaxDrawDistanceScale:1]]
[2021.12.08-08.25.53:684][  0]LogConfig: Setting CVar [[r.CapsuleShadows:1]]
[2021.12.08-08.25.53:684][  0]LogConfig: Applying CVar settings from Section [PostProcessQuality@3] File [C:/Users/lucys/OneDrive/文档/Unreal Projects/ThomasAdvanture/Saved/Config/Windows/Scalability.ini]
[2021.12.08-08.25.53:684][  0]LogConfig: Setting CVar [[r.MotionBlurQuality:4]]
[2021.12.08-08.25.53:684][  0]LogConfig: Setting CVar [[r.AmbientOcclusionMipLevelFactor:0.4]]
[2021.12.08-08.25.53:684][  0]LogConfig: Setting CVar [[r.AmbientOcclusionMaxQuality:100]]
[2021.12.08-08.25.53:684][  0]LogConfig: Setting CVar [[r.AmbientOcclusionLevels:-1]]
[2021.12.08-08.25.53:684][  0]LogConfig: Setting CVar [[r.AmbientOcclusionRadiusScale:1.0]]
[2021.12.08-08.25.53:684][  0]LogConfig: Setting CVar [[r.DepthOfFieldQuality:2]]
[2021.12.08-08.25.53:684][  0]LogConfig: Setting CVar [[r.RenderTargetPoolMin:400]]
[2021.12.08-08.25.53:684][  0]LogConfig: Setting CVar [[r.LensFlareQuality:2]]
[2021.12.08-08.25.53:684][  0]LogConfig: Setting CVar [[r.SceneColorFringeQuality:1]]
[2021.12.08-08.25.53:684][  0]LogConfig: Setting CVar [[r.EyeAdaptationQuality:2]]
[2021.12.08-08.25.53:684][  0]LogConfig: Setting CVar [[r.BloomQuality:5]]
[2021.12.08-08.25.53:684][  0]LogConfig: Setting CVar [[r.FastBlurThreshold:100]]
[2021.12.08-08.25.53:684][  0]LogConfig: Setting CVar [[r.Upscale.Quality:3]]
[2021.12.08-08.25.53:684][  0]LogConfig: Setting CVar [[r.Tonemapper.GrainQuantization:1]]
[2021.12.08-08.25.53:684][  0]LogConfig: Setting CVar [[r.LightShaftQuality:1]]
[2021.12.08-08.25.53:684][  0]LogConfig: Setting CVar [[r.Filter.SizeScale:1]]
[2021.12.08-08.25.53:684][  0]LogConfig: Setting CVar [[r.Tonemapper.Quality:5]]
[2021.12.08-08.25.53:684][  0]LogConfig: Setting CVar [[r.DOF.Gather.AccumulatorQuality:1        ; higher gathering accumulator quality]]
[2021.12.08-08.25.53:684][  0]LogConfig: Setting CVar [[r.DOF.Gather.PostfilterMethod:1          ; Median3x3 postfilering method]]
[2021.12.08-08.25.53:684][  0]LogConfig: Setting CVar [[r.DOF.Gather.EnableBokehSettings:0       ; no bokeh simulation when gathering]]
[2021.12.08-08.25.53:684][  0]LogConfig: Setting CVar [[r.DOF.Gather.RingCount:4                 ; medium number of samples when gathering]]
[2021.12.08-08.25.53:684][  0]LogConfig: Setting CVar [[r.DOF.Scatter.ForegroundCompositing:1    ; additive foreground scattering]]
[2021.12.08-08.25.53:684][  0]LogConfig: Setting CVar [[r.DOF.Scatter.BackgroundCompositing:2    ; additive background scattering]]
[2021.12.08-08.25.53:684][  0]LogConfig: Setting CVar [[r.DOF.Scatter.EnableBokehSettings:1      ; bokeh simulation when scattering]]
[2021.12.08-08.25.53:684][  0]LogConfig: Setting CVar [[r.DOF.Scatter.MaxSpriteRatio:0.1         ; only a maximum of 10% of scattered bokeh]]
[2021.12.08-08.25.53:684][  0]LogConfig: Setting CVar [[r.DOF.Recombine.Quality:1                ; cheap slight out of focus]]
[2021.12.08-08.25.53:684][  0]LogConfig: Setting CVar [[r.DOF.Recombine.EnableBokehSettings:0    ; no bokeh simulation on slight out of focus]]
[2021.12.08-08.25.53:684][  0]LogConfig: Setting CVar [[r.DOF.TemporalAAQuality:1                ; more stable temporal accumulation]]
[2021.12.08-08.25.53:684][  0]LogConfig: Setting CVar [[r.DOF.Kernel.MaxForegroundRadius:0.025]]
[2021.12.08-08.25.53:685][  0]LogConfig: Setting CVar [[r.DOF.Kernel.MaxBackgroundRadius:0.025]]
[2021.12.08-08.25.53:685][  0]LogConfig: Applying CVar settings from Section [TextureQuality@3] File [C:/Users/lucys/OneDrive/文档/Unreal Projects/ThomasAdvanture/Saved/Config/Windows/Scalability.ini]
[2021.12.08-08.25.53:685][  0]LogConfig: Setting CVar [[r.Streaming.MipBias:0]]
[2021.12.08-08.25.53:685][  0]LogConfig: Setting CVar [[r.Streaming.AmortizeCPUToGPUCopy:0]]
[2021.12.08-08.25.53:685][  0]LogConfig: Setting CVar [[r.Streaming.MaxNumTexturesToStreamPerFrame:0]]
[2021.12.08-08.25.53:685][  0]LogConfig: Setting CVar [[r.Streaming.Boost:1]]
[2021.12.08-08.25.53:685][  0]LogConfig: Setting CVar [[r.MaxAnisotropy:8]]
[2021.12.08-08.25.53:685][  0]LogConfig: Setting CVar [[r.VT.MaxAnisotropy:8]]
[2021.12.08-08.25.53:685][  0]LogConfig: Setting CVar [[r.Streaming.LimitPoolSizeToVRAM:0]]
[2021.12.08-08.25.53:685][  0]LogConfig: Setting CVar [[r.Streaming.PoolSize:1000]]
[2021.12.08-08.25.53:685][  0]LogConfig: Setting CVar [[r.Streaming.MaxEffectiveScreenSize:0]]
[2021.12.08-08.25.53:685][  0]LogConfig: Applying CVar settings from Section [EffectsQuality@3] File [C:/Users/lucys/OneDrive/文档/Unreal Projects/ThomasAdvanture/Saved/Config/Windows/Scalability.ini]
[2021.12.08-08.25.53:685][  0]LogConfig: Setting CVar [[r.TranslucencyLightingVolumeDim:64]]
[2021.12.08-08.25.53:685][  0]LogConfig: Setting CVar [[r.RefractionQuality:2]]
[2021.12.08-08.25.53:685][  0]LogConfig: Setting CVar [[r.SSR.Quality:3]]
[2021.12.08-08.25.53:685][  0]LogConfig: Setting CVar [[r.SSR.HalfResSceneColor:0]]
[2021.12.08-08.25.53:685][  0]LogConfig: Setting CVar [[r.SceneColorFormat:4]]
[2021.12.08-08.25.53:685][  0]LogConfig: Setting CVar [[r.DetailMode:2]]
[2021.12.08-08.25.53:685][  0]LogConfig: Setting CVar [[r.TranslucencyVolumeBlur:1]]
[2021.12.08-08.25.53:685][  0]LogConfig: Setting CVar [[r.MaterialQualityLevel:1 ; High quality]]
[2021.12.08-08.25.53:685][  0]LogConfig: Setting CVar [[r.AnisotropicMaterials:1]]
[2021.12.08-08.25.53:685][  0]LogConfig: Setting CVar [[r.SSS.Scale:1]]
[2021.12.08-08.25.53:685][  0]LogConfig: Setting CVar [[r.SSS.SampleSet:2]]
[2021.12.08-08.25.53:685][  0]LogConfig: Setting CVar [[r.SSS.Quality:1]]
[2021.12.08-08.25.53:685][  0]LogConfig: Setting CVar [[r.SSS.HalfRes:0]]
[2021.12.08-08.25.53:685][  0]LogConfig: Setting CVar [[r.SSGI.Quality:3]]
[2021.12.08-08.25.53:685][  0]LogConfig: Setting CVar [[r.EmitterSpawnRateScale:1.0]]
[2021.12.08-08.25.53:685][  0]LogConfig: Setting CVar [[r.ParticleLightQuality:2]]
[2021.12.08-08.25.53:685][  0]LogConfig: Setting CVar [[r.SkyAtmosphere.AerialPerspectiveLUT.FastApplyOnOpaque:1 ; Always have FastSkyLUT 1 in this case to avoid wrong sky]]
[2021.12.08-08.25.53:685][  0]LogConfig: Setting CVar [[r.SkyAtmosphere.AerialPerspectiveLUT.SampleCountMaxPerSlice:4]]
[2021.12.08-08.25.53:685][  0]LogConfig: Setting CVar [[r.SkyAtmosphere.AerialPerspectiveLUT.DepthResolution:16.0]]
[2021.12.08-08.25.53:685][  0]LogConfig: Setting CVar [[r.SkyAtmosphere.FastSkyLUT:1]]
[2021.12.08-08.25.53:685][  0]LogConfig: Setting CVar [[r.SkyAtmosphere.FastSkyLUT.SampleCountMin:4.0]]
[2021.12.08-08.25.53:685][  0]LogConfig: Setting CVar [[r.SkyAtmosphere.FastSkyLUT.SampleCountMax:128.0]]
[2021.12.08-08.25.53:685][  0]LogConfig: Setting CVar [[r.SkyAtmosphere.SampleCountMin:4.0]]
[2021.12.08-08.25.53:685][  0]LogConfig: Setting CVar [[r.SkyAtmosphere.SampleCountMax:128.0]]
[2021.12.08-08.25.53:685][  0]LogConfig: Setting CVar [[r.SkyAtmosphere.TransmittanceLUT.UseSmallFormat:0]]
[2021.12.08-08.25.53:685][  0]LogConfig: Setting CVar [[r.SkyAtmosphere.TransmittanceLUT.SampleCount:10.0]]
[2021.12.08-08.25.53:685][  0]LogConfig: Setting CVar [[r.SkyAtmosphere.MultiScatteringLUT.SampleCount:15.0]]
[2021.12.08-08.25.53:685][  0]LogConfig: Setting CVar [[r.SkyLight.RealTimeReflectionCapture:1]]
[2021.12.08-08.25.53:685][  0]LogConfig: Applying CVar settings from Section [FoliageQuality@3] File [C:/Users/lucys/OneDrive/文档/Unreal Projects/ThomasAdvanture/Saved/Config/Windows/Scalability.ini]
[2021.12.08-08.25.53:685][  0]LogConfig: Setting CVar [[foliage.DensityScale:1.0]]
[2021.12.08-08.25.53:685][  0]LogConfig: Setting CVar [[grass.DensityScale:1.0]]
[2021.12.08-08.25.53:685][  0]LogConfig: Applying CVar settings from Section [ShadingQuality@3] File [C:/Users/lucys/OneDrive/文档/Unreal Projects/ThomasAdvanture/Saved/Config/Windows/Scalability.ini]
[2021.12.08-08.25.53:685][  0]LogConfig: Setting CVar [[r.HairStrands.SkyLighting.IntegrationType:2]]
[2021.12.08-08.25.53:685][  0]LogConfig: Setting CVar [[r.HairStrands.SkyAO.SampleCount:4]]
[2021.12.08-08.25.53:685][  0]LogConfig: Setting CVar [[r.HairStrands.Visibility.MSAA.SamplePerPixel:4]]
[2021.12.08-08.25.53:685][  0]LogInit: Selected Device Profile: [Windows]
[2021.12.08-08.25.53:685][  0]LogInit: Applying CVar settings loaded from the selected device profile: [Windows]
[2021.12.08-08.25.53:685][  0]LogHAL: Display: Platform has ~ 32 GB [34301116416 / 34359738368 / 32], which maps to Largest [LargestMinGB=32, LargerMinGB=12, DefaultMinGB=8, SmallerMinGB=6, SmallestMinGB=0)
[2021.12.08-08.25.53:685][  0]LogInit: Going up to parent DeviceProfile []
[2021.12.08-08.25.53:685][  0]LogConfig: Applying CVar settings from Section [ViewDistanceQuality@3] File [C:/Users/lucys/OneDrive/文档/Unreal Projects/ThomasAdvanture/Saved/Config/Windows/Scalability.ini]
[2021.12.08-08.25.53:685][  0]LogConfig: Setting CVar [[r.SkeletalMeshLODBias:0]]
[2021.12.08-08.25.53:685][  0]LogConfig: Setting CVar [[r.ViewDistanceScale:1.0]]
[2021.12.08-08.25.53:685][  0]LogConfig: Applying CVar settings from Section [AntiAliasingQuality@3] File [C:/Users/lucys/OneDrive/文档/Unreal Projects/ThomasAdvanture/Saved/Config/Windows/Scalability.ini]
[2021.12.08-08.25.53:685][  0]LogConfig: Setting CVar [[r.PostProcessAAQuality:4]]
[2021.12.08-08.25.53:685][  0]LogConfig: Applying CVar settings from Section [ShadowQuality@3] File [C:/Users/lucys/OneDrive/文档/Unreal Projects/ThomasAdvanture/Saved/Config/Windows/Scalability.ini]
[2021.12.08-08.25.53:685][  0]LogConfig: Setting CVar [[r.LightFunctionQuality:1]]
[2021.12.08-08.25.53:685][  0]LogConfig: Setting CVar [[r.ShadowQuality:5]]
[2021.12.08-08.25.53:685][  0]LogConfig: Setting CVar [[r.Shadow.CSM.MaxCascades:10]]
[2021.12.08-08.25.53:685][  0]LogConfig: Setting CVar [[r.Shadow.MaxResolution:2048]]
[2021.12.08-08.25.53:685][  0]LogConfig: Setting CVar [[r.Shadow.MaxCSMResolution:2048]]
[2021.12.08-08.25.53:685][  0]LogConfig: Setting CVar [[r.Shadow.RadiusThreshold:0.01]]
[2021.12.08-08.25.53:685][  0]LogConfig: Setting CVar [[r.Shadow.DistanceScale:1.0]]
[2021.12.08-08.25.53:685][  0]LogConfig: Setting CVar [[r.Shadow.CSM.TransitionScale:1.0]]
[2021.12.08-08.25.53:685][  0]LogConfig: Setting CVar [[r.Shadow.PreShadowResolutionFactor:1.0]]
[2021.12.08-08.25.53:685][  0]LogConfig: Setting CVar [[r.DistanceFieldShadowing:1]]
[2021.12.08-08.25.53:685][  0]LogConfig: Setting CVar [[r.DistanceFieldAO:1]]
[2021.12.08-08.25.53:685][  0]LogConfig: Setting CVar [[r.AOQuality:2]]
[2021.12.08-08.25.53:685][  0]LogConfig: Setting CVar [[r.VolumetricFog:1]]
[2021.12.08-08.25.53:685][  0]LogConfig: Setting CVar [[r.VolumetricFog.GridPixelSize:8]]
[2021.12.08-08.25.53:685][  0]LogConfig: Setting CVar [[r.VolumetricFog.GridSizeZ:128]]
[2021.12.08-08.25.53:685][  0]LogConfig: Setting CVar [[r.VolumetricFog.HistoryMissSupersampleCount:4]]
[2021.12.08-08.25.53:685][  0]LogConfig: Setting CVar [[r.LightMaxDrawDistanceScale:1]]
[2021.12.08-08.25.53:685][  0]LogConfig: Setting CVar [[r.CapsuleShadows:1]]
[2021.12.08-08.25.53:685][  0]LogConfig: Applying CVar settings from Section [PostProcessQuality@3] File [C:/Users/lucys/OneDrive/文档/Unreal Projects/ThomasAdvanture/Saved/Config/Windows/Scalability.ini]
[2021.12.08-08.25.53:685][  0]LogConfig: Setting CVar [[r.MotionBlurQuality:4]]
[2021.12.08-08.25.53:685][  0]LogConfig: Setting CVar [[r.AmbientOcclusionMipLevelFactor:0.4]]
[2021.12.08-08.25.53:685][  0]LogConfig: Setting CVar [[r.AmbientOcclusionMaxQuality:100]]
[2021.12.08-08.25.53:685][  0]LogConfig: Setting CVar [[r.AmbientOcclusionLevels:-1]]
[2021.12.08-08.25.53:685][  0]LogConfig: Setting CVar [[r.AmbientOcclusionRadiusScale:1.0]]
[2021.12.08-08.25.53:685][  0]LogConfig: Setting CVar [[r.DepthOfFieldQuality:2]]
[2021.12.08-08.25.53:685][  0]LogConfig: Setting CVar [[r.RenderTargetPoolMin:400]]
[2021.12.08-08.25.53:685][  0]LogConfig: Setting CVar [[r.LensFlareQuality:2]]
[2021.12.08-08.25.53:685][  0]LogConfig: Setting CVar [[r.SceneColorFringeQuality:1]]
[2021.12.08-08.25.53:685][  0]LogConfig: Setting CVar [[r.EyeAdaptationQuality:2]]
[2021.12.08-08.25.53:685][  0]LogConfig: Setting CVar [[r.BloomQuality:5]]
[2021.12.08-08.25.53:685][  0]LogConfig: Setting CVar [[r.FastBlurThreshold:100]]
[2021.12.08-08.25.53:685][  0]LogConfig: Setting CVar [[r.Upscale.Quality:3]]
[2021.12.08-08.25.53:685][  0]LogConfig: Setting CVar [[r.Tonemapper.GrainQuantization:1]]
[2021.12.08-08.25.53:685][  0]LogConfig: Setting CVar [[r.LightShaftQuality:1]]
[2021.12.08-08.25.53:685][  0]LogConfig: Setting CVar [[r.Filter.SizeScale:1]]
[2021.12.08-08.25.53:685][  0]LogConfig: Setting CVar [[r.Tonemapper.Quality:5]]
[2021.12.08-08.25.53:685][  0]LogConfig: Setting CVar [[r.DOF.Gather.AccumulatorQuality:1        ; higher gathering accumulator quality]]
[2021.12.08-08.25.53:685][  0]LogConfig: Setting CVar [[r.DOF.Gather.PostfilterMethod:1          ; Median3x3 postfilering method]]
[2021.12.08-08.25.53:685][  0]LogConfig: Setting CVar [[r.DOF.Gather.EnableBokehSettings:0       ; no bokeh simulation when gathering]]
[2021.12.08-08.25.53:685][  0]LogConfig: Setting CVar [[r.DOF.Gather.RingCount:4                 ; medium number of samples when gathering]]
[2021.12.08-08.25.53:685][  0]LogConfig: Setting CVar [[r.DOF.Scatter.ForegroundCompositing:1    ; additive foreground scattering]]
[2021.12.08-08.25.53:685][  0]LogConfig: Setting CVar [[r.DOF.Scatter.BackgroundCompositing:2    ; additive background scattering]]
[2021.12.08-08.25.53:685][  0]LogConfig: Setting CVar [[r.DOF.Scatter.EnableBokehSettings:1      ; bokeh simulation when scattering]]
[2021.12.08-08.25.53:685][  0]LogConfig: Setting CVar [[r.DOF.Scatter.MaxSpriteRatio:0.1         ; only a maximum of 10% of scattered bokeh]]
[2021.12.08-08.25.53:685][  0]LogConfig: Setting CVar [[r.DOF.Recombine.Quality:1                ; cheap slight out of focus]]
[2021.12.08-08.25.53:685][  0]LogConfig: Setting CVar [[r.DOF.Recombine.EnableBokehSettings:0    ; no bokeh simulation on slight out of focus]]
[2021.12.08-08.25.53:685][  0]LogConfig: Setting CVar [[r.DOF.TemporalAAQuality:1                ; more stable temporal accumulation]]
[2021.12.08-08.25.53:685][  0]LogConfig: Setting CVar [[r.DOF.Kernel.MaxForegroundRadius:0.025]]
[2021.12.08-08.25.53:685][  0]LogConfig: Setting CVar [[r.DOF.Kernel.MaxBackgroundRadius:0.025]]
[2021.12.08-08.25.53:685][  0]LogConfig: Applying CVar settings from Section [TextureQuality@3] File [C:/Users/lucys/OneDrive/文档/Unreal Projects/ThomasAdvanture/Saved/Config/Windows/Scalability.ini]
[2021.12.08-08.25.53:685][  0]LogConfig: Setting CVar [[r.Streaming.MipBias:0]]
[2021.12.08-08.25.53:685][  0]LogConfig: Setting CVar [[r.Streaming.AmortizeCPUToGPUCopy:0]]
[2021.12.08-08.25.53:685][  0]LogConfig: Setting CVar [[r.Streaming.MaxNumTexturesToStreamPerFrame:0]]
[2021.12.08-08.25.53:685][  0]LogConfig: Setting CVar [[r.Streaming.Boost:1]]
[2021.12.08-08.25.53:685][  0]LogConfig: Setting CVar [[r.MaxAnisotropy:8]]
[2021.12.08-08.25.53:685][  0]LogConfig: Setting CVar [[r.VT.MaxAnisotropy:8]]
[2021.12.08-08.25.53:685][  0]LogConfig: Setting CVar [[r.Streaming.LimitPoolSizeToVRAM:0]]
[2021.12.08-08.25.53:685][  0]LogConfig: Setting CVar [[r.Streaming.PoolSize:1000]]
[2021.12.08-08.25.53:685][  0]LogConfig: Setting CVar [[r.Streaming.MaxEffectiveScreenSize:0]]
[2021.12.08-08.25.53:685][  0]LogConfig: Applying CVar settings from Section [EffectsQuality@3] File [C:/Users/lucys/OneDrive/文档/Unreal Projects/ThomasAdvanture/Saved/Config/Windows/Scalability.ini]
[2021.12.08-08.25.53:685][  0]LogConfig: Setting CVar [[r.TranslucencyLightingVolumeDim:64]]
[2021.12.08-08.25.53:686][  0]LogConfig: Setting CVar [[r.RefractionQuality:2]]
[2021.12.08-08.25.53:686][  0]LogConfig: Setting CVar [[r.SSR.Quality:3]]
[2021.12.08-08.25.53:686][  0]LogConfig: Setting CVar [[r.SSR.HalfResSceneColor:0]]
[2021.12.08-08.25.53:686][  0]LogConfig: Setting CVar [[r.SceneColorFormat:4]]
[2021.12.08-08.25.53:686][  0]LogConfig: Setting CVar [[r.DetailMode:2]]
[2021.12.08-08.25.53:686][  0]LogConfig: Setting CVar [[r.TranslucencyVolumeBlur:1]]
[2021.12.08-08.25.53:686][  0]LogConfig: Setting CVar [[r.MaterialQualityLevel:1 ; High quality]]
[2021.12.08-08.25.53:686][  0]LogConfig: Setting CVar [[r.AnisotropicMaterials:1]]
[2021.12.08-08.25.53:686][  0]LogConfig: Setting CVar [[r.SSS.Scale:1]]
[2021.12.08-08.25.53:686][  0]LogConfig: Setting CVar [[r.SSS.SampleSet:2]]
[2021.12.08-08.25.53:686][  0]LogConfig: Setting CVar [[r.SSS.Quality:1]]
[2021.12.08-08.25.53:686][  0]LogConfig: Setting CVar [[r.SSS.HalfRes:0]]
[2021.12.08-08.25.53:686][  0]LogConfig: Setting CVar [[r.SSGI.Quality:3]]
[2021.12.08-08.25.53:686][  0]LogConfig: Setting CVar [[r.EmitterSpawnRateScale:1.0]]
[2021.12.08-08.25.53:686][  0]LogConfig: Setting CVar [[r.ParticleLightQuality:2]]
[2021.12.08-08.25.53:686][  0]LogConfig: Setting CVar [[r.SkyAtmosphere.AerialPerspectiveLUT.FastApplyOnOpaque:1 ; Always have FastSkyLUT 1 in this case to avoid wrong sky]]
[2021.12.08-08.25.53:686][  0]LogConfig: Setting CVar [[r.SkyAtmosphere.AerialPerspectiveLUT.SampleCountMaxPerSlice:4]]
[2021.12.08-08.25.53:686][  0]LogConfig: Setting CVar [[r.SkyAtmosphere.AerialPerspectiveLUT.DepthResolution:16.0]]
[2021.12.08-08.25.53:686][  0]LogConfig: Setting CVar [[r.SkyAtmosphere.FastSkyLUT:1]]
[2021.12.08-08.25.53:686][  0]LogConfig: Setting CVar [[r.SkyAtmosphere.FastSkyLUT.SampleCountMin:4.0]]
[2021.12.08-08.25.53:686][  0]LogConfig: Setting CVar [[r.SkyAtmosphere.FastSkyLUT.SampleCountMax:128.0]]
[2021.12.08-08.25.53:686][  0]LogConfig: Setting CVar [[r.SkyAtmosphere.SampleCountMin:4.0]]
[2021.12.08-08.25.53:686][  0]LogConfig: Setting CVar [[r.SkyAtmosphere.SampleCountMax:128.0]]
[2021.12.08-08.25.53:686][  0]LogConfig: Setting CVar [[r.SkyAtmosphere.TransmittanceLUT.UseSmallFormat:0]]
[2021.12.08-08.25.53:686][  0]LogConfig: Setting CVar [[r.SkyAtmosphere.TransmittanceLUT.SampleCount:10.0]]
[2021.12.08-08.25.53:686][  0]LogConfig: Setting CVar [[r.SkyAtmosphere.MultiScatteringLUT.SampleCount:15.0]]
[2021.12.08-08.25.53:686][  0]LogConfig: Setting CVar [[r.SkyLight.RealTimeReflectionCapture:1]]
[2021.12.08-08.25.53:686][  0]LogConfig: Applying CVar settings from Section [FoliageQuality@3] File [C:/Users/lucys/OneDrive/文档/Unreal Projects/ThomasAdvanture/Saved/Config/Windows/Scalability.ini]
[2021.12.08-08.25.53:686][  0]LogConfig: Setting CVar [[foliage.DensityScale:1.0]]
[2021.12.08-08.25.53:686][  0]LogConfig: Setting CVar [[grass.DensityScale:1.0]]
[2021.12.08-08.25.53:686][  0]LogConfig: Applying CVar settings from Section [ShadingQuality@3] File [C:/Users/lucys/OneDrive/文档/Unreal Projects/ThomasAdvanture/Saved/Config/Windows/Scalability.ini]
[2021.12.08-08.25.53:686][  0]LogConfig: Setting CVar [[r.HairStrands.SkyLighting.IntegrationType:2]]
[2021.12.08-08.25.53:686][  0]LogConfig: Setting CVar [[r.HairStrands.SkyAO.SampleCount:4]]
[2021.12.08-08.25.53:686][  0]LogConfig: Setting CVar [[r.HairStrands.Visibility.MSAA.SamplePerPixel:4]]
[2021.12.08-08.25.53:686][  0]LogConfig: Applying CVar settings from Section [Startup] File [../../../Engine/Config/ConsoleVariables.ini]
[2021.12.08-08.25.53:686][  0]LogConfig: Setting CVar [[net.UseAdaptiveNetUpdateFrequency:0]]
[2021.12.08-08.25.53:686][  0]LogConfig: Setting CVar [[p.chaos.AllowCreatePhysxBodies:1]]
[2021.12.08-08.25.53:686][  0]LogConfig: Setting CVar [[fx.SkipVectorVMBackendOptimizations:1]]
[2021.12.08-08.25.53:686][  0]LogConfig: Applying CVar settings from Section [ConsoleVariables] File [C:/Users/lucys/OneDrive/文档/Unreal Projects/ThomasAdvanture/Saved/Config/Windows/Engine.ini]
[2021.12.08-08.25.53:686][  0]LogConfig: Applying CVar settings from Section [ConsoleVariables] File [C:/Users/lucys/OneDrive/文档/Unreal Projects/ThomasAdvanture/Saved/Config/Windows/Editor.ini]
[2021.12.08-08.25.53:686][  0]LogInit: Computer: BLD
[2021.12.08-08.25.53:686][  0]LogInit: User: SYJ
[2021.12.08-08.25.53:686][  0]LogInit: CPU Page size=4096, Cores=8
[2021.12.08-08.25.53:686][  0]LogInit: High frequency timer resolution =10.000000 MHz
[2021.12.08-08.25.53:686][  0]LogMemory: Memory total: Physical=31.9GB (32GB approx)
[2021.12.08-08.25.53:686][  0]LogMemory: Platform Memory Stats for Windows
[2021.12.08-08.25.53:686][  0]LogMemory: Process Physical Memory: 151.41 MB used, 151.41 MB peak
[2021.12.08-08.25.53:686][  0]LogMemory: Process Virtual Memory: 131.32 MB used, 131.32 MB peak
[2021.12.08-08.25.53:686][  0]LogMemory: Physical Memory: 9730.46 MB used,  22981.63 MB free, 32712.09 MB total
[2021.12.08-08.25.53:686][  0]LogMemory: Virtual Memory: 134193496.00 MB used,  24235.39 MB free, 134217728.00 MB total
[2021.12.08-08.25.53:690][  0]LogWindows: WindowsPlatformFeatures enabled
[2021.12.08-08.25.53:715][  0]LogInit: Physics initialised using underlying interface: PhysX
[2021.12.08-08.25.53:715][  0]LogInit: Using OS detected language (en-US).
[2021.12.08-08.25.53:715][  0]LogInit: Using OS detected locale (en-US).
[2021.12.08-08.25.53:718][  0]LogTextLocalizationManager: No specific localization for 'en-US' exists, so the 'en' localization will be used.
[2021.12.08-08.25.53:855][  0]LogWindowsTextInputMethodSystem: Display: IME system deactivated.
[2021.12.08-08.25.53:868][  0]LogSlate: New Slate User Created.  User Index 0, Is Virtual User: 0
[2021.12.08-08.25.53:868][  0]LogSlate: Slate User Registered.  User Index 0, Is Virtual User: 0
[2021.12.08-08.25.53:877][  0]LogD3D11RHI: Loaded GFSDK_Aftermath_Lib.x64.dll
[2021.12.08-08.25.53:879][  0]LogHMD: Failed to initialize OpenVR with code 110
[2021.12.08-08.25.53:879][  0]LogD3D11RHI: D3D11 min allowed feature level: 11_0
[2021.12.08-08.25.53:879][  0]LogD3D11RHI: D3D11 max allowed feature level: 11_0
[2021.12.08-08.25.53:879][  0]LogD3D11RHI: D3D11 adapters:
[2021.12.08-08.25.53:950][  0]LogD3D11RHI:    0. 'NVIDIA GeForce RTX 3080 Ti' (Feature Level 11_0)
[2021.12.08-08.25.53:950][  0]LogD3D11RHI:       12108/0/16356 MB DedicatedVideo/DedicatedSystem/SharedSystem, Outputs:1, VendorId:0x10de
[2021.12.08-08.25.53:951][  0]LogD3D11RHI:    1. 'Microsoft Basic Render Driver' (Feature Level 11_0)
[2021.12.08-08.25.53:951][  0]LogD3D11RHI:       0/0/16356 MB DedicatedVideo/DedicatedSystem/SharedSystem, Outputs:0, VendorId:0x1414
[2021.12.08-08.25.53:951][  0]LogD3D11RHI: Chosen D3D11 Adapter:
[2021.12.08-08.25.53:951][  0]LogD3D11RHI:     Description : NVIDIA GeForce RTX 3080 Ti
[2021.12.08-08.25.53:951][  0]LogD3D11RHI:     VendorId    : 10de
[2021.12.08-08.25.53:951][  0]LogD3D11RHI:     DeviceId    : 2208
[2021.12.08-08.25.53:951][  0]LogD3D11RHI:     SubSysId    : 153510de
[2021.12.08-08.25.53:951][  0]LogD3D11RHI:     Revision    : 00a1
[2021.12.08-08.25.53:951][  0]LogD3D11RHI:     DedicatedVideoMemory : 12696158208 bytes
[2021.12.08-08.25.53:951][  0]LogD3D11RHI:     DedicatedSystemMemory : 0 bytes
[2021.12.08-08.25.53:951][  0]LogD3D11RHI:     SharedSystemMemory : 17150558208 bytes
[2021.12.08-08.25.53:951][  0]LogD3D11RHI:     AdapterLuid : 0 45677
[2021.12.08-08.25.53:958][  0]LogD3D11RHI: Creating new Direct3DDevice
[2021.12.08-08.25.53:958][  0]LogD3D11RHI:     GPU DeviceId: 0x2208 (for the marketing name, search the web for "GPU Device Id")
[2021.12.08-08.25.53:958][  0]LogWindows: EnumDisplayDevices:
[2021.12.08-08.25.53:958][  0]LogWindows:    0. 'NVIDIA GeForce RTX 3080 Ti' (P:1 D:1)
[2021.12.08-08.25.53:958][  0]LogWindows:    1. 'NVIDIA GeForce RTX 3080 Ti' (P:0 D:0)
[2021.12.08-08.25.53:958][  0]LogWindows:    2. 'NVIDIA GeForce RTX 3080 Ti' (P:0 D:0)
[2021.12.08-08.25.53:958][  0]LogWindows:    3. 'NVIDIA GeForce RTX 3080 Ti' (P:0 D:0)
[2021.12.08-08.25.53:959][  0]LogWindows: DebugString: FoundDriverCount:4 
[2021.12.08-08.25.53:959][  0]LogD3D11RHI:     Adapter Name: NVIDIA GeForce RTX 3080 Ti
[2021.12.08-08.25.53:959][  0]LogD3D11RHI:   Driver Version: 472.12 (internal:30.0.14.7212, unified:472.12)
[2021.12.08-08.25.53:959][  0]LogD3D11RHI:      Driver Date: 9-13-2021
[2021.12.08-08.25.53:959][  0]LogRHI: Texture pool is 8475 MB (70% of 12108 MB)
[2021.12.08-08.25.53:959][  0]LogD3D11RHI: Creating D3DDevice using adapter:
[2021.12.08-08.25.53:959][  0]LogD3D11RHI:     Description : NVIDIA GeForce RTX 3080 Ti
[2021.12.08-08.25.53:959][  0]LogD3D11RHI:     VendorId    : 10de
[2021.12.08-08.25.53:959][  0]LogD3D11RHI:     DeviceId    : 2208
[2021.12.08-08.25.53:959][  0]LogD3D11RHI:     SubSysId    : 153510de
[2021.12.08-08.25.53:959][  0]LogD3D11RHI:     Revision    : 00a1
[2021.12.08-08.25.53:959][  0]LogD3D11RHI:     DedicatedVideoMemory : 12696158208 bytes
[2021.12.08-08.25.53:959][  0]LogD3D11RHI:     DedicatedSystemMemory : 0 bytes
[2021.12.08-08.25.53:959][  0]LogD3D11RHI:     SharedSystemMemory : 17150558208 bytes
[2021.12.08-08.25.53:959][  0]LogD3D11RHI:     AdapterLuid : 0 45677
[2021.12.08-08.25.54:014][  0]LogD3D11RHI: RHI has support for 64 bit atomics
[2021.12.08-08.25.54:014][  0]LogD3D11RHI: Async texture creation enabled
[2021.12.08-08.25.54:014][  0]LogD3D11RHI: Array index from any shader is supported
[2021.12.08-08.25.54:029][  0]LogD3D11RHI: GPU Timing Frequency: 1000.000000 (Debug: 2 1)
[2021.12.08-08.25.54:047][  0]LogRHI: GeForceNow SDK initialized: 1
[2021.12.08-08.25.54:243][  0]LogTargetPlatformManager: Display: Loaded TargetPlatform 'WindowsNoEditor'
[2021.12.08-08.25.54:247][  0]LogTargetPlatformManager: Display: Loaded TargetPlatform 'Windows'
[2021.12.08-08.25.54:250][  0]LogTargetPlatformManager: Display: Loaded TargetPlatform 'WindowsClient'
[2021.12.08-08.25.54:253][  0]LogTargetPlatformManager: Display: Loaded TargetPlatform 'WindowsServer'
[2021.12.08-08.25.54:253][  0]LogTargetPlatformManager: Display: Building Assets For Windows
[2021.12.08-08.25.54:258][  0]LogAudioDebug: Display: Lib vorbis DLL was dynamically loaded.
[2021.12.08-08.25.54:278][  0]LogTextureFormatOodle: Display: Oodle Texture 2.9.0 init RDO Off
[2021.12.08-08.25.54:297][  0]LogRendererCore: Ray tracing is disabled. Reason: r.RayTracing=0.
[2021.12.08-08.25.54:298][  0]LogShaderCompilers: Guid format shader working directory is -28 characters bigger than the processId version (../../../../../../Users/lucys/OneDrive/文档/Unreal Projects/ThomasAdvanture/Intermediate/Shaders/WorkingDirectory/10296/).
[2021.12.08-08.25.54:298][  0]LogShaderCompilers: Cleaned the shader compiler working directory 'C:/Users/lucys/AppData/Local/Temp/UnrealShaderWorkingDir/41442764491FC488C1A41E8EB854572B/'.
[2021.12.08-08.25.54:298][  0]LogXGEController: Cannot use XGE Controller as Incredibuild is not installed on this machine.
[2021.12.08-08.25.54:298][  0]LogShaderCompilers: Cannot use XGE Shader Compiler as Incredibuild is not installed on this machine.
[2021.12.08-08.25.54:298][  0]LogShaderCompilers: Display: Using Local Shader Compiler.
[2021.12.08-08.25.54:806][  0]LogDerivedDataCache: Display: Max Cache Size: 512 MB
[2021.12.08-08.25.54:845][  0]LogDerivedDataCache: Loaded boot cache 0.04s 94MB C:/Users/lucys/AppData/Local/UnrealEngine/4.27/DerivedDataCache/Boot.ddc.
[2021.12.08-08.25.54:845][  0]LogDerivedDataCache: Display: Loaded Boot cache: C:/Users/lucys/AppData/Local/UnrealEngine/4.27/DerivedDataCache/Boot.ddc
[2021.12.08-08.25.54:845][  0]LogDerivedDataCache: FDerivedDataBackendGraph:  Pak pak cache file ../../../../../../Users/lucys/OneDrive/文档/Unreal Projects/ThomasAdvanture/DerivedDataCache/DDC.ddp not found, will not use a pak cache.
[2021.12.08-08.25.54:845][  0]LogDerivedDataCache: Unable to find inner node Pak for hierarchical cache Hierarchy.
[2021.12.08-08.25.54:846][  0]LogDerivedDataCache: FDerivedDataBackendGraph:  CompressedPak pak cache file ../../../../../../Users/lucys/OneDrive/文档/Unreal Projects/ThomasAdvanture/DerivedDataCache/Compressed.ddp not found, will not use a pak cache.
[2021.12.08-08.25.54:846][  0]LogDerivedDataCache: Unable to find inner node CompressedPak for hierarchical cache Hierarchy.
[2021.12.08-08.25.54:858][  0]LogDerivedDataCache: Display: Pak cache opened for reading ../../../Engine/DerivedDataCache/Compressed.ddp.
[2021.12.08-08.25.54:858][  0]LogDerivedDataCache: FDerivedDataBackendGraph:  EnterprisePak pak cache file ../../../Enterprise/DerivedDataCache/Compressed.ddp not found, will not use a pak cache.
[2021.12.08-08.25.54:858][  0]LogDerivedDataCache: Unable to find inner node EnterprisePak for hierarchical cache Hierarchy.
[2021.12.08-08.25.54:865][  0]LogDerivedDataCache: Speed tests for C:/Users/lucys/AppData/Local/UnrealEngine/Common/DerivedDataCache took 0.01 seconds
[2021.12.08-08.25.54:865][  0]LogDerivedDataCache: Display: Performance to C:/Users/lucys/AppData/Local/UnrealEngine/Common/DerivedDataCache: Latency=0.02ms. RandomReadSpeed=402.64MBs, RandomWriteSpeed=250.31MBs. Assigned SpeedClass 'Local'
[2021.12.08-08.25.54:865][  0]LogDerivedDataCache: Using Local data cache path C:/Users/lucys/AppData/Local/UnrealEngine/Common/DerivedDataCache: Writable
[2021.12.08-08.25.54:865][  0]LogDerivedDataCache: Shared data cache path not found in *engine.ini, will not use an Shared cache.
[2021.12.08-08.25.54:865][  0]LogDerivedDataCache: Unable to find inner node Shared for hierarchical cache Hierarchy.
[2021.12.08-08.25.54:890][  0]LogSlate: Using FreeType 2.10.0
[2021.12.08-08.25.54:890][  0]LogSlate: SlateFontServices - WITH_FREETYPE: 1, WITH_HARFBUZZ: 1
[2021.12.08-08.25.54:939][  0]LogInit: Using OS detected language (en-US).
[2021.12.08-08.25.54:939][  0]LogInit: Using OS detected locale (en-US).
[2021.12.08-08.25.54:939][  0]LogTextLocalizationManager: No localization for 'en-US' exists, so 'en' will be used for the language.
[2021.12.08-08.25.54:939][  0]LogTextLocalizationManager: No localization for 'en-US' exists, so 'en' will be used for the locale.
[2021.12.08-08.25.54:939][  0]LogSlate: FontCache flush requested. Reason: Culture for localization was changed
[2021.12.08-08.25.54:939][  0]LogSlate: FontCache flush requested. Reason: Culture for localization was changed
[2021.12.08-08.25.54:942][  0]LogTextLocalizationManager: Compacting localization data took   0.00ms
[2021.12.08-08.25.54:942][  0]LogAssetRegistry: FAssetRegistry took 0.0018 seconds to start up
[2021.12.08-08.25.55:063][  0]LogPackageLocalizationCache: Processed 27 localized package path(s) for 1 prioritized culture(s) in 0.000882 seconds
[2021.12.08-08.25.55:106][  0]LogInit: Selected Device Profile: [Windows]
[2021.12.08-08.25.55:106][  0]LogInit: Active device profile: [000001DEA3C4AD00][000001DE9DD9AAC0 49] Windows
[2021.12.08-08.25.55:106][  0]LogInit: Profiles: [000001DEA3C4AD00][000001DE9DD9AAC0 49] Windows, [000001DEA3BE9B00][000001DE9DDA2C40 49] WindowsNoEditor, [000001DEA3C4A000][000001DE9DDA6DC0 49] WindowsServer, [000001DEA3BEA700][000001DE9DDAAF40 49] WindowsClient, [000001DEA3C49A00][000001DE9DDAF0C0 49] IOS, [000001DEA3BE9500][000001DE9DDB3240 49] iPadAir, [000001DEA3C4B000][000001DE9DDB73C0 49] iPadAir2, [000001DEA3B85200][000001DE9D4AF680 49] IPadPro, [000001DEA3B85300][000001DE9DDBB6C0 49] iPadAir3, [000001DEA3BEB400][000001DE9DD9F800 49] iPadAir4, [000001DEA3B86000][000001DE9D4B3940 49] iPadMini2, [000001DEA3BE9900][000001DE9D4B7A80 49] iPadMini3, [000001DEA3B86B00][000001DE9D4BFC00 49] iPadMini4, [000001DEA3BEB300][000001DE9D4C2200 49] iPadMini5, [000001DEA3BC8B00][000001DE9D4CA4C0 49] iPhone6, [000001DEA3BC8C00][000001DE9D4C6500 49] iPodTouch6, [000001DEA3C48500][000001DE9D4D27C0 49] iPhone7, [000001DEA3C4B800][000001DE9D4CE800 49] iPodTouch7, [000001DEA3B87C00][000001DE9D4D6980 49] iPhone5S, [000001DEA3B85E00][000001DE9D4DAB00 49] iPhone6Plus, [000001DEA3BCBD00][000001DE9D4DEC80 49] iPhone6S, [000001DEA3B84E00][000001DE9D4E2E00 49] iPhone6SPlus, [000001DEA3BCB600][000001DE9CF76F80 49] iPhone7Plus, [000001DEA3B86C00][000001DE9CF7B100 49] iPhoneSE, [000001DEA3BCA100][000001DE9CF7F280 49] iPhone8, [000001DEA3B85B00][000001DE9CF83400 49] iPhone8Plus, [000001DEA3BCA700][000001DE9CF87580 49] iPhoneX, [000001DEA3B85F00][000001DE9CF8B700 49] iPhoneXS, [000001DEA3BC8D00][000001DE9CF8F880 49] iPhoneXSMax, [000001DEA3C4AA00][000001DE9D4BB9C0 49] iPhoneXR, [000001DEA3BCAA00][000001DE9CF93B00 49] iPhone11, [000001DEA3C49100][000001DE9CF960C0 49] iPhone11Pro, [000001DEA3BCB400][000001DE9CF9E240 49] iPhone11ProMax, [000001DEA3C4B200][000001DE9CFA23C0 49] iPhoneSE2, [000001DEA3BC9500][000001DE9CFA6540 49] iPhone12Mini, [000001DEA3C48F00][000001DE9CFAA6C0 49] iPhone12, [000001DEA3BCB700][000001DE9CFAE840 49] iPhone12Pro, [000001DEA3C4B400][000001DE9CFB29C0 49] iPhone12ProMax, [000001DEA3BC8600][000001DE9CFB6B40 49] iPadPro105, [000001DEA3C49500][000001DE9CFBACC0 49] iPadPro129, [000001DEA3BC8200][000001DE9CFBEE40 49] iPadPro97, [000001DEA3C48100][000001DE9D388FC0 49] iPadPro2_129, [000001DEA3BC9700][000001DE9D38D140 49] iPad5, [000001DEA3C4B600][000001DE9D3912C0 49] iPad6, [000001DEA3BC9800][000001DE9D395440 49] iPad7, [000001DEA3C49400][000001DE9D3995C0 49] iPad8, [000001DEA3BC8F00][000001DE9D39D740 49] iPadPro11, [000001DEA3C4A800][000001DE9D3A18C0 49] iPadPro2_11, [000001DEA3BCAC00][000001DE9D3A5A40 49] iPadPro3_129, [000001DEA3C4A400][000001DE9CF9BB80 49] iPadPro4_129, [000001DEA3BC8A00][000001DE9D3A8140 49] AppleTV, [000001DEA3C4BA00][000001DE9D3AC280 49] AppleTV4K, [000001DEA3BC8500][000001DE9D3B03C0 49] TVOS, [000001DEA3C49C00][000001DE9D3B8540 49] Mac, [000001DEA3BCA400][000001DE9D3BC6C0 49] MacClient, [000001DEA3C49F00][000001DE9D3C0840 49] MacNoEditor, [000001DEA3BC8800][000001DE9D3C49C0 49] MacServer, [000001DEA3C48700][000001DE9D3C8B40 49] Linux, [000001DEA3BCAF00][000001DE9D3CCCC0 49] LinuxAArch64, [000001DEA3C48C00][000001DE9D3D0E40 49] LinuxNoEditor, [000001DEA3BCB300][000001DE9D3D4FC0 49] LinuxAArch64NoEditor, [000001DEA3C49800][000001DE9D3D9140 49] LinuxClient, [000001DEA3BC9F00][000001DE9D3DD2C0 49] LinuxAArch64Client, [000001DEA3C49700][000001DE9D3E1440 49] LinuxServer, [000001DEA3BC8400][000001DE9D3E55C0 49] LinuxAArch64Server, [000001DEA3C48A00][000001DE9D3E9740 49] Android, [000001DEA3BCA000][000001DE9D3ED8C0 49] Android_Low, [000001DEA3C4A900][000001DE9D3F1A40 49] Android_Mid, [000001DEA3BC9600][000001DE9D3F5BC0 49] Android_High, [000001DEA3C4B900][000001DE9D3B4180 49] Android_Default, [000001DEA3BC8900][000001DE9D3F82C0 49] Android_Adreno4xx, [000001DEA3C48900][000001DE9D3FC400 49] Android_Adreno5xx_Low, [000001DEA3BCA900][000001DE9D400540 49] Android_Adreno5xx, [000001DEA3B85000][000001DE9D4086C0 49] Android_Adreno6xx, [000001DEA3BE9700][000001DE9D40C840 49] Android_Adreno6xx_Vulkan, [000001DEA3B85A00][000001DE9D4109C0 49] Android_Mali_T6xx, [000001DEA3BE9E00][000001DE9D414B40 49] Android_Mali_T7xx, [000001DEA3B87500][000001DE9D418CC0 49] Android_Mali_T8xx, [000001DEA3BEBE00][000001DE9D41CE40 49] Android_Mali_G71, [000001DEA3B84B00][000001DE9D420FC0 49] Android_Mali_G72, [000001DEA3BEAC00][000001DE9D425140 49] Android_Mali_G72_Vulkan, [000001DEA3B86500][000001DE9D4292C0 49] Android_Mali_G76, [000001DEA3BEA100][000001DE9D42D440 49] Android_Mali_G76_Vulkan, [000001DEA3B84900][000001DE9D4315C0 49] Android_Mali_G77, [000001DEA3BE9400][000001DE9D435740 49] Android_Mali_G77_Vulkan, [000001DEA3B87000][000001DE9D4398C0 49] Android_Mali_G78, [000001DEA3BEAD00][000001DE9CE85A40 49] Android_Mali_G78_Vulkan, [000001DEA3B84F00][000001DE9CE89BC0 49] Android_Mali_G710, [000001DEA3BE8100][000001DE9CE8C1C0 49] Android_Mali_G710_Vulkan, [000001DEA3B85500][000001DE9CE90340 49] Android_Vulkan_SM5, [000001DEA3BE8700][000001DE9D404480 49] Android_PowerVR_G6xxx, [000001DEA3B84C00][000001DE9CE945C0 49] Android_PowerVR_GT7xxx, [000001DEA3BEB800][000001DE9CE98700 49] Android_PowerVR_GE8xxx, [000001DEA3B87300][000001DE9CEA0880 49] Android_PowerVR_GM9xxx, [000001DEA3BEA500][000001DE9CEA4A00 49] Android_PowerVR_GM9xxx_Vulkan, [000001DEA3B86200][000001DE86652B80 49] Android_TegraK1, [000001DEA3BEBB00][000001DE86656D00 49] Android_Unknown_Vulkan, [000001DEA3B85100][000001DE8665AE80 49] Lumin, [000001DEA3BEA200][000001DE8665F000 49] Lumin_Desktop, [000001DEA3B84700][000001DE86663180 49] HoloLens, 
[2021.12.08-08.25.55:133][  0]LogMeshReduction: Using QuadricMeshReduction for automatic static mesh reduction
[2021.12.08-08.25.55:133][  0]LogMeshReduction: Using SimplygonMeshReduction for automatic skeletal mesh reduction
[2021.12.08-08.25.55:133][  0]LogMeshReduction: Using ProxyLODMeshReduction for automatic mesh merging
[2021.12.08-08.25.55:133][  0]LogMeshReduction: No distributed automatic mesh merging module available
[2021.12.08-08.25.55:133][  0]LogMeshMerging: No distributed automatic mesh merging module available
[2021.12.08-08.25.55:199][  0]LogNetVersion: ThomasAdvanture 1.0.0, NetCL: 17155196, EngineNetVer: 17, GameNetVer: 0 (Checksum: 983440284)
[2021.12.08-08.25.55:353][  0]LogTexture: Default maximum texture size for cubemaps generated from long-lat sources has been changed from 512 to unlimited. In order to preserve old behaiour for '/Engine/MapTemplates/Sky/DaylightAmbientCubemap.DaylightAmbientCubemap', its maximum texture size has been explicitly set to 512.
[2021.12.08-08.25.55:390][  0]LogHMD: PokeAHoleMaterial loaded successfully
[2021.12.08-08.25.55:455][  0]LogMoviePlayer: Initializing movie player
[2021.12.08-08.25.55:529][  0]LogNiagaraDebuggerClient: Niagara Debugger Client Initialized | Session: C6ACA0384DACBF5B8E9DAEBB59E56A52 | Instance: 1174F01A4F66745CCB4C859316F199E9 (BLD-10296).
[2021.12.08-08.25.55:543][  0]LogCollectionManager: Loaded 0 collections in 0.001244 seconds
[2021.12.08-08.25.55:545][  0]LogFileCache: Scanning file cache for directory 'C:/Users/lucys/OneDrive/文档/Unreal Projects/ThomasAdvanture/Saved/Collections/' took 0.00s
[2021.12.08-08.25.55:545][  0]LogFileCache: Scanning file cache for directory 'C:/Users/lucys/OneDrive/文档/Unreal Projects/ThomasAdvanture/Content/Developers/SYJ/Collections/' took 0.00s
[2021.12.08-08.25.55:545][  0]LogFileCache: Scanning file cache for directory 'C:/Users/lucys/OneDrive/文档/Unreal Projects/ThomasAdvanture/Content/Collections/' took 0.00s
[2021.12.08-08.25.55:545][  0]LogCollectionManager: Fixed up redirectors for 0 collections in 0.000002 seconds (updated 0 objects)
[2021.12.08-08.25.55:621][  0]LogImageWrapper: Warning: PNG Warning: Duplicate iCCP chunk
[2021.12.08-08.25.55:621][  0]LogImageWrapper: Warning: PNG Warning: Duplicate iCCP chunk
[2021.12.08-08.25.55:621][  0]LogTcpMessaging: Initializing TcpMessaging bridge
[2021.12.08-08.25.55:624][  0]LogUdpMessaging: Initializing bridge on interface 0.0.0.0:0 to multicast group 230.0.0.1:6666.
[2021.12.08-08.25.55:635][  0]LogPython: Using Python 3.7.7
[2021.12.08-08.25.55:985][  0]SourceControl: Source control is disabled
[2021.12.08-08.25.55:985][  0]SourceControl: Source control is disabled
[2021.12.08-08.25.55:990][  0]LogUProjectInfo: Found projects:
[2021.12.08-08.25.56:010][  0]SourceControl: Source control is disabled
[2021.12.08-08.25.56:055][  0]LogOpenImageDenoise: OIDN starting up
[2021.12.08-08.25.56:058][  0]LogAndroidPermission: UAndroidPermissionCallbackProxy::GetInstance
[2021.12.08-08.25.56:071][  0]LogAudioCaptureCore: Display: No Audio Capture implementations found. Audio input will be silent.
[2021.12.08-08.25.56:071][  0]LogAudioCaptureCore: Display: No Audio Capture implementations found. Audio input will be silent.
[2021.12.08-08.25.56:114][  0]LogOcInput: OculusInput pre-init called
[2021.12.08-08.25.56:121][  0]LogUObjectArray: 22121 objects as part of root set at end of initial load.
[2021.12.08-08.25.56:121][  0]LogUObjectAllocator: 5975440 out of 0 bytes used by permanent object pool.
[2021.12.08-08.25.56:121][  0]LogUObjectArray: CloseDisregardForGC: 0/0 objects in disregard for GC pool
[2021.12.08-08.25.56:154][  0]LogEngine: Initializing Engine...
[2021.12.08-08.25.56:156][  0]LogHMD: Failed to enumerate extensions. Please check that you have a valid OpenXR runtime installed.
[2021.12.08-08.25.56:156][  0]LogHMD: Failed to initialize OpenVR with code 110
[2021.12.08-08.25.56:156][  0]LogMagicLeap: Warning: VR disabled because ZI is not enabled.  To enable, in the editor, Edit -> Project Settings -> Plugins -> Magic Leap Plugin -> Enable Zero Iteration
[2021.12.08-08.25.56:157][  0]LogStats: UGameplayTagsManager::InitializeManager -  0.000 s
[2021.12.08-08.25.56:218][  0]LogInit: Initializing FReadOnlyCVARCache
[2021.12.08-08.25.56:218][  0]LogAudio: Display: Initializing Audio Device Manager...
[2021.12.08-08.25.56:221][  0]LogAudio: Display: Loading Default Audio Settings Objects...
[2021.12.08-08.25.56:221][  0]LogAudio: Display: No default SoundConcurrencyObject specified (or failed to load).
[2021.12.08-08.25.56:221][  0]LogAudio: Display: Audio Device Manager Initialized
[2021.12.08-08.25.56:221][  0]LogAudio: Display: Creating Audio Device:                 Id: 1, Scope: Shared, Realtime: True
[2021.12.08-08.25.56:221][  0]LogAudioMixer: Display: Audio Mixer Platform Settings:
[2021.12.08-08.25.56:221][  0]LogAudioMixer: Display: 	Sample Rate:						  48000
[2021.12.08-08.25.56:221][  0]LogAudioMixer: Display: 	Callback Buffer Frame Size Requested: 1024
[2021.12.08-08.25.56:221][  0]LogAudioMixer: Display: 	Callback Buffer Frame Size To Use:	  1024
[2021.12.08-08.25.56:221][  0]LogAudioMixer: Display: 	Number of buffers to queue:			  2
[2021.12.08-08.25.56:221][  0]LogAudioMixer: Display: 	Max Channels (voices):				  32
[2021.12.08-08.25.56:221][  0]LogAudioMixer: Display: 	Number of Async Source Workers:		  0
[2021.12.08-08.25.56:221][  0]LogAudio: Display: AudioDevice MaxSources: 32
[2021.12.08-08.25.56:222][  0]LogAudio: Display: Audio Spatialization Plugin: None (built-in).
[2021.12.08-08.25.56:222][  0]LogAudio: Display: Audio Reverb Plugin: None (built-in).
[2021.12.08-08.25.56:222][  0]LogAudio: Display: Audio Occlusion Plugin: None (built-in).
[2021.12.08-08.25.56:222][  0]LogAudioMixer: Display: Initializing audio mixer.
[2021.12.08-08.25.56:231][  0]LogAudioMixer: Display: 0: FrontLeft
[2021.12.08-08.25.56:231][  0]LogAudioMixer: Display: 1: FrontRight
[2021.12.08-08.25.56:240][  0]LogAudioMixer: Display: Using Audio Device LG ULTRAWIDE (NVIDIA High Definition Audio)
[2021.12.08-08.25.56:242][  0]LogAudioMixer: Display: Initializing Sound Submixes...
[2021.12.08-08.25.56:243][  0]LogAudioMixer: Display: Creating Master Submix 'MasterSubmixDefault'
[2021.12.08-08.25.56:243][  0]LogAudioMixer: Display: Creating Master Submix 'MasterReverbSubmixDefault'
[2021.12.08-08.25.56:244][  0]LogAudioMixer: Display: Creating Master Submix 'MasterEQSubmixDefault'
[2021.12.08-08.25.56:244][  0]LogAudioMixer: FMixerPlatformXAudio2::StartAudioStream() called
[2021.12.08-08.25.56:244][  0]LogAudioMixer: Display: Output buffers initialized: Frames=1024, Channels=2, Samples=2048
[2021.12.08-08.25.56:244][  0]LogAudioMixer: Display: Starting AudioMixerPlatformInterface::RunInternal()
[2021.12.08-08.25.56:244][  0]LogAudioMixer: Display: FMixerPlatformXAudio2::SubmitBuffer() called for the first time
[2021.12.08-08.25.56:244][  0]LogInit: FAudioDevice initialized.
[2021.12.08-08.25.56:245][  0]LogNetVersion: Set ProjectVersion to 1.0.0.0. Version Checksum will be recalculated on next use.
[2021.12.08-08.25.56:246][  0]LogInit: Texture streaming: Enabled
[2021.12.08-08.25.56:287][  0]LogAudio: Display: Audio Device (ID: 1) registered with world 'Untitled'.
[2021.12.08-08.25.56:288][  0]LogSlate: Updating window title bar state: overlay mode, drag disabled, window buttons hidden, title bar hidden
[2021.12.08-08.25.56:288][  0]LogInit: Display: Game Engine Initialized.
[2021.12.08-08.25.56:288][  0]LogNiagaraEditor: GEditor isn't valid! Particle reset commands will not work for Niagara components!
[2021.12.08-08.25.56:368][  0]LogImageWrapper: Warning: PNG Warning: Duplicate iCCP chunk
[2021.12.08-08.25.56:368][  0]LogImageWrapper: Warning: PNG Warning: Duplicate iCCP chunk
[2021.12.08-08.25.56:368][  0]LogInit: Display: Starting Game.
[2021.12.08-08.25.56:369][  0]LogNet: Browse: /Game/MapsForGame/Yujia/CarScene_BlockOut10_Map?Name=Player
[2021.12.08-08.25.56:369][  0]LogLoad: LoadMap: /Game/MapsForGame/Yujia/CarScene_BlockOut10_Map?Name=Player
[2021.12.08-08.25.56:369][  0]LogWorld: BeginTearingDown for /Temp/Untitled_0
[2021.12.08-08.25.56:369][  0]LogWorld: UWorld::CleanupWorld for Untitled, bSessionEnded=true, bCleanupResources=true
[2021.12.08-08.25.56:369][  0]LogSlate: InvalidateAllWidgets triggered.  All widgets were invalidated
[2021.12.08-08.25.56:392][  0]LogAudio: Display: Audio Device unregistered from world 'None'.
[2021.12.08-08.25.56:394][  0]LogUObjectHash: Compacting FUObjectHashTables data took   0.59ms
[2021.12.08-08.25.57:031][  0]LogSkeletalMesh: Display: [AssetLog] C:\Users\lucys\OneDrive\文档\Unreal Projects\ThomasAdvanture\Content\AssetsvilleCars\Meshes\Vehicles\SK_veh_TruckTrailer_01.uasset: Find and fix some bad tangent! please re-import this skeletal mesh asset to fix the issue. The shading of the skeletal mesh will be bad and faceted.
[2021.12.08-08.25.57:367][  0]LogAudio: Display: Audio Device (ID: 1) registered with world 'CarScene_BlockOut10_Map'.
[2021.12.08-08.25.57:376][  0]LogAIModule: Creating AISystem for world CarScene_BlockOut10_Map
[2021.12.08-08.25.57:376][  0]LogLoad: Game class is 'FirstPersonGameMode_C'
[2021.12.08-08.25.57:391][  0]LogWorld: Bringing World /Game/MapsForGame/Yujia/CarScene_BlockOut10_Map.CarScene_BlockOut10_Map up for play (max tick rate 0) at 2021.12.08-01.25.57
[2021.12.08-08.25.57:391][  0]LogSlate: New Slate User Created.  User Index 8, Is Virtual User: 1
[2021.12.08-08.25.57:391][  0]LogSlate: Slate User Registered.  User Index 8, Is Virtual User: 1
[2021.12.08-08.25.57:391][  0]LogWorld: Bringing up level for play took: 0.014607
[2021.12.08-08.25.57:395][  0]LogViewport: Display: Viewport MouseCaptureMode Changed, CapturePermanently_IncludingInitialMouseDown -> CapturePermanently
[2021.12.08-08.25.57:395][  0]LogPlayerController: Error: InputMode:UIOnly - Attempting to focus Non-Focusable widget SObjectWidget [Widget.cpp(799)]!
[2021.12.08-08.25.57:395][  0]LogViewport: Display: Viewport MouseLockMode Changed, LockOnCapture -> DoNotLock
[2021.12.08-08.25.57:395][  0]LogViewport: Display: Viewport MouseCaptureMode Changed, CapturePermanently -> NoCapture
[2021.12.08-08.25.57:395][  0]LogLoad: Took 1.026059 seconds to LoadMap(/Game/MapsForGame/Yujia/CarScene_BlockOut10_Map)
[2021.12.08-08.25.57:416][  0]LogSlate: Took 0.000108 seconds to synchronously load lazily loaded font '../../../Engine/Content/Slate/Fonts/Roboto-Regular.ttf' (155K)
[2021.12.08-08.25.57:429][  0]LogRenderer: Reallocating scene render targets to support 1224x908 Format 10 NumSamples 1 (Frame:1).
[2021.12.08-08.25.57:429][  0]LogInit: Display: Engine is initialized. Leaving FEngineLoop::Init()
[2021.12.08-08.25.57:429][  0]LogLoad: (Engine Initialization) Total time: 4.54 seconds
[2021.12.08-08.25.57:429][  0]LogLoad: (Engine Initialization) Total Blueprint compile time: 0.00 seconds
[2021.12.08-08.25.57:452][  0]LogContentStreaming: Texture pool size now 1000 MB
[2021.12.08-08.25.57:454][  0]LogSlate: InvalidateAllWidgets triggered.  All widgets were invalidated
[2021.12.08-08.25.57:470][  0]LogRenderer: Reallocating scene render targets to support 128x128 Format 10 NumSamples 1 (Frame:1).
[2021.12.08-08.25.57:491][  0]LogRenderer: Reallocating scene render targets to support 1224x908 Format 10 NumSamples 1 (Frame:2).
[2021.12.08-08.25.57:513][  1]LogSlate: Took 0.000082 seconds to synchronously load lazily loaded font '../../../Engine/Content/Slate/Fonts/Roboto-Regular.ttf' (155K)
[2021.12.08-08.26.01:433][724]LogViewport: Display: Viewport MouseLockMode Changed, DoNotLock -> LockOnCapture
[2021.12.08-08.26.01:433][724]LogViewport: Display: Viewport MouseCaptureMode Changed, NoCapture -> CapturePermanently
[2021.12.08-08.26.06:336][777]Closing by request
[2021.12.08-08.26.06:336][777]LogWindows: FPlatformMisc::RequestExit(0)
[2021.12.08-08.26.06:336][777]LogWindows: FPlatformMisc::RequestExitWithStatus(0, 0)
[2021.12.08-08.26.06:336][777]LogCore: Engine exit requested (reason: Win RequestExit)
[2021.12.08-08.26.06:340][778]LogCore: Engine exit requested (reason: EngineExit() was called; note: exit was already requested)
[2021.12.08-08.26.06:340][778]LogInit: Display: PreExit Game.
[2021.12.08-08.26.06:349][778]LogWorld: BeginTearingDown for /Game/MapsForGame/Yujia/CarScene_BlockOut10_Map
[2021.12.08-08.26.06:350][778]LogWorld: UWorld::CleanupWorld for CarScene_BlockOut10_Map, bSessionEnded=true, bCleanupResources=true
[2021.12.08-08.26.06:352][778]LogSlate: InvalidateAllWidgets triggered.  All widgets were invalidated
[2021.12.08-08.26.07:164][778]LogAudio: Display: Beginning Audio Device Manager Shutdown (Module: AudioMixerXAudio2)...
[2021.12.08-08.26.07:164][778]LogAudio: Display: Destroying 1 Remaining Audio Device(s)...
[2021.12.08-08.26.07:164][778]LogAudio: Display: Audio Device unregistered from world 'CarScene_BlockOut10_Map'.
[2021.12.08-08.26.07:187][778]LogAudioMixer: FMixerPlatformXAudio2::StopAudioStream() called
[2021.12.08-08.26.07:188][778]LogAudioMixer: FMixerPlatformXAudio2::StopAudioStream() called
[2021.12.08-08.26.07:190][778]LogAudio: Display: Audio Device Manager Shutdown
[2021.12.08-08.26.07:192][778]LogSlate: Window 'ThomasAdvanture (64-bit Development PCD3D_SM5) ' being destroyed
[2021.12.08-08.26.07:193][778]LogWindowsTextInputMethodSystem: Display: IME system deactivated.
[2021.12.08-08.26.07:195][778]LogWindowsTextInputMethodSystem: Display: IME system deactivated.
[2021.12.08-08.26.07:204][778]LogExit: Preparing to exit.
[2021.12.08-08.26.07:212][778]LogUObjectHash: Compacting FUObjectHashTables data took   0.98ms
[2021.12.08-08.26.07:629][778]LogMoviePlayer: Shutting down movie player
[2021.12.08-08.26.07:800][778]LogSlate: Updating window title bar state: overlay mode, drag disabled, window buttons hidden, title bar hidden
[2021.12.08-08.26.07:812][778]LogDemo: Cleaned up 0 splitscreen connections with owner deletion
[2021.12.08-08.26.07:816][778]LogExit: Game engine shut down
[2021.12.08-08.26.07:854][778]LogExit: Object subsystem successfully closed.
[2021.12.08-08.26.07:864][778]LogShaderCompilers: Display: === FShaderJobCache stats ===
[2021.12.08-08.26.07:864][778]LogShaderCompilers: Display: Total job queries 0, among them cache hits 0 (0.00%)
[2021.12.08-08.26.07:864][778]LogShaderCompilers: Display: Tracking 0 distinct input hashes that result in 0 distinct outputs (0.00%)
[2021.12.08-08.26.07:864][778]LogShaderCompilers: Display: RAM used: 0.00 MB (0.00 GB) of 1638.40 MB (1.60 GB) budget. Usage: 0.00%
[2021.12.08-08.26.07:864][778]LogShaderCompilers: Display: ================================================
[2021.12.08-08.26.07:870][778]LogShaderCompilers: Display: Shaders left to compile 0
[2021.12.08-08.26.07:884][778]LogModuleManager: Shutting down and abandoning module SequenceRecorderSections (560)
[2021.12.08-08.26.07:884][778]LogModuleManager: Shutting down and abandoning module SequenceRecorder (558)
[2021.12.08-08.26.07:884][778]LogModuleManager: Shutting down and abandoning module AutomationController (556)
[2021.12.08-08.26.07:884][778]LogModuleManager: Shutting down and abandoning module AutomationWorker (554)
[2021.12.08-08.26.07:884][778]LogModuleManager: Shutting down and abandoning module Voice (552)
[2021.12.08-08.26.07:884][778]LogModuleManager: Shutting down and abandoning module AIModule (550)
[2021.12.08-08.26.07:884][778]LogModuleManager: Shutting down and abandoning module GameplayDebugger (549)
[2021.12.08-08.26.07:884][778]LogModuleManager: Shutting down and abandoning module AITestSuite (547)
[2021.12.08-08.26.07:884][778]LogModuleManager: Shutting down and abandoning module NavigationSystem (545)
[2021.12.08-08.26.07:884][778]LogModuleManager: Shutting down and abandoning module AnimGraph (542)
[2021.12.08-08.26.07:884][778]LogModuleManager: Shutting down and abandoning module SteamVREditor (540)
[2021.12.08-08.26.07:884][778]LogModuleManager: Shutting down and abandoning module ToolMenus (539)
[2021.12.08-08.26.07:884][778]LogModuleManager: Shutting down and abandoning module OculusMR (536)
[2021.12.08-08.26.07:884][778]LogModuleManager: Shutting down and abandoning module OpenXRInput (534)
[2021.12.08-08.26.07:884][778]LogModuleManager: Shutting down and abandoning module TakeRecorderSources (532)
[2021.12.08-08.26.07:884][778]LogModuleManager: Shutting down and abandoning module TakeRecorder (531)
[2021.12.08-08.26.07:884][778]LogModuleManager: Shutting down and abandoning module TakeTrackRecorders (528)
[2021.12.08-08.26.07:884][778]LogModuleManager: Shutting down and abandoning module TakesCore (526)
[2021.12.08-08.26.07:884][778]LogModuleManager: Shutting down and abandoning module PlanarCut (524)
[2021.12.08-08.26.07:884][778]LogModuleManager: Shutting down and abandoning module CharacterAI (522)
[2021.12.08-08.26.07:884][778]LogModuleManager: Shutting down and abandoning module WmfMediaFactory (520)
[2021.12.08-08.26.07:884][778]LogModuleManager: Shutting down and abandoning module WebMMediaFactory (518)
[2021.12.08-08.26.07:884][778]LogModuleManager: Shutting down and abandoning module WebMMedia (516)
[2021.12.08-08.26.07:884][778]LogModuleManager: Shutting down and abandoning module OpenExrWrapper (514)
[2021.12.08-08.26.07:884][778]LogModuleManager: Shutting down and abandoning module ImgMediaFactory (512)
[2021.12.08-08.26.07:884][778]LogModuleManager: Shutting down and abandoning module AvfMediaFactory (510)
[2021.12.08-08.26.07:884][778]LogModuleManager: Shutting down and abandoning module MagicLeapMediaCodecFactory (508)
[2021.12.08-08.26.07:884][778]LogModuleManager: Shutting down and abandoning module MagicLeapMediaFactory (506)
[2021.12.08-08.26.07:884][778]LogModuleManager: Shutting down and abandoning module SessionServices (504)
[2021.12.08-08.26.07:884][778]LogModuleManager: Shutting down and abandoning module MovieSceneCapture (502)
[2021.12.08-08.26.07:884][778]LogModuleManager: Shutting down and abandoning module LiveCoding (500)
[2021.12.08-08.26.07:884][778]LogModuleManager: Shutting down and abandoning module LevelSequence (498)
[2021.12.08-08.26.07:884][778]LogModuleManager: Shutting down and abandoning module MovieSceneTracks (496)
[2021.12.08-08.26.07:884][778]LogModuleManager: Shutting down and abandoning module MovieScene (494)
[2021.12.08-08.26.07:884][778]LogModuleManager: Shutting down and abandoning module StreamingPauseRendering (492)
[2021.12.08-08.26.07:884][778]LogModuleManager: Shutting down and abandoning module PortalServices (490)
[2021.12.08-08.26.07:884][778]LogModuleManager: Shutting down and abandoning module PortalRpc (488)
[2021.12.08-08.26.07:884][778]LogModuleManager: Shutting down and abandoning module MessagingRpc (486)
[2021.12.08-08.26.07:884][778]LogModuleManager: Shutting down and abandoning module AudioMixerXAudio2 (484)
[2021.12.08-08.26.07:884][778]LogModuleManager: Shutting down and abandoning module AudioMixerCore (483)
[2021.12.08-08.26.07:884][778]LogModuleManager: Shutting down and abandoning module ImageWriteQueue (480)
[2021.12.08-08.26.07:887][778]LogModuleManager: Shutting down and abandoning module ProfilerService (478)
[2021.12.08-08.26.08:135][778]LogModuleManager: Shutting down and abandoning module TaskGraph (476)
[2021.12.08-08.26.08:135][778]LogModuleManager: Shutting down and abandoning module OculusInput (474)
[2021.12.08-08.26.08:135][778]LogModuleManager: Shutting down and abandoning module Synthesis (472)
[2021.12.08-08.26.08:135][778]LogModuleManager: Shutting down and abandoning module ProceduralMeshComponent (470)
[2021.12.08-08.26.08:135][778]LogModuleManager: Shutting down and abandoning module CableComponent (468)
[2021.12.08-08.26.08:135][778]LogModuleManager: Shutting down and abandoning module MobilePatchingUtils (466)
[2021.12.08-08.26.08:135][778]LogModuleManager: Shutting down and abandoning module GooglePAD (464)
[2021.12.08-08.26.08:135][778]LogModuleManager: Shutting down and abandoning module EditableMesh (462)
[2021.12.08-08.26.08:135][778]LogModuleManager: Shutting down and abandoning module CustomMeshComponent (460)
[2021.12.08-08.26.08:135][778]LogModuleManager: Shutting down and abandoning module AudioCapture (458)
[2021.12.08-08.26.08:135][778]LogModuleManager: Shutting down and abandoning module AudioCaptureRtAudio (457)
[2021.12.08-08.26.08:135][778]LogModuleManager: Shutting down and abandoning module AssetTags (454)
[2021.12.08-08.26.08:135][778]LogModuleManager: Shutting down and abandoning module ArchVisCharacter (452)
[2021.12.08-08.26.08:135][778]LogModuleManager: Shutting down and abandoning module AppleImageUtilsBlueprintSupport (450)
[2021.12.08-08.26.08:135][778]LogModuleManager: Shutting down and abandoning module AppleImageUtils (448)
[2021.12.08-08.26.08:135][778]LogModuleManager: Shutting down and abandoning module TakeMovieScene (446)
[2021.12.08-08.26.08:135][778]LogModuleManager: Shutting down and abandoning module AndroidPermission (444)
[2021.12.08-08.26.08:135][778]LogModuleManager: Shutting down and abandoning module ActorLayerUtilities (442)
[2021.12.08-08.26.08:136][778]LogModuleManager: Shutting down and abandoning module OpenImageDenoise (440)
[2021.12.08-08.26.08:136][778]LogOpenImageDenoise: OIDN shutting down
[2021.12.08-08.26.08:136][778]LogModuleManager: Shutting down and abandoning module MotoSynth (438)
[2021.12.08-08.26.08:136][778]LogModuleManager: Shutting down and abandoning module MeshConversion (436)
[2021.12.08-08.26.08:136][778]LogModuleManager: Shutting down and abandoning module DynamicMesh (434)
[2021.12.08-08.26.08:136][778]LogModuleManager: Shutting down and abandoning module GeometryAlgorithms (432)
[2021.12.08-08.26.08:136][778]LogModuleManager: Shutting down and abandoning module GeometricObjects (430)
[2021.12.08-08.26.08:136][778]LogModuleManager: Shutting down and abandoning module TemplateSequence (428)
[2021.12.08-08.26.08:136][778]LogModuleManager: Shutting down and abandoning module GeometryCollectionTracks (426)
[2021.12.08-08.26.08:136][778]LogModuleManager: Shutting down and abandoning module GeometryCollectionSequencer (425)
[2021.12.08-08.26.08:136][778]LogModuleManager: Shutting down and abandoning module GeometryCacheTracks (422)
[2021.12.08-08.26.08:136][778]LogModuleManager: Shutting down and abandoning module GeometryCacheSequencer (421)
[2021.12.08-08.26.08:136][778]LogModuleManager: Shutting down and abandoning module GeometryCache (418)
[2021.12.08-08.26.08:136][778]LogModuleManager: Shutting down and abandoning module GeometryCacheEd (417)
[2021.12.08-08.26.08:136][778]LogModuleManager: Shutting down and abandoning module ChaosNiagara (414)
[2021.12.08-08.26.08:136][778]LogModuleManager: Shutting down and abandoning module FieldSystemEngine (413)
[2021.12.08-08.26.08:136][778]LogModuleManager: Shutting down and abandoning module BackChannel (410)
[2021.12.08-08.26.08:136][778]LogModuleManager: Shutting down and abandoning module AutomationUtils (408)
[2021.12.08-08.26.08:136][778]LogModuleManager: Shutting down and abandoning module MediaCompositing (406)
[2021.12.08-08.26.08:136][778]LogModuleManager: Shutting down and abandoning module SubversionSourceControl (404)
[2021.12.08-08.26.08:136][778]LogModuleManager: Shutting down and abandoning module ImgMedia (402)
[2021.12.08-08.26.08:136][778]LogModuleManager: Shutting down and abandoning module MagicLeapSharedWorld (400)
[2021.12.08-08.26.08:136][778]LogModuleManager: Shutting down and abandoning module MagicLeapLightEstimation (398)
[2021.12.08-08.26.08:136][778]LogModuleManager: Shutting down and abandoning module MagicLeapHelperVulkan (396)
[2021.12.08-08.26.08:136][778]LogModuleManager: Shutting down and abandoning module MagicLeapHelperOpenGL (394)
[2021.12.08-08.26.08:136][778]LogModuleManager: Shutting down and abandoning module MagicLeapAudio (392)
[2021.12.08-08.26.08:136][778]LogModuleManager: Shutting down and abandoning module VisualStudioCodeSourceCodeAccess (390)
[2021.12.08-08.26.08:136][778]LogModuleManager: Shutting down and abandoning module VisualStudioSourceCodeAccess (388)
[2021.12.08-08.26.08:136][778]LogModuleManager: Shutting down and abandoning module HotReload (387)
[2021.12.08-08.26.08:136][778]LogModuleManager: Shutting down and abandoning module UObjectPlugin (384)
[2021.12.08-08.26.08:136][778]LogModuleManager: Shutting down and abandoning module PerforceSourceControl (382)
[2021.12.08-08.26.08:136][778]LogModuleManager: Shutting down and abandoning module SourceControl (381)
[2021.12.08-08.26.08:136][778]LogModuleManager: Shutting down and abandoning module CLionSourceCodeAccess (378)
[2021.12.08-08.26.08:136][778]LogModuleManager: Shutting down and abandoning module OodleNetworkHandlerComponent (376)
[2021.12.08-08.26.08:136][778]LogModuleManager: Shutting down and abandoning module LiveLinkSequencer (374)
[2021.12.08-08.26.08:136][778]LogModuleManager: Shutting down and abandoning module LiveLinkMovieScene (372)
[2021.12.08-08.26.08:136][778]LogModuleManager: Shutting down and abandoning module LiveLinkGraphNode (370)
[2021.12.08-08.26.08:136][778]LogModuleManager: Shutting down and abandoning module LiveLinkComponents (368)
[2021.12.08-08.26.08:136][778]LogModuleManager: Shutting down and abandoning module LiveLink (366)
[2021.12.08-08.26.08:958][778]LogModuleManager: Shutting down and abandoning module GameplayCameras (364)
[2021.12.08-08.26.08:958][778]LogModuleManager: Shutting down and abandoning module SoundFields (362)
[2021.12.08-08.26.08:958][778]LogModuleManager: Shutting down and abandoning module SignificanceManager (360)
[2021.12.08-08.26.08:958][778]LogModuleManager: Shutting down and abandoning module RuntimePhysXCooking (358)
[2021.12.08-08.26.08:958][778]LogModuleManager: Shutting down and abandoning module PropertyAccessEditor (356)
[2021.12.08-08.26.08:958][778]LogModuleManager: Shutting down and abandoning module PhysXVehiclesEditor (354)
[2021.12.08-08.26.08:958][778]LogModuleManager: Shutting down and abandoning module LocationServicesBPLibrary (350)
[2021.12.08-08.26.08:958][778]LogModuleManager: Shutting down and abandoning module AudioSynesthesia (348)
[2021.12.08-08.26.08:958][778]LogModuleManager: Shutting down and abandoning module AudioSynesthesiaCore (346)
[2021.12.08-08.26.08:958][778]LogModuleManager: Shutting down and abandoning module PythonScriptPlugin (344)
[2021.12.08-08.26.08:958][778]LogModuleManager: Shutting down and abandoning module ActorSequence (342)
[2021.12.08-08.26.08:958][778]LogModuleManager: Shutting down and abandoning module ImgMediaEngine (340)
[2021.12.08-08.26.08:958][778]LogModuleManager: Shutting down and abandoning module MagicLeapARPin (338)
[2021.12.08-08.26.08:958][778]LogModuleManager: Shutting down and abandoning module UdpMessaging (336)
[2021.12.08-08.26.09:059][778]LogModuleManager: Shutting down and abandoning module TcpMessaging (334)
[2021.12.08-08.26.09:160][778]LogModuleManager: Shutting down and abandoning module MagicLeapHandMeshing (332)
[2021.12.08-08.26.09:160][778]LogModuleManager: Shutting down and abandoning module MagicLeapSecureStorage (330)
[2021.12.08-08.26.09:160][778]LogModuleManager: Shutting down and abandoning module MagicLeapPrivileges (328)
[2021.12.08-08.26.09:160][778]LogModuleManager: Shutting down and abandoning module MagicLeapPlanes (326)
[2021.12.08-08.26.09:160][778]LogMagicLeapPlanes: Planes tracker already destroyed.
[2021.12.08-08.26.09:160][778]LogModuleManager: Shutting down and abandoning module MagicLeapImageTracker (324)
[2021.12.08-08.26.09:160][778]LogModuleManager: Shutting down and abandoning module MagicLeapIdentity (322)
[2021.12.08-08.26.09:160][778]LogModuleManager: Shutting down and abandoning module MagicLeapHandTracking (320)
[2021.12.08-08.26.09:160][778]LogModuleManager: Shutting down and abandoning module MagicLeapEyeTracker (318)
[2021.12.08-08.26.09:160][778]LogModuleManager: Shutting down and abandoning module MagicLeapController (316)
[2021.12.08-08.26.09:160][778]LogModuleManager: Shutting down and abandoning module MagicLeapARPinImpl (314)
[2021.12.08-08.26.09:160][778]LogModuleManager: Shutting down and abandoning module MagicLeapAR (312)
[2021.12.08-08.26.09:160][778]LogModuleManager: Shutting down and abandoning module GameplayTagsEditor (310)
[2021.12.08-08.26.09:160][778]LogModuleManager: Shutting down and abandoning module FacialAnimation (308)
[2021.12.08-08.26.09:160][778]LogModuleManager: Shutting down and abandoning module PropertyAccessNode (306)
[2021.12.08-08.26.09:160][778]LogModuleManager: Shutting down and abandoning module AssetManagerEditor (304)
[2021.12.08-08.26.09:160][778]LogModuleManager: Shutting down and abandoning module TreeMap (303)
[2021.12.08-08.26.09:160][778]LogModuleManager: Shutting down and abandoning module AnimationSharing (300)
[2021.12.08-08.26.09:160][778]LogModuleManager: Shutting down and abandoning module NiagaraAnimNotifies (298)
[2021.12.08-08.26.09:160][778]LogModuleManager: Shutting down and abandoning module Niagara (296)
[2021.12.08-08.26.09:160][778]LogModuleManager: Shutting down and abandoning module SignalProcessing (295)
[2021.12.08-08.26.09:160][778]LogModuleManager: Shutting down and abandoning module NiagaraEditor (293)
[2021.12.08-08.26.09:160][778]LogModuleManager: Shutting down and abandoning module ContentBrowser (292)
[2021.12.08-08.26.09:160][778]LogModuleManager: Shutting down and abandoning module CollectionManager (291)
[2021.12.08-08.26.09:160][778]LogModuleManager: Shutting down and abandoning module DirectoryWatcher (290)
[2021.12.08-08.26.09:160][778]LogModuleManager: Shutting down and abandoning module ContentBrowserData (287)
[2021.12.08-08.26.09:160][778]LogModuleManager: Shutting down and abandoning module NiagaraCore (282)
[2021.12.08-08.26.09:160][778]LogModuleManager: Shutting down and abandoning module LightPropagationVolumeRuntime (280)
[2021.12.08-08.26.09:160][778]LogModuleManager: Shutting down and abandoning module EnvironmentQueryEditor (278)
[2021.12.08-08.26.09:160][778]LogModuleManager: Shutting down and abandoning module Paper2D (276)
[2021.12.08-08.26.09:160][778]LogModuleManager: Shutting down and abandoning module WindowsMoviePlayer (274)
[2021.12.08-08.26.09:161][778]LogModuleManager: Shutting down and abandoning module WebMMoviePlayer (272)
[2021.12.08-08.26.09:161][778]LogModuleManager: Shutting down and abandoning module NetworkReplayStreaming (270)
[2021.12.08-08.26.09:161][778]LogModuleManager: Shutting down and abandoning module PacketHandler (268)
[2021.12.08-08.26.09:161][778]LogModuleManager: Shutting down and abandoning module ClothingSystemEditor (266)
[2021.12.08-08.26.09:161][778]LogModuleManager: Shutting down and abandoning module ClothingSystemRuntimeNv (264)
[2021.12.08-08.26.09:161][778]LogModuleManager: Shutting down and abandoning module MediaAssets (262)
[2021.12.08-08.26.09:161][778]LogModuleManager: Shutting down and abandoning module Overlay (260)
[2021.12.08-08.26.09:161][778]LogModuleManager: Shutting down and abandoning module OverlayEditor (259)
[2021.12.08-08.26.09:161][778]LogModuleManager: Shutting down and abandoning module VREditor (256)
[2021.12.08-08.26.09:161][778]LogModuleManager: Shutting down and abandoning module StringTableEditor (254)
[2021.12.08-08.26.09:161][778]LogModuleManager: Shutting down and abandoning module GameplayTasksEditor (252)
[2021.12.08-08.26.09:161][778]LogModuleManager: Shutting down and abandoning module BehaviorTreeEditor (250)
[2021.12.08-08.26.09:161][778]LogModuleManager: Shutting down and abandoning module FunctionalTesting (248)
[2021.12.08-08.26.09:161][778]LogModuleManager: Shutting down and abandoning module CollisionAnalyzer (246)
[2021.12.08-08.26.09:161][778]LogModuleManager: Shutting down and abandoning module WorkspaceMenuStructure (245)
[2021.12.08-08.26.09:161][778]LogModuleManager: Shutting down and abandoning module UMG (242)
[2021.12.08-08.26.09:161][778]LogModuleManager: Shutting down and abandoning module UMGEditor (241)
[2021.12.08-08.26.09:161][778]LogModuleManager: Shutting down and abandoning module Sequencer (240)
[2021.12.08-08.26.09:161][778]LogModuleManager: Shutting down and abandoning module MessageLog (237)
[2021.12.08-08.26.09:161][778]LogModuleManager: Shutting down and abandoning module SlateReflector (232)
[2021.12.08-08.26.09:161][778]LogModuleManager: Shutting down and abandoning module Slate (230)
[2021.12.08-08.26.09:161][778]LogModuleManager: Shutting down and abandoning module SlateCore (228)
[2021.12.08-08.26.09:162][778]LogModuleManager: Shutting down and abandoning module LandscapeEditorUtilities (226)
[2021.12.08-08.26.09:162][778]LogModuleManager: Shutting down and abandoning module UnrealEd (224)
[2021.12.08-08.26.09:162][778]LogModuleManager: Shutting down and abandoning module MRMesh (222)
[2021.12.08-08.26.09:162][778]LogModuleManager: Shutting down and abandoning module Messaging (220)
[2021.12.08-08.26.09:162][778]LogModuleManager: Shutting down and abandoning module SourceCodeAccess (218)
[2021.12.08-08.26.09:162][778]LogModuleManager: Shutting down and abandoning module HeadMountedDisplay (216)
[2021.12.08-08.26.09:162][778]LogModuleManager: Shutting down and abandoning module XAudio2 (214)
[2021.12.08-08.26.09:162][778]LogModuleManager: Shutting down and abandoning module Networking (212)
[2021.12.08-08.26.09:162][778]LogModuleManager: Shutting down and abandoning module Core (210)
[2021.12.08-08.26.09:162][778]LogModuleManager: Shutting down and abandoning module MaterialEditor (208)
[2021.12.08-08.26.09:162][778]LogModuleManager: Shutting down and abandoning module MovieSceneTools (206)
[2021.12.08-08.26.09:162][778]LogModuleManager: Shutting down and abandoning module EditorStyle (205)
[2021.12.08-08.26.09:162][778]LogModuleManager: Shutting down and abandoning module KismetCompiler (202)
[2021.12.08-08.26.09:162][778]LogModuleManager: Shutting down and abandoning module MeshBuilder (200)
[2021.12.08-08.26.09:162][778]LogModuleManager: Shutting down and abandoning module MeshUtilities (198)
[2021.12.08-08.26.09:162][778]LogModuleManager: Shutting down and abandoning module MeshMergeUtilities (197)
[2021.12.08-08.26.09:162][778]LogModuleManager: Shutting down and abandoning module MeshReductionInterface (196)
[2021.12.08-08.26.09:162][778]LogModuleManager: Shutting down and abandoning module MeshBoneReduction (195)
[2021.12.08-08.26.09:162][778]LogModuleManager: Shutting down and abandoning module SkeletalMeshReduction (193)
[2021.12.08-08.26.09:162][778]LogModuleManager: Shutting down and abandoning module ProxyLODMeshReduction (191)
[2021.12.08-08.26.09:162][778]LogModuleManager: Shutting down and abandoning module QuadricMeshReduction (189)
[2021.12.08-08.26.09:162][778]LogModuleManager: Shutting down and abandoning module MaterialBaking (185)
[2021.12.08-08.26.09:162][778]LogModuleManager: Shutting down and abandoning module NullInstallBundleManager (180)
[2021.12.08-08.26.09:162][778]LogModuleManager: Shutting down and abandoning module PIEPreviewDeviceProfileSelector (178)
[2021.12.08-08.26.09:162][778]LogModuleManager: Shutting down and abandoning module DerivedDataCache (176)
[2021.12.08-08.26.09:162][778]LogModuleManager: Shutting down and abandoning module TargetPlatform (174)
[2021.12.08-08.26.09:163][778]LogModuleManager: Shutting down and abandoning module VulkanShaderFormat (173)
[2021.12.08-08.26.09:163][778]LogModuleManager: Shutting down and abandoning module ShaderFormatVectorVM (171)
[2021.12.08-08.26.09:163][778]LogModuleManager: Shutting down and abandoning module ShaderFormatOpenGL (169)
[2021.12.08-08.26.09:163][778]LogModuleManager: Shutting down and abandoning module ShaderFormatD3D (167)
[2021.12.08-08.26.09:163][778]LogModuleManager: Shutting down and abandoning module MetalShaderFormat (165)
[2021.12.08-08.26.09:163][778]LogModuleManager: Shutting down and abandoning module TextureFormatOodle (163)
[2021.12.08-08.26.09:163][778]LogModuleManager: Shutting down and abandoning module TextureFormatUncompressed (161)
[2021.12.08-08.26.09:163][778]LogModuleManager: Shutting down and abandoning module TextureFormatPVR (159)
[2021.12.08-08.26.09:163][778]LogModuleManager: Shutting down and abandoning module TextureFormatETC2 (157)
[2021.12.08-08.26.09:163][778]LogModuleManager: Shutting down and abandoning module TextureFormatDXT (155)
[2021.12.08-08.26.09:163][778]LogModuleManager: Shutting down and abandoning module TextureFormatIntelISPCTexComp (153)
[2021.12.08-08.26.09:163][778]LogModuleManager: Shutting down and abandoning module TextureFormatASTC (151)
[2021.12.08-08.26.09:163][778]LogModuleManager: Shutting down and abandoning module ImageWrapper (150)
[2021.12.08-08.26.09:163][778]LogModuleManager: Shutting down and abandoning module AudioFormatOpus (147)
[2021.12.08-08.26.09:163][778]LogModuleManager: Shutting down and abandoning module AudioFormatOgg (145)
[2021.12.08-08.26.09:163][778]LogModuleManager: Shutting down and abandoning module AudioFormatADPCM (143)
[2021.12.08-08.26.09:163][778]LogModuleManager: Shutting down and abandoning module WindowsServerTargetPlatform (141)
[2021.12.08-08.26.09:163][778]LogModuleManager: Shutting down and abandoning module WindowsClientTargetPlatform (139)
[2021.12.08-08.26.09:163][778]LogModuleManager: Shutting down and abandoning module WindowsTargetPlatform (137)
[2021.12.08-08.26.09:163][778]LogModuleManager: Shutting down and abandoning module WindowsNoEditorTargetPlatform (135)
[2021.12.08-08.26.09:163][778]LogModuleManager: Shutting down and abandoning module D3D11RHI (132)
[2021.12.08-08.26.09:163][778]LogModuleManager: Shutting down and abandoning module InputCore (130)
[2021.12.08-08.26.09:163][778]LogModuleManager: Shutting down and abandoning module Settings (128)
[2021.12.08-08.26.09:163][778]LogModuleManager: Shutting down and abandoning module PhysXCooking (126)
[2021.12.08-08.26.09:163][778]LogModuleManager: Shutting down and abandoning module Chaos (124)
[2021.12.08-08.26.09:163][778]LogModuleManager: Shutting down and abandoning module WindowsPlatformFeatures (122)
[2021.12.08-08.26.09:163][778]LogModuleManager: Shutting down and abandoning module GameplayMediaEncoder (121)
[2021.12.08-08.26.09:163][778]LogModuleManager: Shutting down and abandoning module AVEncoder (120)
[2021.12.08-08.26.09:163][778]LogModuleManager: Shutting down and abandoning module SteamVRInputDevice (116)
[2021.12.08-08.26.09:163][778]LogModuleManager: Shutting down and abandoning module SteamVRInput (114)
[2021.12.08-08.26.09:163][778]LogModuleManager: Shutting down and abandoning module SteamVR (112)
[2021.12.08-08.26.09:163][778]LogHMD: Freeing OpenVRDLLHandle.
[2021.12.08-08.26.09:163][778]LogModuleManager: Shutting down and abandoning module OculusHMD (110)
[2021.12.08-08.26.09:163][778]LogModuleManager: Shutting down and abandoning module VariantManagerContent (108)
[2021.12.08-08.26.09:163][778]LogModuleManager: Shutting down and abandoning module DatasmithContent (106)
[2021.12.08-08.26.09:164][778]LogModuleManager: Shutting down and abandoning module OpenXREyeTracker (104)
[2021.12.08-08.26.09:164][778]LogModuleManager: Shutting down and abandoning module OpenXRHandTracking (102)
[2021.12.08-08.26.09:164][778]LogSlate: Slate User Destroyed.  User Index 0, Is Virtual User: 0
[2021.12.08-08.26.09:164][778]LogSlate: Slate User Destroyed.  User Index 8, Is Virtual User: 1
[2021.12.08-08.26.09:164][778]LogModuleManager: Shutting down and abandoning module OpenXRAR (100)
[2021.12.08-08.26.09:164][778]LogModuleManager: Shutting down and abandoning module AugmentedReality (99)
[2021.12.08-08.26.09:164][778]LogModuleManager: Shutting down and abandoning module OpenXRHMD (96)
[2021.12.08-08.26.09:164][778]LogModuleManager: Shutting down and abandoning module ExampleDeviceProfileSelector (94)
[2021.12.08-08.26.09:164][778]LogModuleManager: Shutting down and abandoning module ChunkDownloader (92)
[2021.12.08-08.26.09:164][778]LogModuleManager: Shutting down and abandoning module OnlineBlueprintSupport (90)
[2021.12.08-08.26.09:164][778]LogModuleManager: Shutting down and abandoning module OnlineSubsystem (86)
[2021.12.08-08.26.09:165][778]LogModuleManager: Shutting down and abandoning module XMPP (81)
[2021.12.08-08.26.09:165][778]LogModuleManager: Shutting down and abandoning module WebSockets (80)
