Log file open, 11/18/21 23:24:31
LogWindows: Failed to load 'aqProf.dll' (GetLastError=126)
LogWindows: File 'aqProf.dll' does not exist
LogWindows: Failed to load 'VtuneApi.dll' (GetLastError=126)
LogWindows: File 'VtuneApi.dll' does not exist
LogWindows: Failed to load 'VtuneApi32e.dll' (GetLastError=126)
LogWindows: File 'VtuneApi32e.dll' does not exist
LogConsoleResponse: Display: Failed to find resolution value strings in scalability ini. Falling back to default.
LogConsoleResponse: Display: Failed to find resolution value strings in scalability ini. Falling back to default.
LogInit: Display: Running engine for game: ThomasAdvanture
LogPlatformFile: Not using cached read wrapper
LogTaskGraph: Started task graph with 5 named threads and 35 total threads with 3 sets of task threads.
LogStats: Stats thread started at 0.811568
LogICUInternationalization: ICU TimeZone Detection - Raw Offset: -8:00, Platform Override: ''
LogInit: Display: Loading text-based GConfig....
LogPluginManager: Mounting plugin MeshPainting
LogPluginManager: Mounting plugin XGEController
LogPluginManager: Mounting plugin Paper2D
LogPluginManager: Mounting plugin EnvironmentQueryEditor
LogPluginManager: Mounting plugin AISupport
LogPluginManager: Mounting plugin LightPropagationVolume
LogPluginManager: Mounting plugin LiveLink
LogPluginManager: Mounting plugin CameraShakePreviewer
LogPluginManager: Mounting plugin GameplayCameras
LogPluginManager: Mounting plugin AnimationSharing
LogPluginManager: Mounting plugin CLionSourceCodeAccess
LogPluginManager: Mounting plugin CodeLiteSourceCodeAccess
LogPluginManager: Mounting plugin KDevelopSourceCodeAccess
LogPluginManager: Mounting plugin PerforceSourceControl
LogPluginManager: Mounting plugin NullSourceCodeAccess
LogPluginManager: Mounting plugin PixWinPlugin
LogPluginManager: Mounting plugin PlasticSourceControl
LogPluginManager: Mounting plugin PluginUtils
LogPluginManager: Mounting plugin PropertyAccessNode
LogPluginManager: Mounting plugin GitSourceControl
LogPluginManager: Mounting plugin RiderSourceCodeAccess
LogPluginManager: Mounting plugin SubversionSourceControl
LogPluginManager: Mounting plugin TextureFormatOodle
LogPluginManager: Mounting plugin UObjectPlugin
LogPluginManager: Mounting plugin VisualStudioCodeSourceCodeAccess
LogPluginManager: Mounting plugin XCodeSourceCodeAccess
LogPluginManager: Mounting plugin VisualStudioSourceCodeAccess
LogPluginManager: Mounting plugin AssetManagerEditor
LogPluginManager: Mounting plugin CryptoKeys
LogPluginManager: Mounting plugin CurveEditorTools
LogPluginManager: Mounting plugin DataValidation
LogPluginManager: Mounting plugin GeometryMode
LogPluginManager: Mounting plugin GameplayTagsEditor
LogPluginManager: Mounting plugin FacialAnimation
LogPluginManager: Mounting plugin MacGraphicsSwitching
LogPluginManager: Mounting plugin MaterialAnalyzer
LogPluginManager: Mounting plugin PluginBrowser
LogPluginManager: Mounting plugin SpeedTreeImporter
LogPluginManager: Mounting plugin OodleNetwork
LogPluginManager: Mounting plugin OodleData
LogPluginManager: Mounting plugin MobileLauncherProfileWizard
LogPluginManager: Mounting plugin Niagara
LogPluginManager: Mounting plugin DatasmithContent
LogPluginManager: Mounting plugin VariantManagerContent
LogPluginManager: Mounting plugin AlembicImporter
LogPluginManager: Mounting plugin BackChannel
LogPluginManager: Mounting plugin AutomationUtils
LogPluginManager: Mounting plugin ChaosCloth
LogPluginManager: Mounting plugin ChaosClothEditor
LogPluginManager: Mounting plugin ChaosEditor
LogPluginManager: Mounting plugin ChaosSolverPlugin
LogPluginManager: Mounting plugin ChaosNiagara
LogPluginManager: Mounting plugin CharacterAI
LogPluginManager: Mounting plugin GeometryCache
LogPluginManager: Mounting plugin LuminPlatformFeatures
LogPluginManager: Mounting plugin GeometryCollectionPlugin
LogPluginManager: Mounting plugin MagicLeap
LogPluginManager: Mounting plugin MagicLeapMedia
LogPluginManager: Mounting plugin MagicLeapPassableWorld
LogPluginManager: Mounting plugin MLSDK
LogPluginManager: Mounting plugin GeometryProcessing
LogPluginManager: Mounting plugin MagicLeapLightEstimation
LogPluginManager: Mounting plugin OpenImageDenoise
LogPluginManager: Mounting plugin MotoSynth
LogPluginManager: Mounting plugin ProxyLODPlugin
LogPluginManager: Mounting plugin PlanarCut
LogPluginManager: Mounting plugin PlatformCrypto
LogPluginManager: Mounting plugin PythonScriptPlugin
LogPluginManager: Mounting plugin SkeletalReduction
LogPluginManager: Mounting plugin AndroidMedia
LogPluginManager: Mounting plugin AvfMedia
LogPluginManager: Mounting plugin MediaCompositing
LogPluginManager: Mounting plugin MediaPlayerEditor
LogPluginManager: Mounting plugin WebMMedia
LogPluginManager: Mounting plugin WmfMedia
LogPluginManager: Mounting plugin TcpMessaging
LogPluginManager: Mounting plugin UdpMessaging
LogPluginManager: Mounting plugin ActorSequence
LogPluginManager: Mounting plugin MatineeToLevelSequence
LogPluginManager: Mounting plugin ImgMedia
LogPluginManager: Mounting plugin LevelSequenceEditor
LogPluginManager: Mounting plugin TemplateSequence
LogPluginManager: Mounting plugin ActorLayerUtilities
LogPluginManager: Mounting plugin OnlineSubsystem
LogPluginManager: Mounting plugin AndroidDeviceProfileSelector
LogPluginManager: Mounting plugin AndroidMoviePlayer
LogPluginManager: Mounting plugin AndroidPermission
LogPluginManager: Mounting plugin OnlineSubsystemNull
LogPluginManager: Mounting plugin AppleImageUtils
LogPluginManager: Mounting plugin AppleMoviePlayer
LogPluginManager: Mounting plugin ArchVisCharacter
LogPluginManager: Mounting plugin AssetTags
LogPluginManager: Mounting plugin AudioCapture
LogPluginManager: Mounting plugin OnlineSubsystemUtils
LogPluginManager: Mounting plugin AudioSynesthesia
LogPluginManager: Mounting plugin ChunkDownloader
LogPluginManager: Mounting plugin CableComponent
LogPluginManager: Mounting plugin EditableMesh
LogPluginManager: Mounting plugin ExampleDeviceProfileSelector
LogPluginManager: Mounting plugin GoogleCloudMessaging
LogPluginManager: Mounting plugin GooglePAD
LogPluginManager: Mounting plugin CustomMeshComponent
LogPluginManager: Mounting plugin LinuxDeviceProfileSelector
LogPluginManager: Mounting plugin LocationServicesBPLibrary
LogPluginManager: Mounting plugin MobilePatchingUtils
LogPluginManager: Mounting plugin OpenXR
LogPluginManager: Mounting plugin OpenXREyeTracker
LogPluginManager: Mounting plugin OpenXRHandTracking
LogPluginManager: Mounting plugin PhysXVehicles
LogPluginManager: Mounting plugin ScreenshotTools
LogPluginManager: Mounting plugin PostSplashScreen
LogPluginManager: Mounting plugin ProceduralMeshComponent
LogPluginManager: Mounting plugin PropertyAccessEditor
LogPluginManager: Mounting plugin RuntimePhysXCooking
LogPluginManager: Mounting plugin SignificanceManager
LogPluginManager: Mounting plugin SoundFields
LogPluginManager: Mounting plugin Synthesis
LogPluginManager: Mounting plugin WebMMoviePlayer
LogPluginManager: Mounting plugin WindowsMoviePlayer
LogPluginManager: Mounting plugin Takes
LogPluginManager: Mounting plugin LauncherChunkInstaller
LogPluginManager: Mounting plugin IOSDeviceProfileSelector
LogPluginManager: Mounting plugin ContentBrowserClassDataSource
LogPluginManager: Mounting plugin ContentBrowserAssetDataSource
LogPluginManager: Mounting plugin ContentBrowserFileDataSource
LogPluginManager: Mounting plugin OnlineSubsystemGooglePlay
LogPluginManager: Mounting plugin OnlineSubsystemIOS
LogPluginManager: Mounting plugin OculusVR
LogPluginManager: Mounting plugin SteamVR
PixWinPlugin: PIX capture plugin failed to initialize! Check that the process is launched from PIX.
LogInit: Using libcurl 7.55.1-DEV
LogInit:  - built for x86_64-pc-win32
LogInit:  - supports SSL with OpenSSL/1.1.1
LogInit:  - supports HTTP deflate (compression) using libz 1.2.8
LogInit:  - other features:
LogInit:      CURL_VERSION_SSL
LogInit:      CURL_VERSION_LIBZ
LogInit:      CURL_VERSION_IPV6
LogInit:      CURL_VERSION_ASYNCHDNS
LogInit:      CURL_VERSION_LARGEFILE
LogInit:      CURL_VERSION_IDN
LogInit:  CurlRequestOptions (configurable via config and command line):
LogInit:  - bVerifyPeer = true  - Libcurl will verify peer certificate
LogInit:  - bUseHttpProxy = false  - Libcurl will NOT use HTTP proxy
LogInit:  - bDontReuseConnections = false  - Libcurl will reuse connections
LogInit:  - MaxHostConnections = 16  - Libcurl will limit the number of connections to a host
LogInit:  - LocalHostAddr = Default
LogInit:  - BufferSize = 65536
LogOnline: OSS: Creating online subsystem instance for: NULL
LogInit: WinSock: version 1.1 (2.2), MaxSocks=32767, MaxUdp=65467
LogOnline: OSS: TryLoadSubsystemAndSetDefault: Loaded subsystem for module [NULL]
LogOculusPluginWrapper: OculusPlugin initialized successfully
LogHMD: Failed initializing OVRPlugin 1.59.0
LogInit: Build: ++UE4+Release-4.27-CL-17735300
LogInit: Engine Version: 4.27.1-17735300+++UE4+Release-4.27
LogInit: Compatible Engine Version: 4.27.0-17155196+++UE4+Release-4.27
LogInit: Net CL: 17155196
LogInit: OS: Windows 10 (Release 2009) (), CPU: Intel(R) Core(TM) i5-10500H CPU @ 2.50GHz, GPU: Intel(R) UHD Graphics
LogInit: Compiled (64-bit): Oct  6 2021 14:42:51
LogInit: Compiled with Visual C++: 19.24.28315.00
LogInit: Build Configuration: Development
LogInit: Branch Name: ++UE4+Release-4.27
LogInit: Command Line: 
LogInit: Base Directory: C:/Program Files/Epic Games/UE_4.27/Engine/Binaries/Win64/
LogInit: Allocator: TBB
LogInit: Installed Engine Build: 1
LogDevObjectVersion: Number of dev versions registered: 29
LogDevObjectVersion:   Dev-Blueprints (B0D832E4-1F89-4F0D-ACCF-7EB736FD4AA2): 10
LogDevObjectVersion:   Dev-Build (E1C64328-A22C-4D53-A36C-8E866417BD8C): 0
LogDevObjectVersion:   Dev-Core (375EC13C-06E4-48FB-B500-84F0262A717E): 4
LogDevObjectVersion:   Dev-Editor (E4B068ED-F494-42E9-A231-DA0B2E46BB41): 40
LogDevObjectVersion:   Dev-Framework (CFFC743F-43B0-4480-9391-14DF171D2073): 37
LogDevObjectVersion:   Dev-Mobile (B02B49B5-BB20-44E9-A304-32B752E40360): 3
LogDevObjectVersion:   Dev-Networking (A4E4105C-59A1-49B5-A7C5-40C4547EDFEE): 0
LogDevObjectVersion:   Dev-Online (39C831C9-5AE6-47DC-9A44-9C173E1C8E7C): 0
LogDevObjectVersion:   Dev-Physics (78F01B33-EBEA-4F98-B9B4-84EACCB95AA2): 14
LogDevObjectVersion:   Dev-Platform (6631380F-2D4D-43E0-8009-CF276956A95A): 0
LogDevObjectVersion:   Dev-Rendering (12F88B9F-8875-4AFC-A67C-D90C383ABD29): 45
LogDevObjectVersion:   Dev-Sequencer (7B5AE74C-D270-4C10-A958-57980B212A5A): 13
LogDevObjectVersion:   Dev-VR (D7296918-1DD6-4BDD-9DE2-64A83CC13884): 3
LogDevObjectVersion:   Dev-LoadTimes (C2A15278-BFE7-4AFE-6C17-90FF531DF755): 1
LogDevObjectVersion:   Private-Geometry (6EACA3D4-40EC-4CC1-B786-8BED09428FC5): 3
LogDevObjectVersion:   Dev-AnimPhys (29E575DD-E0A3-4627-9D10-D276232CDCEA): 17
LogDevObjectVersion:   Dev-Anim (AF43A65D-7FD3-4947-9873-3E8ED9C1BB05): 15
LogDevObjectVersion:   Dev-ReflectionCapture (6B266CEC-1EC7-4B8F-A30B-E4D90942FC07): 1
LogDevObjectVersion:   Dev-Automation (0DF73D61-A23F-47EA-B727-89E90C41499A): 1
LogDevObjectVersion:   FortniteMain (601D1886-AC64-4F84-AA16-D3DE0DEAC7D6): 47
LogDevObjectVersion:   FortniteRelease (E7086368-6B23-4C58-8439-1B7016265E91): 1
LogDevObjectVersion:   Dev-Enterprise (9DFFBCD6-494F-0158-E221-12823C92A888): 10
LogDevObjectVersion:   Dev-Niagara (F2AED0AC-9AFE-416F-8664-AA7FFA26D6FC): 1
LogDevObjectVersion:   Dev-Destruction (174F1F0B-B4C6-45A5-B13F-2EE8D0FB917D): 10
LogDevObjectVersion:   Dev-Physics-Ext (35F94A83-E258-406C-A318-09F59610247C): 41
LogDevObjectVersion:   Dev-PhysicsMaterial-Chaos (B68FC16E-8B1B-42E2-B453-215C058844FE): 1
LogDevObjectVersion:   Dev-CineCamera (B2E18506-4273-CFC2-A54E-F4BB758BBA07): 1
LogDevObjectVersion:   Dev-VirtualProduction (64F58936-FD1B-42BA-BA96-7289D5D0FA4E): 1
LogDevObjectVersion:   Dev-MediaFramework (6F0ED827-A609-4895-9C91-998D90180EA4): 2
LogInit: Presizing for max 25165824 objects, including 0 objects not considered by GC, pre-allocating 0 bytes for permanent pool.
LogConfig: Applying CVar settings from Section [/Script/Engine.StreamingSettings] File [C:/Users/garre/OneDrive/Documents/GitHub/Gridlock/Saved/Config/Windows/Engine.ini]
LogConfig: Setting CVar [[s.MinBulkDataSizeForAsyncLoading:131072]]
LogConfig: Setting CVar [[s.AsyncLoadingThreadEnabled:0]]
LogConfig: Setting CVar [[s.EventDrivenLoaderEnabled:1]]
LogConfig: Setting CVar [[s.WarnIfTimeLimitExceeded:0]]
LogConfig: Setting CVar [[s.TimeLimitExceededMultiplier:1.5]]
LogConfig: Setting CVar [[s.TimeLimitExceededMinTime:0.005]]
LogConfig: Setting CVar [[s.UseBackgroundLevelStreaming:1]]
LogConfig: Setting CVar [[s.PriorityAsyncLoadingExtraTime:15.0]]
LogConfig: Setting CVar [[s.LevelStreamingActorsUpdateTimeLimit:5.0]]
LogConfig: Setting CVar [[s.PriorityLevelStreamingActorsUpdateExtraTime:5.0]]
LogConfig: Setting CVar [[s.LevelStreamingComponentsRegistrationGranularity:10]]
LogConfig: Setting CVar [[s.UnregisterComponentsTimeLimit:1.0]]
LogConfig: Setting CVar [[s.LevelStreamingComponentsUnregistrationGranularity:5]]
LogConfig: Setting CVar [[s.FlushStreamingOnExit:1]]
LogInit: Object subsystem initialized
LogConfig: Setting CVar [[con.DebugEarlyDefault:1]]
LogConfig: Setting CVar [[r.setres:1280x720]]
[2021.11.19-07.24.32:278][  0]LogConfig: Setting CVar [[r.VSync:0]]
[2021.11.19-07.24.32:278][  0]LogConfig: Setting CVar [[r.RHICmdBypass:0]]
[2021.11.19-07.24.32:279][  0]LogConfig: Applying CVar settings from Section [/Script/Engine.RendererSettings] File [C:/Users/garre/OneDrive/Documents/GitHub/Gridlock/Saved/Config/Windows/Engine.ini]
[2021.11.19-07.24.32:279][  0]LogConfig: Setting CVar [[r.GPUCrashDebugging:0]]
[2021.11.19-07.24.32:279][  0]LogConfig: Applying CVar settings from Section [/Script/Engine.RendererOverrideSettings] File [C:/Users/garre/OneDrive/Documents/GitHub/Gridlock/Saved/Config/Windows/Engine.ini]
[2021.11.19-07.24.32:279][  0]LogConfig: Applying CVar settings from Section [/Script/Engine.StreamingSettings] File [C:/Users/garre/OneDrive/Documents/GitHub/Gridlock/Saved/Config/Windows/Engine.ini]
[2021.11.19-07.24.32:279][  0]LogConfig: Setting CVar [[s.MinBulkDataSizeForAsyncLoading:131072]]
[2021.11.19-07.24.32:279][  0]LogConfig: Setting CVar [[s.AsyncLoadingThreadEnabled:0]]
[2021.11.19-07.24.32:279][  0]LogConfig: Setting CVar [[s.EventDrivenLoaderEnabled:1]]
[2021.11.19-07.24.32:279][  0]LogConfig: Setting CVar [[s.WarnIfTimeLimitExceeded:0]]
[2021.11.19-07.24.32:279][  0]LogConfig: Setting CVar [[s.TimeLimitExceededMultiplier:1.5]]
[2021.11.19-07.24.32:279][  0]LogConfig: Setting CVar [[s.TimeLimitExceededMinTime:0.005]]
[2021.11.19-07.24.32:279][  0]LogConfig: Setting CVar [[s.UseBackgroundLevelStreaming:1]]
[2021.11.19-07.24.32:279][  0]LogConfig: Setting CVar [[s.PriorityAsyncLoadingExtraTime:15.0]]
[2021.11.19-07.24.32:279][  0]LogConfig: Setting CVar [[s.LevelStreamingActorsUpdateTimeLimit:5.0]]
[2021.11.19-07.24.32:279][  0]LogConfig: Setting CVar [[s.PriorityLevelStreamingActorsUpdateExtraTime:5.0]]
[2021.11.19-07.24.32:279][  0]LogConfig: Setting CVar [[s.LevelStreamingComponentsRegistrationGranularity:10]]
[2021.11.19-07.24.32:279][  0]LogConfig: Setting CVar [[s.UnregisterComponentsTimeLimit:1.0]]
[2021.11.19-07.24.32:279][  0]LogConfig: Setting CVar [[s.LevelStreamingComponentsUnregistrationGranularity:5]]
[2021.11.19-07.24.32:279][  0]LogConfig: Setting CVar [[s.FlushStreamingOnExit:1]]
[2021.11.19-07.24.32:279][  0]LogConfig: Applying CVar settings from Section [/Script/Engine.GarbageCollectionSettings] File [C:/Users/garre/OneDrive/Documents/GitHub/Gridlock/Saved/Config/Windows/Engine.ini]
[2021.11.19-07.24.32:279][  0]LogConfig: Setting CVar [[gc.MaxObjectsNotConsideredByGC:1]]
[2021.11.19-07.24.32:279][  0]LogConfig: Setting CVar [[gc.SizeOfPermanentObjectPool:0]]
[2021.11.19-07.24.32:279][  0]LogConfig: Setting CVar [[gc.FlushStreamingOnGC:0]]
[2021.11.19-07.24.32:279][  0]LogConfig: Setting CVar [[gc.NumRetriesBeforeForcingGC:10]]
[2021.11.19-07.24.32:279][  0]LogConfig: Setting CVar [[gc.AllowParallelGC:1]]
[2021.11.19-07.24.32:279][  0]LogConfig: Setting CVar [[gc.TimeBetweenPurgingPendingKillObjects:61.1]]
[2021.11.19-07.24.32:279][  0]LogConfig: Setting CVar [[gc.MaxObjectsInEditor:25165824]]
[2021.11.19-07.24.32:279][  0]LogConfig: Setting CVar [[gc.IncrementalBeginDestroyEnabled:1]]
[2021.11.19-07.24.32:279][  0]LogConfig: Setting CVar [[gc.CreateGCClusters:1]]
[2021.11.19-07.24.32:279][  0]LogConfig: Setting CVar [[gc.MinGCClusterSize:5]]
[2021.11.19-07.24.32:279][  0]LogConfig: Setting CVar [[gc.ActorClusteringEnabled:0]]
[2021.11.19-07.24.32:279][  0]LogConfig: Setting CVar [[gc.BlueprintClusteringEnabled:0]]
[2021.11.19-07.24.32:279][  0]LogConfig: Setting CVar [[gc.UseDisregardForGCOnDedicatedServers:0]]
[2021.11.19-07.24.32:279][  0]LogConfig: Setting CVar [[gc.MultithreadedDestructionEnabled:1]]
[2021.11.19-07.24.32:279][  0]LogConfig: Applying CVar settings from Section [/Script/Engine.NetworkSettings] File [C:/Users/garre/OneDrive/Documents/GitHub/Gridlock/Saved/Config/Windows/Engine.ini]
[2021.11.19-07.24.32:279][  0]LogConfig: Applying CVar settings from Section [/Script/UnrealEd.CookerSettings] File [C:/Users/garre/OneDrive/Documents/GitHub/Gridlock/Saved/Config/Windows/Engine.ini]
[2021.11.19-07.24.32:296][  0]LogConfig: Applying CVar settings from Section [ViewDistanceQuality@3] File [C:/Users/garre/OneDrive/Documents/GitHub/Gridlock/Saved/Config/Windows/Scalability.ini]
[2021.11.19-07.24.32:296][  0]LogConfig: Setting CVar [[r.SkeletalMeshLODBias:0]]
[2021.11.19-07.24.32:296][  0]LogConfig: Setting CVar [[r.ViewDistanceScale:1.0]]
[2021.11.19-07.24.32:296][  0]LogConfig: Applying CVar settings from Section [AntiAliasingQuality@3] File [C:/Users/garre/OneDrive/Documents/GitHub/Gridlock/Saved/Config/Windows/Scalability.ini]
[2021.11.19-07.24.32:296][  0]LogConfig: Setting CVar [[r.PostProcessAAQuality:4]]
[2021.11.19-07.24.32:296][  0]LogConfig: Applying CVar settings from Section [ShadowQuality@3] File [C:/Users/garre/OneDrive/Documents/GitHub/Gridlock/Saved/Config/Windows/Scalability.ini]
[2021.11.19-07.24.32:296][  0]LogConfig: Setting CVar [[r.LightFunctionQuality:1]]
[2021.11.19-07.24.32:296][  0]LogConfig: Setting CVar [[r.ShadowQuality:5]]
[2021.11.19-07.24.32:296][  0]LogConfig: Setting CVar [[r.Shadow.CSM.MaxCascades:10]]
[2021.11.19-07.24.32:296][  0]LogConfig: Setting CVar [[r.Shadow.MaxResolution:2048]]
[2021.11.19-07.24.32:296][  0]LogConfig: Setting CVar [[r.Shadow.MaxCSMResolution:2048]]
[2021.11.19-07.24.32:296][  0]LogConfig: Setting CVar [[r.Shadow.RadiusThreshold:0.01]]
[2021.11.19-07.24.32:296][  0]LogConfig: Setting CVar [[r.Shadow.DistanceScale:1.0]]
[2021.11.19-07.24.32:296][  0]LogConfig: Setting CVar [[r.Shadow.CSM.TransitionScale:1.0]]
[2021.11.19-07.24.32:296][  0]LogConfig: Setting CVar [[r.Shadow.PreShadowResolutionFactor:1.0]]
[2021.11.19-07.24.32:296][  0]LogConfig: Setting CVar [[r.DistanceFieldShadowing:1]]
[2021.11.19-07.24.32:296][  0]LogConfig: Setting CVar [[r.DistanceFieldAO:1]]
[2021.11.19-07.24.32:296][  0]LogConfig: Setting CVar [[r.AOQuality:2]]
[2021.11.19-07.24.32:296][  0]LogConfig: Setting CVar [[r.VolumetricFog:1]]
[2021.11.19-07.24.32:296][  0]LogConfig: Setting CVar [[r.VolumetricFog.GridPixelSize:8]]
[2021.11.19-07.24.32:296][  0]LogConfig: Setting CVar [[r.VolumetricFog.GridSizeZ:128]]
[2021.11.19-07.24.32:296][  0]LogConfig: Setting CVar [[r.VolumetricFog.HistoryMissSupersampleCount:4]]
[2021.11.19-07.24.32:296][  0]LogConfig: Setting CVar [[r.LightMaxDrawDistanceScale:1]]
[2021.11.19-07.24.32:296][  0]LogConfig: Setting CVar [[r.CapsuleShadows:1]]
[2021.11.19-07.24.32:296][  0]LogConfig: Applying CVar settings from Section [PostProcessQuality@3] File [C:/Users/garre/OneDrive/Documents/GitHub/Gridlock/Saved/Config/Windows/Scalability.ini]
[2021.11.19-07.24.32:296][  0]LogConfig: Setting CVar [[r.MotionBlurQuality:4]]
[2021.11.19-07.24.32:296][  0]LogConfig: Setting CVar [[r.AmbientOcclusionMipLevelFactor:0.4]]
[2021.11.19-07.24.32:296][  0]LogConfig: Setting CVar [[r.AmbientOcclusionMaxQuality:100]]
[2021.11.19-07.24.32:296][  0]LogConfig: Setting CVar [[r.AmbientOcclusionLevels:-1]]
[2021.11.19-07.24.32:296][  0]LogConfig: Setting CVar [[r.AmbientOcclusionRadiusScale:1.0]]
[2021.11.19-07.24.32:296][  0]LogConfig: Setting CVar [[r.DepthOfFieldQuality:2]]
[2021.11.19-07.24.32:296][  0]LogConfig: Setting CVar [[r.RenderTargetPoolMin:400]]
[2021.11.19-07.24.32:296][  0]LogConfig: Setting CVar [[r.LensFlareQuality:2]]
[2021.11.19-07.24.32:296][  0]LogConfig: Setting CVar [[r.SceneColorFringeQuality:1]]
[2021.11.19-07.24.32:296][  0]LogConfig: Setting CVar [[r.EyeAdaptationQuality:2]]
[2021.11.19-07.24.32:296][  0]LogConfig: Setting CVar [[r.BloomQuality:5]]
[2021.11.19-07.24.32:296][  0]LogConfig: Setting CVar [[r.FastBlurThreshold:100]]
[2021.11.19-07.24.32:296][  0]LogConfig: Setting CVar [[r.Upscale.Quality:3]]
[2021.11.19-07.24.32:297][  0]LogConfig: Setting CVar [[r.Tonemapper.GrainQuantization:1]]
[2021.11.19-07.24.32:297][  0]LogConfig: Setting CVar [[r.LightShaftQuality:1]]
[2021.11.19-07.24.32:297][  0]LogConfig: Setting CVar [[r.Filter.SizeScale:1]]
[2021.11.19-07.24.32:297][  0]LogConfig: Setting CVar [[r.Tonemapper.Quality:5]]
[2021.11.19-07.24.32:297][  0]LogConfig: Setting CVar [[r.DOF.Gather.AccumulatorQuality:1        ; higher gathering accumulator quality]]
[2021.11.19-07.24.32:297][  0]LogConfig: Setting CVar [[r.DOF.Gather.PostfilterMethod:1          ; Median3x3 postfilering method]]
[2021.11.19-07.24.32:297][  0]LogConfig: Setting CVar [[r.DOF.Gather.EnableBokehSettings:0       ; no bokeh simulation when gathering]]
[2021.11.19-07.24.32:297][  0]LogConfig: Setting CVar [[r.DOF.Gather.RingCount:4                 ; medium number of samples when gathering]]
[2021.11.19-07.24.32:297][  0]LogConfig: Setting CVar [[r.DOF.Scatter.ForegroundCompositing:1    ; additive foreground scattering]]
[2021.11.19-07.24.32:297][  0]LogConfig: Setting CVar [[r.DOF.Scatter.BackgroundCompositing:2    ; additive background scattering]]
[2021.11.19-07.24.32:297][  0]LogConfig: Setting CVar [[r.DOF.Scatter.EnableBokehSettings:1      ; bokeh simulation when scattering]]
[2021.11.19-07.24.32:297][  0]LogConfig: Setting CVar [[r.DOF.Scatter.MaxSpriteRatio:0.1         ; only a maximum of 10% of scattered bokeh]]
[2021.11.19-07.24.32:297][  0]LogConfig: Setting CVar [[r.DOF.Recombine.Quality:1                ; cheap slight out of focus]]
[2021.11.19-07.24.32:297][  0]LogConfig: Setting CVar [[r.DOF.Recombine.EnableBokehSettings:0    ; no bokeh simulation on slight out of focus]]
[2021.11.19-07.24.32:297][  0]LogConfig: Setting CVar [[r.DOF.TemporalAAQuality:1                ; more stable temporal accumulation]]
[2021.11.19-07.24.32:297][  0]LogConfig: Setting CVar [[r.DOF.Kernel.MaxForegroundRadius:0.025]]
[2021.11.19-07.24.32:297][  0]LogConfig: Setting CVar [[r.DOF.Kernel.MaxBackgroundRadius:0.025]]
[2021.11.19-07.24.32:297][  0]LogConfig: Applying CVar settings from Section [TextureQuality@3] File [C:/Users/garre/OneDrive/Documents/GitHub/Gridlock/Saved/Config/Windows/Scalability.ini]
[2021.11.19-07.24.32:297][  0]LogConfig: Setting CVar [[r.Streaming.MipBias:0]]
[2021.11.19-07.24.32:297][  0]LogConfig: Setting CVar [[r.Streaming.AmortizeCPUToGPUCopy:0]]
[2021.11.19-07.24.32:297][  0]LogConfig: Setting CVar [[r.Streaming.MaxNumTexturesToStreamPerFrame:0]]
[2021.11.19-07.24.32:297][  0]LogConfig: Setting CVar [[r.Streaming.Boost:1]]
[2021.11.19-07.24.32:297][  0]LogConfig: Setting CVar [[r.MaxAnisotropy:8]]
[2021.11.19-07.24.32:297][  0]LogConfig: Setting CVar [[r.VT.MaxAnisotropy:8]]
[2021.11.19-07.24.32:297][  0]LogConfig: Setting CVar [[r.Streaming.LimitPoolSizeToVRAM:0]]
[2021.11.19-07.24.32:297][  0]LogConfig: Setting CVar [[r.Streaming.PoolSize:1000]]
[2021.11.19-07.24.32:297][  0]LogConfig: Setting CVar [[r.Streaming.MaxEffectiveScreenSize:0]]
[2021.11.19-07.24.32:297][  0]LogConfig: Applying CVar settings from Section [EffectsQuality@3] File [C:/Users/garre/OneDrive/Documents/GitHub/Gridlock/Saved/Config/Windows/Scalability.ini]
[2021.11.19-07.24.32:297][  0]LogConfig: Setting CVar [[r.TranslucencyLightingVolumeDim:64]]
[2021.11.19-07.24.32:297][  0]LogConfig: Setting CVar [[r.RefractionQuality:2]]
[2021.11.19-07.24.32:297][  0]LogConfig: Setting CVar [[r.SSR.Quality:3]]
[2021.11.19-07.24.32:297][  0]LogConfig: Setting CVar [[r.SSR.HalfResSceneColor:0]]
[2021.11.19-07.24.32:297][  0]LogConfig: Setting CVar [[r.SceneColorFormat:4]]
[2021.11.19-07.24.32:297][  0]LogConfig: Setting CVar [[r.DetailMode:2]]
[2021.11.19-07.24.32:297][  0]LogConfig: Setting CVar [[r.TranslucencyVolumeBlur:1]]
[2021.11.19-07.24.32:297][  0]LogConfig: Setting CVar [[r.MaterialQualityLevel:1 ; High quality]]
[2021.11.19-07.24.32:297][  0]LogConfig: Setting CVar [[r.AnisotropicMaterials:1]]
[2021.11.19-07.24.32:297][  0]LogConfig: Setting CVar [[r.SSS.Scale:1]]
[2021.11.19-07.24.32:297][  0]LogConfig: Setting CVar [[r.SSS.SampleSet:2]]
[2021.11.19-07.24.32:297][  0]LogConfig: Setting CVar [[r.SSS.Quality:1]]
[2021.11.19-07.24.32:297][  0]LogConfig: Setting CVar [[r.SSS.HalfRes:0]]
[2021.11.19-07.24.32:297][  0]LogConfig: Setting CVar [[r.SSGI.Quality:3]]
[2021.11.19-07.24.32:297][  0]LogConfig: Setting CVar [[r.EmitterSpawnRateScale:1.0]]
[2021.11.19-07.24.32:297][  0]LogConfig: Setting CVar [[r.ParticleLightQuality:2]]
[2021.11.19-07.24.32:297][  0]LogConfig: Setting CVar [[r.SkyAtmosphere.AerialPerspectiveLUT.FastApplyOnOpaque:1 ; Always have FastSkyLUT 1 in this case to avoid wrong sky]]
[2021.11.19-07.24.32:297][  0]LogConfig: Setting CVar [[r.SkyAtmosphere.AerialPerspectiveLUT.SampleCountMaxPerSlice:4]]
[2021.11.19-07.24.32:297][  0]LogConfig: Setting CVar [[r.SkyAtmosphere.AerialPerspectiveLUT.DepthResolution:16.0]]
[2021.11.19-07.24.32:297][  0]LogConfig: Setting CVar [[r.SkyAtmosphere.FastSkyLUT:1]]
[2021.11.19-07.24.32:297][  0]LogConfig: Setting CVar [[r.SkyAtmosphere.FastSkyLUT.SampleCountMin:4.0]]
[2021.11.19-07.24.32:297][  0]LogConfig: Setting CVar [[r.SkyAtmosphere.FastSkyLUT.SampleCountMax:128.0]]
[2021.11.19-07.24.32:297][  0]LogConfig: Setting CVar [[r.SkyAtmosphere.SampleCountMin:4.0]]
[2021.11.19-07.24.32:297][  0]LogConfig: Setting CVar [[r.SkyAtmosphere.SampleCountMax:128.0]]
[2021.11.19-07.24.32:297][  0]LogConfig: Setting CVar [[r.SkyAtmosphere.TransmittanceLUT.UseSmallFormat:0]]
[2021.11.19-07.24.32:297][  0]LogConfig: Setting CVar [[r.SkyAtmosphere.TransmittanceLUT.SampleCount:10.0]]
[2021.11.19-07.24.32:297][  0]LogConfig: Setting CVar [[r.SkyAtmosphere.MultiScatteringLUT.SampleCount:15.0]]
[2021.11.19-07.24.32:297][  0]LogConfig: Setting CVar [[r.SkyLight.RealTimeReflectionCapture:1]]
[2021.11.19-07.24.32:297][  0]LogConfig: Applying CVar settings from Section [FoliageQuality@3] File [C:/Users/garre/OneDrive/Documents/GitHub/Gridlock/Saved/Config/Windows/Scalability.ini]
[2021.11.19-07.24.32:297][  0]LogConfig: Setting CVar [[foliage.DensityScale:1.0]]
[2021.11.19-07.24.32:297][  0]LogConfig: Setting CVar [[grass.DensityScale:1.0]]
[2021.11.19-07.24.32:297][  0]LogConfig: Applying CVar settings from Section [ShadingQuality@3] File [C:/Users/garre/OneDrive/Documents/GitHub/Gridlock/Saved/Config/Windows/Scalability.ini]
[2021.11.19-07.24.32:297][  0]LogConfig: Setting CVar [[r.HairStrands.SkyLighting.IntegrationType:2]]
[2021.11.19-07.24.32:297][  0]LogConfig: Setting CVar [[r.HairStrands.SkyAO.SampleCount:4]]
[2021.11.19-07.24.32:297][  0]LogConfig: Setting CVar [[r.HairStrands.Visibility.MSAA.SamplePerPixel:4]]
[2021.11.19-07.24.32:298][  0]LogInit: Selected Device Profile: [Windows]
[2021.11.19-07.24.32:298][  0]LogInit: Applying CVar settings loaded from the selected device profile: [Windows]
[2021.11.19-07.24.32:299][  0]LogHAL: Display: Platform has ~ 8 GB [8403050496 / 8589934592 / 8], which maps to Default [LargestMinGB=32, LargerMinGB=12, DefaultMinGB=8, SmallerMinGB=6, SmallestMinGB=0)
[2021.11.19-07.24.32:299][  0]LogInit: Going up to parent DeviceProfile []
[2021.11.19-07.24.32:300][  0]LogConfig: Applying CVar settings from Section [ViewDistanceQuality@3] File [C:/Users/garre/OneDrive/Documents/GitHub/Gridlock/Saved/Config/Windows/Scalability.ini]
[2021.11.19-07.24.32:300][  0]LogConfig: Setting CVar [[r.SkeletalMeshLODBias:0]]
[2021.11.19-07.24.32:300][  0]LogConfig: Setting CVar [[r.ViewDistanceScale:1.0]]
[2021.11.19-07.24.32:300][  0]LogConfig: Applying CVar settings from Section [AntiAliasingQuality@3] File [C:/Users/garre/OneDrive/Documents/GitHub/Gridlock/Saved/Config/Windows/Scalability.ini]
[2021.11.19-07.24.32:300][  0]LogConfig: Setting CVar [[r.PostProcessAAQuality:4]]
[2021.11.19-07.24.32:300][  0]LogConfig: Applying CVar settings from Section [ShadowQuality@3] File [C:/Users/garre/OneDrive/Documents/GitHub/Gridlock/Saved/Config/Windows/Scalability.ini]
[2021.11.19-07.24.32:300][  0]LogConfig: Setting CVar [[r.LightFunctionQuality:1]]
[2021.11.19-07.24.32:300][  0]LogConfig: Setting CVar [[r.ShadowQuality:5]]
[2021.11.19-07.24.32:300][  0]LogConfig: Setting CVar [[r.Shadow.CSM.MaxCascades:10]]
[2021.11.19-07.24.32:300][  0]LogConfig: Setting CVar [[r.Shadow.MaxResolution:2048]]
[2021.11.19-07.24.32:300][  0]LogConfig: Setting CVar [[r.Shadow.MaxCSMResolution:2048]]
[2021.11.19-07.24.32:300][  0]LogConfig: Setting CVar [[r.Shadow.RadiusThreshold:0.01]]
[2021.11.19-07.24.32:300][  0]LogConfig: Setting CVar [[r.Shadow.DistanceScale:1.0]]
[2021.11.19-07.24.32:300][  0]LogConfig: Setting CVar [[r.Shadow.CSM.TransitionScale:1.0]]
[2021.11.19-07.24.32:300][  0]LogConfig: Setting CVar [[r.Shadow.PreShadowResolutionFactor:1.0]]
[2021.11.19-07.24.32:300][  0]LogConfig: Setting CVar [[r.DistanceFieldShadowing:1]]
[2021.11.19-07.24.32:300][  0]LogConfig: Setting CVar [[r.DistanceFieldAO:1]]
[2021.11.19-07.24.32:300][  0]LogConfig: Setting CVar [[r.AOQuality:2]]
[2021.11.19-07.24.32:300][  0]LogConfig: Setting CVar [[r.VolumetricFog:1]]
[2021.11.19-07.24.32:300][  0]LogConfig: Setting CVar [[r.VolumetricFog.GridPixelSize:8]]
[2021.11.19-07.24.32:300][  0]LogConfig: Setting CVar [[r.VolumetricFog.GridSizeZ:128]]
[2021.11.19-07.24.32:300][  0]LogConfig: Setting CVar [[r.VolumetricFog.HistoryMissSupersampleCount:4]]
[2021.11.19-07.24.32:300][  0]LogConfig: Setting CVar [[r.LightMaxDrawDistanceScale:1]]
[2021.11.19-07.24.32:300][  0]LogConfig: Setting CVar [[r.CapsuleShadows:1]]
[2021.11.19-07.24.32:300][  0]LogConfig: Applying CVar settings from Section [PostProcessQuality@3] File [C:/Users/garre/OneDrive/Documents/GitHub/Gridlock/Saved/Config/Windows/Scalability.ini]
[2021.11.19-07.24.32:300][  0]LogConfig: Setting CVar [[r.MotionBlurQuality:4]]
[2021.11.19-07.24.32:300][  0]LogConfig: Setting CVar [[r.AmbientOcclusionMipLevelFactor:0.4]]
[2021.11.19-07.24.32:300][  0]LogConfig: Setting CVar [[r.AmbientOcclusionMaxQuality:100]]
[2021.11.19-07.24.32:300][  0]LogConfig: Setting CVar [[r.AmbientOcclusionLevels:-1]]
[2021.11.19-07.24.32:300][  0]LogConfig: Setting CVar [[r.AmbientOcclusionRadiusScale:1.0]]
[2021.11.19-07.24.32:300][  0]LogConfig: Setting CVar [[r.DepthOfFieldQuality:2]]
[2021.11.19-07.24.32:300][  0]LogConfig: Setting CVar [[r.RenderTargetPoolMin:400]]
[2021.11.19-07.24.32:300][  0]LogConfig: Setting CVar [[r.LensFlareQuality:2]]
[2021.11.19-07.24.32:300][  0]LogConfig: Setting CVar [[r.SceneColorFringeQuality:1]]
[2021.11.19-07.24.32:300][  0]LogConfig: Setting CVar [[r.EyeAdaptationQuality:2]]
[2021.11.19-07.24.32:300][  0]LogConfig: Setting CVar [[r.BloomQuality:5]]
[2021.11.19-07.24.32:300][  0]LogConfig: Setting CVar [[r.FastBlurThreshold:100]]
[2021.11.19-07.24.32:300][  0]LogConfig: Setting CVar [[r.Upscale.Quality:3]]
[2021.11.19-07.24.32:300][  0]LogConfig: Setting CVar [[r.Tonemapper.GrainQuantization:1]]
[2021.11.19-07.24.32:300][  0]LogConfig: Setting CVar [[r.LightShaftQuality:1]]
[2021.11.19-07.24.32:300][  0]LogConfig: Setting CVar [[r.Filter.SizeScale:1]]
[2021.11.19-07.24.32:300][  0]LogConfig: Setting CVar [[r.Tonemapper.Quality:5]]
[2021.11.19-07.24.32:300][  0]LogConfig: Setting CVar [[r.DOF.Gather.AccumulatorQuality:1        ; higher gathering accumulator quality]]
[2021.11.19-07.24.32:300][  0]LogConfig: Setting CVar [[r.DOF.Gather.PostfilterMethod:1          ; Median3x3 postfilering method]]
[2021.11.19-07.24.32:300][  0]LogConfig: Setting CVar [[r.DOF.Gather.EnableBokehSettings:0       ; no bokeh simulation when gathering]]
[2021.11.19-07.24.32:300][  0]LogConfig: Setting CVar [[r.DOF.Gather.RingCount:4                 ; medium number of samples when gathering]]
[2021.11.19-07.24.32:300][  0]LogConfig: Setting CVar [[r.DOF.Scatter.ForegroundCompositing:1    ; additive foreground scattering]]
[2021.11.19-07.24.32:300][  0]LogConfig: Setting CVar [[r.DOF.Scatter.BackgroundCompositing:2    ; additive background scattering]]
[2021.11.19-07.24.32:300][  0]LogConfig: Setting CVar [[r.DOF.Scatter.EnableBokehSettings:1      ; bokeh simulation when scattering]]
[2021.11.19-07.24.32:300][  0]LogConfig: Setting CVar [[r.DOF.Scatter.MaxSpriteRatio:0.1         ; only a maximum of 10% of scattered bokeh]]
[2021.11.19-07.24.32:300][  0]LogConfig: Setting CVar [[r.DOF.Recombine.Quality:1                ; cheap slight out of focus]]
[2021.11.19-07.24.32:300][  0]LogConfig: Setting CVar [[r.DOF.Recombine.EnableBokehSettings:0    ; no bokeh simulation on slight out of focus]]
[2021.11.19-07.24.32:300][  0]LogConfig: Setting CVar [[r.DOF.TemporalAAQuality:1                ; more stable temporal accumulation]]
[2021.11.19-07.24.32:300][  0]LogConfig: Setting CVar [[r.DOF.Kernel.MaxForegroundRadius:0.025]]
[2021.11.19-07.24.32:300][  0]LogConfig: Setting CVar [[r.DOF.Kernel.MaxBackgroundRadius:0.025]]
[2021.11.19-07.24.32:300][  0]LogConfig: Applying CVar settings from Section [TextureQuality@3] File [C:/Users/garre/OneDrive/Documents/GitHub/Gridlock/Saved/Config/Windows/Scalability.ini]
[2021.11.19-07.24.32:300][  0]LogConfig: Setting CVar [[r.Streaming.MipBias:0]]
[2021.11.19-07.24.32:300][  0]LogConfig: Setting CVar [[r.Streaming.AmortizeCPUToGPUCopy:0]]
[2021.11.19-07.24.32:300][  0]LogConfig: Setting CVar [[r.Streaming.MaxNumTexturesToStreamPerFrame:0]]
[2021.11.19-07.24.32:300][  0]LogConfig: Setting CVar [[r.Streaming.Boost:1]]
[2021.11.19-07.24.32:301][  0]LogConfig: Setting CVar [[r.MaxAnisotropy:8]]
[2021.11.19-07.24.32:301][  0]LogConfig: Setting CVar [[r.VT.MaxAnisotropy:8]]
[2021.11.19-07.24.32:301][  0]LogConfig: Setting CVar [[r.Streaming.LimitPoolSizeToVRAM:0]]
[2021.11.19-07.24.32:301][  0]LogConfig: Setting CVar [[r.Streaming.PoolSize:1000]]
[2021.11.19-07.24.32:301][  0]LogConfig: Setting CVar [[r.Streaming.MaxEffectiveScreenSize:0]]
[2021.11.19-07.24.32:301][  0]LogConfig: Applying CVar settings from Section [EffectsQuality@3] File [C:/Users/garre/OneDrive/Documents/GitHub/Gridlock/Saved/Config/Windows/Scalability.ini]
[2021.11.19-07.24.32:301][  0]LogConfig: Setting CVar [[r.TranslucencyLightingVolumeDim:64]]
[2021.11.19-07.24.32:301][  0]LogConfig: Setting CVar [[r.RefractionQuality:2]]
[2021.11.19-07.24.32:301][  0]LogConfig: Setting CVar [[r.SSR.Quality:3]]
[2021.11.19-07.24.32:301][  0]LogConfig: Setting CVar [[r.SSR.HalfResSceneColor:0]]
[2021.11.19-07.24.32:301][  0]LogConfig: Setting CVar [[r.SceneColorFormat:4]]
[2021.11.19-07.24.32:301][  0]LogConfig: Setting CVar [[r.DetailMode:2]]
[2021.11.19-07.24.32:301][  0]LogConfig: Setting CVar [[r.TranslucencyVolumeBlur:1]]
[2021.11.19-07.24.32:301][  0]LogConfig: Setting CVar [[r.MaterialQualityLevel:1 ; High quality]]
[2021.11.19-07.24.32:301][  0]LogConfig: Setting CVar [[r.AnisotropicMaterials:1]]
[2021.11.19-07.24.32:301][  0]LogConfig: Setting CVar [[r.SSS.Scale:1]]
[2021.11.19-07.24.32:301][  0]LogConfig: Setting CVar [[r.SSS.SampleSet:2]]
[2021.11.19-07.24.32:301][  0]LogConfig: Setting CVar [[r.SSS.Quality:1]]
[2021.11.19-07.24.32:301][  0]LogConfig: Setting CVar [[r.SSS.HalfRes:0]]
[2021.11.19-07.24.32:301][  0]LogConfig: Setting CVar [[r.SSGI.Quality:3]]
[2021.11.19-07.24.32:301][  0]LogConfig: Setting CVar [[r.EmitterSpawnRateScale:1.0]]
[2021.11.19-07.24.32:301][  0]LogConfig: Setting CVar [[r.ParticleLightQuality:2]]
[2021.11.19-07.24.32:301][  0]LogConfig: Setting CVar [[r.SkyAtmosphere.AerialPerspectiveLUT.FastApplyOnOpaque:1 ; Always have FastSkyLUT 1 in this case to avoid wrong sky]]
[2021.11.19-07.24.32:301][  0]LogConfig: Setting CVar [[r.SkyAtmosphere.AerialPerspectiveLUT.SampleCountMaxPerSlice:4]]
[2021.11.19-07.24.32:301][  0]LogConfig: Setting CVar [[r.SkyAtmosphere.AerialPerspectiveLUT.DepthResolution:16.0]]
[2021.11.19-07.24.32:301][  0]LogConfig: Setting CVar [[r.SkyAtmosphere.FastSkyLUT:1]]
[2021.11.19-07.24.32:301][  0]LogConfig: Setting CVar [[r.SkyAtmosphere.FastSkyLUT.SampleCountMin:4.0]]
[2021.11.19-07.24.32:301][  0]LogConfig: Setting CVar [[r.SkyAtmosphere.FastSkyLUT.SampleCountMax:128.0]]
[2021.11.19-07.24.32:301][  0]LogConfig: Setting CVar [[r.SkyAtmosphere.SampleCountMin:4.0]]
[2021.11.19-07.24.32:301][  0]LogConfig: Setting CVar [[r.SkyAtmosphere.SampleCountMax:128.0]]
[2021.11.19-07.24.32:301][  0]LogConfig: Setting CVar [[r.SkyAtmosphere.TransmittanceLUT.UseSmallFormat:0]]
[2021.11.19-07.24.32:301][  0]LogConfig: Setting CVar [[r.SkyAtmosphere.TransmittanceLUT.SampleCount:10.0]]
[2021.11.19-07.24.32:301][  0]LogConfig: Setting CVar [[r.SkyAtmosphere.MultiScatteringLUT.SampleCount:15.0]]
[2021.11.19-07.24.32:301][  0]LogConfig: Setting CVar [[r.SkyLight.RealTimeReflectionCapture:1]]
[2021.11.19-07.24.32:301][  0]LogConfig: Applying CVar settings from Section [FoliageQuality@3] File [C:/Users/garre/OneDrive/Documents/GitHub/Gridlock/Saved/Config/Windows/Scalability.ini]
[2021.11.19-07.24.32:301][  0]LogConfig: Setting CVar [[foliage.DensityScale:1.0]]
[2021.11.19-07.24.32:301][  0]LogConfig: Setting CVar [[grass.DensityScale:1.0]]
[2021.11.19-07.24.32:301][  0]LogConfig: Applying CVar settings from Section [ShadingQuality@3] File [C:/Users/garre/OneDrive/Documents/GitHub/Gridlock/Saved/Config/Windows/Scalability.ini]
[2021.11.19-07.24.32:301][  0]LogConfig: Setting CVar [[r.HairStrands.SkyLighting.IntegrationType:2]]
[2021.11.19-07.24.32:301][  0]LogConfig: Setting CVar [[r.HairStrands.SkyAO.SampleCount:4]]
[2021.11.19-07.24.32:301][  0]LogConfig: Setting CVar [[r.HairStrands.Visibility.MSAA.SamplePerPixel:4]]
[2021.11.19-07.24.32:301][  0]LogConfig: Applying CVar settings from Section [Startup] File [../../../Engine/Config/ConsoleVariables.ini]
[2021.11.19-07.24.32:302][  0]LogConfig: Setting CVar [[net.UseAdaptiveNetUpdateFrequency:0]]
[2021.11.19-07.24.32:302][  0]LogConfig: Setting CVar [[p.chaos.AllowCreatePhysxBodies:1]]
[2021.11.19-07.24.32:302][  0]LogConfig: Setting CVar [[fx.SkipVectorVMBackendOptimizations:1]]
[2021.11.19-07.24.32:302][  0]LogConfig: Applying CVar settings from Section [ConsoleVariables] File [C:/Users/garre/OneDrive/Documents/GitHub/Gridlock/Saved/Config/Windows/Engine.ini]
[2021.11.19-07.24.32:302][  0]LogConfig: Applying CVar settings from Section [ConsoleVariables] File [C:/Users/garre/OneDrive/Documents/GitHub/Gridlock/Saved/Config/Windows/Editor.ini]
[2021.11.19-07.24.32:302][  0]LogInit: Computer: MSI
[2021.11.19-07.24.32:302][  0]LogInit: User: garre
[2021.11.19-07.24.32:302][  0]LogInit: CPU Page size=4096, Cores=6
[2021.11.19-07.24.32:303][  0]LogInit: High frequency timer resolution =10.000000 MHz
[2021.11.19-07.24.32:303][  0]LogMemory: Memory total: Physical=7.8GB (8GB approx)
[2021.11.19-07.24.32:303][  0]LogMemory: Platform Memory Stats for Windows
[2021.11.19-07.24.32:303][  0]LogMemory: Process Physical Memory: 155.90 MB used, 155.90 MB peak
[2021.11.19-07.24.32:303][  0]LogMemory: Process Virtual Memory: 119.70 MB used, 119.70 MB peak
[2021.11.19-07.24.32:303][  0]LogMemory: Physical Memory: 7605.73 MB used,  408.04 MB free, 8013.77 MB total
[2021.11.19-07.24.32:303][  0]LogMemory: Virtual Memory: 134217088.00 MB used,  638.47 MB free, 134217728.00 MB total
[2021.11.19-07.24.32:345][  0]LogWindows: WindowsPlatformFeatures enabled
[2021.11.19-07.24.32:486][  0]LogInit: Physics initialised using underlying interface: PhysX
[2021.11.19-07.24.32:488][  0]LogInit: Using OS detected language (en-US).
[2021.11.19-07.24.32:489][  0]LogInit: Using OS detected locale (en-US).
[2021.11.19-07.24.32:496][  0]LogTextLocalizationManager: No specific localization for 'en-US' exists, so the 'en' localization will be used.
[2021.11.19-07.24.32:878][  0]LogInit: Setting process to per monitor DPI aware
[2021.11.19-07.24.32:901][  0]LogWindowsTextInputMethodSystem: Display: IME system deactivated.
[2021.11.19-07.24.32:940][  0]LogSlate: New Slate User Created.  User Index 0, Is Virtual User: 0
[2021.11.19-07.24.32:940][  0]LogSlate: Slate User Registered.  User Index 0, Is Virtual User: 0
[2021.11.19-07.24.33:392][  0]LogD3D11RHI: Loaded GFSDK_Aftermath_Lib.x64.dll
[2021.11.19-07.24.33:422][  0]LogHMD: Failed to initialize OpenVR with code 110
[2021.11.19-07.24.33:422][  0]LogD3D11RHI: D3D11 min allowed feature level: 11_0
[2021.11.19-07.24.33:422][  0]LogD3D11RHI: D3D11 max allowed feature level: 11_0
[2021.11.19-07.24.33:422][  0]LogD3D11RHI: D3D11 adapters:
[2021.11.19-07.24.33:666][  0]LogD3D11RHI:    0. 'NVIDIA GeForce RTX 3060 Laptop GPU' (Feature Level 11_0)
[2021.11.19-07.24.33:666][  0]LogD3D11RHI:       6023/0/4006 MB DedicatedVideo/DedicatedSystem/SharedSystem, Outputs:2, VendorId:0x10de
[2021.11.19-07.24.33:705][  0]LogD3D11RHI:    1. 'Intel(R) UHD Graphics' (Feature Level 11_0)
[2021.11.19-07.24.33:705][  0]LogD3D11RHI:       128/0/4006 MB DedicatedVideo/DedicatedSystem/SharedSystem, Outputs:0, VendorId:0x8086
[2021.11.19-07.24.33:708][  0]LogD3D11RHI:    2. 'Microsoft Basic Render Driver' (Feature Level 11_0)
[2021.11.19-07.24.33:708][  0]LogD3D11RHI:       0/0/4006 MB DedicatedVideo/DedicatedSystem/SharedSystem, Outputs:0, VendorId:0x1414
[2021.11.19-07.24.33:708][  0]LogD3D11RHI: Chosen D3D11 Adapter:
[2021.11.19-07.24.33:708][  0]LogD3D11RHI:     Description : NVIDIA GeForce RTX 3060 Laptop GPU
[2021.11.19-07.24.33:708][  0]LogD3D11RHI:     VendorId    : 10de
[2021.11.19-07.24.33:708][  0]LogD3D11RHI:     DeviceId    : 2520
[2021.11.19-07.24.33:708][  0]LogD3D11RHI:     SubSysId    : 12f21462
[2021.11.19-07.24.33:708][  0]LogD3D11RHI:     Revision    : 00a1
[2021.11.19-07.24.33:708][  0]LogD3D11RHI:     DedicatedVideoMemory : 6315573248 bytes
[2021.11.19-07.24.33:708][  0]LogD3D11RHI:     DedicatedSystemMemory : 0 bytes
[2021.11.19-07.24.33:708][  0]LogD3D11RHI:     SharedSystemMemory : 4201525248 bytes
[2021.11.19-07.24.33:708][  0]LogD3D11RHI:     AdapterLuid : 0 61229
[2021.11.19-07.24.33:716][  0]LogD3D11RHI: Creating new Direct3DDevice
[2021.11.19-07.24.33:716][  0]LogD3D11RHI:     GPU DeviceId: 0x2520 (for the marketing name, search the web for "GPU Device Id")
[2021.11.19-07.24.33:716][  0]LogWindows: EnumDisplayDevices:
[2021.11.19-07.24.33:716][  0]LogWindows:    0. 'Intel(R) UHD Graphics' (P:1 D:1)
[2021.11.19-07.24.33:717][  0]LogWindows:    1. 'Intel(R) UHD Graphics' (P:0 D:0)
[2021.11.19-07.24.33:717][  0]LogWindows:    2. 'Intel(R) UHD Graphics' (P:0 D:0)
[2021.11.19-07.24.33:717][  0]LogWindows:    3. 'NVIDIA GeForce RTX 3060 Laptop GPU' (P:0 D:1)
[2021.11.19-07.24.33:717][  0]LogWindows: DebugString: PrimaryIsNotTheChoosenAdapter PrimaryIsNotTheChoosenAdapter PrimaryIsNotTheChoosenAdapter 
[2021.11.19-07.24.33:717][  0]LogD3D11RHI:     Adapter Name: NVIDIA GeForce RTX 3060 Laptop GPU
[2021.11.19-07.24.33:718][  0]LogD3D11RHI:   Driver Version: 496.76 (internal:30.0.14.9676, unified:496.76)
[2021.11.19-07.24.33:718][  0]LogD3D11RHI:      Driver Date: 11-9-2021
[2021.11.19-07.24.33:718][  0]LogRHI: Texture pool is 4216 MB (70% of 6023 MB)
[2021.11.19-07.24.33:718][  0]LogD3D11RHI: Creating D3DDevice using adapter:
[2021.11.19-07.24.33:718][  0]LogD3D11RHI:     Description : NVIDIA GeForce RTX 3060 Laptop GPU
[2021.11.19-07.24.33:718][  0]LogD3D11RHI:     VendorId    : 10de
[2021.11.19-07.24.33:718][  0]LogD3D11RHI:     DeviceId    : 2520
[2021.11.19-07.24.33:718][  0]LogD3D11RHI:     SubSysId    : 12f21462
[2021.11.19-07.24.33:718][  0]LogD3D11RHI:     Revision    : 00a1
[2021.11.19-07.24.33:718][  0]LogD3D11RHI:     DedicatedVideoMemory : 6315573248 bytes
[2021.11.19-07.24.33:718][  0]LogD3D11RHI:     DedicatedSystemMemory : 0 bytes
[2021.11.19-07.24.33:718][  0]LogD3D11RHI:     SharedSystemMemory : 4201525248 bytes
[2021.11.19-07.24.33:718][  0]LogD3D11RHI:     AdapterLuid : 0 61229
[2021.11.19-07.24.33:792][  0]LogD3D11RHI: RHI has support for 64 bit atomics
[2021.11.19-07.24.33:793][  0]LogD3D11RHI: Async texture creation enabled
[2021.11.19-07.24.33:793][  0]LogD3D11RHI: Array index from any shader is supported
[2021.11.19-07.24.33:888][  0]LogD3D11RHI: GPU Timing Frequency: 1000.000000 (Debug: 2 1)
[2021.11.19-07.24.33:971][  0]LogRHI: GeForceNow SDK initialized: 1
[2021.11.19-07.24.34:858][  0]LogTargetPlatformManager: Display: Loaded TargetPlatform 'AllDesktop'
[2021.11.19-07.24.34:887][  0]LogTargetPlatformManager: Display: Loaded TargetPlatform 'Android'
[2021.11.19-07.24.34:887][  0]LogTargetPlatformManager: Display: Loaded TargetPlatform 'Android_ASTC'
[2021.11.19-07.24.34:887][  0]LogTargetPlatformManager: Display: Loaded TargetPlatform 'Android_DXT'
[2021.11.19-07.24.34:887][  0]LogTargetPlatformManager: Display: Loaded TargetPlatform 'Android_ETC2'
[2021.11.19-07.24.34:887][  0]LogTargetPlatformManager: Display: Loaded TargetPlatform 'AndroidClient'
[2021.11.19-07.24.34:887][  0]LogTargetPlatformManager: Display: Loaded TargetPlatform 'Android_ASTCClient'
[2021.11.19-07.24.34:887][  0]LogTargetPlatformManager: Display: Loaded TargetPlatform 'Android_DXTClient'
[2021.11.19-07.24.34:887][  0]LogTargetPlatformManager: Display: Loaded TargetPlatform 'Android_ETC2Client'
[2021.11.19-07.24.34:887][  0]LogTargetPlatformManager: Display: Loaded TargetPlatform 'Android_Multi'
[2021.11.19-07.24.34:887][  0]LogTargetPlatformManager: Display: Loaded TargetPlatform 'Android_MultiClient'
[2021.11.19-07.24.34:911][  0]LogTargetPlatformManager: Display: Loaded TargetPlatform 'IOSClient'
[2021.11.19-07.24.34:911][  0]LogTargetPlatformManager: Display: Loaded TargetPlatform 'IOS'
[2021.11.19-07.24.34:925][  0]LogTargetPlatformManager: Display: Loaded TargetPlatform 'Linux'
[2021.11.19-07.24.34:932][  0]LogTargetPlatformManager: Display: Loaded TargetPlatform 'LinuxNoEditor'
[2021.11.19-07.24.34:939][  0]LogTargetPlatformManager: Display: Loaded TargetPlatform 'LinuxClient'
[2021.11.19-07.24.34:944][  0]LogTargetPlatformManager: Display: Loaded TargetPlatform 'LinuxServer'
[2021.11.19-07.24.34:958][  0]LogTargetPlatformManager: Display: Loaded TargetPlatform 'LinuxAArch64NoEditor'
[2021.11.19-07.24.34:964][  0]LogTargetPlatformManager: Display: Loaded TargetPlatform 'LinuxAArch64Client'
[2021.11.19-07.24.34:969][  0]LogTargetPlatformManager: Display: Loaded TargetPlatform 'LinuxAArch64Server'
[2021.11.19-07.24.35:001][  0]LogTargetPlatformManager: Display: Loaded TargetPlatform 'Lumin'
[2021.11.19-07.24.35:001][  0]LogTargetPlatformManager: Display: Loaded TargetPlatform 'LuminClient'
[2021.11.19-07.24.35:013][  0]LogTargetPlatformManager: Display: Loaded TargetPlatform 'MacNoEditor'
[2021.11.19-07.24.35:021][  0]LogTargetPlatformManager: Display: Loaded TargetPlatform 'Mac'
[2021.11.19-07.24.35:026][  0]LogTargetPlatformManager: Display: Loaded TargetPlatform 'MacClient'
[2021.11.19-07.24.35:033][  0]LogTargetPlatformManager: Display: Loaded TargetPlatform 'MacServer'
[2021.11.19-07.24.35:045][  0]LogTargetPlatformManager: Display: Loaded TargetPlatform 'TVOSClient'
[2021.11.19-07.24.35:045][  0]LogTargetPlatformManager: Display: Loaded TargetPlatform 'TVOS'
[2021.11.19-07.24.35:060][  0]LogTargetPlatformManager: Display: Loaded TargetPlatform 'WindowsNoEditor'
[2021.11.19-07.24.35:071][  0]LogTargetPlatformManager: Display: Loaded TargetPlatform 'Windows'
[2021.11.19-07.24.35:080][  0]LogTargetPlatformManager: Display: Loaded TargetPlatform 'WindowsClient'
[2021.11.19-07.24.35:088][  0]LogTargetPlatformManager: Display: Loaded TargetPlatform 'WindowsServer'
[2021.11.19-07.24.35:088][  0]LogTargetPlatformManager: Display: Building Assets For Windows
[2021.11.19-07.24.35:108][  0]LogAudioDebug: Display: Lib vorbis DLL was dynamically loaded.
[2021.11.19-07.24.35:190][  0]LogTextureFormatOodle: Display: Oodle Texture 2.9.0 init RDO Off
[2021.11.19-07.24.35:322][  0]LogRendererCore: Ray tracing is disabled. Reason: r.RayTracing=0.
[2021.11.19-07.24.35:325][  0]LogShaderCompilers: Guid format shader working directory is -19 characters bigger than the processId version (../../../../../../Users/garre/OneDrive/Documents/GitHub/Gridlock/Intermediate/Shaders/WorkingDirectory/16008/).
[2021.11.19-07.24.35:326][  0]LogShaderCompilers: Cleaned the shader compiler working directory 'C:/Users/garre/AppData/Local/Temp/UnrealShaderWorkingDir/62C0B3564D37F734F5B81FB86A4441BD/'.
[2021.11.19-07.24.35:328][  0]LogXGEController: Cannot use XGE Controller as Incredibuild is not installed on this machine.
[2021.11.19-07.24.35:328][  0]LogShaderCompilers: Cannot use XGE Shader Compiler as Incredibuild is not installed on this machine.
[2021.11.19-07.24.35:328][  0]LogShaderCompilers: Display: Using Local Shader Compiler.
[2021.11.19-07.24.36:604][  0]LogDerivedDataCache: Display: Max Cache Size: 512 MB
[2021.11.19-07.24.36:792][  0]LogDerivedDataCache: Loaded boot cache 0.19s 94MB C:/Users/garre/AppData/Local/UnrealEngine/4.27/DerivedDataCache/Boot.ddc.
[2021.11.19-07.24.36:792][  0]LogDerivedDataCache: Display: Loaded Boot cache: C:/Users/garre/AppData/Local/UnrealEngine/4.27/DerivedDataCache/Boot.ddc
[2021.11.19-07.24.36:793][  0]LogDerivedDataCache: FDerivedDataBackendGraph:  Pak pak cache file ../../../../../../Users/garre/OneDrive/Documents/GitHub/Gridlock/DerivedDataCache/DDC.ddp not found, will not use a pak cache.
[2021.11.19-07.24.36:793][  0]LogDerivedDataCache: Unable to find inner node Pak for hierarchical cache Hierarchy.
[2021.11.19-07.24.36:793][  0]LogDerivedDataCache: FDerivedDataBackendGraph:  CompressedPak pak cache file ../../../../../../Users/garre/OneDrive/Documents/GitHub/Gridlock/DerivedDataCache/Compressed.ddp not found, will not use a pak cache.
[2021.11.19-07.24.36:793][  0]LogDerivedDataCache: Unable to find inner node CompressedPak for hierarchical cache Hierarchy.
[2021.11.19-07.24.36:818][  0]LogDerivedDataCache: Display: Pak cache opened for reading ../../../Engine/DerivedDataCache/Compressed.ddp.
[2021.11.19-07.24.36:818][  0]LogDerivedDataCache: FDerivedDataBackendGraph:  EnterprisePak pak cache file ../../../Enterprise/DerivedDataCache/Compressed.ddp not found, will not use a pak cache.
[2021.11.19-07.24.36:818][  0]LogDerivedDataCache: Unable to find inner node EnterprisePak for hierarchical cache Hierarchy.
[2021.11.19-07.24.36:851][  0]LogDerivedDataCache: Speed tests for C:/Users/garre/AppData/Local/UnrealEngine/Common/DerivedDataCache took 0.03 seconds
[2021.11.19-07.24.36:851][  0]LogDerivedDataCache: Display: Performance to C:/Users/garre/AppData/Local/UnrealEngine/Common/DerivedDataCache: Latency=0.14ms. RandomReadSpeed=150.33MBs, RandomWriteSpeed=38.02MBs. Assigned SpeedClass 'Local'
[2021.11.19-07.24.36:853][  0]LogDerivedDataCache: Using Local data cache path C:/Users/garre/AppData/Local/UnrealEngine/Common/DerivedDataCache: Writable
[2021.11.19-07.24.36:853][  0]LogDerivedDataCache: Shared data cache path not found in *engine.ini, will not use an Shared cache.
[2021.11.19-07.24.36:853][  0]LogDerivedDataCache: Unable to find inner node Shared for hierarchical cache Hierarchy.
[2021.11.19-07.24.36:945][  0]LogSlate: Using FreeType 2.10.0
[2021.11.19-07.24.36:949][  0]LogSlate: SlateFontServices - WITH_FREETYPE: 1, WITH_HARFBUZZ: 1
[2021.11.19-07.24.37:031][  0]LogAssetRegistry: FAssetRegistry took 0.0127 seconds to start up
[2021.11.19-07.24.37:877][  0]LogInit: Selected Device Profile: [Windows]
[2021.11.19-07.24.37:877][  0]LogInit: Active device profile: [000001599E49C700][000001599B0D6A00 49] Windows
[2021.11.19-07.24.37:877][  0]LogInit: Profiles: [000001599E49C700][000001599B0D6A00 49] Windows, [000001599E463600][000001599C5AAB40 49] WindowsNoEditor, [000001599E49F300][000001599C5B2CC0 49] WindowsServer, [000001599E463F00][000001599C5B6E40 49] WindowsClient, [000001599E49F500][00000159944F2FC0 49] IOS, [000001599E477F00][00000159943B5140 49] iPadAir, [000001599E463A00][00000159943B92C0 49] iPadAir2, [000001599E288500][000001599444D580 49] IPadPro, [000001599E288600][00000159943BD5C0 49] iPadAir3, [000001599E474100][0000015999DFD740 49] iPadAir4, [000001599E28AC00][0000015999E1B8C0 49] iPadMini2, [000001599E476500][000001599E9BBA40 49] iPadMini3, [000001599E28B400][000001599E9BFBC0 49] iPadMini4, [000001599E474F00][000001599E9D61C0 49] iPadMini5, [000001599E25BE00][00000159944D2480 49] iPhone6, [000001599E25BF00][000001599E9DA4C0 49] iPodTouch6, [000001599E49F900][00000159944DA780 49] iPhone7, [000001599E49E100][00000159944D67C0 49] iPodTouch7, [000001599E258400][00000159944DE940 49] iPhone5S, [000001599E28BD00][000001599C5AEA80 49] iPhone6Plus, [000001599E49F400][00000159944E2BC0 49] iPhone6S, [000001599E28A000][00000159944E6D00 49] iPhone6SPlus, [000001599E49C900][00000159944EEE80 49] iPhone7Plus, [000001599E288E00][0000015993697000 49] iPhoneSE, [000001599E49C200][000001599369B180 49] iPhone8, [000001599E28A400][000001599369F300 49] iPhone8Plus, [000001599E49DE00][00000159936A3480 49] iPhoneX, [000001599E28BE00][00000159936A7600 49] iPhoneXS, [000001599E49D600][00000159936AB780 49] iPhoneXSMax, [000001599E28A500][00000159936AF900 49] iPhoneXR, [000001599E49EA00][00000159936B3A80 49] iPhone11, [000001599E28BA00][00000159936B7C00 49] iPhone11Pro, [000001599E49CF00][00000159936BA200 49] iPhone11ProMax, [000001599E28A300][00000159936BE380 49] iPhoneSE2, [000001599E49E700][00000159936C2500 49] iPhone12Mini, [000001599E288700][00000159936C6680 49] iPhone12, [000001599E49F100][00000159936CA800 49] iPhone12Pro, [000001599E28B500][00000159936CE980 49] iPhone12ProMax, [000001599E49C800][00000159936D2B00 49] iPadPro105, [000001599E289C00][00000159944EAC40 49] iPadPro129, [000001599E49C300][00000159936D6D80 49] iPadPro97, [000001599E289D00][00000159936DAEC0 49] iPadPro2_129, [000001599E49CC00][00000159936E3040 49] iPad5, [000001599E28B000][000001599C1D11C0 49] iPad6, [000001599E49EC00][000001599C1D5340 49] iPad7, [000001599E28AE00][000001599C1D94C0 49] iPad8, [000001599E49D800][000001599C1DD640 49] iPadPro11, [000001599E289B00][000001599C1E17C0 49] iPadPro2_11, [000001599E49D500][000001599C1E5940 49] iPadPro3_129, [000001599E28A700][000001599C1E9AC0 49] iPadPro4_129, [000001599E49C100][000001599C1EC0C0 49] AppleTV, [000001599E28AB00][000001599C1F0240 49] AppleTV4K, [000001599E49DB00][000001599C1F43C0 49] TVOS, [000001599E288900][000001599C1F8540 49] Mac, [000001599E49D700][000001599C1FC6C0 49] MacClient, [000001599E28AF00][000001599C200840 49] MacNoEditor, [000001599E49CD00][000001599C2049C0 49] MacServer, [000001599E288300][000001599C208B40 49] Linux, [000001599E49EE00][000001599C20CCC0 49] LinuxAArch64, [000001599E289500][00000159936DEE00 49] LinuxNoEditor, [000001599E49E400][000001599C210F40 49] LinuxAArch64NoEditor, [000001599E288200][000001599C215080 49] LinuxClient, [000001599E49ED00][000001599C2191C0 49] LinuxAArch64Client, [000001599E288C00][000001599C221340 49] LinuxServer, [000001599E49C400][000001599C2254C0 49] LinuxAArch64Server, [000001599E289000][000001599C229640 49] Android, [000001599E477900][000001599E9F17C0 49] Android_Low, [000001599E259B00][000001599E9F5940 49] Android_Mid, [000001599E477000][000001599E9F9AC0 49] Android_High, [000001599E25A300][000001599E9FC0C0 49] Android_Default, [000001599E476000][000001599EA00240 49] Android_Adreno4xx, [000001599E258100][000001599EA043C0 49] Android_Adreno5xx_Low, [000001599E474B00][000001599EA08540 49] Android_Adreno5xx, [000001599E259800][000001599EA0C6C0 49] Android_Adreno6xx, [000001599E475100][000001599EA10840 49] Android_Adreno6xx_Vulkan, [000001599E258800][000001599EA149C0 49] Android_Mali_T6xx, [000001599E477600][000001599EA18B40 49] Android_Mali_T7xx, [000001599E258D00][000001599EA1CCC0 49] Android_Mali_T8xx, [000001599E477C00][000001599EA20E40 49] Android_Mali_G71, [000001599E259500][000001599C21CF80 49] Android_Mali_G72, [000001599E477E00][000001599EA250C0 49] Android_Mali_G72_Vulkan, [000001599E25BD00][000001599EA29200 49] Android_Mali_G76, [000001599E477A00][000001599EA2D340 49] Android_Mali_G76_Vulkan, [000001599E25B600][000001599EA354C0 49] Android_Mali_G77, [000001599E476200][000001599EA39640 49] Android_Mali_G77_Vulkan, [000001599E259200][000001599EA3D7C0 49] Android_Mali_G78, [000001599E474A00][000001599EA41940 49] Android_Mali_G78_Vulkan, [000001599E25B000][000001599EA45AC0 49] Android_Mali_G710, [000001599E475400][000001599EA480C0 49] Android_Mali_G710_Vulkan, [000001599E258700][000001599EA4C240 49] Android_Vulkan_SM5, [000001599E475800][000001599EA503C0 49] Android_PowerVR_G6xxx, [000001599E258E00][000001599EA54540 49] Android_PowerVR_GT7xxx, [000001599E474200][000001599EB066C0 49] Android_PowerVR_GE8xxx, [000001599E258600][000001599E84E840 49] Android_PowerVR_GM9xxx, [000001599E476600][000001599E8869C0 49] Android_PowerVR_GM9xxx_Vulkan, [000001599E288F00][000001599E88AB40 49] Android_TegraK1, [000001599E476A00][000001599E88ECC0 49] Android_Unknown_Vulkan, [000001599E288D00][000001599E892E40 49] Lumin, [000001599E475200][000001599E896FC0 49] Lumin_Desktop, [000001599E288B00][000001599E89B140 49] HoloLens, 
[2021.11.19-07.24.38:336][  0]LogMeshReduction: Using QuadricMeshReduction for automatic static mesh reduction
[2021.11.19-07.24.38:336][  0]LogMeshReduction: Using SimplygonMeshReduction for automatic skeletal mesh reduction
[2021.11.19-07.24.38:336][  0]LogMeshReduction: Using ProxyLODMeshReduction for automatic mesh merging
[2021.11.19-07.24.38:337][  0]LogMeshReduction: No distributed automatic mesh merging module available
[2021.11.19-07.24.38:337][  0]LogMeshMerging: No distributed automatic mesh merging module available
[2021.11.19-07.24.38:445][  0]LogNetVersion: ThomasAdvanture 1.0.0, NetCL: 17155196, EngineNetVer: 17, GameNetVer: 0 (Checksum: 983440284)
[2021.11.19-07.24.40:385][  0]LogTexture: Default maximum texture size for cubemaps generated from long-lat sources has been changed from 512 to unlimited. In order to preserve old behaiour for '/Engine/MapTemplates/Sky/DaylightAmbientCubemap.DaylightAmbientCubemap', its maximum texture size has been explicitly set to 512.
[2021.11.19-07.24.40:585][  0]LogHMD: PokeAHoleMaterial loaded successfully
[2021.11.19-07.24.40:633][  0]LogUObjectArray: 17178 objects as part of root set at end of initial load.
[2021.11.19-07.24.40:633][  0]LogUObjectAllocator: 4301856 out of 0 bytes used by permanent object pool.
[2021.11.19-07.24.40:633][  0]LogUObjectArray: CloseDisregardForGC: 0/0 objects in disregard for GC pool
[2021.11.19-07.24.41:575][  0]LogNiagaraDebuggerClient: Niagara Debugger Client Initialized | Session: BA606E5C41FF223736471B84BE490D7B | Instance: 5DE143C6428968D2DECAEA8D8F8E5E90 (MSI-16008).
[2021.11.19-07.24.41:996][  0]LogImageWrapper: Warning: PNG Warning: Duplicate iCCP chunk
[2021.11.19-07.24.41:996][  0]LogImageWrapper: Warning: PNG Warning: Duplicate iCCP chunk
[2021.11.19-07.24.42:036][  0]LogPython: Using Python 3.7.7
[2021.11.19-07.24.43:091][  0]LogTcpMessaging: Initializing TcpMessaging bridge
[2021.11.19-07.24.43:100][  0]LogUdpMessaging: Initializing bridge on interface 0.0.0.0:0 to multicast group 230.0.0.1:6666.
[2021.11.19-07.24.44:305][  0]SourceControl: Source control is disabled
[2021.11.19-07.24.44:305][  0]SourceControl: Source control is disabled
[2021.11.19-07.24.44:313][  0]SourceControl: Source control is disabled
[2021.11.19-07.24.44:323][  0]SourceControl: Source control is disabled
[2021.11.19-07.24.44:335][  0]SourceControl: Source control is disabled
[2021.11.19-07.24.44:343][  0]LogUProjectInfo: Found projects:
[2021.11.19-07.24.44:771][  0]LogOpenImageDenoise: OIDN starting up
[2021.11.19-07.24.44:837][  0]LogAndroidPermission: UAndroidPermissionCallbackProxy::GetInstance
[2021.11.19-07.24.44:872][  0]LogAudioCaptureCore: Display: No Audio Capture implementations found. Audio input will be silent.
[2021.11.19-07.24.44:872][  0]LogAudioCaptureCore: Display: No Audio Capture implementations found. Audio input will be silent.
[2021.11.19-07.24.45:095][  0]LogCollectionManager: Loaded 0 collections in 0.001887 seconds
[2021.11.19-07.24.45:151][  0]LogFileCache: Scanning file cache for directory 'C:/Users/garre/OneDrive/Documents/GitHub/Gridlock/Saved/Collections/' took 0.00s
[2021.11.19-07.24.45:151][  0]LogFileCache: Scanning file cache for directory 'C:/Users/garre/OneDrive/Documents/GitHub/Gridlock/Content/Developers/garre/Collections/' took 0.00s
[2021.11.19-07.24.45:151][  0]LogFileCache: Scanning file cache for directory 'C:/Users/garre/OneDrive/Documents/GitHub/Gridlock/Content/Collections/' took 0.00s
[2021.11.19-07.24.45:151][  0]LogOcInput: OculusInput pre-init called
[2021.11.19-07.24.45:406][  0]LogImageWrapper: Warning: PNG Warning: Duplicate iCCP chunk
[2021.11.19-07.24.45:406][  0]LogImageWrapper: Warning: PNG Warning: Duplicate iCCP chunk
[2021.11.19-07.24.45:826][  0]LogEngine: Initializing Engine...
[2021.11.19-07.24.45:850][  0]LogHMD: Failed to enumerate extensions. Please check that you have a valid OpenXR runtime installed.
[2021.11.19-07.24.45:851][  0]LogHMD: Failed to initialize OpenVR with code 110
[2021.11.19-07.24.45:852][  0]LogMagicLeap: Warning: VR disabled because ZI is not enabled.  To enable, in the editor, Edit -> Project Settings -> Plugins -> Magic Leap Plugin -> Enable Zero Iteration
[2021.11.19-07.24.45:863][  0]LogStats: UGameplayTagsManager::InitializeManager -  0.002 s
[2021.11.19-07.24.46:138][  0]LogInit: Initializing FReadOnlyCVARCache
[2021.11.19-07.24.46:272][  0]LogAIModule: Creating AISystem for world Untitled
[2021.11.19-07.24.46:298][  0]LogAudio: Display: Initializing Audio Device Manager...
[2021.11.19-07.24.46:304][  0]LogAudio: Display: Loading Default Audio Settings Objects...
[2021.11.19-07.24.46:306][  0]LogAudio: Display: No default SoundConcurrencyObject specified (or failed to load).
[2021.11.19-07.24.46:310][  0]LogAudio: Display: Audio Device Manager Initialized
[2021.11.19-07.24.46:311][  0]LogAudio: Display: Creating Audio Device:                 Id: 1, Scope: Shared, Realtime: True
[2021.11.19-07.24.46:313][  0]LogAudioMixer: Display: Audio Mixer Platform Settings:
[2021.11.19-07.24.46:313][  0]LogAudioMixer: Display: 	Sample Rate:						  48000
[2021.11.19-07.24.46:313][  0]LogAudioMixer: Display: 	Callback Buffer Frame Size Requested: 1024
[2021.11.19-07.24.46:313][  0]LogAudioMixer: Display: 	Callback Buffer Frame Size To Use:	  1024
[2021.11.19-07.24.46:313][  0]LogAudioMixer: Display: 	Number of buffers to queue:			  2
[2021.11.19-07.24.46:314][  0]LogAudioMixer: Display: 	Max Channels (voices):				  32
[2021.11.19-07.24.46:314][  0]LogAudioMixer: Display: 	Number of Async Source Workers:		  0
[2021.11.19-07.24.46:314][  0]LogAudio: Display: AudioDevice MaxSources: 32
[2021.11.19-07.24.46:317][  0]LogAudio: Display: Audio Spatialization Plugin: None (built-in).
[2021.11.19-07.24.46:317][  0]LogAudio: Display: Audio Reverb Plugin: None (built-in).
[2021.11.19-07.24.46:317][  0]LogAudio: Display: Audio Occlusion Plugin: None (built-in).
[2021.11.19-07.24.46:317][  0]LogAudioMixer: Display: Initializing audio mixer.
[2021.11.19-07.24.46:386][  0]LogAudioMixer: Display: 0: FrontLeft
[2021.11.19-07.24.46:386][  0]LogAudioMixer: Display: 1: FrontRight
[2021.11.19-07.24.46:411][  0]LogAudioMixer: Display: Using Audio Device Headphones (MDR-XB950N1 Stereo)
[2021.11.19-07.24.46:415][  0]LogAudioMixer: Display: Initializing Sound Submixes...
[2021.11.19-07.24.46:419][  0]LogAudioMixer: Display: Creating Master Submix 'MasterSubmixDefault'
[2021.11.19-07.24.46:419][  0]LogAudioMixer: Display: Creating Master Submix 'MasterReverbSubmixDefault'
[2021.11.19-07.24.46:422][  0]LogAudioMixer: Display: Creating Master Submix 'MasterEQSubmixDefault'
[2021.11.19-07.24.46:422][  0]LogAudioMixer: FMixerPlatformXAudio2::StartAudioStream() called
[2021.11.19-07.24.46:422][  0]LogAudioMixer: Display: Output buffers initialized: Frames=1024, Channels=2, Samples=2048
[2021.11.19-07.24.46:423][  0]LogAudioMixer: Display: Starting AudioMixerPlatformInterface::RunInternal()
[2021.11.19-07.24.46:423][  0]LogAudioMixer: Display: FMixerPlatformXAudio2::SubmitBuffer() called for the first time
[2021.11.19-07.24.46:423][  0]LogInit: FAudioDevice initialized.
[2021.11.19-07.24.46:426][  0]LogAudio: Display: Audio Device (ID: 1) registered with world 'Untitled'.
[2021.11.19-07.24.46:429][  0]LogNetVersion: Set ProjectVersion to 1.0.0.0. Version Checksum will be recalculated on next use.
[2021.11.19-07.24.46:617][  0]LogDerivedDataCache: Saved boot cache 0.19s 94MB C:/Users/garre/AppData/Local/UnrealEngine/4.27/DerivedDataCache/Boot.ddc.
[2021.11.19-07.24.46:620][  0]LogInit: Texture streaming: Enabled
[2021.11.19-07.24.46:654][  0]LogAnalytics: Display: [UEEditor.Rocket.Release] APIServer = https://datarouter.ol.epicgames.com/. AppVersion = 4.27.1-17735300+++UE4+Release-4.27
[2021.11.19-07.24.46:664][  0]LogEngineSessionManager: EngineSessionManager initialized
[2021.11.19-07.24.46:664][  0]LogEditorSessionSummary: Verbose: Initializing EditorSessionSummaryWriter for editor session tracking
[2021.11.19-07.24.46:681][  0]LogEditorSessionSummary: EditorSessionSummaryWriter initialized
[2021.11.19-07.24.46:825][  0]LogInit: Transaction tracking system initialized
[2021.11.19-07.24.46:927][  0]BlueprintLog: New page: Editor Load
[2021.11.19-07.24.47:150][  0]LocalizationService: Localization service is disabled
[2021.11.19-07.24.47:225][  0]TimingProfiler: Initialize
[2021.11.19-07.24.47:226][  0]TimingProfiler: OnSessionChanged
[2021.11.19-07.24.47:227][  0]LoadingProfiler: Initialize
[2021.11.19-07.24.47:228][  0]LoadingProfiler: OnSessionChanged
[2021.11.19-07.24.47:228][  0]NetworkingProfiler: Initialize
[2021.11.19-07.24.47:228][  0]NetworkingProfiler: OnSessionChanged
[2021.11.19-07.24.47:229][  0]MemoryProfiler: Initialize
[2021.11.19-07.24.47:229][  0]MemoryProfiler: OnSessionChanged
[2021.11.19-07.24.47:784][  0]LogCook: Display: CookSettings for Memory: MemoryMaxUsedVirtual 0MiB, MemoryMaxUsedPhysical 16384MiB, MemoryMinFreeVirtual 0MiB, MemoryMinFreePhysical 1024MiB
[2021.11.19-07.24.47:784][  0]LogCook: Display: Mobile HDR setting 1
[2021.11.19-07.24.48:004][  0]LogFileCache: Scanning file cache for directory 'C:/Users/garre/OneDrive/Documents/GitHub/Gridlock/Content/' took 0.02s
[2021.11.19-07.24.48:473][  0]LogImageWrapper: Warning: PNG Warning: Duplicate iCCP chunk
[2021.11.19-07.24.48:473][  0]LogImageWrapper: Warning: PNG Warning: Duplicate iCCP chunk
[2021.11.19-07.24.48:473][  0]LogInit: Display: Engine is initialized. Leaving FEngineLoop::Init()
[2021.11.19-07.24.48:495][  0]SourceControl: Source control is disabled
[2021.11.19-07.24.48:496][  0]LogUnrealEdMisc: Loading editor; pre map load, took 19.582
[2021.11.19-07.24.48:498][  0]Cmd: MAP LOAD FILE="../../../../../../Users/garre/OneDrive/Documents/GitHub/Gridlock/Content/FirstPersonBP/Maps/FirstPersonExampleMap.umap" TEMPLATE=0 SHOWPROGRESS=1 FEATURELEVEL=3
[2021.11.19-07.24.48:501][  0]LightingResults: New page: Lighting Build
[2021.11.19-07.24.48:515][  0]LogWorld: UWorld::CleanupWorld for Untitled, bSessionEnded=true, bCleanupResources=true
[2021.11.19-07.24.48:523][  0]LogSlate: InvalidateAllWidgets triggered.  All widgets were invalidated
[2021.11.19-07.24.48:529][  0]MapCheck: New page: Map Check
[2021.11.19-07.24.48:529][  0]LightingResults: New page: Lighting Build
[2021.11.19-07.24.48:552][  0]LogAudio: Display: Audio Device unregistered from world 'None'.
[2021.11.19-07.24.48:582][  0]LogUObjectHash: Compacting FUObjectHashTables data took   1.33ms
[2021.11.19-07.24.49:390][  0]LogAudio: Display: Audio Device (ID: 1) registered with world 'FirstPersonExampleMap'.
[2021.11.19-07.24.49:392][  0]LogAIModule: Creating AISystem for world FirstPersonExampleMap
[2021.11.19-07.24.49:458][  0]LogSlate: New Slate User Created.  User Index 8, Is Virtual User: 1
[2021.11.19-07.24.49:458][  0]LogSlate: Slate User Registered.  User Index 8, Is Virtual User: 1
[2021.11.19-07.24.49:498][  0]LogEditorServer: Finished looking for orphan Actors (0.000 secs)
[2021.11.19-07.24.49:533][  0]LogUObjectHash: Compacting FUObjectHashTables data took   1.41ms
[2021.11.19-07.24.49:537][  0]Cmd: MAP CHECKDEP NOCLEARLOG
[2021.11.19-07.24.49:537][  0]MapCheck: Map check complete: 0 Error(s), 0 Warning(s), took 0.827ms to complete.
[2021.11.19-07.24.49:538][  0]LogFileHelpers: Loading map 'FirstPersonExampleMap' took 1.042
[2021.11.19-07.24.49:612][  0]LogUnrealEdMisc: Total Editor Startup Time, took 20.699
[2021.11.19-07.24.49:889][  0]LogSlate: Updating window title bar state: overlay mode, drag disabled, window buttons hidden, title bar hidden
[2021.11.19-07.24.49:900][  0]LogSlate: Updating window title bar state: overlay mode, drag disabled, window buttons hidden, title bar hidden
[2021.11.19-07.24.49:998][  0]LogNativeClassHierarchy: Verbose: Native class hierarchy populated in 0.0181 seconds. Added 3822 classes and 928 folders.
[2021.11.19-07.24.50:024][  0]LogNativeClassHierarchy: Verbose: Native class hierarchy updated for 'WidgetCarousel' in 0.0003 seconds. Added 0 classes and 0 folders.
[2021.11.19-07.24.50:035][  0]LogPakFile: PakFile PrimaryIndexSize=187
[2021.11.19-07.24.50:035][  0]LogPakFile: PakFile PathHashIndexSize=101
[2021.11.19-07.24.50:035][  0]LogPakFile: PakFile FullDirectoryIndexSize=148
[2021.11.19-07.24.50:038][  0]LogShaderLibrary: Display: ShaderCodeLibraryPakFileMountedCallback: PakFile 'C:/Program Files/Epic Games/UE_4.27/FeaturePacks/FP_FirstPerson.upack' (chunk index -1, root 'root:/') mounted
[2021.11.19-07.24.50:038][  0]LogShaderLibrary: Display: ShaderCodeLibraryPakFileMountedCallback: pending pak file info (ChunkID:-1 Root:root:/ File:C:/Program Files/Epic Games/UE_4.27/FeaturePacks/FP_FirstPerson.upack)
[2021.11.19-07.24.50:039][  0]LogPakFile: OnPakFileMounted2Time == 0.004131
[2021.11.19-07.24.50:049][  0]LogPakFile: PakFile PrimaryIndexSize=189
[2021.11.19-07.24.50:049][  0]LogPakFile: PakFile PathHashIndexSize=101
[2021.11.19-07.24.50:049][  0]LogPakFile: PakFile FullDirectoryIndexSize=152
[2021.11.19-07.24.50:049][  0]LogShaderLibrary: Display: ShaderCodeLibraryPakFileMountedCallback: PakFile 'C:/Program Files/Epic Games/UE_4.27/FeaturePacks/FP_FirstPersonBP.upack' (chunk index -1, root 'root:/') mounted
[2021.11.19-07.24.50:049][  0]LogShaderLibrary: Display: ShaderCodeLibraryPakFileMountedCallback: pending pak file info (ChunkID:-1 Root:root:/ File:C:/Program Files/Epic Games/UE_4.27/FeaturePacks/FP_FirstPersonBP.upack)
[2021.11.19-07.24.50:049][  0]LogPakFile: OnPakFileMounted2Time == 0.000326
[2021.11.19-07.24.50:052][  0]LogPakFile: PakFile PrimaryIndexSize=191
[2021.11.19-07.24.50:052][  0]LogPakFile: PakFile PathHashIndexSize=101
[2021.11.19-07.24.50:052][  0]LogPakFile: PakFile FullDirectoryIndexSize=160
[2021.11.19-07.24.50:052][  0]LogShaderLibrary: Display: ShaderCodeLibraryPakFileMountedCallback: PakFile 'C:/Program Files/Epic Games/UE_4.27/FeaturePacks/MobileStarterContent.upack' (chunk index -1, root 'root:/') mounted
[2021.11.19-07.24.50:052][  0]LogShaderLibrary: Display: ShaderCodeLibraryPakFileMountedCallback: pending pak file info (ChunkID:-1 Root:root:/ File:C:/Program Files/Epic Games/UE_4.27/FeaturePacks/MobileStarterContent.upack)
[2021.11.19-07.24.50:052][  0]LogPakFile: OnPakFileMounted2Time == 0.000039
[2021.11.19-07.24.50:054][  0]LogPakFile: PakFile PrimaryIndexSize=185
[2021.11.19-07.24.50:054][  0]LogPakFile: PakFile PathHashIndexSize=101
[2021.11.19-07.24.50:054][  0]LogPakFile: PakFile FullDirectoryIndexSize=148
[2021.11.19-07.24.50:054][  0]LogShaderLibrary: Display: ShaderCodeLibraryPakFileMountedCallback: PakFile 'C:/Program Files/Epic Games/UE_4.27/FeaturePacks/StarterContent.upack' (chunk index -1, root 'root:/') mounted
[2021.11.19-07.24.50:054][  0]LogShaderLibrary: Display: ShaderCodeLibraryPakFileMountedCallback: pending pak file info (ChunkID:-1 Root:root:/ File:C:/Program Files/Epic Games/UE_4.27/FeaturePacks/StarterContent.upack)
[2021.11.19-07.24.50:054][  0]LogPakFile: OnPakFileMounted2Time == 0.000059
[2021.11.19-07.24.50:055][  0]LogPakFile: PakFile PrimaryIndexSize=190
[2021.11.19-07.24.50:055][  0]LogPakFile: PakFile PathHashIndexSize=101
[2021.11.19-07.24.50:055][  0]LogPakFile: PakFile FullDirectoryIndexSize=154
[2021.11.19-07.24.50:055][  0]LogShaderLibrary: Display: ShaderCodeLibraryPakFileMountedCallback: PakFile 'C:/Program Files/Epic Games/UE_4.27/FeaturePacks/TP_2DSideScroller.upack' (chunk index -1, root 'root:/') mounted
[2021.11.19-07.24.50:055][  0]LogShaderLibrary: Display: ShaderCodeLibraryPakFileMountedCallback: pending pak file info (ChunkID:-1 Root:root:/ File:C:/Program Files/Epic Games/UE_4.27/FeaturePacks/TP_2DSideScroller.upack)
[2021.11.19-07.24.50:055][  0]LogPakFile: OnPakFileMounted2Time == 0.000040
[2021.11.19-07.24.50:057][  0]LogPakFile: PakFile PrimaryIndexSize=192
[2021.11.19-07.24.50:057][  0]LogPakFile: PakFile PathHashIndexSize=101
[2021.11.19-07.24.50:057][  0]LogPakFile: PakFile FullDirectoryIndexSize=158
[2021.11.19-07.24.50:057][  0]LogShaderLibrary: Display: ShaderCodeLibraryPakFileMountedCallback: PakFile 'C:/Program Files/Epic Games/UE_4.27/FeaturePacks/TP_2DSideScrollerBP.upack' (chunk index -1, root 'root:/') mounted
[2021.11.19-07.24.50:057][  0]LogShaderLibrary: Display: ShaderCodeLibraryPakFileMountedCallback: pending pak file info (ChunkID:-1 Root:root:/ File:C:/Program Files/Epic Games/UE_4.27/FeaturePacks/TP_2DSideScrollerBP.upack)
[2021.11.19-07.24.50:057][  0]LogPakFile: OnPakFileMounted2Time == 0.000038
[2021.11.19-07.24.50:059][  0]LogPakFile: PakFile PrimaryIndexSize=182
[2021.11.19-07.24.50:059][  0]LogPakFile: PakFile PathHashIndexSize=101
[2021.11.19-07.24.50:059][  0]LogPakFile: PakFile FullDirectoryIndexSize=138
[2021.11.19-07.24.50:059][  0]LogShaderLibrary: Display: ShaderCodeLibraryPakFileMountedCallback: PakFile 'C:/Program Files/Epic Games/UE_4.27/FeaturePacks/TP_Flying.upack' (chunk index -1, root 'root:/') mounted
[2021.11.19-07.24.50:059][  0]LogShaderLibrary: Display: ShaderCodeLibraryPakFileMountedCallback: pending pak file info (ChunkID:-1 Root:root:/ File:C:/Program Files/Epic Games/UE_4.27/FeaturePacks/TP_Flying.upack)
[2021.11.19-07.24.50:059][  0]LogPakFile: OnPakFileMounted2Time == 0.000058
[2021.11.19-07.24.50:060][  0]LogPakFile: PakFile PrimaryIndexSize=184
[2021.11.19-07.24.50:060][  0]LogPakFile: PakFile PathHashIndexSize=101
[2021.11.19-07.24.50:060][  0]LogPakFile: PakFile FullDirectoryIndexSize=142
[2021.11.19-07.24.50:060][  0]LogShaderLibrary: Display: ShaderCodeLibraryPakFileMountedCallback: PakFile 'C:/Program Files/Epic Games/UE_4.27/FeaturePacks/TP_FlyingBP.upack' (chunk index -1, root 'root:/') mounted
[2021.11.19-07.24.50:060][  0]LogShaderLibrary: Display: ShaderCodeLibraryPakFileMountedCallback: pending pak file info (ChunkID:-1 Root:root:/ File:C:/Program Files/Epic Games/UE_4.27/FeaturePacks/TP_FlyingBP.upack)
[2021.11.19-07.24.50:060][  0]LogPakFile: OnPakFileMounted2Time == 0.000040
[2021.11.19-07.24.50:063][  0]LogPakFile: PakFile PrimaryIndexSize=188
[2021.11.19-07.24.50:063][  0]LogPakFile: PakFile PathHashIndexSize=101
[2021.11.19-07.24.50:063][  0]LogPakFile: PakFile FullDirectoryIndexSize=150
[2021.11.19-07.24.50:063][  0]LogShaderLibrary: Display: ShaderCodeLibraryPakFileMountedCallback: PakFile 'C:/Program Files/Epic Games/UE_4.27/FeaturePacks/TP_HandheldARBP.upack' (chunk index -1, root 'root:/') mounted
[2021.11.19-07.24.50:063][  0]LogShaderLibrary: Display: ShaderCodeLibraryPakFileMountedCallback: pending pak file info (ChunkID:-1 Root:root:/ File:C:/Program Files/Epic Games/UE_4.27/FeaturePacks/TP_HandheldARBP.upack)
[2021.11.19-07.24.50:063][  0]LogPakFile: OnPakFileMounted2Time == 0.000036
[2021.11.19-07.24.50:066][  0]LogPakFile: PakFile PrimaryIndexSize=182
[2021.11.19-07.24.50:066][  0]LogPakFile: PakFile PathHashIndexSize=101
[2021.11.19-07.24.50:066][  0]LogPakFile: PakFile FullDirectoryIndexSize=138
[2021.11.19-07.24.50:066][  0]LogShaderLibrary: Display: ShaderCodeLibraryPakFileMountedCallback: PakFile 'C:/Program Files/Epic Games/UE_4.27/FeaturePacks/TP_Puzzle.upack' (chunk index -1, root 'root:/') mounted
[2021.11.19-07.24.50:066][  0]LogShaderLibrary: Display: ShaderCodeLibraryPakFileMountedCallback: pending pak file info (ChunkID:-1 Root:root:/ File:C:/Program Files/Epic Games/UE_4.27/FeaturePacks/TP_Puzzle.upack)
[2021.11.19-07.24.50:066][  0]LogPakFile: OnPakFileMounted2Time == 0.000038
[2021.11.19-07.24.50:068][  0]LogPakFile: PakFile PrimaryIndexSize=184
[2021.11.19-07.24.50:068][  0]LogPakFile: PakFile PathHashIndexSize=101
[2021.11.19-07.24.50:068][  0]LogPakFile: PakFile FullDirectoryIndexSize=142
[2021.11.19-07.24.50:068][  0]LogShaderLibrary: Display: ShaderCodeLibraryPakFileMountedCallback: PakFile 'C:/Program Files/Epic Games/UE_4.27/FeaturePacks/TP_PuzzleBP.upack' (chunk index -1, root 'root:/') mounted
[2021.11.19-07.24.50:068][  0]LogShaderLibrary: Display: ShaderCodeLibraryPakFileMountedCallback: pending pak file info (ChunkID:-1 Root:root:/ File:C:/Program Files/Epic Games/UE_4.27/FeaturePacks/TP_PuzzleBP.upack)
[2021.11.19-07.24.50:068][  0]LogPakFile: OnPakFileMounted2Time == 0.000039
[2021.11.19-07.24.50:070][  0]LogPakFile: PakFile PrimaryIndexSize=183
[2021.11.19-07.24.50:070][  0]LogPakFile: PakFile PathHashIndexSize=101
[2021.11.19-07.24.50:070][  0]LogPakFile: PakFile FullDirectoryIndexSize=140
[2021.11.19-07.24.50:070][  0]LogShaderLibrary: Display: ShaderCodeLibraryPakFileMountedCallback: PakFile 'C:/Program Files/Epic Games/UE_4.27/FeaturePacks/TP_Rolling.upack' (chunk index -1, root 'root:/') mounted
[2021.11.19-07.24.50:070][  0]LogShaderLibrary: Display: ShaderCodeLibraryPakFileMountedCallback: pending pak file info (ChunkID:-1 Root:root:/ File:C:/Program Files/Epic Games/UE_4.27/FeaturePacks/TP_Rolling.upack)
[2021.11.19-07.24.50:070][  0]LogPakFile: OnPakFileMounted2Time == 0.000046
[2021.11.19-07.24.50:074][  0]LogPakFile: PakFile PrimaryIndexSize=185
[2021.11.19-07.24.50:074][  0]LogPakFile: PakFile PathHashIndexSize=101
[2021.11.19-07.24.50:074][  0]LogPakFile: PakFile FullDirectoryIndexSize=144
[2021.11.19-07.24.50:074][  0]LogShaderLibrary: Display: ShaderCodeLibraryPakFileMountedCallback: PakFile 'C:/Program Files/Epic Games/UE_4.27/FeaturePacks/TP_RollingBP.upack' (chunk index -1, root 'root:/') mounted
[2021.11.19-07.24.50:074][  0]LogShaderLibrary: Display: ShaderCodeLibraryPakFileMountedCallback: pending pak file info (ChunkID:-1 Root:root:/ File:C:/Program Files/Epic Games/UE_4.27/FeaturePacks/TP_RollingBP.upack)
[2021.11.19-07.24.50:074][  0]LogPakFile: OnPakFileMounted2Time == 0.000043
[2021.11.19-07.24.50:076][  0]LogPakFile: PakFile PrimaryIndexSize=188
[2021.11.19-07.24.50:076][  0]LogPakFile: PakFile PathHashIndexSize=101
[2021.11.19-07.24.50:076][  0]LogPakFile: PakFile FullDirectoryIndexSize=150
[2021.11.19-07.24.50:076][  0]LogShaderLibrary: Display: ShaderCodeLibraryPakFileMountedCallback: PakFile 'C:/Program Files/Epic Games/UE_4.27/FeaturePacks/TP_SideScroller.upack' (chunk index -1, root 'root:/') mounted
[2021.11.19-07.24.50:076][  0]LogShaderLibrary: Display: ShaderCodeLibraryPakFileMountedCallback: pending pak file info (ChunkID:-1 Root:root:/ File:C:/Program Files/Epic Games/UE_4.27/FeaturePacks/TP_SideScroller.upack)
[2021.11.19-07.24.50:076][  0]LogPakFile: OnPakFileMounted2Time == 0.000038
[2021.11.19-07.24.50:076][  0]LogPakFile: PakFile PrimaryIndexSize=190
[2021.11.19-07.24.50:077][  0]LogPakFile: PakFile PathHashIndexSize=101
[2021.11.19-07.24.50:077][  0]LogPakFile: PakFile FullDirectoryIndexSize=154
[2021.11.19-07.24.50:077][  0]LogShaderLibrary: Display: ShaderCodeLibraryPakFileMountedCallback: PakFile 'C:/Program Files/Epic Games/UE_4.27/FeaturePacks/TP_SideScrollerBP.upack' (chunk index -1, root 'root:/') mounted
[2021.11.19-07.24.50:077][  0]LogShaderLibrary: Display: ShaderCodeLibraryPakFileMountedCallback: pending pak file info (ChunkID:-1 Root:root:/ File:C:/Program Files/Epic Games/UE_4.27/FeaturePacks/TP_SideScrollerBP.upack)
[2021.11.19-07.24.50:077][  0]LogPakFile: OnPakFileMounted2Time == 0.000037
[2021.11.19-07.24.50:079][  0]LogPakFile: PakFile PrimaryIndexSize=187
[2021.11.19-07.24.50:079][  0]LogPakFile: PakFile PathHashIndexSize=101
[2021.11.19-07.24.50:079][  0]LogPakFile: PakFile FullDirectoryIndexSize=148
[2021.11.19-07.24.50:079][  0]LogShaderLibrary: Display: ShaderCodeLibraryPakFileMountedCallback: PakFile 'C:/Program Files/Epic Games/UE_4.27/FeaturePacks/TP_ThirdPerson.upack' (chunk index -1, root 'root:/') mounted
[2021.11.19-07.24.50:079][  0]LogShaderLibrary: Display: ShaderCodeLibraryPakFileMountedCallback: pending pak file info (ChunkID:-1 Root:root:/ File:C:/Program Files/Epic Games/UE_4.27/FeaturePacks/TP_ThirdPerson.upack)
[2021.11.19-07.24.50:079][  0]LogPakFile: OnPakFileMounted2Time == 0.000053
[2021.11.19-07.24.50:082][  0]LogPakFile: PakFile PrimaryIndexSize=189
[2021.11.19-07.24.50:082][  0]LogPakFile: PakFile PathHashIndexSize=101
[2021.11.19-07.24.50:082][  0]LogPakFile: PakFile FullDirectoryIndexSize=152
[2021.11.19-07.24.50:082][  0]LogShaderLibrary: Display: ShaderCodeLibraryPakFileMountedCallback: PakFile 'C:/Program Files/Epic Games/UE_4.27/FeaturePacks/TP_ThirdPersonBP.upack' (chunk index -1, root 'root:/') mounted
[2021.11.19-07.24.50:082][  0]LogShaderLibrary: Display: ShaderCodeLibraryPakFileMountedCallback: pending pak file info (ChunkID:-1 Root:root:/ File:C:/Program Files/Epic Games/UE_4.27/FeaturePacks/TP_ThirdPersonBP.upack)
[2021.11.19-07.24.50:082][  0]LogPakFile: OnPakFileMounted2Time == 0.000040
[2021.11.19-07.24.50:085][  0]LogPakFile: PakFile PrimaryIndexSize=183
[2021.11.19-07.24.50:085][  0]LogPakFile: PakFile PathHashIndexSize=101
[2021.11.19-07.24.50:085][  0]LogPakFile: PakFile FullDirectoryIndexSize=140
[2021.11.19-07.24.50:085][  0]LogShaderLibrary: Display: ShaderCodeLibraryPakFileMountedCallback: PakFile 'C:/Program Files/Epic Games/UE_4.27/FeaturePacks/TP_TopDown.upack' (chunk index -1, root 'root:/') mounted
[2021.11.19-07.24.50:085][  0]LogShaderLibrary: Display: ShaderCodeLibraryPakFileMountedCallback: pending pak file info (ChunkID:-1 Root:root:/ File:C:/Program Files/Epic Games/UE_4.27/FeaturePacks/TP_TopDown.upack)
[2021.11.19-07.24.50:085][  0]LogPakFile: OnPakFileMounted2Time == 0.000060
[2021.11.19-07.24.50:087][  0]LogPakFile: PakFile PrimaryIndexSize=185
[2021.11.19-07.24.50:087][  0]LogPakFile: PakFile PathHashIndexSize=101
[2021.11.19-07.24.50:087][  0]LogPakFile: PakFile FullDirectoryIndexSize=144
[2021.11.19-07.24.50:087][  0]LogShaderLibrary: Display: ShaderCodeLibraryPakFileMountedCallback: PakFile 'C:/Program Files/Epic Games/UE_4.27/FeaturePacks/TP_TopDownBP.upack' (chunk index -1, root 'root:/') mounted
[2021.11.19-07.24.50:087][  0]LogShaderLibrary: Display: ShaderCodeLibraryPakFileMountedCallback: pending pak file info (ChunkID:-1 Root:root:/ File:C:/Program Files/Epic Games/UE_4.27/FeaturePacks/TP_TopDownBP.upack)
[2021.11.19-07.24.50:087][  0]LogPakFile: OnPakFileMounted2Time == 0.000039
[2021.11.19-07.24.50:089][  0]LogPakFile: PakFile PrimaryIndexSize=185
[2021.11.19-07.24.50:089][  0]LogPakFile: PakFile PathHashIndexSize=101
[2021.11.19-07.24.50:089][  0]LogPakFile: PakFile FullDirectoryIndexSize=144
[2021.11.19-07.24.50:089][  0]LogShaderLibrary: Display: ShaderCodeLibraryPakFileMountedCallback: PakFile 'C:/Program Files/Epic Games/UE_4.27/FeaturePacks/TP_TwinStick.upack' (chunk index -1, root 'root:/') mounted
[2021.11.19-07.24.50:089][  0]LogShaderLibrary: Display: ShaderCodeLibraryPakFileMountedCallback: pending pak file info (ChunkID:-1 Root:root:/ File:C:/Program Files/Epic Games/UE_4.27/FeaturePacks/TP_TwinStick.upack)
[2021.11.19-07.24.50:089][  0]LogPakFile: OnPakFileMounted2Time == 0.000039
[2021.11.19-07.24.50:090][  0]LogPakFile: PakFile PrimaryIndexSize=187
[2021.11.19-07.24.50:090][  0]LogPakFile: PakFile PathHashIndexSize=101
[2021.11.19-07.24.50:090][  0]LogPakFile: PakFile FullDirectoryIndexSize=148
[2021.11.19-07.24.50:090][  0]LogShaderLibrary: Display: ShaderCodeLibraryPakFileMountedCallback: PakFile 'C:/Program Files/Epic Games/UE_4.27/FeaturePacks/TP_TwinStickBP.upack' (chunk index -1, root 'root:/') mounted
[2021.11.19-07.24.50:090][  0]LogShaderLibrary: Display: ShaderCodeLibraryPakFileMountedCallback: pending pak file info (ChunkID:-1 Root:root:/ File:C:/Program Files/Epic Games/UE_4.27/FeaturePacks/TP_TwinStickBP.upack)
[2021.11.19-07.24.50:090][  0]LogPakFile: OnPakFileMounted2Time == 0.000038
[2021.11.19-07.24.50:092][  0]LogPakFile: PakFile PrimaryIndexSize=183
[2021.11.19-07.24.50:092][  0]LogPakFile: PakFile PathHashIndexSize=101
[2021.11.19-07.24.50:092][  0]LogPakFile: PakFile FullDirectoryIndexSize=140
[2021.11.19-07.24.50:092][  0]LogShaderLibrary: Display: ShaderCodeLibraryPakFileMountedCallback: PakFile 'C:/Program Files/Epic Games/UE_4.27/FeaturePacks/TP_Vehicle.upack' (chunk index -1, root 'root:/') mounted
[2021.11.19-07.24.50:092][  0]LogShaderLibrary: Display: ShaderCodeLibraryPakFileMountedCallback: pending pak file info (ChunkID:-1 Root:root:/ File:C:/Program Files/Epic Games/UE_4.27/FeaturePacks/TP_Vehicle.upack)
[2021.11.19-07.24.50:092][  0]LogPakFile: OnPakFileMounted2Time == 0.000052
[2021.11.19-07.24.50:094][  0]LogPakFile: PakFile PrimaryIndexSize=186
[2021.11.19-07.24.50:094][  0]LogPakFile: PakFile PathHashIndexSize=101
[2021.11.19-07.24.50:094][  0]LogPakFile: PakFile FullDirectoryIndexSize=146
[2021.11.19-07.24.50:094][  0]LogShaderLibrary: Display: ShaderCodeLibraryPakFileMountedCallback: PakFile 'C:/Program Files/Epic Games/UE_4.27/FeaturePacks/TP_VehicleAdv.upack' (chunk index -1, root 'root:/') mounted
[2021.11.19-07.24.50:094][  0]LogShaderLibrary: Display: ShaderCodeLibraryPakFileMountedCallback: pending pak file info (ChunkID:-1 Root:root:/ File:C:/Program Files/Epic Games/UE_4.27/FeaturePacks/TP_VehicleAdv.upack)
[2021.11.19-07.24.50:094][  0]LogPakFile: OnPakFileMounted2Time == 0.000042
[2021.11.19-07.24.50:095][  0]LogPakFile: PakFile PrimaryIndexSize=188
[2021.11.19-07.24.50:095][  0]LogPakFile: PakFile PathHashIndexSize=101
[2021.11.19-07.24.50:096][  0]LogPakFile: PakFile FullDirectoryIndexSize=150
[2021.11.19-07.24.50:096][  0]LogShaderLibrary: Display: ShaderCodeLibraryPakFileMountedCallback: PakFile 'C:/Program Files/Epic Games/UE_4.27/FeaturePacks/TP_VehicleAdvBP.upack' (chunk index -1, root 'root:/') mounted
[2021.11.19-07.24.50:096][  0]LogShaderLibrary: Display: ShaderCodeLibraryPakFileMountedCallback: pending pak file info (ChunkID:-1 Root:root:/ File:C:/Program Files/Epic Games/UE_4.27/FeaturePacks/TP_VehicleAdvBP.upack)
[2021.11.19-07.24.50:096][  0]LogPakFile: OnPakFileMounted2Time == 0.000040
[2021.11.19-07.24.50:097][  0]LogPakFile: PakFile PrimaryIndexSize=185
[2021.11.19-07.24.50:097][  0]LogPakFile: PakFile PathHashIndexSize=101
[2021.11.19-07.24.50:097][  0]LogPakFile: PakFile FullDirectoryIndexSize=144
[2021.11.19-07.24.50:097][  0]LogShaderLibrary: Display: ShaderCodeLibraryPakFileMountedCallback: PakFile 'C:/Program Files/Epic Games/UE_4.27/FeaturePacks/TP_VehicleBP.upack' (chunk index -1, root 'root:/') mounted
[2021.11.19-07.24.50:097][  0]LogShaderLibrary: Display: ShaderCodeLibraryPakFileMountedCallback: pending pak file info (ChunkID:-1 Root:root:/ File:C:/Program Files/Epic Games/UE_4.27/FeaturePacks/TP_VehicleBP.upack)
[2021.11.19-07.24.50:097][  0]LogPakFile: OnPakFileMounted2Time == 0.000037
[2021.11.19-07.24.50:100][  0]LogPakFile: PakFile PrimaryIndexSize=192
[2021.11.19-07.24.50:100][  0]LogPakFile: PakFile PathHashIndexSize=101
[2021.11.19-07.24.50:100][  0]LogPakFile: PakFile FullDirectoryIndexSize=158
[2021.11.19-07.24.50:100][  0]LogShaderLibrary: Display: ShaderCodeLibraryPakFileMountedCallback: PakFile 'C:/Program Files/Epic Games/UE_4.27/FeaturePacks/TP_VirtualRealityBP.upack' (chunk index -1, root 'root:/') mounted
[2021.11.19-07.24.50:100][  0]LogShaderLibrary: Display: ShaderCodeLibraryPakFileMountedCallback: pending pak file info (ChunkID:-1 Root:root:/ File:C:/Program Files/Epic Games/UE_4.27/FeaturePacks/TP_VirtualRealityBP.upack)
[2021.11.19-07.24.50:100][  0]LogPakFile: OnPakFileMounted2Time == 0.000062
[2021.11.19-07.24.50:292][  0]LogNativeClassHierarchy: Verbose: Native class hierarchy updated for 'AddContentDialog' in 0.0003 seconds. Added 0 classes and 0 folders.
[2021.11.19-07.24.50:302][  0]LogNativeClassHierarchy: Verbose: Native class hierarchy updated for 'SceneOutliner' in 0.0003 seconds. Added 2 classes and 0 folders.
[2021.11.19-07.24.50:493][  0]LogNativeClassHierarchy: Verbose: Native class hierarchy updated for 'HierarchicalLODOutliner' in 0.0012 seconds. Added 0 classes and 0 folders.
[2021.11.19-07.24.50:494][  0]LogLoad: (Engine Initialization) Total time: 21.58 seconds
[2021.11.19-07.24.50:494][  0]LogLoad: (Engine Initialization) Total Blueprint compile time: 0.00 seconds
[2021.11.19-07.24.50:700][  0]LogContentStreaming: Texture pool size now 1000 MB
[2021.11.19-07.24.50:717][  0]LogSlate: Took 0.002330 seconds to synchronously load lazily loaded font '../../../Engine/Content/Slate/Fonts/Roboto-Regular.ttf' (155K)
[2021.11.19-07.24.50:721][  0]LogSlate: Took 0.000712 seconds to synchronously load lazily loaded font '../../../Engine/Content/Editor/Slate/Fonts/FontAwesome.ttf' (139K)
[2021.11.19-07.24.50:728][  0]LogSlate: Took 0.000756 seconds to synchronously load lazily loaded font '../../../Engine/Content/Slate/Fonts/Roboto-Bold.ttf' (160K)
[2021.11.19-07.24.51:043][  0]LogRenderer: Reallocating scene render targets to support 680x420 Format 10 NumSamples 1 (Frame:1).
[2021.11.19-07.24.51:043][  0]LogSlate: Took 0.000851 seconds to synchronously load lazily loaded font '../../../Engine/Content/Slate/Fonts/Roboto-Light.ttf' (167K)
[2021.11.19-07.24.51:941][  3]LogAssetRegistry: Asset discovery search completed in 14.9134 seconds
[2021.11.19-07.24.51:963][  3]LogCollectionManager: Fixed up redirectors for 0 collections in 0.000271 seconds (updated 0 objects)
[2021.11.19-07.24.52:011][  4]LogSlate: Took 0.000252 seconds to synchronously load lazily loaded font '../../../Engine/Content/Slate/Fonts/Roboto-Light.ttf' (167K)
[2021.11.19-07.24.55:528][ 69]LogAudioMixer: Resetting audio stream to device id 
[2021.11.19-07.24.55:543][ 69]LogAudioMixer: Display: 0: FrontLeft
[2021.11.19-07.24.55:543][ 69]LogAudioMixer: Display: 1: FrontRight
[2021.11.19-07.24.55:591][ 69]LogWindows: FPlatformMisc::RequestExit(1)
[2021.11.19-07.24.55:591][ 69]LogWindows: FPlatformMisc::RequestExitWithStatus(1, 3)
[2021.11.19-07.24.55:591][ 69]LogCore: Engine exit requested (reason: Win RequestExit)
[2021.11.19-07.24.55:601][ 70]Log file closed, 11/18/21 23:24:55
