Log file open, 12/07/21 09:48:03
LogWindows: Failed to load 'aqProf.dll' (GetLastError=126)
LogWindows: File 'aqProf.dll' does not exist
LogWindows: Failed to load 'VtuneApi.dll' (GetLastError=126)
LogWindows: File 'VtuneApi.dll' does not exist
LogWindows: Failed to load 'VtuneApi32e.dll' (GetLastError=126)
LogWindows: File 'VtuneApi32e.dll' does not exist
LogConsoleResponse: Display: Failed to find resolution value strings in scalability ini. Falling back to default.
LogConsoleResponse: Display: Failed to find resolution value strings in scalability ini. Falling back to default.
LogInit: Display: Running engine for game: ThomasAdvanture
LogPlatformFile: Not using cached read wrapper
LogTaskGraph: Started task graph with 5 named threads and 35 total threads with 3 sets of task threads.
LogStats: Stats thread started at 0.671841
LogICUInternationalization: ICU TimeZone Detection - Raw Offset: -8:00, Platform Override: ''
LogInit: Display: Loading text-based GConfig....
LogPluginManager: Mounting plugin MeshPainting
LogPluginManager: Mounting plugin XGEController
LogPluginManager: Mounting plugin Paper2D
LogPluginManager: Mounting plugin EnvironmentQueryEditor
LogPluginManager: Mounting plugin LightPropagationVolume
LogPluginManager: Mounting plugin AISupport
LogPluginManager: Mounting plugin LiveLink
LogPluginManager: Mounting plugin CameraShakePreviewer
LogPluginManager: Mounting plugin GameplayCameras
LogPluginManager: Mounting plugin OodleData
LogPluginManager: Mounting plugin OodleNetwork
LogPluginManager: Mounting plugin DatasmithContent
LogPluginManager: Mounting plugin VariantManagerContent
LogPluginManager: Mounting plugin AssetManagerEditor
LogPluginManager: Mounting plugin CryptoKeys
LogPluginManager: Mounting plugin DataValidation
LogPluginManager: Mounting plugin FacialAnimation
LogPluginManager: Mounting plugin GameplayTagsEditor
LogPluginManager: Mounting plugin GeometryMode
LogPluginManager: Mounting plugin CurveEditorTools
LogPluginManager: Mounting plugin MobileLauncherProfileWizard
LogPluginManager: Mounting plugin PluginBrowser
LogPluginManager: Mounting plugin SpeedTreeImporter
LogPluginManager: Mounting plugin MaterialAnalyzer
LogPluginManager: Mounting plugin AnimationSharing
LogPluginManager: Mounting plugin AlembicImporter
LogPluginManager: Mounting plugin MacGraphicsSwitching
LogPluginManager: Mounting plugin AutomationUtils
LogPluginManager: Mounting plugin BackChannel
LogPluginManager: Mounting plugin ChaosCloth
LogPluginManager: Mounting plugin ChaosClothEditor
LogPluginManager: Mounting plugin ChaosNiagara
LogPluginManager: Mounting plugin ChaosSolverPlugin
LogPluginManager: Mounting plugin CharacterAI
LogPluginManager: Mounting plugin Niagara
LogPluginManager: Mounting plugin ChaosEditor
LogPluginManager: Mounting plugin CLionSourceCodeAccess
LogPluginManager: Mounting plugin GeometryCache
LogPluginManager: Mounting plugin GitSourceControl
LogPluginManager: Mounting plugin GeometryCollectionPlugin
LogPluginManager: Mounting plugin CodeLiteSourceCodeAccess
LogPluginManager: Mounting plugin PixWinPlugin
LogPluginManager: Mounting plugin PerforceSourceControl
LogPluginManager: Mounting plugin PlasticSourceControl
LogPluginManager: Mounting plugin PluginUtils
LogPluginManager: Mounting plugin PropertyAccessNode
LogPluginManager: Mounting plugin RiderSourceCodeAccess
LogPluginManager: Mounting plugin SubversionSourceControl
LogPluginManager: Mounting plugin TextureFormatOodle
LogPluginManager: Mounting plugin UObjectPlugin
LogPluginManager: Mounting plugin VisualStudioCodeSourceCodeAccess
LogPluginManager: Mounting plugin KDevelopSourceCodeAccess
LogPluginManager: Mounting plugin VisualStudioSourceCodeAccess
LogPluginManager: Mounting plugin NullSourceCodeAccess
LogPluginManager: Mounting plugin AndroidMedia
LogPluginManager: Mounting plugin AvfMedia
LogPluginManager: Mounting plugin XCodeSourceCodeAccess
LogPluginManager: Mounting plugin ImgMedia
LogPluginManager: Mounting plugin MediaCompositing
LogPluginManager: Mounting plugin GeometryProcessing
LogPluginManager: Mounting plugin MediaPlayerEditor
LogPluginManager: Mounting plugin WebMMedia
LogPluginManager: Mounting plugin WmfMedia
LogPluginManager: Mounting plugin LuminPlatformFeatures
LogPluginManager: Mounting plugin MotoSynth
LogPluginManager: Mounting plugin OpenImageDenoise
LogPluginManager: Mounting plugin PlanarCut
LogPluginManager: Mounting plugin PlatformCrypto
LogPluginManager: Mounting plugin MagicLeap
LogPluginManager: Mounting plugin ProxyLODPlugin
LogPluginManager: Mounting plugin PythonScriptPlugin
LogPluginManager: Mounting plugin SkeletalReduction
LogPluginManager: Mounting plugin MagicLeapMedia
LogPluginManager: Mounting plugin MagicLeapLightEstimation
LogPluginManager: Mounting plugin MagicLeapPassableWorld
LogPluginManager: Mounting plugin MLSDK
LogPluginManager: Mounting plugin TcpMessaging
LogPluginManager: Mounting plugin UdpMessaging
LogPluginManager: Mounting plugin OnlineSubsystem
LogPluginManager: Mounting plugin OnlineSubsystemNull
LogPluginManager: Mounting plugin OnlineSubsystemUtils
LogPluginManager: Mounting plugin ActorSequence
LogPluginManager: Mounting plugin LevelSequenceEditor
LogPluginManager: Mounting plugin MatineeToLevelSequence
LogPluginManager: Mounting plugin TemplateSequence
LogPluginManager: Mounting plugin ActorLayerUtilities
LogPluginManager: Mounting plugin LauncherChunkInstaller
LogPluginManager: Mounting plugin AndroidPermission
LogPluginManager: Mounting plugin AppleImageUtils
LogPluginManager: Mounting plugin ArchVisCharacter
LogPluginManager: Mounting plugin AssetTags
LogPluginManager: Mounting plugin AudioCapture
LogPluginManager: Mounting plugin AudioSynesthesia
LogPluginManager: Mounting plugin CableComponent
LogPluginManager: Mounting plugin ChunkDownloader
LogPluginManager: Mounting plugin CustomMeshComponent
LogPluginManager: Mounting plugin EditableMesh
LogPluginManager: Mounting plugin ExampleDeviceProfileSelector
LogPluginManager: Mounting plugin AndroidDeviceProfileSelector
LogPluginManager: Mounting plugin GooglePAD
LogPluginManager: Mounting plugin AndroidMoviePlayer
LogPluginManager: Mounting plugin AppleMoviePlayer
LogPluginManager: Mounting plugin ScreenshotTools
LogPluginManager: Mounting plugin GoogleCloudMessaging
LogPluginManager: Mounting plugin LocationServicesBPLibrary
LogPluginManager: Mounting plugin IOSDeviceProfileSelector
LogPluginManager: Mounting plugin MobilePatchingUtils
LogPluginManager: Mounting plugin OpenXR
LogPluginManager: Mounting plugin OpenXREyeTracker
LogPluginManager: Mounting plugin OpenXRHandTracking
LogPluginManager: Mounting plugin LinuxDeviceProfileSelector
LogPluginManager: Mounting plugin PhysXVehicles
LogPluginManager: Mounting plugin Takes
LogPluginManager: Mounting plugin PostSplashScreen
LogPluginManager: Mounting plugin ProceduralMeshComponent
LogPluginManager: Mounting plugin PropertyAccessEditor
LogPluginManager: Mounting plugin RuntimePhysXCooking
LogPluginManager: Mounting plugin SignificanceManager
LogPluginManager: Mounting plugin SoundFields
LogPluginManager: Mounting plugin Synthesis
LogPluginManager: Mounting plugin WebMMoviePlayer
LogPluginManager: Mounting plugin WindowsMoviePlayer
LogPluginManager: Mounting plugin ContentBrowserClassDataSource
LogPluginManager: Mounting plugin ContentBrowserFileDataSource
LogPluginManager: Mounting plugin ContentBrowserAssetDataSource
LogPluginManager: Mounting plugin OnlineSubsystemGooglePlay
LogPluginManager: Mounting plugin OnlineSubsystemIOS
LogPluginManager: Mounting plugin OculusVR
LogPluginManager: Mounting plugin SteamVR
PixWinPlugin: PIX capture plugin failed to initialize! Check that the process is launched from PIX.
LogInit: Using libcurl 7.55.1-DEV
LogInit:  - built for x86_64-pc-win32
LogInit:  - supports SSL with OpenSSL/1.1.1
LogInit:  - supports HTTP deflate (compression) using libz 1.2.8
LogInit:  - other features:
LogInit:      CURL_VERSION_SSL
LogInit:      CURL_VERSION_LIBZ
LogInit:      CURL_VERSION_IPV6
LogInit:      CURL_VERSION_ASYNCHDNS
LogInit:      CURL_VERSION_LARGEFILE
LogInit:      CURL_VERSION_IDN
LogInit:  CurlRequestOptions (configurable via config and command line):
LogInit:  - bVerifyPeer = true  - Libcurl will verify peer certificate
LogInit:  - bUseHttpProxy = false  - Libcurl will NOT use HTTP proxy
LogInit:  - bDontReuseConnections = false  - Libcurl will reuse connections
LogInit:  - MaxHostConnections = 16  - Libcurl will limit the number of connections to a host
LogInit:  - LocalHostAddr = Default
LogInit:  - BufferSize = 65536
LogOnline: OSS: Creating online subsystem instance for: NULL
LogInit: WinSock: version 1.1 (2.2), MaxSocks=32767, MaxUdp=65467
LogOnline: OSS: TryLoadSubsystemAndSetDefault: Loaded subsystem for module [NULL]
LogOculusPluginWrapper: OculusPlugin initialized successfully
LogHMD: Failed initializing OVRPlugin 1.59.0
LogInit: Build: ++UE4+Release-4.27-CL-17735300
LogInit: Engine Version: 4.27.1-17735300+++UE4+Release-4.27
LogInit: Compatible Engine Version: 4.27.0-17155196+++UE4+Release-4.27
LogInit: Net CL: 17155196
LogInit: OS: Windows 10 (Release 2009) (), CPU: Intel(R) Core(TM) i5-10500H CPU @ 2.50GHz, GPU: Intel(R) UHD Graphics
LogInit: Compiled (64-bit): Oct  6 2021 14:42:51
LogInit: Compiled with Visual C++: 19.24.28315.00
LogInit: Build Configuration: Development
LogInit: Branch Name: ++UE4+Release-4.27
LogInit: Command Line:  /Game/MapsForGame/Yujia/CarScene_BlockOut10_Map -game -PIEVIACONSOLE -Multiprocess GameUserSettingsINI=C:/Users/garre/OneDrive/Documents/GitHub/Gridlock/Saved/Config/Windows/PIEGameUserSettings0.ini -MultiprocessSaveConfig -forcepassthrough -messaging -SessionName="Play in Standalone Game" -windowed -WinX=663 -WinY=79 SAVEWINPOS=1 -ResX=1223 -ResY=908
LogInit: Base Directory: C:/Program Files/Epic Games/UE_4.27/Engine/Binaries/Win64/
LogInit: Allocator: TBB
LogInit: Installed Engine Build: 1
LogDevObjectVersion: Number of dev versions registered: 29
LogDevObjectVersion:   Dev-Blueprints (B0D832E4-1F89-4F0D-ACCF-7EB736FD4AA2): 10
LogDevObjectVersion:   Dev-Build (E1C64328-A22C-4D53-A36C-8E866417BD8C): 0
LogDevObjectVersion:   Dev-Core (375EC13C-06E4-48FB-B500-84F0262A717E): 4
LogDevObjectVersion:   Dev-Editor (E4B068ED-F494-42E9-A231-DA0B2E46BB41): 40
LogDevObjectVersion:   Dev-Framework (CFFC743F-43B0-4480-9391-14DF171D2073): 37
LogDevObjectVersion:   Dev-Mobile (B02B49B5-BB20-44E9-A304-32B752E40360): 3
LogDevObjectVersion:   Dev-Networking (A4E4105C-59A1-49B5-A7C5-40C4547EDFEE): 0
LogDevObjectVersion:   Dev-Online (39C831C9-5AE6-47DC-9A44-9C173E1C8E7C): 0
LogDevObjectVersion:   Dev-Physics (78F01B33-EBEA-4F98-B9B4-84EACCB95AA2): 14
LogDevObjectVersion:   Dev-Platform (6631380F-2D4D-43E0-8009-CF276956A95A): 0
LogDevObjectVersion:   Dev-Rendering (12F88B9F-8875-4AFC-A67C-D90C383ABD29): 45
LogDevObjectVersion:   Dev-Sequencer (7B5AE74C-D270-4C10-A958-57980B212A5A): 13
LogDevObjectVersion:   Dev-VR (D7296918-1DD6-4BDD-9DE2-64A83CC13884): 3
LogDevObjectVersion:   Dev-LoadTimes (C2A15278-BFE7-4AFE-6C17-90FF531DF755): 1
LogDevObjectVersion:   Private-Geometry (6EACA3D4-40EC-4CC1-B786-8BED09428FC5): 3
LogDevObjectVersion:   Dev-AnimPhys (29E575DD-E0A3-4627-9D10-D276232CDCEA): 17
LogDevObjectVersion:   Dev-Anim (AF43A65D-7FD3-4947-9873-3E8ED9C1BB05): 15
LogDevObjectVersion:   Dev-ReflectionCapture (6B266CEC-1EC7-4B8F-A30B-E4D90942FC07): 1
LogDevObjectVersion:   Dev-Automation (0DF73D61-A23F-47EA-B727-89E90C41499A): 1
LogDevObjectVersion:   FortniteMain (601D1886-AC64-4F84-AA16-D3DE0DEAC7D6): 47
LogDevObjectVersion:   FortniteRelease (E7086368-6B23-4C58-8439-1B7016265E91): 1
LogDevObjectVersion:   Dev-Enterprise (9DFFBCD6-494F-0158-E221-12823C92A888): 10
LogDevObjectVersion:   Dev-Niagara (F2AED0AC-9AFE-416F-8664-AA7FFA26D6FC): 1
LogDevObjectVersion:   Dev-Destruction (174F1F0B-B4C6-45A5-B13F-2EE8D0FB917D): 10
LogDevObjectVersion:   Dev-Physics-Ext (35F94A83-E258-406C-A318-09F59610247C): 41
LogDevObjectVersion:   Dev-PhysicsMaterial-Chaos (B68FC16E-8B1B-42E2-B453-215C058844FE): 1
LogDevObjectVersion:   Dev-CineCamera (B2E18506-4273-CFC2-A54E-F4BB758BBA07): 1
LogDevObjectVersion:   Dev-VirtualProduction (64F58936-FD1B-42BA-BA96-7289D5D0FA4E): 1
LogDevObjectVersion:   Dev-MediaFramework (6F0ED827-A609-4895-9C91-998D90180EA4): 2
LogInit: Presizing for max 25165824 objects, including 0 objects not considered by GC, pre-allocating 0 bytes for permanent pool.
LogConfig: Applying CVar settings from Section [/Script/Engine.StreamingSettings] File [C:/Users/garre/OneDrive/Documents/GitHub/Gridlock/Saved/Config/Windows/Engine.ini]
LogConfig: Setting CVar [[s.MinBulkDataSizeForAsyncLoading:131072]]
LogConfig: Setting CVar [[s.AsyncLoadingThreadEnabled:0]]
LogConfig: Setting CVar [[s.EventDrivenLoaderEnabled:1]]
LogConfig: Setting CVar [[s.WarnIfTimeLimitExceeded:0]]
LogConfig: Setting CVar [[s.TimeLimitExceededMultiplier:1.5]]
LogConfig: Setting CVar [[s.TimeLimitExceededMinTime:0.005]]
LogConfig: Setting CVar [[s.UseBackgroundLevelStreaming:1]]
LogConfig: Setting CVar [[s.PriorityAsyncLoadingExtraTime:15.0]]
LogConfig: Setting CVar [[s.LevelStreamingActorsUpdateTimeLimit:5.0]]
LogConfig: Setting CVar [[s.PriorityLevelStreamingActorsUpdateExtraTime:5.0]]
LogConfig: Setting CVar [[s.LevelStreamingComponentsRegistrationGranularity:10]]
LogConfig: Setting CVar [[s.UnregisterComponentsTimeLimit:1.0]]
LogConfig: Setting CVar [[s.LevelStreamingComponentsUnregistrationGranularity:5]]
LogConfig: Setting CVar [[s.FlushStreamingOnExit:1]]
LogInit: Object subsystem initialized
LogConfig: Setting CVar [[con.DebugEarlyDefault:1]]
LogConfig: Setting CVar [[r.setres:1280x720]]
[2021.12.07-17.48.04:816][  0]LogConfig: Setting CVar [[con.DebugEarlyDefault:1]]
[2021.12.07-17.48.04:816][  0]LogConfig: Setting CVar [[r.setres:1280x720]]
[2021.12.07-17.48.04:816][  0]LogConfig: Applying CVar settings from Section [/Script/Engine.RendererSettings] File [C:/Users/garre/OneDrive/Documents/GitHub/Gridlock/Saved/Config/Windows/Engine.ini]
[2021.12.07-17.48.04:816][  0]LogConfig: Setting CVar [[r.GPUCrashDebugging:0]]
[2021.12.07-17.48.04:816][  0]LogConfig: Applying CVar settings from Section [/Script/Engine.RendererOverrideSettings] File [C:/Users/garre/OneDrive/Documents/GitHub/Gridlock/Saved/Config/Windows/Engine.ini]
[2021.12.07-17.48.04:816][  0]LogConfig: Applying CVar settings from Section [/Script/Engine.StreamingSettings] File [C:/Users/garre/OneDrive/Documents/GitHub/Gridlock/Saved/Config/Windows/Engine.ini]
[2021.12.07-17.48.04:816][  0]LogConfig: Setting CVar [[s.MinBulkDataSizeForAsyncLoading:131072]]
[2021.12.07-17.48.04:816][  0]LogConfig: Setting CVar [[s.AsyncLoadingThreadEnabled:0]]
[2021.12.07-17.48.04:816][  0]LogConfig: Setting CVar [[s.EventDrivenLoaderEnabled:1]]
[2021.12.07-17.48.04:816][  0]LogConfig: Setting CVar [[s.WarnIfTimeLimitExceeded:0]]
[2021.12.07-17.48.04:816][  0]LogConfig: Setting CVar [[s.TimeLimitExceededMultiplier:1.5]]
[2021.12.07-17.48.04:816][  0]LogConfig: Setting CVar [[s.TimeLimitExceededMinTime:0.005]]
[2021.12.07-17.48.04:816][  0]LogConfig: Setting CVar [[s.UseBackgroundLevelStreaming:1]]
[2021.12.07-17.48.04:816][  0]LogConfig: Setting CVar [[s.PriorityAsyncLoadingExtraTime:15.0]]
[2021.12.07-17.48.04:816][  0]LogConfig: Setting CVar [[s.LevelStreamingActorsUpdateTimeLimit:5.0]]
[2021.12.07-17.48.04:816][  0]LogConfig: Setting CVar [[s.PriorityLevelStreamingActorsUpdateExtraTime:5.0]]
[2021.12.07-17.48.04:816][  0]LogConfig: Setting CVar [[s.LevelStreamingComponentsRegistrationGranularity:10]]
[2021.12.07-17.48.04:816][  0]LogConfig: Setting CVar [[s.UnregisterComponentsTimeLimit:1.0]]
[2021.12.07-17.48.04:816][  0]LogConfig: Setting CVar [[s.LevelStreamingComponentsUnregistrationGranularity:5]]
[2021.12.07-17.48.04:816][  0]LogConfig: Setting CVar [[s.FlushStreamingOnExit:1]]
[2021.12.07-17.48.04:816][  0]LogConfig: Applying CVar settings from Section [/Script/Engine.GarbageCollectionSettings] File [C:/Users/garre/OneDrive/Documents/GitHub/Gridlock/Saved/Config/Windows/Engine.ini]
[2021.12.07-17.48.04:816][  0]LogConfig: Setting CVar [[gc.MaxObjectsNotConsideredByGC:1]]
[2021.12.07-17.48.04:816][  0]LogConfig: Setting CVar [[gc.SizeOfPermanentObjectPool:0]]
[2021.12.07-17.48.04:816][  0]LogConfig: Setting CVar [[gc.FlushStreamingOnGC:0]]
[2021.12.07-17.48.04:816][  0]LogConfig: Setting CVar [[gc.NumRetriesBeforeForcingGC:10]]
[2021.12.07-17.48.04:816][  0]LogConfig: Setting CVar [[gc.AllowParallelGC:1]]
[2021.12.07-17.48.04:816][  0]LogConfig: Setting CVar [[gc.TimeBetweenPurgingPendingKillObjects:61.1]]
[2021.12.07-17.48.04:816][  0]LogConfig: Setting CVar [[gc.MaxObjectsInEditor:25165824]]
[2021.12.07-17.48.04:817][  0]LogConfig: Setting CVar [[gc.IncrementalBeginDestroyEnabled:1]]
[2021.12.07-17.48.04:817][  0]LogConfig: Setting CVar [[gc.CreateGCClusters:1]]
[2021.12.07-17.48.04:817][  0]LogConfig: Setting CVar [[gc.MinGCClusterSize:5]]
[2021.12.07-17.48.04:817][  0]LogConfig: Setting CVar [[gc.ActorClusteringEnabled:0]]
[2021.12.07-17.48.04:817][  0]LogConfig: Setting CVar [[gc.BlueprintClusteringEnabled:0]]
[2021.12.07-17.48.04:817][  0]LogConfig: Setting CVar [[gc.UseDisregardForGCOnDedicatedServers:0]]
[2021.12.07-17.48.04:817][  0]LogConfig: Setting CVar [[gc.MultithreadedDestructionEnabled:1]]
[2021.12.07-17.48.04:817][  0]LogConfig: Applying CVar settings from Section [/Script/Engine.NetworkSettings] File [C:/Users/garre/OneDrive/Documents/GitHub/Gridlock/Saved/Config/Windows/Engine.ini]
[2021.12.07-17.48.04:817][  0]LogConfig: Applying CVar settings from Section [/Script/UnrealEd.CookerSettings] File [C:/Users/garre/OneDrive/Documents/GitHub/Gridlock/Saved/Config/Windows/Engine.ini]
[2021.12.07-17.48.04:833][  0]LogConfig: Applying CVar settings from Section [ViewDistanceQuality@3] File [C:/Users/garre/OneDrive/Documents/GitHub/Gridlock/Saved/Config/Windows/Scalability.ini]
[2021.12.07-17.48.04:833][  0]LogConfig: Setting CVar [[r.SkeletalMeshLODBias:0]]
[2021.12.07-17.48.04:833][  0]LogConfig: Setting CVar [[r.ViewDistanceScale:1.0]]
[2021.12.07-17.48.04:834][  0]LogConfig: Applying CVar settings from Section [AntiAliasingQuality@3] File [C:/Users/garre/OneDrive/Documents/GitHub/Gridlock/Saved/Config/Windows/Scalability.ini]
[2021.12.07-17.48.04:834][  0]LogConfig: Setting CVar [[r.PostProcessAAQuality:4]]
[2021.12.07-17.48.04:834][  0]LogConfig: Applying CVar settings from Section [ShadowQuality@3] File [C:/Users/garre/OneDrive/Documents/GitHub/Gridlock/Saved/Config/Windows/Scalability.ini]
[2021.12.07-17.48.04:834][  0]LogConfig: Setting CVar [[r.LightFunctionQuality:1]]
[2021.12.07-17.48.04:834][  0]LogConfig: Setting CVar [[r.ShadowQuality:5]]
[2021.12.07-17.48.04:834][  0]LogConfig: Setting CVar [[r.Shadow.CSM.MaxCascades:10]]
[2021.12.07-17.48.04:834][  0]LogConfig: Setting CVar [[r.Shadow.MaxResolution:2048]]
[2021.12.07-17.48.04:834][  0]LogConfig: Setting CVar [[r.Shadow.MaxCSMResolution:2048]]
[2021.12.07-17.48.04:834][  0]LogConfig: Setting CVar [[r.Shadow.RadiusThreshold:0.01]]
[2021.12.07-17.48.04:834][  0]LogConfig: Setting CVar [[r.Shadow.DistanceScale:1.0]]
[2021.12.07-17.48.04:834][  0]LogConfig: Setting CVar [[r.Shadow.CSM.TransitionScale:1.0]]
[2021.12.07-17.48.04:834][  0]LogConfig: Setting CVar [[r.Shadow.PreShadowResolutionFactor:1.0]]
[2021.12.07-17.48.04:834][  0]LogConfig: Setting CVar [[r.DistanceFieldShadowing:1]]
[2021.12.07-17.48.04:834][  0]LogConfig: Setting CVar [[r.DistanceFieldAO:1]]
[2021.12.07-17.48.04:834][  0]LogConfig: Setting CVar [[r.AOQuality:2]]
[2021.12.07-17.48.04:834][  0]LogConfig: Setting CVar [[r.VolumetricFog:1]]
[2021.12.07-17.48.04:834][  0]LogConfig: Setting CVar [[r.VolumetricFog.GridPixelSize:8]]
[2021.12.07-17.48.04:834][  0]LogConfig: Setting CVar [[r.VolumetricFog.GridSizeZ:128]]
[2021.12.07-17.48.04:834][  0]LogConfig: Setting CVar [[r.VolumetricFog.HistoryMissSupersampleCount:4]]
[2021.12.07-17.48.04:834][  0]LogConfig: Setting CVar [[r.LightMaxDrawDistanceScale:1]]
[2021.12.07-17.48.04:834][  0]LogConfig: Setting CVar [[r.CapsuleShadows:1]]
[2021.12.07-17.48.04:834][  0]LogConfig: Applying CVar settings from Section [PostProcessQuality@3] File [C:/Users/garre/OneDrive/Documents/GitHub/Gridlock/Saved/Config/Windows/Scalability.ini]
[2021.12.07-17.48.04:834][  0]LogConfig: Setting CVar [[r.MotionBlurQuality:4]]
[2021.12.07-17.48.04:834][  0]LogConfig: Setting CVar [[r.AmbientOcclusionMipLevelFactor:0.4]]
[2021.12.07-17.48.04:834][  0]LogConfig: Setting CVar [[r.AmbientOcclusionMaxQuality:100]]
[2021.12.07-17.48.04:834][  0]LogConfig: Setting CVar [[r.AmbientOcclusionLevels:-1]]
[2021.12.07-17.48.04:834][  0]LogConfig: Setting CVar [[r.AmbientOcclusionRadiusScale:1.0]]
[2021.12.07-17.48.04:834][  0]LogConfig: Setting CVar [[r.DepthOfFieldQuality:2]]
[2021.12.07-17.48.04:834][  0]LogConfig: Setting CVar [[r.RenderTargetPoolMin:400]]
[2021.12.07-17.48.04:834][  0]LogConfig: Setting CVar [[r.LensFlareQuality:2]]
[2021.12.07-17.48.04:834][  0]LogConfig: Setting CVar [[r.SceneColorFringeQuality:1]]
[2021.12.07-17.48.04:834][  0]LogConfig: Setting CVar [[r.EyeAdaptationQuality:2]]
[2021.12.07-17.48.04:834][  0]LogConfig: Setting CVar [[r.BloomQuality:5]]
[2021.12.07-17.48.04:834][  0]LogConfig: Setting CVar [[r.FastBlurThreshold:100]]
[2021.12.07-17.48.04:834][  0]LogConfig: Setting CVar [[r.Upscale.Quality:3]]
[2021.12.07-17.48.04:834][  0]LogConfig: Setting CVar [[r.Tonemapper.GrainQuantization:1]]
[2021.12.07-17.48.04:834][  0]LogConfig: Setting CVar [[r.LightShaftQuality:1]]
[2021.12.07-17.48.04:834][  0]LogConfig: Setting CVar [[r.Filter.SizeScale:1]]
[2021.12.07-17.48.04:834][  0]LogConfig: Setting CVar [[r.Tonemapper.Quality:5]]
[2021.12.07-17.48.04:834][  0]LogConfig: Setting CVar [[r.DOF.Gather.AccumulatorQuality:1        ; higher gathering accumulator quality]]
[2021.12.07-17.48.04:834][  0]LogConfig: Setting CVar [[r.DOF.Gather.PostfilterMethod:1          ; Median3x3 postfilering method]]
[2021.12.07-17.48.04:834][  0]LogConfig: Setting CVar [[r.DOF.Gather.EnableBokehSettings:0       ; no bokeh simulation when gathering]]
[2021.12.07-17.48.04:834][  0]LogConfig: Setting CVar [[r.DOF.Gather.RingCount:4                 ; medium number of samples when gathering]]
[2021.12.07-17.48.04:834][  0]LogConfig: Setting CVar [[r.DOF.Scatter.ForegroundCompositing:1    ; additive foreground scattering]]
[2021.12.07-17.48.04:834][  0]LogConfig: Setting CVar [[r.DOF.Scatter.BackgroundCompositing:2    ; additive background scattering]]
[2021.12.07-17.48.04:834][  0]LogConfig: Setting CVar [[r.DOF.Scatter.EnableBokehSettings:1      ; bokeh simulation when scattering]]
[2021.12.07-17.48.04:834][  0]LogConfig: Setting CVar [[r.DOF.Scatter.MaxSpriteRatio:0.1         ; only a maximum of 10% of scattered bokeh]]
[2021.12.07-17.48.04:834][  0]LogConfig: Setting CVar [[r.DOF.Recombine.Quality:1                ; cheap slight out of focus]]
[2021.12.07-17.48.04:834][  0]LogConfig: Setting CVar [[r.DOF.Recombine.EnableBokehSettings:0    ; no bokeh simulation on slight out of focus]]
[2021.12.07-17.48.04:834][  0]LogConfig: Setting CVar [[r.DOF.TemporalAAQuality:1                ; more stable temporal accumulation]]
[2021.12.07-17.48.04:834][  0]LogConfig: Setting CVar [[r.DOF.Kernel.MaxForegroundRadius:0.025]]
[2021.12.07-17.48.04:834][  0]LogConfig: Setting CVar [[r.DOF.Kernel.MaxBackgroundRadius:0.025]]
[2021.12.07-17.48.04:834][  0]LogConfig: Applying CVar settings from Section [TextureQuality@3] File [C:/Users/garre/OneDrive/Documents/GitHub/Gridlock/Saved/Config/Windows/Scalability.ini]
[2021.12.07-17.48.04:834][  0]LogConfig: Setting CVar [[r.Streaming.MipBias:0]]
[2021.12.07-17.48.04:834][  0]LogConfig: Setting CVar [[r.Streaming.AmortizeCPUToGPUCopy:0]]
[2021.12.07-17.48.04:834][  0]LogConfig: Setting CVar [[r.Streaming.MaxNumTexturesToStreamPerFrame:0]]
[2021.12.07-17.48.04:834][  0]LogConfig: Setting CVar [[r.Streaming.Boost:1]]
[2021.12.07-17.48.04:834][  0]LogConfig: Setting CVar [[r.MaxAnisotropy:8]]
[2021.12.07-17.48.04:834][  0]LogConfig: Setting CVar [[r.VT.MaxAnisotropy:8]]
[2021.12.07-17.48.04:834][  0]LogConfig: Setting CVar [[r.Streaming.LimitPoolSizeToVRAM:0]]
[2021.12.07-17.48.04:834][  0]LogConfig: Setting CVar [[r.Streaming.PoolSize:1000]]
[2021.12.07-17.48.04:834][  0]LogConfig: Setting CVar [[r.Streaming.MaxEffectiveScreenSize:0]]
[2021.12.07-17.48.04:834][  0]LogConfig: Applying CVar settings from Section [EffectsQuality@3] File [C:/Users/garre/OneDrive/Documents/GitHub/Gridlock/Saved/Config/Windows/Scalability.ini]
[2021.12.07-17.48.04:834][  0]LogConfig: Setting CVar [[r.TranslucencyLightingVolumeDim:64]]
[2021.12.07-17.48.04:834][  0]LogConfig: Setting CVar [[r.RefractionQuality:2]]
[2021.12.07-17.48.04:834][  0]LogConfig: Setting CVar [[r.SSR.Quality:3]]
[2021.12.07-17.48.04:834][  0]LogConfig: Setting CVar [[r.SSR.HalfResSceneColor:0]]
[2021.12.07-17.48.04:834][  0]LogConfig: Setting CVar [[r.SceneColorFormat:4]]
[2021.12.07-17.48.04:834][  0]LogConfig: Setting CVar [[r.DetailMode:2]]
[2021.12.07-17.48.04:834][  0]LogConfig: Setting CVar [[r.TranslucencyVolumeBlur:1]]
[2021.12.07-17.48.04:834][  0]LogConfig: Setting CVar [[r.MaterialQualityLevel:1 ; High quality]]
[2021.12.07-17.48.04:834][  0]LogConfig: Setting CVar [[r.AnisotropicMaterials:1]]
[2021.12.07-17.48.04:834][  0]LogConfig: Setting CVar [[r.SSS.Scale:1]]
[2021.12.07-17.48.04:834][  0]LogConfig: Setting CVar [[r.SSS.SampleSet:2]]
[2021.12.07-17.48.04:834][  0]LogConfig: Setting CVar [[r.SSS.Quality:1]]
[2021.12.07-17.48.04:834][  0]LogConfig: Setting CVar [[r.SSS.HalfRes:0]]
[2021.12.07-17.48.04:834][  0]LogConfig: Setting CVar [[r.SSGI.Quality:3]]
[2021.12.07-17.48.04:835][  0]LogConfig: Setting CVar [[r.EmitterSpawnRateScale:1.0]]
[2021.12.07-17.48.04:835][  0]LogConfig: Setting CVar [[r.ParticleLightQuality:2]]
[2021.12.07-17.48.04:835][  0]LogConfig: Setting CVar [[r.SkyAtmosphere.AerialPerspectiveLUT.FastApplyOnOpaque:1 ; Always have FastSkyLUT 1 in this case to avoid wrong sky]]
[2021.12.07-17.48.04:835][  0]LogConfig: Setting CVar [[r.SkyAtmosphere.AerialPerspectiveLUT.SampleCountMaxPerSlice:4]]
[2021.12.07-17.48.04:835][  0]LogConfig: Setting CVar [[r.SkyAtmosphere.AerialPerspectiveLUT.DepthResolution:16.0]]
[2021.12.07-17.48.04:835][  0]LogConfig: Setting CVar [[r.SkyAtmosphere.FastSkyLUT:1]]
[2021.12.07-17.48.04:835][  0]LogConfig: Setting CVar [[r.SkyAtmosphere.FastSkyLUT.SampleCountMin:4.0]]
[2021.12.07-17.48.04:835][  0]LogConfig: Setting CVar [[r.SkyAtmosphere.FastSkyLUT.SampleCountMax:128.0]]
[2021.12.07-17.48.04:835][  0]LogConfig: Setting CVar [[r.SkyAtmosphere.SampleCountMin:4.0]]
[2021.12.07-17.48.04:835][  0]LogConfig: Setting CVar [[r.SkyAtmosphere.SampleCountMax:128.0]]
[2021.12.07-17.48.04:835][  0]LogConfig: Setting CVar [[r.SkyAtmosphere.TransmittanceLUT.UseSmallFormat:0]]
[2021.12.07-17.48.04:835][  0]LogConfig: Setting CVar [[r.SkyAtmosphere.TransmittanceLUT.SampleCount:10.0]]
[2021.12.07-17.48.04:835][  0]LogConfig: Setting CVar [[r.SkyAtmosphere.MultiScatteringLUT.SampleCount:15.0]]
[2021.12.07-17.48.04:835][  0]LogConfig: Setting CVar [[r.SkyLight.RealTimeReflectionCapture:1]]
[2021.12.07-17.48.04:835][  0]LogConfig: Applying CVar settings from Section [FoliageQuality@3] File [C:/Users/garre/OneDrive/Documents/GitHub/Gridlock/Saved/Config/Windows/Scalability.ini]
[2021.12.07-17.48.04:835][  0]LogConfig: Setting CVar [[foliage.DensityScale:1.0]]
[2021.12.07-17.48.04:835][  0]LogConfig: Setting CVar [[grass.DensityScale:1.0]]
[2021.12.07-17.48.04:835][  0]LogConfig: Applying CVar settings from Section [ShadingQuality@3] File [C:/Users/garre/OneDrive/Documents/GitHub/Gridlock/Saved/Config/Windows/Scalability.ini]
[2021.12.07-17.48.04:835][  0]LogConfig: Setting CVar [[r.HairStrands.SkyLighting.IntegrationType:2]]
[2021.12.07-17.48.04:835][  0]LogConfig: Setting CVar [[r.HairStrands.SkyAO.SampleCount:4]]
[2021.12.07-17.48.04:835][  0]LogConfig: Setting CVar [[r.HairStrands.Visibility.MSAA.SamplePerPixel:4]]
[2021.12.07-17.48.04:835][  0]LogInit: Selected Device Profile: [Windows]
[2021.12.07-17.48.04:835][  0]LogInit: Applying CVar settings loaded from the selected device profile: [Windows]
[2021.12.07-17.48.04:836][  0]LogHAL: Display: Platform has ~ 8 GB [8403050496 / 8589934592 / 8], which maps to Default [LargestMinGB=32, LargerMinGB=12, DefaultMinGB=8, SmallerMinGB=6, SmallestMinGB=0)
[2021.12.07-17.48.04:836][  0]LogInit: Going up to parent DeviceProfile []
[2021.12.07-17.48.04:836][  0]LogConfig: Applying CVar settings from Section [ViewDistanceQuality@3] File [C:/Users/garre/OneDrive/Documents/GitHub/Gridlock/Saved/Config/Windows/Scalability.ini]
[2021.12.07-17.48.04:836][  0]LogConfig: Setting CVar [[r.SkeletalMeshLODBias:0]]
[2021.12.07-17.48.04:836][  0]LogConfig: Setting CVar [[r.ViewDistanceScale:1.0]]
[2021.12.07-17.48.04:836][  0]LogConfig: Applying CVar settings from Section [AntiAliasingQuality@3] File [C:/Users/garre/OneDrive/Documents/GitHub/Gridlock/Saved/Config/Windows/Scalability.ini]
[2021.12.07-17.48.04:836][  0]LogConfig: Setting CVar [[r.PostProcessAAQuality:4]]
[2021.12.07-17.48.04:836][  0]LogConfig: Applying CVar settings from Section [ShadowQuality@3] File [C:/Users/garre/OneDrive/Documents/GitHub/Gridlock/Saved/Config/Windows/Scalability.ini]
[2021.12.07-17.48.04:836][  0]LogConfig: Setting CVar [[r.LightFunctionQuality:1]]
[2021.12.07-17.48.04:836][  0]LogConfig: Setting CVar [[r.ShadowQuality:5]]
[2021.12.07-17.48.04:836][  0]LogConfig: Setting CVar [[r.Shadow.CSM.MaxCascades:10]]
[2021.12.07-17.48.04:836][  0]LogConfig: Setting CVar [[r.Shadow.MaxResolution:2048]]
[2021.12.07-17.48.04:836][  0]LogConfig: Setting CVar [[r.Shadow.MaxCSMResolution:2048]]
[2021.12.07-17.48.04:836][  0]LogConfig: Setting CVar [[r.Shadow.RadiusThreshold:0.01]]
[2021.12.07-17.48.04:836][  0]LogConfig: Setting CVar [[r.Shadow.DistanceScale:1.0]]
[2021.12.07-17.48.04:836][  0]LogConfig: Setting CVar [[r.Shadow.CSM.TransitionScale:1.0]]
[2021.12.07-17.48.04:836][  0]LogConfig: Setting CVar [[r.Shadow.PreShadowResolutionFactor:1.0]]
[2021.12.07-17.48.04:836][  0]LogConfig: Setting CVar [[r.DistanceFieldShadowing:1]]
[2021.12.07-17.48.04:836][  0]LogConfig: Setting CVar [[r.DistanceFieldAO:1]]
[2021.12.07-17.48.04:836][  0]LogConfig: Setting CVar [[r.AOQuality:2]]
[2021.12.07-17.48.04:836][  0]LogConfig: Setting CVar [[r.VolumetricFog:1]]
[2021.12.07-17.48.04:836][  0]LogConfig: Setting CVar [[r.VolumetricFog.GridPixelSize:8]]
[2021.12.07-17.48.04:836][  0]LogConfig: Setting CVar [[r.VolumetricFog.GridSizeZ:128]]
[2021.12.07-17.48.04:836][  0]LogConfig: Setting CVar [[r.VolumetricFog.HistoryMissSupersampleCount:4]]
[2021.12.07-17.48.04:836][  0]LogConfig: Setting CVar [[r.LightMaxDrawDistanceScale:1]]
[2021.12.07-17.48.04:836][  0]LogConfig: Setting CVar [[r.CapsuleShadows:1]]
[2021.12.07-17.48.04:836][  0]LogConfig: Applying CVar settings from Section [PostProcessQuality@3] File [C:/Users/garre/OneDrive/Documents/GitHub/Gridlock/Saved/Config/Windows/Scalability.ini]
[2021.12.07-17.48.04:836][  0]LogConfig: Setting CVar [[r.MotionBlurQuality:4]]
[2021.12.07-17.48.04:836][  0]LogConfig: Setting CVar [[r.AmbientOcclusionMipLevelFactor:0.4]]
[2021.12.07-17.48.04:836][  0]LogConfig: Setting CVar [[r.AmbientOcclusionMaxQuality:100]]
[2021.12.07-17.48.04:836][  0]LogConfig: Setting CVar [[r.AmbientOcclusionLevels:-1]]
[2021.12.07-17.48.04:836][  0]LogConfig: Setting CVar [[r.AmbientOcclusionRadiusScale:1.0]]
[2021.12.07-17.48.04:836][  0]LogConfig: Setting CVar [[r.DepthOfFieldQuality:2]]
[2021.12.07-17.48.04:836][  0]LogConfig: Setting CVar [[r.RenderTargetPoolMin:400]]
[2021.12.07-17.48.04:836][  0]LogConfig: Setting CVar [[r.LensFlareQuality:2]]
[2021.12.07-17.48.04:836][  0]LogConfig: Setting CVar [[r.SceneColorFringeQuality:1]]
[2021.12.07-17.48.04:836][  0]LogConfig: Setting CVar [[r.EyeAdaptationQuality:2]]
[2021.12.07-17.48.04:837][  0]LogConfig: Setting CVar [[r.BloomQuality:5]]
[2021.12.07-17.48.04:837][  0]LogConfig: Setting CVar [[r.FastBlurThreshold:100]]
[2021.12.07-17.48.04:837][  0]LogConfig: Setting CVar [[r.Upscale.Quality:3]]
[2021.12.07-17.48.04:837][  0]LogConfig: Setting CVar [[r.Tonemapper.GrainQuantization:1]]
[2021.12.07-17.48.04:837][  0]LogConfig: Setting CVar [[r.LightShaftQuality:1]]
[2021.12.07-17.48.04:837][  0]LogConfig: Setting CVar [[r.Filter.SizeScale:1]]
[2021.12.07-17.48.04:837][  0]LogConfig: Setting CVar [[r.Tonemapper.Quality:5]]
[2021.12.07-17.48.04:837][  0]LogConfig: Setting CVar [[r.DOF.Gather.AccumulatorQuality:1        ; higher gathering accumulator quality]]
[2021.12.07-17.48.04:837][  0]LogConfig: Setting CVar [[r.DOF.Gather.PostfilterMethod:1          ; Median3x3 postfilering method]]
[2021.12.07-17.48.04:837][  0]LogConfig: Setting CVar [[r.DOF.Gather.EnableBokehSettings:0       ; no bokeh simulation when gathering]]
[2021.12.07-17.48.04:837][  0]LogConfig: Setting CVar [[r.DOF.Gather.RingCount:4                 ; medium number of samples when gathering]]
[2021.12.07-17.48.04:837][  0]LogConfig: Setting CVar [[r.DOF.Scatter.ForegroundCompositing:1    ; additive foreground scattering]]
[2021.12.07-17.48.04:837][  0]LogConfig: Setting CVar [[r.DOF.Scatter.BackgroundCompositing:2    ; additive background scattering]]
[2021.12.07-17.48.04:837][  0]LogConfig: Setting CVar [[r.DOF.Scatter.EnableBokehSettings:1      ; bokeh simulation when scattering]]
[2021.12.07-17.48.04:837][  0]LogConfig: Setting CVar [[r.DOF.Scatter.MaxSpriteRatio:0.1         ; only a maximum of 10% of scattered bokeh]]
[2021.12.07-17.48.04:837][  0]LogConfig: Setting CVar [[r.DOF.Recombine.Quality:1                ; cheap slight out of focus]]
[2021.12.07-17.48.04:837][  0]LogConfig: Setting CVar [[r.DOF.Recombine.EnableBokehSettings:0    ; no bokeh simulation on slight out of focus]]
[2021.12.07-17.48.04:837][  0]LogConfig: Setting CVar [[r.DOF.TemporalAAQuality:1                ; more stable temporal accumulation]]
[2021.12.07-17.48.04:837][  0]LogConfig: Setting CVar [[r.DOF.Kernel.MaxForegroundRadius:0.025]]
[2021.12.07-17.48.04:837][  0]LogConfig: Setting CVar [[r.DOF.Kernel.MaxBackgroundRadius:0.025]]
[2021.12.07-17.48.04:837][  0]LogConfig: Applying CVar settings from Section [TextureQuality@3] File [C:/Users/garre/OneDrive/Documents/GitHub/Gridlock/Saved/Config/Windows/Scalability.ini]
[2021.12.07-17.48.04:837][  0]LogConfig: Setting CVar [[r.Streaming.MipBias:0]]
[2021.12.07-17.48.04:837][  0]LogConfig: Setting CVar [[r.Streaming.AmortizeCPUToGPUCopy:0]]
[2021.12.07-17.48.04:837][  0]LogConfig: Setting CVar [[r.Streaming.MaxNumTexturesToStreamPerFrame:0]]
[2021.12.07-17.48.04:837][  0]LogConfig: Setting CVar [[r.Streaming.Boost:1]]
[2021.12.07-17.48.04:837][  0]LogConfig: Setting CVar [[r.MaxAnisotropy:8]]
[2021.12.07-17.48.04:837][  0]LogConfig: Setting CVar [[r.VT.MaxAnisotropy:8]]
[2021.12.07-17.48.04:837][  0]LogConfig: Setting CVar [[r.Streaming.LimitPoolSizeToVRAM:0]]
[2021.12.07-17.48.04:837][  0]LogConfig: Setting CVar [[r.Streaming.PoolSize:1000]]
[2021.12.07-17.48.04:837][  0]LogConfig: Setting CVar [[r.Streaming.MaxEffectiveScreenSize:0]]
[2021.12.07-17.48.04:837][  0]LogConfig: Applying CVar settings from Section [EffectsQuality@3] File [C:/Users/garre/OneDrive/Documents/GitHub/Gridlock/Saved/Config/Windows/Scalability.ini]
[2021.12.07-17.48.04:837][  0]LogConfig: Setting CVar [[r.TranslucencyLightingVolumeDim:64]]
[2021.12.07-17.48.04:837][  0]LogConfig: Setting CVar [[r.RefractionQuality:2]]
[2021.12.07-17.48.04:837][  0]LogConfig: Setting CVar [[r.SSR.Quality:3]]
[2021.12.07-17.48.04:837][  0]LogConfig: Setting CVar [[r.SSR.HalfResSceneColor:0]]
[2021.12.07-17.48.04:837][  0]LogConfig: Setting CVar [[r.SceneColorFormat:4]]
[2021.12.07-17.48.04:837][  0]LogConfig: Setting CVar [[r.DetailMode:2]]
[2021.12.07-17.48.04:837][  0]LogConfig: Setting CVar [[r.TranslucencyVolumeBlur:1]]
[2021.12.07-17.48.04:837][  0]LogConfig: Setting CVar [[r.MaterialQualityLevel:1 ; High quality]]
[2021.12.07-17.48.04:837][  0]LogConfig: Setting CVar [[r.AnisotropicMaterials:1]]
[2021.12.07-17.48.04:837][  0]LogConfig: Setting CVar [[r.SSS.Scale:1]]
[2021.12.07-17.48.04:837][  0]LogConfig: Setting CVar [[r.SSS.SampleSet:2]]
[2021.12.07-17.48.04:837][  0]LogConfig: Setting CVar [[r.SSS.Quality:1]]
[2021.12.07-17.48.04:837][  0]LogConfig: Setting CVar [[r.SSS.HalfRes:0]]
[2021.12.07-17.48.04:837][  0]LogConfig: Setting CVar [[r.SSGI.Quality:3]]
[2021.12.07-17.48.04:837][  0]LogConfig: Setting CVar [[r.EmitterSpawnRateScale:1.0]]
[2021.12.07-17.48.04:837][  0]LogConfig: Setting CVar [[r.ParticleLightQuality:2]]
[2021.12.07-17.48.04:837][  0]LogConfig: Setting CVar [[r.SkyAtmosphere.AerialPerspectiveLUT.FastApplyOnOpaque:1 ; Always have FastSkyLUT 1 in this case to avoid wrong sky]]
[2021.12.07-17.48.04:837][  0]LogConfig: Setting CVar [[r.SkyAtmosphere.AerialPerspectiveLUT.SampleCountMaxPerSlice:4]]
[2021.12.07-17.48.04:837][  0]LogConfig: Setting CVar [[r.SkyAtmosphere.AerialPerspectiveLUT.DepthResolution:16.0]]
[2021.12.07-17.48.04:837][  0]LogConfig: Setting CVar [[r.SkyAtmosphere.FastSkyLUT:1]]
[2021.12.07-17.48.04:837][  0]LogConfig: Setting CVar [[r.SkyAtmosphere.FastSkyLUT.SampleCountMin:4.0]]
[2021.12.07-17.48.04:837][  0]LogConfig: Setting CVar [[r.SkyAtmosphere.FastSkyLUT.SampleCountMax:128.0]]
[2021.12.07-17.48.04:837][  0]LogConfig: Setting CVar [[r.SkyAtmosphere.SampleCountMin:4.0]]
[2021.12.07-17.48.04:837][  0]LogConfig: Setting CVar [[r.SkyAtmosphere.SampleCountMax:128.0]]
[2021.12.07-17.48.04:837][  0]LogConfig: Setting CVar [[r.SkyAtmosphere.TransmittanceLUT.UseSmallFormat:0]]
[2021.12.07-17.48.04:837][  0]LogConfig: Setting CVar [[r.SkyAtmosphere.TransmittanceLUT.SampleCount:10.0]]
[2021.12.07-17.48.04:837][  0]LogConfig: Setting CVar [[r.SkyAtmosphere.MultiScatteringLUT.SampleCount:15.0]]
[2021.12.07-17.48.04:837][  0]LogConfig: Setting CVar [[r.SkyLight.RealTimeReflectionCapture:1]]
[2021.12.07-17.48.04:837][  0]LogConfig: Applying CVar settings from Section [FoliageQuality@3] File [C:/Users/garre/OneDrive/Documents/GitHub/Gridlock/Saved/Config/Windows/Scalability.ini]
[2021.12.07-17.48.04:837][  0]LogConfig: Setting CVar [[foliage.DensityScale:1.0]]
[2021.12.07-17.48.04:837][  0]LogConfig: Setting CVar [[grass.DensityScale:1.0]]
[2021.12.07-17.48.04:837][  0]LogConfig: Applying CVar settings from Section [ShadingQuality@3] File [C:/Users/garre/OneDrive/Documents/GitHub/Gridlock/Saved/Config/Windows/Scalability.ini]
[2021.12.07-17.48.04:837][  0]LogConfig: Setting CVar [[r.HairStrands.SkyLighting.IntegrationType:2]]
[2021.12.07-17.48.04:838][  0]LogConfig: Setting CVar [[r.HairStrands.SkyAO.SampleCount:4]]
[2021.12.07-17.48.04:838][  0]LogConfig: Setting CVar [[r.HairStrands.Visibility.MSAA.SamplePerPixel:4]]
[2021.12.07-17.48.04:838][  0]LogConfig: Applying CVar settings from Section [Startup] File [../../../Engine/Config/ConsoleVariables.ini]
[2021.12.07-17.48.04:846][  0]LogConfig: Setting CVar [[net.UseAdaptiveNetUpdateFrequency:0]]
[2021.12.07-17.48.04:847][  0]LogConfig: Setting CVar [[p.chaos.AllowCreatePhysxBodies:1]]
[2021.12.07-17.48.04:847][  0]LogConfig: Setting CVar [[fx.SkipVectorVMBackendOptimizations:1]]
[2021.12.07-17.48.04:847][  0]LogConfig: Applying CVar settings from Section [ConsoleVariables] File [C:/Users/garre/OneDrive/Documents/GitHub/Gridlock/Saved/Config/Windows/Engine.ini]
[2021.12.07-17.48.04:847][  0]LogConfig: Applying CVar settings from Section [ConsoleVariables] File [C:/Users/garre/OneDrive/Documents/GitHub/Gridlock/Saved/Config/Windows/Editor.ini]
[2021.12.07-17.48.04:847][  0]LogInit: Computer: MSI
[2021.12.07-17.48.04:847][  0]LogInit: User: garre
[2021.12.07-17.48.04:847][  0]LogInit: CPU Page size=4096, Cores=6
[2021.12.07-17.48.04:847][  0]LogInit: High frequency timer resolution =10.000000 MHz
[2021.12.07-17.48.04:848][  0]LogMemory: Memory total: Physical=7.8GB (8GB approx)
[2021.12.07-17.48.04:848][  0]LogMemory: Platform Memory Stats for Windows
[2021.12.07-17.48.04:848][  0]LogMemory: Process Physical Memory: 144.17 MB used, 144.18 MB peak
[2021.12.07-17.48.04:848][  0]LogMemory: Process Virtual Memory: 129.93 MB used, 129.93 MB peak
[2021.12.07-17.48.04:848][  0]LogMemory: Physical Memory: 6746.83 MB used,  1266.94 MB free, 8013.77 MB total
[2021.12.07-17.48.04:848][  0]LogMemory: Virtual Memory: 134203200.00 MB used,  14525.13 MB free, 134217728.00 MB total
[2021.12.07-17.48.04:890][  0]LogWindows: WindowsPlatformFeatures enabled
[2021.12.07-17.48.05:081][  0]LogInit: Physics initialised using underlying interface: PhysX
[2021.12.07-17.48.05:082][  0]LogInit: Using OS detected language (en-US).
[2021.12.07-17.48.05:082][  0]LogInit: Using OS detected locale (en-US).
[2021.12.07-17.48.05:101][  0]LogTextLocalizationManager: No specific localization for 'en-US' exists, so the 'en' localization will be used.
[2021.12.07-17.48.05:538][  0]LogWindowsTextInputMethodSystem: Display: IME system deactivated.
[2021.12.07-17.48.05:590][  0]LogSlate: New Slate User Created.  User Index 0, Is Virtual User: 0
[2021.12.07-17.48.05:590][  0]LogSlate: Slate User Registered.  User Index 0, Is Virtual User: 0
[2021.12.07-17.48.05:613][  0]LogD3D11RHI: Loaded GFSDK_Aftermath_Lib.x64.dll
[2021.12.07-17.48.05:653][  0]LogHMD: Failed to initialize OpenVR with code 110
[2021.12.07-17.48.05:653][  0]LogD3D11RHI: D3D11 min allowed feature level: 11_0
[2021.12.07-17.48.05:653][  0]LogD3D11RHI: D3D11 max allowed feature level: 11_0
[2021.12.07-17.48.05:653][  0]LogD3D11RHI: D3D11 adapters:
[2021.12.07-17.48.05:767][  0]LogD3D11RHI:    0. 'NVIDIA GeForce RTX 3060 Laptop GPU' (Feature Level 11_0)
[2021.12.07-17.48.05:768][  0]LogD3D11RHI:       6023/0/4006 MB DedicatedVideo/DedicatedSystem/SharedSystem, Outputs:2, VendorId:0x10de
[2021.12.07-17.48.05:807][  0]LogD3D11RHI:    1. 'Intel(R) UHD Graphics' (Feature Level 11_0)
[2021.12.07-17.48.05:807][  0]LogD3D11RHI:       128/0/4006 MB DedicatedVideo/DedicatedSystem/SharedSystem, Outputs:0, VendorId:0x8086
[2021.12.07-17.48.05:811][  0]LogD3D11RHI:    2. 'Microsoft Basic Render Driver' (Feature Level 11_0)
[2021.12.07-17.48.05:811][  0]LogD3D11RHI:       0/0/4006 MB DedicatedVideo/DedicatedSystem/SharedSystem, Outputs:0, VendorId:0x1414
[2021.12.07-17.48.05:811][  0]LogD3D11RHI: Chosen D3D11 Adapter:
[2021.12.07-17.48.05:811][  0]LogD3D11RHI:     Description : NVIDIA GeForce RTX 3060 Laptop GPU
[2021.12.07-17.48.05:811][  0]LogD3D11RHI:     VendorId    : 10de
[2021.12.07-17.48.05:811][  0]LogD3D11RHI:     DeviceId    : 2520
[2021.12.07-17.48.05:811][  0]LogD3D11RHI:     SubSysId    : 12f21462
[2021.12.07-17.48.05:811][  0]LogD3D11RHI:     Revision    : 00a1
[2021.12.07-17.48.05:811][  0]LogD3D11RHI:     DedicatedVideoMemory : 6315573248 bytes
[2021.12.07-17.48.05:811][  0]LogD3D11RHI:     DedicatedSystemMemory : 0 bytes
[2021.12.07-17.48.05:811][  0]LogD3D11RHI:     SharedSystemMemory : 4201525248 bytes
[2021.12.07-17.48.05:811][  0]LogD3D11RHI:     AdapterLuid : 0 61060
[2021.12.07-17.48.05:817][  0]LogD3D11RHI: Creating new Direct3DDevice
[2021.12.07-17.48.05:817][  0]LogD3D11RHI:     GPU DeviceId: 0x2520 (for the marketing name, search the web for "GPU Device Id")
[2021.12.07-17.48.05:817][  0]LogWindows: EnumDisplayDevices:
[2021.12.07-17.48.05:817][  0]LogWindows:    0. 'Intel(R) UHD Graphics' (P:1 D:1)
[2021.12.07-17.48.05:817][  0]LogWindows:    1. 'Intel(R) UHD Graphics' (P:0 D:0)
[2021.12.07-17.48.05:818][  0]LogWindows:    2. 'Intel(R) UHD Graphics' (P:0 D:0)
[2021.12.07-17.48.05:818][  0]LogWindows:    3. 'NVIDIA GeForce RTX 3060 Laptop GPU' (P:0 D:1)
[2021.12.07-17.48.05:818][  0]LogWindows: DebugString: PrimaryIsNotTheChoosenAdapter PrimaryIsNotTheChoosenAdapter PrimaryIsNotTheChoosenAdapter 
[2021.12.07-17.48.05:818][  0]LogD3D11RHI:     Adapter Name: NVIDIA GeForce RTX 3060 Laptop GPU
[2021.12.07-17.48.05:818][  0]LogD3D11RHI:   Driver Version: 496.76 (internal:30.0.14.9676, unified:496.76)
[2021.12.07-17.48.05:818][  0]LogD3D11RHI:      Driver Date: 11-9-2021
[2021.12.07-17.48.05:818][  0]LogRHI: Texture pool is 4216 MB (70% of 6023 MB)
[2021.12.07-17.48.05:818][  0]LogD3D11RHI: Creating D3DDevice using adapter:
[2021.12.07-17.48.05:818][  0]LogD3D11RHI:     Description : NVIDIA GeForce RTX 3060 Laptop GPU
[2021.12.07-17.48.05:818][  0]LogD3D11RHI:     VendorId    : 10de
[2021.12.07-17.48.05:818][  0]LogD3D11RHI:     DeviceId    : 2520
[2021.12.07-17.48.05:818][  0]LogD3D11RHI:     SubSysId    : 12f21462
[2021.12.07-17.48.05:818][  0]LogD3D11RHI:     Revision    : 00a1
[2021.12.07-17.48.05:818][  0]LogD3D11RHI:     DedicatedVideoMemory : 6315573248 bytes
[2021.12.07-17.48.05:818][  0]LogD3D11RHI:     DedicatedSystemMemory : 0 bytes
[2021.12.07-17.48.05:818][  0]LogD3D11RHI:     SharedSystemMemory : 4201525248 bytes
[2021.12.07-17.48.05:818][  0]LogD3D11RHI:     AdapterLuid : 0 61060
[2021.12.07-17.48.05:898][  0]LogD3D11RHI: RHI has support for 64 bit atomics
[2021.12.07-17.48.05:899][  0]LogD3D11RHI: Async texture creation enabled
[2021.12.07-17.48.05:899][  0]LogD3D11RHI: Array index from any shader is supported
[2021.12.07-17.48.05:926][  0]LogD3D11RHI: GPU Timing Frequency: 1000.000000 (Debug: 2 1)
[2021.12.07-17.48.05:975][  0]LogRHI: GeForceNow SDK initialized: 1
[2021.12.07-17.48.06:760][  0]LogTargetPlatformManager: Display: Loaded TargetPlatform 'WindowsNoEditor'
[2021.12.07-17.48.06:771][  0]LogTargetPlatformManager: Display: Loaded TargetPlatform 'Windows'
[2021.12.07-17.48.06:782][  0]LogTargetPlatformManager: Display: Loaded TargetPlatform 'WindowsClient'
[2021.12.07-17.48.06:792][  0]LogTargetPlatformManager: Display: Loaded TargetPlatform 'WindowsServer'
[2021.12.07-17.48.06:792][  0]LogTargetPlatformManager: Display: Building Assets For Windows
[2021.12.07-17.48.06:819][  0]LogAudioDebug: Display: Lib vorbis DLL was dynamically loaded.
[2021.12.07-17.48.06:926][  0]LogTextureFormatOodle: Display: Oodle Texture 2.9.0 init RDO Off
[2021.12.07-17.48.07:075][  0]LogRendererCore: Ray tracing is disabled. Reason: r.RayTracing=0.
[2021.12.07-17.48.07:075][  0]LogShaderCompilers: Guid format shader working directory is -19 characters bigger than the processId version (../../../../../../Users/garre/OneDrive/Documents/GitHub/Gridlock/Intermediate/Shaders/WorkingDirectory/11492/).
[2021.12.07-17.48.07:075][  0]LogShaderCompilers: Cleaned the shader compiler working directory 'C:/Users/garre/AppData/Local/Temp/UnrealShaderWorkingDir/3297E6814E281EE3C39715AC1864583E/'.
[2021.12.07-17.48.07:075][  0]LogXGEController: Cannot use XGE Controller as Incredibuild is not installed on this machine.
[2021.12.07-17.48.07:076][  0]LogShaderCompilers: Cannot use XGE Shader Compiler as Incredibuild is not installed on this machine.
[2021.12.07-17.48.07:076][  0]LogShaderCompilers: Display: Using Local Shader Compiler.
[2021.12.07-17.48.08:059][  0]LogDerivedDataCache: Display: Max Cache Size: 512 MB
[2021.12.07-17.48.08:250][  0]LogDerivedDataCache: Loaded boot cache 0.19s 94MB C:/Users/garre/AppData/Local/UnrealEngine/4.27/DerivedDataCache/Boot.ddc.
[2021.12.07-17.48.08:250][  0]LogDerivedDataCache: Display: Loaded Boot cache: C:/Users/garre/AppData/Local/UnrealEngine/4.27/DerivedDataCache/Boot.ddc
[2021.12.07-17.48.08:250][  0]LogDerivedDataCache: FDerivedDataBackendGraph:  Pak pak cache file ../../../../../../Users/garre/OneDrive/Documents/GitHub/Gridlock/DerivedDataCache/DDC.ddp not found, will not use a pak cache.
[2021.12.07-17.48.08:250][  0]LogDerivedDataCache: Unable to find inner node Pak for hierarchical cache Hierarchy.
[2021.12.07-17.48.08:250][  0]LogDerivedDataCache: FDerivedDataBackendGraph:  CompressedPak pak cache file ../../../../../../Users/garre/OneDrive/Documents/GitHub/Gridlock/DerivedDataCache/Compressed.ddp not found, will not use a pak cache.
[2021.12.07-17.48.08:250][  0]LogDerivedDataCache: Unable to find inner node CompressedPak for hierarchical cache Hierarchy.
[2021.12.07-17.48.08:271][  0]LogDerivedDataCache: Display: Pak cache opened for reading ../../../Engine/DerivedDataCache/Compressed.ddp.
[2021.12.07-17.48.08:271][  0]LogDerivedDataCache: FDerivedDataBackendGraph:  EnterprisePak pak cache file ../../../Enterprise/DerivedDataCache/Compressed.ddp not found, will not use a pak cache.
[2021.12.07-17.48.08:271][  0]LogDerivedDataCache: Unable to find inner node EnterprisePak for hierarchical cache Hierarchy.
[2021.12.07-17.48.08:291][  0]LogDerivedDataCache: Speed tests for C:/Users/garre/AppData/Local/UnrealEngine/Common/DerivedDataCache took 0.02 seconds
[2021.12.07-17.48.08:291][  0]LogDerivedDataCache: Display: Performance to C:/Users/garre/AppData/Local/UnrealEngine/Common/DerivedDataCache: Latency=0.11ms. RandomReadSpeed=141.74MBs, RandomWriteSpeed=84.43MBs. Assigned SpeedClass 'Local'
[2021.12.07-17.48.08:291][  0]LogDerivedDataCache: Using Local data cache path C:/Users/garre/AppData/Local/UnrealEngine/Common/DerivedDataCache: Writable
[2021.12.07-17.48.08:291][  0]LogDerivedDataCache: Shared data cache path not found in *engine.ini, will not use an Shared cache.
[2021.12.07-17.48.08:291][  0]LogDerivedDataCache: Unable to find inner node Shared for hierarchical cache Hierarchy.
[2021.12.07-17.48.08:339][  0]LogSlate: Using FreeType 2.10.0
[2021.12.07-17.48.08:342][  0]LogSlate: SlateFontServices - WITH_FREETYPE: 1, WITH_HARFBUZZ: 1
[2021.12.07-17.48.08:502][  0]LogInit: Using OS detected language (en-US).
[2021.12.07-17.48.08:502][  0]LogInit: Using OS detected locale (en-US).
[2021.12.07-17.48.08:502][  0]LogTextLocalizationManager: No localization for 'en-US' exists, so 'en' will be used for the language.
[2021.12.07-17.48.08:502][  0]LogTextLocalizationManager: No localization for 'en-US' exists, so 'en' will be used for the locale.
[2021.12.07-17.48.08:502][  0]LogSlate: FontCache flush requested. Reason: Culture for localization was changed
[2021.12.07-17.48.08:502][  0]LogSlate: FontCache flush requested. Reason: Culture for localization was changed
[2021.12.07-17.48.08:505][  0]LogTextLocalizationManager: Compacting localization data took   0.00ms
[2021.12.07-17.48.08:505][  0]LogAssetRegistry: FAssetRegistry took 0.0018 seconds to start up
[2021.12.07-17.48.08:854][  0]LogPackageLocalizationCache: Processed 27 localized package path(s) for 1 prioritized culture(s) in 0.002345 seconds
[2021.12.07-17.48.08:973][  0]LogInit: Selected Device Profile: [Windows]
[2021.12.07-17.48.08:973][  0]LogInit: Active device profile: [000001936FEA8700][0000019365FE2880 49] Windows
[2021.12.07-17.48.08:973][  0]LogInit: Profiles: [000001936FEA8700][0000019365FE2880 49] Windows, [000001936FE57700][0000019365FEAA00 49] WindowsNoEditor, [000001936FEAB300][0000019365C58B80 49] WindowsServer, [000001936FE54F00][0000019365C5CD00 49] WindowsClient, [000001936FEAB500][0000019365C60E80 49] IOS, [000001936FE53F00][0000019365C65000 49] iPadAir, [000001936FE57B00][0000019365C69180 49] iPadAir2, [000001936FE04500][0000019365C71440 49] IPadPro, [000001936FE04600][0000019365C6D480 49] iPadAir3, [000001936FE50100][0000019365C75600 49] iPadAir4, [000001936FE06C00][0000019365FE7740 49] iPadMini2, [000001936FE52500][0000019365C79880 49] iPadMini3, [000001936FE07400][0000019365C7D9C0 49] iPadMini4, [000001936FE50F00][0000019365C81B00 49] iPadMini5, [000001936FDF7E00][0000019365C8C240 49] iPhone6, [000001936FDF7F00][0000019365C88280 49] iPodTouch6, [000001936FEAB900][0000019365C94540 49] iPhone7, [000001936FEAA100][0000019365C90580 49] iPodTouch7, [000001936FDF4400][0000019365C98700 49] iPhone5S, [000001936FE07D00][0000019365C9C880 49] iPhone6Plus, [000001936FEAB400][0000019365CA0A00 49] iPhone6S, [000001936FE06000][00000193659B2B80 49] iPhone6SPlus, [000001936FEA8900][00000193659B6D00 49] iPhone7Plus, [000001936FE04E00][00000193659BAE80 49] iPhoneSE, [000001936FEA8200][00000193659BF000 49] iPhone8, [000001936FE06400][00000193659C3180 49] iPhone8Plus, [000001936FEA9E00][00000193659C7300 49] iPhoneX, [000001936FE07E00][00000193659CB480 49] iPhoneXS, [000001936FEA9600][00000193659CF600 49] iPhoneXSMax, [000001936FE06500][00000193659D3780 49] iPhoneXR, [000001936FEAAA00][0000019365C858C0 49] iPhone11, [000001936FE07A00][00000193659D7A00 49] iPhone11Pro, [000001936FEA8F00][00000193659DBB40 49] iPhone11ProMax, [000001936FE06300][00000193659DE100 49] iPhoneSE2, [000001936FEAA700][00000193659E6280 49] iPhone12Mini, [000001936FE04700][00000193659EA400 49] iPhone12, [000001936FEAB100][00000193659EE580 49] iPhone12Pro, [000001936FE07500][00000193659F2700 49] iPhone12ProMax, [000001936FEA8800][00000193659F6880 49] iPadPro105, [000001936FE05C00][00000193659FAA00 49] iPadPro129, [000001936FEA8300][00000193659FEB80 49] iPadPro97, [000001936FE05D00][0000019365A02D00 49] iPadPro2_129, [000001936FEA8C00][0000019365A06E80 49] iPad5, [000001936FE07000][0000019365A0B000 49] iPad6, [000001936FEAAC00][0000019365A0F180 49] iPad7, [000001936FE06E00][0000019365A13300 49] iPad8, [000001936FEABE00][0000019365A17480 49] iPadPro11, [000001936FE05900][0000019365A1B600 49] iPadPro2_11, [000001936FEA9800][0000019365A1F780 49] iPadPro3_129, [000001936FE04C00][0000019365A23900 49] iPadPro4_129, [000001936FEAA400][0000019365A27A80 49] AppleTV, [000001936FE07700][00000193659E3BC0 49] AppleTV4K, [000001936FEA9B00][0000019365A2A180 49] TVOS, [000001936FE05000][00000193700FE2C0 49] Mac, [000001936FEA9F00][0000019370106440 49] MacClient, [000001936FE06B00][000001937010A5C0 49] MacNoEditor, [000001936FEA8D00][000001937010E740 49] MacServer, [000001936FE07300][00000193701128C0 49] Linux, [000001936FEA8B00][0000019370116A40 49] LinuxAArch64, [000001936FE06100][000001937011ABC0 49] LinuxNoEditor, [000001936FEA9700][000001937011ED40 49] LinuxAArch64NoEditor, [000001936FE05A00][0000019370122EC0 49] LinuxClient, [000001936FEA9000][0000019370127040 49] LinuxAArch64Client, [000001936FE05400][000001937012B1C0 49] LinuxServer, [000001936FEAB000][000001937012F340 49] LinuxAArch64Server, [000001936FE05600][00000193701334C0 49] Android, [000001936FE53900][0000019370137640 49] Android_Low, [000001936FDF5B00][000001937013B7C0 49] Android_Mid, [000001936FE53000][000001937013F940 49] Android_High, [000001936FDF7900][0000019370143AC0 49] Android_Default, [000001936FE52000][00000193701460C0 49] Android_Adreno4xx, [000001936FDF7B00][0000019370102200 49] Android_Adreno5xx_Low, [000001936FE50B00][000001937014A340 49] Android_Adreno5xx, [000001936FDF5800][000001937014E480 49] Android_Adreno6xx, [000001936FE51100][00000193701525C0 49] Android_Adreno6xx_Vulkan, [000001936FDF4800][000001937015A740 49] Android_Mali_T6xx, [000001936FE53600][000001937015E8C0 49] Android_Mali_T7xx, [000001936FDF4D00][0000019370162A40 49] Android_Mali_T8xx, [000001936FE53C00][0000019370166BC0 49] Android_Mali_G71, [000001936FDF4900][000001937016AD40 49] Android_Mali_G72, [000001936FE53E00][000001937016EEC0 49] Android_Mali_G72_Vulkan, [000001936FDF5900][0000019370173040 49] Android_Mali_G76, [000001936FE53A00][00000193701771C0 49] Android_Mali_G76_Vulkan, [000001936FDF7600][000001937017B340 49] Android_Mali_G77, [000001936FE52200][000001937017F4C0 49] Android_Mali_G77_Vulkan, [000001936FDF5200][0000019370183640 49] Android_Mali_G78, [000001936FE50A00][00000193701877C0 49] Android_Mali_G78_Vulkan, [000001936FDF7000][000001937018B940 49] Android_Mali_G710, [000001936FE51400][000001937018FAC0 49] Android_Mali_G710_Vulkan, [000001936FDF4600][00000193701920C0 49] Android_Vulkan_SM5, [000001936FE51800][0000019370196240 49] Android_PowerVR_G6xxx, [000001936FDF4E00][0000019370156380 49] Android_PowerVR_GT7xxx, [000001936FE50200][000001937019A4C0 49] Android_PowerVR_GE8xxx, [000001936FDF4100][000001937019E600 49] Android_PowerVR_GM9xxx, [000001936FE52600][00000193701A2740 49] Android_PowerVR_GM9xxx_Vulkan, [000001936FE07800][00000193701AA8C0 49] Android_TegraK1, [000001936FE52A00][00000193701AEA40 49] Android_Unknown_Vulkan, [000001936FE04F00][00000193701B2BC0 49] Lumin, [000001936FE51200][00000193701B6D40 49] Lumin_Desktop, [000001936FE04400][00000193701BAEC0 49] HoloLens, 
[2021.12.07-17.48.09:203][  0]LogMeshReduction: Using QuadricMeshReduction for automatic static mesh reduction
[2021.12.07-17.48.09:203][  0]LogMeshReduction: Using SimplygonMeshReduction for automatic skeletal mesh reduction
[2021.12.07-17.48.09:203][  0]LogMeshReduction: Using ProxyLODMeshReduction for automatic mesh merging
[2021.12.07-17.48.09:203][  0]LogMeshReduction: No distributed automatic mesh merging module available
[2021.12.07-17.48.09:203][  0]LogMeshMerging: No distributed automatic mesh merging module available
[2021.12.07-17.48.09:437][  0]LogNetVersion: ThomasAdvanture 1.0.0, NetCL: 17155196, EngineNetVer: 17, GameNetVer: 0 (Checksum: 983440284)
[2021.12.07-17.48.09:974][  0]LogTexture: Default maximum texture size for cubemaps generated from long-lat sources has been changed from 512 to unlimited. In order to preserve old behaiour for '/Engine/MapTemplates/Sky/DaylightAmbientCubemap.DaylightAmbientCubemap', its maximum texture size has been explicitly set to 512.
[2021.12.07-17.48.10:114][  0]LogHMD: PokeAHoleMaterial loaded successfully
[2021.12.07-17.48.10:648][  0]LogMoviePlayer: Initializing movie player
[2021.12.07-17.48.10:899][  0]LogNiagaraDebuggerClient: Niagara Debugger Client Initialized | Session: 6BF12798455C5A80AFEC6EB43328B723 | Instance: DDC04865422A410C77387F970598FF88 (MSI-11492).
[2021.12.07-17.48.10:970][  0]LogCollectionManager: Loaded 0 collections in 0.001359 seconds
[2021.12.07-17.48.10:972][  0]LogFileCache: Scanning file cache for directory 'C:/Users/garre/OneDrive/Documents/GitHub/Gridlock/Saved/Collections/' took 0.00s
[2021.12.07-17.48.10:972][  0]LogFileCache: Scanning file cache for directory 'C:/Users/garre/OneDrive/Documents/GitHub/Gridlock/Content/Developers/garre/Collections/' took 0.00s
[2021.12.07-17.48.10:972][  0]LogFileCache: Scanning file cache for directory 'C:/Users/garre/OneDrive/Documents/GitHub/Gridlock/Content/Collections/' took 0.00s
[2021.12.07-17.48.10:972][  0]LogCollectionManager: Fixed up redirectors for 0 collections in 0.000002 seconds (updated 0 objects)
[2021.12.07-17.48.11:214][  0]LogImageWrapper: Warning: PNG Warning: Duplicate iCCP chunk
[2021.12.07-17.48.11:214][  0]LogImageWrapper: Warning: PNG Warning: Duplicate iCCP chunk
[2021.12.07-17.48.11:214][  0]LogPython: Using Python 3.7.7
[2021.12.07-17.48.11:677][  0]LogTcpMessaging: Initializing TcpMessaging bridge
[2021.12.07-17.48.11:689][  0]LogUdpMessaging: Initializing bridge on interface 0.0.0.0:0 to multicast group 230.0.0.1:6666.
[2021.12.07-17.48.12:100][  0]SourceControl: Source control is disabled
[2021.12.07-17.48.12:100][  0]SourceControl: Source control is disabled
[2021.12.07-17.48.12:111][  0]SourceControl: Source control is disabled
[2021.12.07-17.48.12:126][  0]LogUProjectInfo: Found projects:
[2021.12.07-17.48.12:284][  0]LogOpenImageDenoise: OIDN starting up
[2021.12.07-17.48.12:368][  0]LogAndroidPermission: UAndroidPermissionCallbackProxy::GetInstance
[2021.12.07-17.48.12:487][  0]LogAudioCaptureCore: Display: No Audio Capture implementations found. Audio input will be silent.
[2021.12.07-17.48.12:487][  0]LogAudioCaptureCore: Display: No Audio Capture implementations found. Audio input will be silent.
[2021.12.07-17.48.12:719][  0]LogOcInput: OculusInput pre-init called
[2021.12.07-17.48.12:741][  0]LogUObjectArray: 22121 objects as part of root set at end of initial load.
[2021.12.07-17.48.12:741][  0]LogUObjectAllocator: 5975440 out of 0 bytes used by permanent object pool.
[2021.12.07-17.48.12:741][  0]LogUObjectArray: CloseDisregardForGC: 0/0 objects in disregard for GC pool
[2021.12.07-17.48.12:888][  0]LogEngine: Initializing Engine...
[2021.12.07-17.48.12:906][  0]LogHMD: Failed to enumerate extensions. Please check that you have a valid OpenXR runtime installed.
[2021.12.07-17.48.12:907][  0]LogHMD: Failed to initialize OpenVR with code 110
[2021.12.07-17.48.12:907][  0]LogMagicLeap: Warning: VR disabled because ZI is not enabled.  To enable, in the editor, Edit -> Project Settings -> Plugins -> Magic Leap Plugin -> Enable Zero Iteration
[2021.12.07-17.48.12:910][  0]LogStats: UGameplayTagsManager::InitializeManager -  0.001 s
[2021.12.07-17.48.13:158][  0]LogInit: Initializing FReadOnlyCVARCache
[2021.12.07-17.48.13:158][  0]LogAudio: Display: Initializing Audio Device Manager...
[2021.12.07-17.48.13:182][  0]LogAudio: Display: Loading Default Audio Settings Objects...
[2021.12.07-17.48.13:185][  0]LogAudio: Display: No default SoundConcurrencyObject specified (or failed to load).
[2021.12.07-17.48.13:191][  0]LogAudio: Display: Audio Device Manager Initialized
[2021.12.07-17.48.13:191][  0]LogAudio: Display: Creating Audio Device:                 Id: 1, Scope: Shared, Realtime: True
[2021.12.07-17.48.13:191][  0]LogAudioMixer: Display: Audio Mixer Platform Settings:
[2021.12.07-17.48.13:191][  0]LogAudioMixer: Display: 	Sample Rate:						  48000
[2021.12.07-17.48.13:191][  0]LogAudioMixer: Display: 	Callback Buffer Frame Size Requested: 1024
[2021.12.07-17.48.13:191][  0]LogAudioMixer: Display: 	Callback Buffer Frame Size To Use:	  1024
[2021.12.07-17.48.13:191][  0]LogAudioMixer: Display: 	Number of buffers to queue:			  2
[2021.12.07-17.48.13:192][  0]LogAudioMixer: Display: 	Max Channels (voices):				  32
[2021.12.07-17.48.13:192][  0]LogAudioMixer: Display: 	Number of Async Source Workers:		  0
[2021.12.07-17.48.13:192][  0]LogAudio: Display: AudioDevice MaxSources: 32
[2021.12.07-17.48.13:194][  0]LogAudio: Display: Audio Spatialization Plugin: None (built-in).
[2021.12.07-17.48.13:194][  0]LogAudio: Display: Audio Reverb Plugin: None (built-in).
[2021.12.07-17.48.13:195][  0]LogAudio: Display: Audio Occlusion Plugin: None (built-in).
[2021.12.07-17.48.13:195][  0]LogAudioMixer: Display: Initializing audio mixer.
[2021.12.07-17.48.13:315][  0]LogAudioMixer: Display: 0: FrontLeft
[2021.12.07-17.48.13:315][  0]LogAudioMixer: Display: 1: FrontRight
[2021.12.07-17.48.13:408][  0]LogAudioMixer: Display: Using Audio Device Speakers (Realtek(R) Audio)
[2021.12.07-17.48.13:412][  0]LogAudioMixer: Display: Initializing Sound Submixes...
[2021.12.07-17.48.13:421][  0]LogAudioMixer: Display: Creating Master Submix 'MasterSubmixDefault'
[2021.12.07-17.48.13:421][  0]LogAudioMixer: Display: Creating Master Submix 'MasterReverbSubmixDefault'
[2021.12.07-17.48.13:422][  0]LogAudioMixer: Display: Creating Master Submix 'MasterEQSubmixDefault'
[2021.12.07-17.48.13:422][  0]LogAudioMixer: FMixerPlatformXAudio2::StartAudioStream() called
[2021.12.07-17.48.13:422][  0]LogAudioMixer: Display: Output buffers initialized: Frames=1024, Channels=2, Samples=2048
[2021.12.07-17.48.13:423][  0]LogAudioMixer: Display: Starting AudioMixerPlatformInterface::RunInternal()
[2021.12.07-17.48.13:423][  0]LogAudioMixer: Display: FMixerPlatformXAudio2::SubmitBuffer() called for the first time
[2021.12.07-17.48.13:423][  0]LogInit: FAudioDevice initialized.
[2021.12.07-17.48.13:425][  0]LogNetVersion: Set ProjectVersion to 1.0.0.0. Version Checksum will be recalculated on next use.
[2021.12.07-17.48.13:426][  0]LogInit: Texture streaming: Enabled
[2021.12.07-17.48.13:542][  0]LogAudio: Display: Audio Device (ID: 1) registered with world 'Untitled'.
[2021.12.07-17.48.13:543][  0]LogSlate: Updating window title bar state: overlay mode, drag disabled, window buttons hidden, title bar hidden
[2021.12.07-17.48.13:544][  0]LogInit: Display: Game Engine Initialized.
[2021.12.07-17.48.13:545][  0]LogNiagaraEditor: GEditor isn't valid! Particle reset commands will not work for Niagara components!
[2021.12.07-17.48.13:742][  0]LogImageWrapper: Warning: PNG Warning: Duplicate iCCP chunk
[2021.12.07-17.48.13:742][  0]LogImageWrapper: Warning: PNG Warning: Duplicate iCCP chunk
[2021.12.07-17.48.13:742][  0]LogInit: Display: Starting Game.
[2021.12.07-17.48.13:742][  0]LogNet: Browse: /Game/MapsForGame/Yujia/CarScene_BlockOut10_Map?Name=Player
[2021.12.07-17.48.13:743][  0]LogLoad: LoadMap: /Game/MapsForGame/Yujia/CarScene_BlockOut10_Map?Name=Player
[2021.12.07-17.48.13:743][  0]LogWorld: BeginTearingDown for /Temp/Untitled_0
[2021.12.07-17.48.13:744][  0]LogWorld: UWorld::CleanupWorld for Untitled, bSessionEnded=true, bCleanupResources=true
[2021.12.07-17.48.13:744][  0]LogSlate: InvalidateAllWidgets triggered.  All widgets were invalidated
[2021.12.07-17.48.13:747][  0]LogAudio: Display: Audio Device unregistered from world 'None'.
[2021.12.07-17.48.13:750][  0]LogUObjectHash: Compacting FUObjectHashTables data took   0.81ms
[2021.12.07-17.48.15:206][  0]LogSkeletalMesh: Display: [AssetLog] C:\Users\garre\OneDrive\Documents\GitHub\Gridlock\Content\AssetsvilleCars\Meshes\Vehicles\SK_veh_TruckTrailer_01.uasset: Find and fix some bad tangent! please re-import this skeletal mesh asset to fix the issue. The shading of the skeletal mesh will be bad and faceted.
[2021.12.07-17.48.15:672][  0]LogAudio: Display: Audio Device (ID: 1) registered with world 'CarScene_BlockOut10_Map'.
[2021.12.07-17.48.15:695][  0]LogAIModule: Creating AISystem for world CarScene_BlockOut10_Map
[2021.12.07-17.48.15:695][  0]LogLoad: Game class is 'FirstPersonGameMode_C'
[2021.12.07-17.48.15:718][  0]LogWorld: Bringing World /Game/MapsForGame/Yujia/CarScene_BlockOut10_Map.CarScene_BlockOut10_Map up for play (max tick rate 0) at 2021.12.07-09.48.15
[2021.12.07-17.48.15:719][  0]LogSlate: New Slate User Created.  User Index 8, Is Virtual User: 1
[2021.12.07-17.48.15:719][  0]LogSlate: Slate User Registered.  User Index 8, Is Virtual User: 1
[2021.12.07-17.48.15:719][  0]LogWorld: Bringing up level for play took: 0.023444
[2021.12.07-17.48.15:727][  0]LogViewport: Display: Viewport MouseCaptureMode Changed, CapturePermanently_IncludingInitialMouseDown -> CapturePermanently
[2021.12.07-17.48.15:727][  0]LogPlayerController: Error: InputMode:UIOnly - Attempting to focus Non-Focusable widget SObjectWidget [Widget.cpp(799)]!
[2021.12.07-17.48.15:727][  0]LogViewport: Display: Viewport MouseLockMode Changed, LockOnCapture -> DoNotLock
[2021.12.07-17.48.15:727][  0]LogViewport: Display: Viewport MouseCaptureMode Changed, CapturePermanently -> NoCapture
[2021.12.07-17.48.15:728][  0]LogLoad: Took 1.984998 seconds to LoadMap(/Game/MapsForGame/Yujia/CarScene_BlockOut10_Map)
[2021.12.07-17.48.15:775][  0]LogSlate: Took 0.000992 seconds to synchronously load lazily loaded font '../../../Engine/Content/Slate/Fonts/Roboto-Regular.ttf' (155K)
[2021.12.07-17.48.15:828][  0]LogRenderer: Reallocating scene render targets to support 1280x720 Format 10 NumSamples 1 (Frame:1).
[2021.12.07-17.48.15:828][  0]LogInit: Display: Engine is initialized. Leaving FEngineLoop::Init()
[2021.12.07-17.48.15:828][  0]LogLoad: (Engine Initialization) Total time: 14.53 seconds
[2021.12.07-17.48.15:828][  0]LogLoad: (Engine Initialization) Total Blueprint compile time: 0.00 seconds
[2021.12.07-17.48.15:925][  0]LogContentStreaming: Texture pool size now 1000 MB
[2021.12.07-17.48.15:934][  0]LogRenderer: Reallocating scene render targets to support 128x128 Format 10 NumSamples 1 (Frame:1).
[2021.12.07-17.48.15:934][  0]LogSlate: InvalidateAllWidgets triggered.  All widgets were invalidated
[2021.12.07-17.48.15:988][  0]LogRenderer: Reallocating scene render targets to support 1280x720 Format 10 NumSamples 1 (Frame:2).
[2021.12.07-17.48.16:034][  1]LogSlate: Took 0.000354 seconds to synchronously load lazily loaded font '../../../Engine/Content/Slate/Fonts/Roboto-Regular.ttf' (155K)
[2021.12.07-17.48.17:351][ 94]LogSlate: Window 'ThomasAdvanture (64-bit Development PCD3D_SM5) ' being destroyed
[2021.12.07-17.48.17:352][ 94]LogWindowsTextInputMethodSystem: Display: IME system deactivated.
[2021.12.07-17.48.17:356][ 94]LogSlate: Updating window title bar state: overlay mode, drag disabled, window buttons hidden, title bar hidden
[2021.12.07-17.48.17:356][ 94]LogEngine: All Windows Closed
[2021.12.07-17.48.17:356][ 94]LogWindows: FPlatformMisc::RequestExit(0)
[2021.12.07-17.48.17:356][ 94]LogWindows: FPlatformMisc::RequestExitWithStatus(0, 0)
[2021.12.07-17.48.17:356][ 94]LogCore: Engine exit requested (reason: Win RequestExit)
[2021.12.07-17.48.17:358][ 95]LogCore: Engine exit requested (reason: EngineExit() was called; note: exit was already requested)
[2021.12.07-17.48.17:358][ 95]LogInit: Display: PreExit Game.
[2021.12.07-17.48.17:364][ 95]LogWorld: BeginTearingDown for /Game/MapsForGame/Yujia/CarScene_BlockOut10_Map
[2021.12.07-17.48.17:366][ 95]LogWorld: UWorld::CleanupWorld for CarScene_BlockOut10_Map, bSessionEnded=true, bCleanupResources=true
[2021.12.07-17.48.17:368][ 95]LogSlate: InvalidateAllWidgets triggered.  All widgets were invalidated
[2021.12.07-17.48.17:914][ 95]LogAudio: Display: Beginning Audio Device Manager Shutdown (Module: AudioMixerXAudio2)...
[2021.12.07-17.48.17:914][ 95]LogAudio: Display: Destroying 1 Remaining Audio Device(s)...
[2021.12.07-17.48.17:914][ 95]LogAudio: Display: Audio Device unregistered from world 'CarScene_BlockOut10_Map'.
[2021.12.07-17.48.17:945][ 95]LogAudioMixer: FMixerPlatformXAudio2::StopAudioStream() called
[2021.12.07-17.48.17:947][ 95]LogAudioMixer: FMixerPlatformXAudio2::StopAudioStream() called
[2021.12.07-17.48.17:958][ 95]LogAudio: Display: Audio Device Manager Shutdown
[2021.12.07-17.48.17:969][ 95]LogExit: Preparing to exit.
[2021.12.07-17.48.18:736][ 95]LogSlate: Updating window title bar state: overlay mode, drag disabled, window buttons hidden, title bar hidden
[2021.12.07-17.48.18:744][ 95]LogUObjectHash: Compacting FUObjectHashTables data took   1.38ms
[2021.12.07-17.48.18:795][ 95]LogMoviePlayer: Shutting down movie player
[2021.12.07-17.48.18:975][ 95]LogDemo: Cleaned up 0 splitscreen connections with owner deletion
[2021.12.07-17.48.18:977][ 95]LogExit: Game engine shut down
[2021.12.07-17.48.19:162][ 95]LogExit: Object subsystem successfully closed.
[2021.12.07-17.48.19:175][ 95]LogShaderCompilers: Display: === FShaderJobCache stats ===
[2021.12.07-17.48.19:175][ 95]LogShaderCompilers: Display: Total job queries 0, among them cache hits 0 (0.00%)
[2021.12.07-17.48.19:176][ 95]LogShaderCompilers: Display: Tracking 0 distinct input hashes that result in 0 distinct outputs (0.00%)
[2021.12.07-17.48.19:176][ 95]LogShaderCompilers: Display: RAM used: 0.00 MB (0.00 GB) of 409.60 MB (0.40 GB) budget. Usage: 0.00%
[2021.12.07-17.48.19:176][ 95]LogShaderCompilers: Display: ================================================
[2021.12.07-17.48.19:202][ 95]LogShaderCompilers: Display: Shaders left to compile 0
[2021.12.07-17.48.19:252][ 95]LogModuleManager: Shutting down and abandoning module SequenceRecorderSections (560)
[2021.12.07-17.48.19:252][ 95]LogModuleManager: Shutting down and abandoning module SequenceRecorder (558)
[2021.12.07-17.48.19:252][ 95]LogModuleManager: Shutting down and abandoning module AutomationController (556)
[2021.12.07-17.48.19:252][ 95]LogModuleManager: Shutting down and abandoning module AutomationWorker (554)
[2021.12.07-17.48.19:252][ 95]LogModuleManager: Shutting down and abandoning module Voice (552)
[2021.12.07-17.48.19:252][ 95]LogModuleManager: Shutting down and abandoning module AIModule (550)
[2021.12.07-17.48.19:252][ 95]LogModuleManager: Shutting down and abandoning module GameplayDebugger (549)
[2021.12.07-17.48.19:252][ 95]LogModuleManager: Shutting down and abandoning module AITestSuite (547)
[2021.12.07-17.48.19:252][ 95]LogModuleManager: Shutting down and abandoning module NavigationSystem (545)
[2021.12.07-17.48.19:252][ 95]LogModuleManager: Shutting down and abandoning module AnimGraph (542)
[2021.12.07-17.48.19:253][ 95]LogModuleManager: Shutting down and abandoning module SteamVREditor (540)
[2021.12.07-17.48.19:253][ 95]LogModuleManager: Shutting down and abandoning module ToolMenus (539)
[2021.12.07-17.48.19:253][ 95]LogModuleManager: Shutting down and abandoning module OculusMR (536)
[2021.12.07-17.48.19:253][ 95]LogModuleManager: Shutting down and abandoning module TakeRecorderSources (534)
[2021.12.07-17.48.19:253][ 95]LogModuleManager: Shutting down and abandoning module TakeRecorder (533)
[2021.12.07-17.48.19:254][ 95]LogModuleManager: Shutting down and abandoning module TakeTrackRecorders (530)
[2021.12.07-17.48.19:254][ 95]LogModuleManager: Shutting down and abandoning module TakesCore (528)
[2021.12.07-17.48.19:254][ 95]LogModuleManager: Shutting down and abandoning module OpenXRInput (526)
[2021.12.07-17.48.19:254][ 95]LogModuleManager: Shutting down and abandoning module MagicLeapMediaCodecFactory (524)
[2021.12.07-17.48.19:254][ 95]LogModuleManager: Shutting down and abandoning module MagicLeapMediaFactory (522)
[2021.12.07-17.48.19:254][ 95]LogModuleManager: Shutting down and abandoning module PlanarCut (520)
[2021.12.07-17.48.19:254][ 95]LogModuleManager: Shutting down and abandoning module WmfMediaFactory (518)
[2021.12.07-17.48.19:254][ 95]LogModuleManager: Shutting down and abandoning module WebMMediaFactory (516)
[2021.12.07-17.48.19:254][ 95]LogModuleManager: Shutting down and abandoning module WebMMedia (514)
[2021.12.07-17.48.19:255][ 95]LogModuleManager: Shutting down and abandoning module OpenExrWrapper (512)
[2021.12.07-17.48.19:255][ 95]LogModuleManager: Shutting down and abandoning module ImgMediaFactory (510)
[2021.12.07-17.48.19:255][ 95]LogModuleManager: Shutting down and abandoning module AvfMediaFactory (508)
[2021.12.07-17.48.19:255][ 95]LogModuleManager: Shutting down and abandoning module CharacterAI (506)
[2021.12.07-17.48.19:255][ 95]LogModuleManager: Shutting down and abandoning module SessionServices (504)
[2021.12.07-17.48.19:255][ 95]LogModuleManager: Shutting down and abandoning module MovieSceneCapture (502)
[2021.12.07-17.48.19:255][ 95]LogModuleManager: Shutting down and abandoning module LiveCoding (500)
[2021.12.07-17.48.19:256][ 95]LogModuleManager: Shutting down and abandoning module LevelSequence (498)
[2021.12.07-17.48.19:256][ 95]LogModuleManager: Shutting down and abandoning module MovieSceneTracks (496)
[2021.12.07-17.48.19:256][ 95]LogModuleManager: Shutting down and abandoning module MovieScene (494)
[2021.12.07-17.48.19:256][ 95]LogModuleManager: Shutting down and abandoning module StreamingPauseRendering (492)
[2021.12.07-17.48.19:256][ 95]LogModuleManager: Shutting down and abandoning module PortalServices (490)
[2021.12.07-17.48.19:257][ 95]LogModuleManager: Shutting down and abandoning module PortalRpc (488)
[2021.12.07-17.48.19:257][ 95]LogModuleManager: Shutting down and abandoning module MessagingRpc (486)
[2021.12.07-17.48.19:257][ 95]LogModuleManager: Shutting down and abandoning module AudioMixerXAudio2 (484)
[2021.12.07-17.48.19:257][ 95]LogModuleManager: Shutting down and abandoning module AudioMixerCore (483)
[2021.12.07-17.48.19:257][ 95]LogModuleManager: Shutting down and abandoning module ImageWriteQueue (480)
[2021.12.07-17.48.19:260][ 95]LogModuleManager: Shutting down and abandoning module ProfilerService (478)
[2021.12.07-17.48.19:306][ 95]LogModuleManager: Shutting down and abandoning module TaskGraph (476)
[2021.12.07-17.48.19:307][ 95]LogModuleManager: Shutting down and abandoning module OculusInput (474)
[2021.12.07-17.48.19:307][ 95]LogModuleManager: Shutting down and abandoning module Synthesis (472)
[2021.12.07-17.48.19:308][ 95]LogModuleManager: Shutting down and abandoning module ProceduralMeshComponent (470)
[2021.12.07-17.48.19:308][ 95]LogModuleManager: Shutting down and abandoning module TakeMovieScene (468)
[2021.12.07-17.48.19:308][ 95]LogModuleManager: Shutting down and abandoning module MobilePatchingUtils (466)
[2021.12.07-17.48.19:308][ 95]LogModuleManager: Shutting down and abandoning module GooglePAD (464)
[2021.12.07-17.48.19:308][ 95]LogModuleManager: Shutting down and abandoning module EditableMesh (462)
[2021.12.07-17.48.19:309][ 95]LogModuleManager: Shutting down and abandoning module CustomMeshComponent (460)
[2021.12.07-17.48.19:309][ 95]LogModuleManager: Shutting down and abandoning module CableComponent (458)
[2021.12.07-17.48.19:309][ 95]LogModuleManager: Shutting down and abandoning module AudioCapture (456)
[2021.12.07-17.48.19:309][ 95]LogModuleManager: Shutting down and abandoning module AudioCaptureRtAudio (455)
[2021.12.07-17.48.19:309][ 95]LogModuleManager: Shutting down and abandoning module AssetTags (452)
[2021.12.07-17.48.19:309][ 95]LogModuleManager: Shutting down and abandoning module ArchVisCharacter (450)
[2021.12.07-17.48.19:309][ 95]LogModuleManager: Shutting down and abandoning module AppleImageUtilsBlueprintSupport (448)
[2021.12.07-17.48.19:309][ 95]LogModuleManager: Shutting down and abandoning module AppleImageUtils (446)
[2021.12.07-17.48.19:309][ 95]LogModuleManager: Shutting down and abandoning module AndroidPermission (444)
[2021.12.07-17.48.19:309][ 95]LogModuleManager: Shutting down and abandoning module ActorLayerUtilities (442)
[2021.12.07-17.48.19:309][ 95]LogModuleManager: Shutting down and abandoning module TemplateSequence (440)
[2021.12.07-17.48.19:310][ 95]LogModuleManager: Shutting down and abandoning module MagicLeapSharedWorld (438)
[2021.12.07-17.48.19:310][ 95]LogModuleManager: Shutting down and abandoning module MagicLeapLightEstimation (436)
[2021.12.07-17.48.19:310][ 95]LogModuleManager: Shutting down and abandoning module MagicLeapHelperVulkan (434)
[2021.12.07-17.48.19:310][ 95]LogModuleManager: Shutting down and abandoning module MagicLeapHelperOpenGL (432)
[2021.12.07-17.48.19:310][ 95]LogModuleManager: Shutting down and abandoning module MagicLeapAudio (430)
[2021.12.07-17.48.19:310][ 95]LogModuleManager: Shutting down and abandoning module OpenImageDenoise (428)
[2021.12.07-17.48.19:310][ 95]LogOpenImageDenoise: OIDN shutting down
[2021.12.07-17.48.19:310][ 95]LogModuleManager: Shutting down and abandoning module MotoSynth (426)
[2021.12.07-17.48.19:310][ 95]LogModuleManager: Shutting down and abandoning module MeshConversion (424)
[2021.12.07-17.48.19:310][ 95]LogModuleManager: Shutting down and abandoning module DynamicMesh (422)
[2021.12.07-17.48.19:311][ 95]LogModuleManager: Shutting down and abandoning module GeometryAlgorithms (420)
[2021.12.07-17.48.19:311][ 95]LogModuleManager: Shutting down and abandoning module GeometricObjects (418)
[2021.12.07-17.48.19:312][ 95]LogModuleManager: Shutting down and abandoning module MediaCompositing (416)
[2021.12.07-17.48.19:312][ 95]LogModuleManager: Shutting down and abandoning module ImgMedia (414)
[2021.12.07-17.48.19:312][ 95]LogModuleManager: Shutting down and abandoning module VisualStudioSourceCodeAccess (412)
[2021.12.07-17.48.19:312][ 95]LogModuleManager: Shutting down and abandoning module HotReload (411)
[2021.12.07-17.48.19:313][ 95]LogModuleManager: Shutting down and abandoning module VisualStudioCodeSourceCodeAccess (408)
[2021.12.07-17.48.19:313][ 95]LogModuleManager: Shutting down and abandoning module UObjectPlugin (406)
[2021.12.07-17.48.19:313][ 95]LogModuleManager: Shutting down and abandoning module SubversionSourceControl (404)
[2021.12.07-17.48.19:314][ 95]LogModuleManager: Shutting down and abandoning module PerforceSourceControl (402)
[2021.12.07-17.48.19:315][ 95]LogModuleManager: Shutting down and abandoning module SourceControl (401)
[2021.12.07-17.48.19:315][ 95]LogModuleManager: Shutting down and abandoning module GeometryCollectionTracks (398)
[2021.12.07-17.48.19:315][ 95]LogModuleManager: Shutting down and abandoning module GeometryCollectionSequencer (397)
[2021.12.07-17.48.19:316][ 95]LogModuleManager: Shutting down and abandoning module GeometryCacheTracks (394)
[2021.12.07-17.48.19:316][ 95]LogModuleManager: Shutting down and abandoning module GeometryCacheSequencer (393)
[2021.12.07-17.48.19:316][ 95]LogModuleManager: Shutting down and abandoning module GeometryCache (390)
[2021.12.07-17.48.19:316][ 95]LogModuleManager: Shutting down and abandoning module GeometryCacheEd (389)
[2021.12.07-17.48.19:316][ 95]LogModuleManager: Shutting down and abandoning module CLionSourceCodeAccess (386)
[2021.12.07-17.48.19:316][ 95]LogModuleManager: Shutting down and abandoning module ChaosNiagara (384)
[2021.12.07-17.48.19:316][ 95]LogModuleManager: Shutting down and abandoning module FieldSystemEngine (383)
[2021.12.07-17.48.19:316][ 95]LogModuleManager: Shutting down and abandoning module BackChannel (380)
[2021.12.07-17.48.19:317][ 95]LogModuleManager: Shutting down and abandoning module AutomationUtils (378)
[2021.12.07-17.48.19:317][ 95]LogModuleManager: Shutting down and abandoning module OodleNetworkHandlerComponent (376)
[2021.12.07-17.48.19:317][ 95]LogModuleManager: Shutting down and abandoning module LiveLinkSequencer (374)
[2021.12.07-17.48.19:317][ 95]LogModuleManager: Shutting down and abandoning module LiveLinkMovieScene (372)
[2021.12.07-17.48.19:317][ 95]LogModuleManager: Shutting down and abandoning module LiveLinkGraphNode (370)
[2021.12.07-17.48.19:317][ 95]LogModuleManager: Shutting down and abandoning module LiveLinkComponents (368)
[2021.12.07-17.48.19:317][ 95]LogModuleManager: Shutting down and abandoning module LiveLink (366)
