Log file open, 12/07/21 10:01:01
LogWindows: Failed to load 'aqProf.dll' (GetLastError=126)
LogWindows: File 'aqProf.dll' does not exist
LogWindows: Failed to load 'VtuneApi.dll' (GetLastError=126)
LogWindows: File 'VtuneApi.dll' does not exist
LogWindows: Failed to load 'VtuneApi32e.dll' (GetLastError=126)
LogWindows: File 'VtuneApi32e.dll' does not exist
LogConsoleResponse: Display: Failed to find resolution value strings in scalability ini. Falling back to default.
LogConsoleResponse: Display: Failed to find resolution value strings in scalability ini. Falling back to default.
LogInit: Display: Running engine for game: ThomasAdvanture
LogPlatformFile: Not using cached read wrapper
LogTaskGraph: Started task graph with 5 named threads and 35 total threads with 3 sets of task threads.
LogStats: Stats thread started at 0.384981
LogICUInternationalization: ICU TimeZone Detection - Raw Offset: -8:00, Platform Override: ''
LogInit: Display: Loading text-based GConfig....
LogPluginManager: Mounting plugin MeshPainting
LogPluginManager: Mounting plugin XGEController
LogPluginManager: Mounting plugin Paper2D
LogPluginManager: Mounting plugin LiveLink
LogPluginManager: Mounting plugin AISupport
LogPluginManager: Mounting plugin EnvironmentQueryEditor
LogPluginManager: Mounting plugin LightPropagationVolume
LogPluginManager: Mounting plugin GameplayCameras
LogPluginManager: Mounting plugin CameraShakePreviewer
LogPluginManager: Mounting plugin OodleData
LogPluginManager: Mounting plugin OodleNetwork
LogPluginManager: Mounting plugin DatasmithContent
LogPluginManager: Mounting plugin VariantManagerContent
LogPluginManager: Mounting plugin AssetManagerEditor
LogPluginManager: Mounting plugin CryptoKeys
LogPluginManager: Mounting plugin CurveEditorTools
LogPluginManager: Mounting plugin DataValidation
LogPluginManager: Mounting plugin FacialAnimation
LogPluginManager: Mounting plugin GameplayTagsEditor
LogPluginManager: Mounting plugin GeometryMode
LogPluginManager: Mounting plugin MacGraphicsSwitching
LogPluginManager: Mounting plugin MaterialAnalyzer
LogPluginManager: Mounting plugin MobileLauncherProfileWizard
LogPluginManager: Mounting plugin SpeedTreeImporter
LogPluginManager: Mounting plugin AnimationSharing
LogPluginManager: Mounting plugin CLionSourceCodeAccess
LogPluginManager: Mounting plugin GitSourceControl
LogPluginManager: Mounting plugin NullSourceCodeAccess
LogPluginManager: Mounting plugin KDevelopSourceCodeAccess
LogPluginManager: Mounting plugin PixWinPlugin
LogPluginManager: Mounting plugin PlasticSourceControl
LogPluginManager: Mounting plugin PluginUtils
LogPluginManager: Mounting plugin RiderSourceCodeAccess
LogPluginManager: Mounting plugin PropertyAccessNode
LogPluginManager: Mounting plugin SubversionSourceControl
LogPluginManager: Mounting plugin TextureFormatOodle
LogPluginManager: Mounting plugin UObjectPlugin
LogPluginManager: Mounting plugin PerforceSourceControl
LogPluginManager: Mounting plugin VisualStudioCodeSourceCodeAccess
LogPluginManager: Mounting plugin VisualStudioSourceCodeAccess
LogPluginManager: Mounting plugin XCodeSourceCodeAccess
LogPluginManager: Mounting plugin AlembicImporter
LogPluginManager: Mounting plugin AutomationUtils
LogPluginManager: Mounting plugin BackChannel
LogPluginManager: Mounting plugin ChaosClothEditor
LogPluginManager: Mounting plugin ChaosEditor
LogPluginManager: Mounting plugin ChaosCloth
LogPluginManager: Mounting plugin ChaosSolverPlugin
LogPluginManager: Mounting plugin CharacterAI
LogPluginManager: Mounting plugin GeometryCache
LogPluginManager: Mounting plugin GeometryCollectionPlugin
LogPluginManager: Mounting plugin Niagara
LogPluginManager: Mounting plugin GeometryProcessing
LogPluginManager: Mounting plugin PluginBrowser
LogPluginManager: Mounting plugin OpenImageDenoise
LogPluginManager: Mounting plugin CodeLiteSourceCodeAccess
LogPluginManager: Mounting plugin PlatformCrypto
LogPluginManager: Mounting plugin PythonScriptPlugin
LogPluginManager: Mounting plugin ProxyLODPlugin
LogPluginManager: Mounting plugin ChaosNiagara
LogPluginManager: Mounting plugin SkeletalReduction
LogPluginManager: Mounting plugin MotoSynth
LogPluginManager: Mounting plugin AvfMedia
LogPluginManager: Mounting plugin ImgMedia
LogPluginManager: Mounting plugin MediaCompositing
LogPluginManager: Mounting plugin MediaPlayerEditor
LogPluginManager: Mounting plugin WebMMedia
LogPluginManager: Mounting plugin WmfMedia
LogPluginManager: Mounting plugin LuminPlatformFeatures
LogPluginManager: Mounting plugin MagicLeap
LogPluginManager: Mounting plugin TcpMessaging
LogPluginManager: Mounting plugin UdpMessaging
LogPluginManager: Mounting plugin ActorSequence
LogPluginManager: Mounting plugin LevelSequenceEditor
LogPluginManager: Mounting plugin AndroidMedia
LogPluginManager: Mounting plugin MatineeToLevelSequence
LogPluginManager: Mounting plugin OnlineSubsystem
LogPluginManager: Mounting plugin OnlineSubsystemNull
LogPluginManager: Mounting plugin OnlineSubsystemUtils
LogPluginManager: Mounting plugin LauncherChunkInstaller
LogPluginManager: Mounting plugin ActorLayerUtilities
LogPluginManager: Mounting plugin AndroidDeviceProfileSelector
LogPluginManager: Mounting plugin AndroidMoviePlayer
LogPluginManager: Mounting plugin AndroidPermission
LogPluginManager: Mounting plugin AppleImageUtils
LogPluginManager: Mounting plugin AppleMoviePlayer
LogPluginManager: Mounting plugin ArchVisCharacter
LogPluginManager: Mounting plugin AssetTags
LogPluginManager: Mounting plugin AudioCapture
LogPluginManager: Mounting plugin AudioSynesthesia
LogPluginManager: Mounting plugin CableComponent
LogPluginManager: Mounting plugin ChunkDownloader
LogPluginManager: Mounting plugin CustomMeshComponent
LogPluginManager: Mounting plugin EditableMesh
LogPluginManager: Mounting plugin ExampleDeviceProfileSelector
LogPluginManager: Mounting plugin GoogleCloudMessaging
LogPluginManager: Mounting plugin PlanarCut
LogPluginManager: Mounting plugin GooglePAD
LogPluginManager: Mounting plugin IOSDeviceProfileSelector
LogPluginManager: Mounting plugin LinuxDeviceProfileSelector
LogPluginManager: Mounting plugin MagicLeapLightEstimation
LogPluginManager: Mounting plugin LocationServicesBPLibrary
LogPluginManager: Mounting plugin MagicLeapMedia
LogPluginManager: Mounting plugin MagicLeapPassableWorld
LogPluginManager: Mounting plugin MobilePatchingUtils
LogPluginManager: Mounting plugin MLSDK
LogPluginManager: Mounting plugin OpenXRHandTracking
LogPluginManager: Mounting plugin PhysXVehicles
LogPluginManager: Mounting plugin OpenXR
LogPluginManager: Mounting plugin OpenXREyeTracker
LogPluginManager: Mounting plugin PostSplashScreen
LogPluginManager: Mounting plugin PropertyAccessEditor
LogPluginManager: Mounting plugin ProceduralMeshComponent
LogPluginManager: Mounting plugin RuntimePhysXCooking
LogPluginManager: Mounting plugin SignificanceManager
LogPluginManager: Mounting plugin SoundFields
LogPluginManager: Mounting plugin Synthesis
LogPluginManager: Mounting plugin WebMMoviePlayer
LogPluginManager: Mounting plugin WindowsMoviePlayer
LogPluginManager: Mounting plugin ScreenshotTools
LogPluginManager: Mounting plugin TemplateSequence
LogPluginManager: Mounting plugin Takes
LogPluginManager: Mounting plugin ContentBrowserClassDataSource
LogPluginManager: Mounting plugin ContentBrowserFileDataSource
LogPluginManager: Mounting plugin ContentBrowserAssetDataSource
LogPluginManager: Mounting plugin OnlineSubsystemGooglePlay
LogPluginManager: Mounting plugin OculusVR
LogPluginManager: Mounting plugin SteamVR
LogPluginManager: Mounting plugin OnlineSubsystemIOS
PixWinPlugin: PIX capture plugin failed to initialize! Check that the process is launched from PIX.
LogInit: Using libcurl 7.55.1-DEV
LogInit:  - built for x86_64-pc-win32
LogInit:  - supports SSL with OpenSSL/1.1.1
LogInit:  - supports HTTP deflate (compression) using libz 1.2.8
LogInit:  - other features:
LogInit:      CURL_VERSION_SSL
LogInit:      CURL_VERSION_LIBZ
LogInit:      CURL_VERSION_IPV6
LogInit:      CURL_VERSION_ASYNCHDNS
LogInit:      CURL_VERSION_LARGEFILE
LogInit:      CURL_VERSION_IDN
LogInit:  CurlRequestOptions (configurable via config and command line):
LogInit:  - bVerifyPeer = true  - Libcurl will verify peer certificate
LogInit:  - bUseHttpProxy = false  - Libcurl will NOT use HTTP proxy
LogInit:  - bDontReuseConnections = false  - Libcurl will reuse connections
LogInit:  - MaxHostConnections = 16  - Libcurl will limit the number of connections to a host
LogInit:  - LocalHostAddr = Default
LogInit:  - BufferSize = 65536
LogOnline: OSS: Creating online subsystem instance for: NULL
LogInit: WinSock: version 1.1 (2.2), MaxSocks=32767, MaxUdp=65467
LogOnline: OSS: TryLoadSubsystemAndSetDefault: Loaded subsystem for module [NULL]
LogOculusPluginWrapper: OculusPlugin initialized successfully
LogHMD: Failed initializing OVRPlugin 1.59.0
LogInit: Build: ++UE4+Release-4.27-CL-17735300
LogInit: Engine Version: 4.27.1-17735300+++UE4+Release-4.27
LogInit: Compatible Engine Version: 4.27.0-17155196+++UE4+Release-4.27
LogInit: Net CL: 17155196
LogInit: OS: Windows 10 (Release 2009) (), CPU: Intel(R) Core(TM) i5-10500H CPU @ 2.50GHz, GPU: Intel(R) UHD Graphics
LogInit: Compiled (64-bit): Oct  6 2021 14:42:51
LogInit: Compiled with Visual C++: 19.24.28315.00
LogInit: Build Configuration: Development
LogInit: Branch Name: ++UE4+Release-4.27
LogInit: Command Line:  /Game/MapsForGame/Yujia/CarScene_BlockOut10_Map -game -PIEVIACONSOLE -Multiprocess GameUserSettingsINI=C:/Users/garre/OneDrive/Documents/GitHub/Gridlock/Saved/Config/Windows/PIEGameUserSettings0.ini -MultiprocessSaveConfig -forcepassthrough -messaging -SessionName="Play in Standalone Game" -windowed -WinX=663 -WinY=79 SAVEWINPOS=1 -ResX=1223 -ResY=908
LogInit: Base Directory: C:/Program Files/Epic Games/UE_4.27/Engine/Binaries/Win64/
LogInit: Allocator: TBB
LogInit: Installed Engine Build: 1
LogDevObjectVersion: Number of dev versions registered: 29
LogDevObjectVersion:   Dev-Blueprints (B0D832E4-1F89-4F0D-ACCF-7EB736FD4AA2): 10
LogDevObjectVersion:   Dev-Build (E1C64328-A22C-4D53-A36C-8E866417BD8C): 0
LogDevObjectVersion:   Dev-Core (375EC13C-06E4-48FB-B500-84F0262A717E): 4
LogDevObjectVersion:   Dev-Editor (E4B068ED-F494-42E9-A231-DA0B2E46BB41): 40
LogDevObjectVersion:   Dev-Framework (CFFC743F-43B0-4480-9391-14DF171D2073): 37
LogDevObjectVersion:   Dev-Mobile (B02B49B5-BB20-44E9-A304-32B752E40360): 3
LogDevObjectVersion:   Dev-Networking (A4E4105C-59A1-49B5-A7C5-40C4547EDFEE): 0
LogDevObjectVersion:   Dev-Online (39C831C9-5AE6-47DC-9A44-9C173E1C8E7C): 0
LogDevObjectVersion:   Dev-Physics (78F01B33-EBEA-4F98-B9B4-84EACCB95AA2): 14
LogDevObjectVersion:   Dev-Platform (6631380F-2D4D-43E0-8009-CF276956A95A): 0
LogDevObjectVersion:   Dev-Rendering (12F88B9F-8875-4AFC-A67C-D90C383ABD29): 45
LogDevObjectVersion:   Dev-Sequencer (7B5AE74C-D270-4C10-A958-57980B212A5A): 13
LogDevObjectVersion:   Dev-VR (D7296918-1DD6-4BDD-9DE2-64A83CC13884): 3
LogDevObjectVersion:   Dev-LoadTimes (C2A15278-BFE7-4AFE-6C17-90FF531DF755): 1
LogDevObjectVersion:   Private-Geometry (6EACA3D4-40EC-4CC1-B786-8BED09428FC5): 3
LogDevObjectVersion:   Dev-AnimPhys (29E575DD-E0A3-4627-9D10-D276232CDCEA): 17
LogDevObjectVersion:   Dev-Anim (AF43A65D-7FD3-4947-9873-3E8ED9C1BB05): 15
LogDevObjectVersion:   Dev-ReflectionCapture (6B266CEC-1EC7-4B8F-A30B-E4D90942FC07): 1
LogDevObjectVersion:   Dev-Automation (0DF73D61-A23F-47EA-B727-89E90C41499A): 1
LogDevObjectVersion:   FortniteMain (601D1886-AC64-4F84-AA16-D3DE0DEAC7D6): 47
LogDevObjectVersion:   FortniteRelease (E7086368-6B23-4C58-8439-1B7016265E91): 1
LogDevObjectVersion:   Dev-Enterprise (9DFFBCD6-494F-0158-E221-12823C92A888): 10
LogDevObjectVersion:   Dev-Niagara (F2AED0AC-9AFE-416F-8664-AA7FFA26D6FC): 1
LogDevObjectVersion:   Dev-Destruction (174F1F0B-B4C6-45A5-B13F-2EE8D0FB917D): 10
LogDevObjectVersion:   Dev-Physics-Ext (35F94A83-E258-406C-A318-09F59610247C): 41
LogDevObjectVersion:   Dev-PhysicsMaterial-Chaos (B68FC16E-8B1B-42E2-B453-215C058844FE): 1
LogDevObjectVersion:   Dev-CineCamera (B2E18506-4273-CFC2-A54E-F4BB758BBA07): 1
LogDevObjectVersion:   Dev-VirtualProduction (64F58936-FD1B-42BA-BA96-7289D5D0FA4E): 1
LogDevObjectVersion:   Dev-MediaFramework (6F0ED827-A609-4895-9C91-998D90180EA4): 2
LogInit: Presizing for max 25165824 objects, including 0 objects not considered by GC, pre-allocating 0 bytes for permanent pool.
LogConfig: Applying CVar settings from Section [/Script/Engine.StreamingSettings] File [C:/Users/garre/OneDrive/Documents/GitHub/Gridlock/Saved/Config/Windows/Engine.ini]
LogConfig: Setting CVar [[s.MinBulkDataSizeForAsyncLoading:131072]]
LogConfig: Setting CVar [[s.AsyncLoadingThreadEnabled:0]]
LogConfig: Setting CVar [[s.EventDrivenLoaderEnabled:1]]
LogConfig: Setting CVar [[s.WarnIfTimeLimitExceeded:0]]
LogConfig: Setting CVar [[s.TimeLimitExceededMultiplier:1.5]]
LogConfig: Setting CVar [[s.TimeLimitExceededMinTime:0.005]]
LogConfig: Setting CVar [[s.UseBackgroundLevelStreaming:1]]
LogConfig: Setting CVar [[s.PriorityAsyncLoadingExtraTime:15.0]]
LogConfig: Setting CVar [[s.LevelStreamingActorsUpdateTimeLimit:5.0]]
LogConfig: Setting CVar [[s.PriorityLevelStreamingActorsUpdateExtraTime:5.0]]
LogConfig: Setting CVar [[s.LevelStreamingComponentsRegistrationGranularity:10]]
LogConfig: Setting CVar [[s.UnregisterComponentsTimeLimit:1.0]]
LogConfig: Setting CVar [[s.LevelStreamingComponentsUnregistrationGranularity:5]]
LogConfig: Setting CVar [[s.FlushStreamingOnExit:1]]
LogInit: Object subsystem initialized
LogConfig: Setting CVar [[con.DebugEarlyDefault:1]]
LogConfig: Setting CVar [[r.setres:1280x720]]
[2021.12.07-18.01.02:752][  0]LogConfig: Setting CVar [[con.DebugEarlyDefault:1]]
[2021.12.07-18.01.02:752][  0]LogConfig: Setting CVar [[r.setres:1280x720]]
[2021.12.07-18.01.02:752][  0]LogConfig: Applying CVar settings from Section [/Script/Engine.RendererSettings] File [C:/Users/garre/OneDrive/Documents/GitHub/Gridlock/Saved/Config/Windows/Engine.ini]
[2021.12.07-18.01.02:752][  0]LogConfig: Setting CVar [[r.GPUCrashDebugging:0]]
[2021.12.07-18.01.02:752][  0]LogConfig: Applying CVar settings from Section [/Script/Engine.RendererOverrideSettings] File [C:/Users/garre/OneDrive/Documents/GitHub/Gridlock/Saved/Config/Windows/Engine.ini]
[2021.12.07-18.01.02:752][  0]LogConfig: Applying CVar settings from Section [/Script/Engine.StreamingSettings] File [C:/Users/garre/OneDrive/Documents/GitHub/Gridlock/Saved/Config/Windows/Engine.ini]
[2021.12.07-18.01.02:752][  0]LogConfig: Setting CVar [[s.MinBulkDataSizeForAsyncLoading:131072]]
[2021.12.07-18.01.02:752][  0]LogConfig: Setting CVar [[s.AsyncLoadingThreadEnabled:0]]
[2021.12.07-18.01.02:752][  0]LogConfig: Setting CVar [[s.EventDrivenLoaderEnabled:1]]
[2021.12.07-18.01.02:752][  0]LogConfig: Setting CVar [[s.WarnIfTimeLimitExceeded:0]]
[2021.12.07-18.01.02:752][  0]LogConfig: Setting CVar [[s.TimeLimitExceededMultiplier:1.5]]
[2021.12.07-18.01.02:752][  0]LogConfig: Setting CVar [[s.TimeLimitExceededMinTime:0.005]]
[2021.12.07-18.01.02:752][  0]LogConfig: Setting CVar [[s.UseBackgroundLevelStreaming:1]]
[2021.12.07-18.01.02:752][  0]LogConfig: Setting CVar [[s.PriorityAsyncLoadingExtraTime:15.0]]
[2021.12.07-18.01.02:752][  0]LogConfig: Setting CVar [[s.LevelStreamingActorsUpdateTimeLimit:5.0]]
[2021.12.07-18.01.02:752][  0]LogConfig: Setting CVar [[s.PriorityLevelStreamingActorsUpdateExtraTime:5.0]]
[2021.12.07-18.01.02:752][  0]LogConfig: Setting CVar [[s.LevelStreamingComponentsRegistrationGranularity:10]]
[2021.12.07-18.01.02:752][  0]LogConfig: Setting CVar [[s.UnregisterComponentsTimeLimit:1.0]]
[2021.12.07-18.01.02:752][  0]LogConfig: Setting CVar [[s.LevelStreamingComponentsUnregistrationGranularity:5]]
[2021.12.07-18.01.02:752][  0]LogConfig: Setting CVar [[s.FlushStreamingOnExit:1]]
[2021.12.07-18.01.02:752][  0]LogConfig: Applying CVar settings from Section [/Script/Engine.GarbageCollectionSettings] File [C:/Users/garre/OneDrive/Documents/GitHub/Gridlock/Saved/Config/Windows/Engine.ini]
[2021.12.07-18.01.02:752][  0]LogConfig: Setting CVar [[gc.MaxObjectsNotConsideredByGC:1]]
[2021.12.07-18.01.02:752][  0]LogConfig: Setting CVar [[gc.SizeOfPermanentObjectPool:0]]
[2021.12.07-18.01.02:752][  0]LogConfig: Setting CVar [[gc.FlushStreamingOnGC:0]]
[2021.12.07-18.01.02:752][  0]LogConfig: Setting CVar [[gc.NumRetriesBeforeForcingGC:10]]
[2021.12.07-18.01.02:752][  0]LogConfig: Setting CVar [[gc.AllowParallelGC:1]]
[2021.12.07-18.01.02:752][  0]LogConfig: Setting CVar [[gc.TimeBetweenPurgingPendingKillObjects:61.1]]
[2021.12.07-18.01.02:752][  0]LogConfig: Setting CVar [[gc.MaxObjectsInEditor:25165824]]
[2021.12.07-18.01.02:752][  0]LogConfig: Setting CVar [[gc.IncrementalBeginDestroyEnabled:1]]
[2021.12.07-18.01.02:752][  0]LogConfig: Setting CVar [[gc.CreateGCClusters:1]]
[2021.12.07-18.01.02:752][  0]LogConfig: Setting CVar [[gc.MinGCClusterSize:5]]
[2021.12.07-18.01.02:752][  0]LogConfig: Setting CVar [[gc.ActorClusteringEnabled:0]]
[2021.12.07-18.01.02:752][  0]LogConfig: Setting CVar [[gc.BlueprintClusteringEnabled:0]]
[2021.12.07-18.01.02:752][  0]LogConfig: Setting CVar [[gc.UseDisregardForGCOnDedicatedServers:0]]
[2021.12.07-18.01.02:752][  0]LogConfig: Setting CVar [[gc.MultithreadedDestructionEnabled:1]]
[2021.12.07-18.01.02:752][  0]LogConfig: Applying CVar settings from Section [/Script/Engine.NetworkSettings] File [C:/Users/garre/OneDrive/Documents/GitHub/Gridlock/Saved/Config/Windows/Engine.ini]
[2021.12.07-18.01.02:752][  0]LogConfig: Applying CVar settings from Section [/Script/UnrealEd.CookerSettings] File [C:/Users/garre/OneDrive/Documents/GitHub/Gridlock/Saved/Config/Windows/Engine.ini]
[2021.12.07-18.01.02:769][  0]LogConfig: Applying CVar settings from Section [ViewDistanceQuality@3] File [C:/Users/garre/OneDrive/Documents/GitHub/Gridlock/Saved/Config/Windows/Scalability.ini]
[2021.12.07-18.01.02:769][  0]LogConfig: Setting CVar [[r.SkeletalMeshLODBias:0]]
[2021.12.07-18.01.02:769][  0]LogConfig: Setting CVar [[r.ViewDistanceScale:1.0]]
[2021.12.07-18.01.02:769][  0]LogConfig: Applying CVar settings from Section [AntiAliasingQuality@3] File [C:/Users/garre/OneDrive/Documents/GitHub/Gridlock/Saved/Config/Windows/Scalability.ini]
[2021.12.07-18.01.02:769][  0]LogConfig: Setting CVar [[r.PostProcessAAQuality:4]]
[2021.12.07-18.01.02:769][  0]LogConfig: Applying CVar settings from Section [ShadowQuality@3] File [C:/Users/garre/OneDrive/Documents/GitHub/Gridlock/Saved/Config/Windows/Scalability.ini]
[2021.12.07-18.01.02:769][  0]LogConfig: Setting CVar [[r.LightFunctionQuality:1]]
[2021.12.07-18.01.02:769][  0]LogConfig: Setting CVar [[r.ShadowQuality:5]]
[2021.12.07-18.01.02:769][  0]LogConfig: Setting CVar [[r.Shadow.CSM.MaxCascades:10]]
[2021.12.07-18.01.02:769][  0]LogConfig: Setting CVar [[r.Shadow.MaxResolution:2048]]
[2021.12.07-18.01.02:769][  0]LogConfig: Setting CVar [[r.Shadow.MaxCSMResolution:2048]]
[2021.12.07-18.01.02:769][  0]LogConfig: Setting CVar [[r.Shadow.RadiusThreshold:0.01]]
[2021.12.07-18.01.02:769][  0]LogConfig: Setting CVar [[r.Shadow.DistanceScale:1.0]]
[2021.12.07-18.01.02:769][  0]LogConfig: Setting CVar [[r.Shadow.CSM.TransitionScale:1.0]]
[2021.12.07-18.01.02:769][  0]LogConfig: Setting CVar [[r.Shadow.PreShadowResolutionFactor:1.0]]
[2021.12.07-18.01.02:769][  0]LogConfig: Setting CVar [[r.DistanceFieldShadowing:1]]
[2021.12.07-18.01.02:769][  0]LogConfig: Setting CVar [[r.DistanceFieldAO:1]]
[2021.12.07-18.01.02:769][  0]LogConfig: Setting CVar [[r.AOQuality:2]]
[2021.12.07-18.01.02:769][  0]LogConfig: Setting CVar [[r.VolumetricFog:1]]
[2021.12.07-18.01.02:769][  0]LogConfig: Setting CVar [[r.VolumetricFog.GridPixelSize:8]]
[2021.12.07-18.01.02:769][  0]LogConfig: Setting CVar [[r.VolumetricFog.GridSizeZ:128]]
[2021.12.07-18.01.02:769][  0]LogConfig: Setting CVar [[r.VolumetricFog.HistoryMissSupersampleCount:4]]
[2021.12.07-18.01.02:769][  0]LogConfig: Setting CVar [[r.LightMaxDrawDistanceScale:1]]
[2021.12.07-18.01.02:769][  0]LogConfig: Setting CVar [[r.CapsuleShadows:1]]
[2021.12.07-18.01.02:769][  0]LogConfig: Applying CVar settings from Section [PostProcessQuality@3] File [C:/Users/garre/OneDrive/Documents/GitHub/Gridlock/Saved/Config/Windows/Scalability.ini]
[2021.12.07-18.01.02:769][  0]LogConfig: Setting CVar [[r.MotionBlurQuality:4]]
[2021.12.07-18.01.02:769][  0]LogConfig: Setting CVar [[r.AmbientOcclusionMipLevelFactor:0.4]]
[2021.12.07-18.01.02:769][  0]LogConfig: Setting CVar [[r.AmbientOcclusionMaxQuality:100]]
[2021.12.07-18.01.02:769][  0]LogConfig: Setting CVar [[r.AmbientOcclusionLevels:-1]]
[2021.12.07-18.01.02:769][  0]LogConfig: Setting CVar [[r.AmbientOcclusionRadiusScale:1.0]]
[2021.12.07-18.01.02:769][  0]LogConfig: Setting CVar [[r.DepthOfFieldQuality:2]]
[2021.12.07-18.01.02:769][  0]LogConfig: Setting CVar [[r.RenderTargetPoolMin:400]]
[2021.12.07-18.01.02:769][  0]LogConfig: Setting CVar [[r.LensFlareQuality:2]]
[2021.12.07-18.01.02:769][  0]LogConfig: Setting CVar [[r.SceneColorFringeQuality:1]]
[2021.12.07-18.01.02:769][  0]LogConfig: Setting CVar [[r.EyeAdaptationQuality:2]]
[2021.12.07-18.01.02:769][  0]LogConfig: Setting CVar [[r.BloomQuality:5]]
[2021.12.07-18.01.02:769][  0]LogConfig: Setting CVar [[r.FastBlurThreshold:100]]
[2021.12.07-18.01.02:769][  0]LogConfig: Setting CVar [[r.Upscale.Quality:3]]
[2021.12.07-18.01.02:769][  0]LogConfig: Setting CVar [[r.Tonemapper.GrainQuantization:1]]
[2021.12.07-18.01.02:769][  0]LogConfig: Setting CVar [[r.LightShaftQuality:1]]
[2021.12.07-18.01.02:769][  0]LogConfig: Setting CVar [[r.Filter.SizeScale:1]]
[2021.12.07-18.01.02:769][  0]LogConfig: Setting CVar [[r.Tonemapper.Quality:5]]
[2021.12.07-18.01.02:769][  0]LogConfig: Setting CVar [[r.DOF.Gather.AccumulatorQuality:1        ; higher gathering accumulator quality]]
[2021.12.07-18.01.02:769][  0]LogConfig: Setting CVar [[r.DOF.Gather.PostfilterMethod:1          ; Median3x3 postfilering method]]
[2021.12.07-18.01.02:769][  0]LogConfig: Setting CVar [[r.DOF.Gather.EnableBokehSettings:0       ; no bokeh simulation when gathering]]
[2021.12.07-18.01.02:769][  0]LogConfig: Setting CVar [[r.DOF.Gather.RingCount:4                 ; medium number of samples when gathering]]
[2021.12.07-18.01.02:769][  0]LogConfig: Setting CVar [[r.DOF.Scatter.ForegroundCompositing:1    ; additive foreground scattering]]
[2021.12.07-18.01.02:769][  0]LogConfig: Setting CVar [[r.DOF.Scatter.BackgroundCompositing:2    ; additive background scattering]]
[2021.12.07-18.01.02:769][  0]LogConfig: Setting CVar [[r.DOF.Scatter.EnableBokehSettings:1      ; bokeh simulation when scattering]]
[2021.12.07-18.01.02:769][  0]LogConfig: Setting CVar [[r.DOF.Scatter.MaxSpriteRatio:0.1         ; only a maximum of 10% of scattered bokeh]]
[2021.12.07-18.01.02:769][  0]LogConfig: Setting CVar [[r.DOF.Recombine.Quality:1                ; cheap slight out of focus]]
[2021.12.07-18.01.02:769][  0]LogConfig: Setting CVar [[r.DOF.Recombine.EnableBokehSettings:0    ; no bokeh simulation on slight out of focus]]
[2021.12.07-18.01.02:769][  0]LogConfig: Setting CVar [[r.DOF.TemporalAAQuality:1                ; more stable temporal accumulation]]
[2021.12.07-18.01.02:769][  0]LogConfig: Setting CVar [[r.DOF.Kernel.MaxForegroundRadius:0.025]]
[2021.12.07-18.01.02:769][  0]LogConfig: Setting CVar [[r.DOF.Kernel.MaxBackgroundRadius:0.025]]
[2021.12.07-18.01.02:769][  0]LogConfig: Applying CVar settings from Section [TextureQuality@3] File [C:/Users/garre/OneDrive/Documents/GitHub/Gridlock/Saved/Config/Windows/Scalability.ini]
[2021.12.07-18.01.02:769][  0]LogConfig: Setting CVar [[r.Streaming.MipBias:0]]
[2021.12.07-18.01.02:769][  0]LogConfig: Setting CVar [[r.Streaming.AmortizeCPUToGPUCopy:0]]
[2021.12.07-18.01.02:769][  0]LogConfig: Setting CVar [[r.Streaming.MaxNumTexturesToStreamPerFrame:0]]
[2021.12.07-18.01.02:769][  0]LogConfig: Setting CVar [[r.Streaming.Boost:1]]
[2021.12.07-18.01.02:769][  0]LogConfig: Setting CVar [[r.MaxAnisotropy:8]]
[2021.12.07-18.01.02:769][  0]LogConfig: Setting CVar [[r.VT.MaxAnisotropy:8]]
[2021.12.07-18.01.02:769][  0]LogConfig: Setting CVar [[r.Streaming.LimitPoolSizeToVRAM:0]]
[2021.12.07-18.01.02:769][  0]LogConfig: Setting CVar [[r.Streaming.PoolSize:1000]]
[2021.12.07-18.01.02:769][  0]LogConfig: Setting CVar [[r.Streaming.MaxEffectiveScreenSize:0]]
[2021.12.07-18.01.02:769][  0]LogConfig: Applying CVar settings from Section [EffectsQuality@3] File [C:/Users/garre/OneDrive/Documents/GitHub/Gridlock/Saved/Config/Windows/Scalability.ini]
[2021.12.07-18.01.02:769][  0]LogConfig: Setting CVar [[r.TranslucencyLightingVolumeDim:64]]
[2021.12.07-18.01.02:769][  0]LogConfig: Setting CVar [[r.RefractionQuality:2]]
[2021.12.07-18.01.02:769][  0]LogConfig: Setting CVar [[r.SSR.Quality:3]]
[2021.12.07-18.01.02:769][  0]LogConfig: Setting CVar [[r.SSR.HalfResSceneColor:0]]
[2021.12.07-18.01.02:769][  0]LogConfig: Setting CVar [[r.SceneColorFormat:4]]
[2021.12.07-18.01.02:769][  0]LogConfig: Setting CVar [[r.DetailMode:2]]
[2021.12.07-18.01.02:769][  0]LogConfig: Setting CVar [[r.TranslucencyVolumeBlur:1]]
[2021.12.07-18.01.02:769][  0]LogConfig: Setting CVar [[r.MaterialQualityLevel:1 ; High quality]]
[2021.12.07-18.01.02:769][  0]LogConfig: Setting CVar [[r.AnisotropicMaterials:1]]
[2021.12.07-18.01.02:769][  0]LogConfig: Setting CVar [[r.SSS.Scale:1]]
[2021.12.07-18.01.02:769][  0]LogConfig: Setting CVar [[r.SSS.SampleSet:2]]
[2021.12.07-18.01.02:769][  0]LogConfig: Setting CVar [[r.SSS.Quality:1]]
[2021.12.07-18.01.02:770][  0]LogConfig: Setting CVar [[r.SSS.HalfRes:0]]
[2021.12.07-18.01.02:770][  0]LogConfig: Setting CVar [[r.SSGI.Quality:3]]
[2021.12.07-18.01.02:770][  0]LogConfig: Setting CVar [[r.EmitterSpawnRateScale:1.0]]
[2021.12.07-18.01.02:770][  0]LogConfig: Setting CVar [[r.ParticleLightQuality:2]]
[2021.12.07-18.01.02:770][  0]LogConfig: Setting CVar [[r.SkyAtmosphere.AerialPerspectiveLUT.FastApplyOnOpaque:1 ; Always have FastSkyLUT 1 in this case to avoid wrong sky]]
[2021.12.07-18.01.02:770][  0]LogConfig: Setting CVar [[r.SkyAtmosphere.AerialPerspectiveLUT.SampleCountMaxPerSlice:4]]
[2021.12.07-18.01.02:770][  0]LogConfig: Setting CVar [[r.SkyAtmosphere.AerialPerspectiveLUT.DepthResolution:16.0]]
[2021.12.07-18.01.02:770][  0]LogConfig: Setting CVar [[r.SkyAtmosphere.FastSkyLUT:1]]
[2021.12.07-18.01.02:770][  0]LogConfig: Setting CVar [[r.SkyAtmosphere.FastSkyLUT.SampleCountMin:4.0]]
[2021.12.07-18.01.02:770][  0]LogConfig: Setting CVar [[r.SkyAtmosphere.FastSkyLUT.SampleCountMax:128.0]]
[2021.12.07-18.01.02:770][  0]LogConfig: Setting CVar [[r.SkyAtmosphere.SampleCountMin:4.0]]
[2021.12.07-18.01.02:770][  0]LogConfig: Setting CVar [[r.SkyAtmosphere.SampleCountMax:128.0]]
[2021.12.07-18.01.02:770][  0]LogConfig: Setting CVar [[r.SkyAtmosphere.TransmittanceLUT.UseSmallFormat:0]]
[2021.12.07-18.01.02:770][  0]LogConfig: Setting CVar [[r.SkyAtmosphere.TransmittanceLUT.SampleCount:10.0]]
[2021.12.07-18.01.02:770][  0]LogConfig: Setting CVar [[r.SkyAtmosphere.MultiScatteringLUT.SampleCount:15.0]]
[2021.12.07-18.01.02:770][  0]LogConfig: Setting CVar [[r.SkyLight.RealTimeReflectionCapture:1]]
[2021.12.07-18.01.02:770][  0]LogConfig: Applying CVar settings from Section [FoliageQuality@3] File [C:/Users/garre/OneDrive/Documents/GitHub/Gridlock/Saved/Config/Windows/Scalability.ini]
[2021.12.07-18.01.02:770][  0]LogConfig: Setting CVar [[foliage.DensityScale:1.0]]
[2021.12.07-18.01.02:770][  0]LogConfig: Setting CVar [[grass.DensityScale:1.0]]
[2021.12.07-18.01.02:770][  0]LogConfig: Applying CVar settings from Section [ShadingQuality@3] File [C:/Users/garre/OneDrive/Documents/GitHub/Gridlock/Saved/Config/Windows/Scalability.ini]
[2021.12.07-18.01.02:770][  0]LogConfig: Setting CVar [[r.HairStrands.SkyLighting.IntegrationType:2]]
[2021.12.07-18.01.02:770][  0]LogConfig: Setting CVar [[r.HairStrands.SkyAO.SampleCount:4]]
[2021.12.07-18.01.02:770][  0]LogConfig: Setting CVar [[r.HairStrands.Visibility.MSAA.SamplePerPixel:4]]
[2021.12.07-18.01.02:770][  0]LogInit: Selected Device Profile: [Windows]
[2021.12.07-18.01.02:770][  0]LogInit: Applying CVar settings loaded from the selected device profile: [Windows]
[2021.12.07-18.01.02:770][  0]LogHAL: Display: Platform has ~ 8 GB [8403050496 / 8589934592 / 8], which maps to Default [LargestMinGB=32, LargerMinGB=12, DefaultMinGB=8, SmallerMinGB=6, SmallestMinGB=0)
[2021.12.07-18.01.02:770][  0]LogInit: Going up to parent DeviceProfile []
[2021.12.07-18.01.02:770][  0]LogConfig: Applying CVar settings from Section [ViewDistanceQuality@3] File [C:/Users/garre/OneDrive/Documents/GitHub/Gridlock/Saved/Config/Windows/Scalability.ini]
[2021.12.07-18.01.02:770][  0]LogConfig: Setting CVar [[r.SkeletalMeshLODBias:0]]
[2021.12.07-18.01.02:770][  0]LogConfig: Setting CVar [[r.ViewDistanceScale:1.0]]
[2021.12.07-18.01.02:770][  0]LogConfig: Applying CVar settings from Section [AntiAliasingQuality@3] File [C:/Users/garre/OneDrive/Documents/GitHub/Gridlock/Saved/Config/Windows/Scalability.ini]
[2021.12.07-18.01.02:770][  0]LogConfig: Setting CVar [[r.PostProcessAAQuality:4]]
[2021.12.07-18.01.02:770][  0]LogConfig: Applying CVar settings from Section [ShadowQuality@3] File [C:/Users/garre/OneDrive/Documents/GitHub/Gridlock/Saved/Config/Windows/Scalability.ini]
[2021.12.07-18.01.02:770][  0]LogConfig: Setting CVar [[r.LightFunctionQuality:1]]
[2021.12.07-18.01.02:770][  0]LogConfig: Setting CVar [[r.ShadowQuality:5]]
[2021.12.07-18.01.02:770][  0]LogConfig: Setting CVar [[r.Shadow.CSM.MaxCascades:10]]
[2021.12.07-18.01.02:770][  0]LogConfig: Setting CVar [[r.Shadow.MaxResolution:2048]]
[2021.12.07-18.01.02:770][  0]LogConfig: Setting CVar [[r.Shadow.MaxCSMResolution:2048]]
[2021.12.07-18.01.02:770][  0]LogConfig: Setting CVar [[r.Shadow.RadiusThreshold:0.01]]
[2021.12.07-18.01.02:770][  0]LogConfig: Setting CVar [[r.Shadow.DistanceScale:1.0]]
[2021.12.07-18.01.02:770][  0]LogConfig: Setting CVar [[r.Shadow.CSM.TransitionScale:1.0]]
[2021.12.07-18.01.02:770][  0]LogConfig: Setting CVar [[r.Shadow.PreShadowResolutionFactor:1.0]]
[2021.12.07-18.01.02:770][  0]LogConfig: Setting CVar [[r.DistanceFieldShadowing:1]]
[2021.12.07-18.01.02:770][  0]LogConfig: Setting CVar [[r.DistanceFieldAO:1]]
[2021.12.07-18.01.02:770][  0]LogConfig: Setting CVar [[r.AOQuality:2]]
[2021.12.07-18.01.02:770][  0]LogConfig: Setting CVar [[r.VolumetricFog:1]]
[2021.12.07-18.01.02:770][  0]LogConfig: Setting CVar [[r.VolumetricFog.GridPixelSize:8]]
[2021.12.07-18.01.02:770][  0]LogConfig: Setting CVar [[r.VolumetricFog.GridSizeZ:128]]
[2021.12.07-18.01.02:770][  0]LogConfig: Setting CVar [[r.VolumetricFog.HistoryMissSupersampleCount:4]]
[2021.12.07-18.01.02:770][  0]LogConfig: Setting CVar [[r.LightMaxDrawDistanceScale:1]]
[2021.12.07-18.01.02:770][  0]LogConfig: Setting CVar [[r.CapsuleShadows:1]]
[2021.12.07-18.01.02:770][  0]LogConfig: Applying CVar settings from Section [PostProcessQuality@3] File [C:/Users/garre/OneDrive/Documents/GitHub/Gridlock/Saved/Config/Windows/Scalability.ini]
[2021.12.07-18.01.02:770][  0]LogConfig: Setting CVar [[r.MotionBlurQuality:4]]
[2021.12.07-18.01.02:770][  0]LogConfig: Setting CVar [[r.AmbientOcclusionMipLevelFactor:0.4]]
[2021.12.07-18.01.02:770][  0]LogConfig: Setting CVar [[r.AmbientOcclusionMaxQuality:100]]
[2021.12.07-18.01.02:770][  0]LogConfig: Setting CVar [[r.AmbientOcclusionLevels:-1]]
[2021.12.07-18.01.02:770][  0]LogConfig: Setting CVar [[r.AmbientOcclusionRadiusScale:1.0]]
[2021.12.07-18.01.02:770][  0]LogConfig: Setting CVar [[r.DepthOfFieldQuality:2]]
[2021.12.07-18.01.02:770][  0]LogConfig: Setting CVar [[r.RenderTargetPoolMin:400]]
[2021.12.07-18.01.02:770][  0]LogConfig: Setting CVar [[r.LensFlareQuality:2]]
[2021.12.07-18.01.02:770][  0]LogConfig: Setting CVar [[r.SceneColorFringeQuality:1]]
[2021.12.07-18.01.02:770][  0]LogConfig: Setting CVar [[r.EyeAdaptationQuality:2]]
[2021.12.07-18.01.02:770][  0]LogConfig: Setting CVar [[r.BloomQuality:5]]
[2021.12.07-18.01.02:770][  0]LogConfig: Setting CVar [[r.FastBlurThreshold:100]]
[2021.12.07-18.01.02:770][  0]LogConfig: Setting CVar [[r.Upscale.Quality:3]]
[2021.12.07-18.01.02:770][  0]LogConfig: Setting CVar [[r.Tonemapper.GrainQuantization:1]]
[2021.12.07-18.01.02:770][  0]LogConfig: Setting CVar [[r.LightShaftQuality:1]]
[2021.12.07-18.01.02:770][  0]LogConfig: Setting CVar [[r.Filter.SizeScale:1]]
[2021.12.07-18.01.02:770][  0]LogConfig: Setting CVar [[r.Tonemapper.Quality:5]]
[2021.12.07-18.01.02:770][  0]LogConfig: Setting CVar [[r.DOF.Gather.AccumulatorQuality:1        ; higher gathering accumulator quality]]
[2021.12.07-18.01.02:770][  0]LogConfig: Setting CVar [[r.DOF.Gather.PostfilterMethod:1          ; Median3x3 postfilering method]]
[2021.12.07-18.01.02:770][  0]LogConfig: Setting CVar [[r.DOF.Gather.EnableBokehSettings:0       ; no bokeh simulation when gathering]]
[2021.12.07-18.01.02:770][  0]LogConfig: Setting CVar [[r.DOF.Gather.RingCount:4                 ; medium number of samples when gathering]]
[2021.12.07-18.01.02:770][  0]LogConfig: Setting CVar [[r.DOF.Scatter.ForegroundCompositing:1    ; additive foreground scattering]]
[2021.12.07-18.01.02:770][  0]LogConfig: Setting CVar [[r.DOF.Scatter.BackgroundCompositing:2    ; additive background scattering]]
[2021.12.07-18.01.02:770][  0]LogConfig: Setting CVar [[r.DOF.Scatter.EnableBokehSettings:1      ; bokeh simulation when scattering]]
[2021.12.07-18.01.02:770][  0]LogConfig: Setting CVar [[r.DOF.Scatter.MaxSpriteRatio:0.1         ; only a maximum of 10% of scattered bokeh]]
[2021.12.07-18.01.02:770][  0]LogConfig: Setting CVar [[r.DOF.Recombine.Quality:1                ; cheap slight out of focus]]
[2021.12.07-18.01.02:770][  0]LogConfig: Setting CVar [[r.DOF.Recombine.EnableBokehSettings:0    ; no bokeh simulation on slight out of focus]]
[2021.12.07-18.01.02:771][  0]LogConfig: Setting CVar [[r.DOF.TemporalAAQuality:1                ; more stable temporal accumulation]]
[2021.12.07-18.01.02:771][  0]LogConfig: Setting CVar [[r.DOF.Kernel.MaxForegroundRadius:0.025]]
[2021.12.07-18.01.02:771][  0]LogConfig: Setting CVar [[r.DOF.Kernel.MaxBackgroundRadius:0.025]]
[2021.12.07-18.01.02:771][  0]LogConfig: Applying CVar settings from Section [TextureQuality@3] File [C:/Users/garre/OneDrive/Documents/GitHub/Gridlock/Saved/Config/Windows/Scalability.ini]
[2021.12.07-18.01.02:771][  0]LogConfig: Setting CVar [[r.Streaming.MipBias:0]]
[2021.12.07-18.01.02:771][  0]LogConfig: Setting CVar [[r.Streaming.AmortizeCPUToGPUCopy:0]]
[2021.12.07-18.01.02:771][  0]LogConfig: Setting CVar [[r.Streaming.MaxNumTexturesToStreamPerFrame:0]]
[2021.12.07-18.01.02:771][  0]LogConfig: Setting CVar [[r.Streaming.Boost:1]]
[2021.12.07-18.01.02:771][  0]LogConfig: Setting CVar [[r.MaxAnisotropy:8]]
[2021.12.07-18.01.02:771][  0]LogConfig: Setting CVar [[r.VT.MaxAnisotropy:8]]
[2021.12.07-18.01.02:771][  0]LogConfig: Setting CVar [[r.Streaming.LimitPoolSizeToVRAM:0]]
[2021.12.07-18.01.02:771][  0]LogConfig: Setting CVar [[r.Streaming.PoolSize:1000]]
[2021.12.07-18.01.02:771][  0]LogConfig: Setting CVar [[r.Streaming.MaxEffectiveScreenSize:0]]
[2021.12.07-18.01.02:771][  0]LogConfig: Applying CVar settings from Section [EffectsQuality@3] File [C:/Users/garre/OneDrive/Documents/GitHub/Gridlock/Saved/Config/Windows/Scalability.ini]
[2021.12.07-18.01.02:771][  0]LogConfig: Setting CVar [[r.TranslucencyLightingVolumeDim:64]]
[2021.12.07-18.01.02:771][  0]LogConfig: Setting CVar [[r.RefractionQuality:2]]
[2021.12.07-18.01.02:771][  0]LogConfig: Setting CVar [[r.SSR.Quality:3]]
[2021.12.07-18.01.02:771][  0]LogConfig: Setting CVar [[r.SSR.HalfResSceneColor:0]]
[2021.12.07-18.01.02:771][  0]LogConfig: Setting CVar [[r.SceneColorFormat:4]]
[2021.12.07-18.01.02:771][  0]LogConfig: Setting CVar [[r.DetailMode:2]]
[2021.12.07-18.01.02:771][  0]LogConfig: Setting CVar [[r.TranslucencyVolumeBlur:1]]
[2021.12.07-18.01.02:771][  0]LogConfig: Setting CVar [[r.MaterialQualityLevel:1 ; High quality]]
[2021.12.07-18.01.02:771][  0]LogConfig: Setting CVar [[r.AnisotropicMaterials:1]]
[2021.12.07-18.01.02:771][  0]LogConfig: Setting CVar [[r.SSS.Scale:1]]
[2021.12.07-18.01.02:771][  0]LogConfig: Setting CVar [[r.SSS.SampleSet:2]]
[2021.12.07-18.01.02:771][  0]LogConfig: Setting CVar [[r.SSS.Quality:1]]
[2021.12.07-18.01.02:771][  0]LogConfig: Setting CVar [[r.SSS.HalfRes:0]]
[2021.12.07-18.01.02:771][  0]LogConfig: Setting CVar [[r.SSGI.Quality:3]]
[2021.12.07-18.01.02:771][  0]LogConfig: Setting CVar [[r.EmitterSpawnRateScale:1.0]]
[2021.12.07-18.01.02:771][  0]LogConfig: Setting CVar [[r.ParticleLightQuality:2]]
[2021.12.07-18.01.02:771][  0]LogConfig: Setting CVar [[r.SkyAtmosphere.AerialPerspectiveLUT.FastApplyOnOpaque:1 ; Always have FastSkyLUT 1 in this case to avoid wrong sky]]
[2021.12.07-18.01.02:771][  0]LogConfig: Setting CVar [[r.SkyAtmosphere.AerialPerspectiveLUT.SampleCountMaxPerSlice:4]]
[2021.12.07-18.01.02:771][  0]LogConfig: Setting CVar [[r.SkyAtmosphere.AerialPerspectiveLUT.DepthResolution:16.0]]
[2021.12.07-18.01.02:771][  0]LogConfig: Setting CVar [[r.SkyAtmosphere.FastSkyLUT:1]]
[2021.12.07-18.01.02:771][  0]LogConfig: Setting CVar [[r.SkyAtmosphere.FastSkyLUT.SampleCountMin:4.0]]
[2021.12.07-18.01.02:771][  0]LogConfig: Setting CVar [[r.SkyAtmosphere.FastSkyLUT.SampleCountMax:128.0]]
[2021.12.07-18.01.02:771][  0]LogConfig: Setting CVar [[r.SkyAtmosphere.SampleCountMin:4.0]]
[2021.12.07-18.01.02:771][  0]LogConfig: Setting CVar [[r.SkyAtmosphere.SampleCountMax:128.0]]
[2021.12.07-18.01.02:771][  0]LogConfig: Setting CVar [[r.SkyAtmosphere.TransmittanceLUT.UseSmallFormat:0]]
[2021.12.07-18.01.02:771][  0]LogConfig: Setting CVar [[r.SkyAtmosphere.TransmittanceLUT.SampleCount:10.0]]
[2021.12.07-18.01.02:771][  0]LogConfig: Setting CVar [[r.SkyAtmosphere.MultiScatteringLUT.SampleCount:15.0]]
[2021.12.07-18.01.02:771][  0]LogConfig: Setting CVar [[r.SkyLight.RealTimeReflectionCapture:1]]
[2021.12.07-18.01.02:771][  0]LogConfig: Applying CVar settings from Section [FoliageQuality@3] File [C:/Users/garre/OneDrive/Documents/GitHub/Gridlock/Saved/Config/Windows/Scalability.ini]
[2021.12.07-18.01.02:771][  0]LogConfig: Setting CVar [[foliage.DensityScale:1.0]]
[2021.12.07-18.01.02:771][  0]LogConfig: Setting CVar [[grass.DensityScale:1.0]]
[2021.12.07-18.01.02:771][  0]LogConfig: Applying CVar settings from Section [ShadingQuality@3] File [C:/Users/garre/OneDrive/Documents/GitHub/Gridlock/Saved/Config/Windows/Scalability.ini]
[2021.12.07-18.01.02:771][  0]LogConfig: Setting CVar [[r.HairStrands.SkyLighting.IntegrationType:2]]
[2021.12.07-18.01.02:771][  0]LogConfig: Setting CVar [[r.HairStrands.SkyAO.SampleCount:4]]
[2021.12.07-18.01.02:771][  0]LogConfig: Setting CVar [[r.HairStrands.Visibility.MSAA.SamplePerPixel:4]]
[2021.12.07-18.01.02:771][  0]LogConfig: Applying CVar settings from Section [Startup] File [../../../Engine/Config/ConsoleVariables.ini]
[2021.12.07-18.01.02:772][  0]LogConfig: Setting CVar [[net.UseAdaptiveNetUpdateFrequency:0]]
[2021.12.07-18.01.02:772][  0]LogConfig: Setting CVar [[p.chaos.AllowCreatePhysxBodies:1]]
[2021.12.07-18.01.02:772][  0]LogConfig: Setting CVar [[fx.SkipVectorVMBackendOptimizations:1]]
[2021.12.07-18.01.02:772][  0]LogConfig: Applying CVar settings from Section [ConsoleVariables] File [C:/Users/garre/OneDrive/Documents/GitHub/Gridlock/Saved/Config/Windows/Engine.ini]
[2021.12.07-18.01.02:772][  0]LogConfig: Applying CVar settings from Section [ConsoleVariables] File [C:/Users/garre/OneDrive/Documents/GitHub/Gridlock/Saved/Config/Windows/Editor.ini]
[2021.12.07-18.01.02:772][  0]LogInit: Computer: MSI
[2021.12.07-18.01.02:772][  0]LogInit: User: garre
[2021.12.07-18.01.02:772][  0]LogInit: CPU Page size=4096, Cores=6
[2021.12.07-18.01.02:772][  0]LogInit: High frequency timer resolution =10.000000 MHz
[2021.12.07-18.01.02:772][  0]LogMemory: Memory total: Physical=7.8GB (8GB approx)
[2021.12.07-18.01.02:772][  0]LogMemory: Platform Memory Stats for Windows
[2021.12.07-18.01.02:772][  0]LogMemory: Process Physical Memory: 143.52 MB used, 143.53 MB peak
[2021.12.07-18.01.02:772][  0]LogMemory: Process Virtual Memory: 129.97 MB used, 129.97 MB peak
[2021.12.07-18.01.02:772][  0]LogMemory: Physical Memory: 6286.22 MB used,  1727.55 MB free, 8013.77 MB total
[2021.12.07-18.01.02:772][  0]LogMemory: Virtual Memory: 134203512.00 MB used,  14219.03 MB free, 134217728.00 MB total
[2021.12.07-18.01.02:819][  0]LogWindows: WindowsPlatformFeatures enabled
[2021.12.07-18.01.02:886][  0]LogInit: Physics initialised using underlying interface: PhysX
[2021.12.07-18.01.02:887][  0]LogInit: Using OS detected language (en-US).
[2021.12.07-18.01.02:887][  0]LogInit: Using OS detected locale (en-US).
[2021.12.07-18.01.02:892][  0]LogTextLocalizationManager: No specific localization for 'en-US' exists, so the 'en' localization will be used.
[2021.12.07-18.01.03:348][  0]LogWindowsTextInputMethodSystem: Display: IME system deactivated.
[2021.12.07-18.01.03:383][  0]LogSlate: New Slate User Created.  User Index 0, Is Virtual User: 0
[2021.12.07-18.01.03:383][  0]LogSlate: Slate User Registered.  User Index 0, Is Virtual User: 0
[2021.12.07-18.01.03:406][  0]LogD3D11RHI: Loaded GFSDK_Aftermath_Lib.x64.dll
[2021.12.07-18.01.03:423][  0]LogHMD: Failed to initialize OpenVR with code 110
[2021.12.07-18.01.03:423][  0]LogD3D11RHI: D3D11 min allowed feature level: 11_0
[2021.12.07-18.01.03:423][  0]LogD3D11RHI: D3D11 max allowed feature level: 11_0
[2021.12.07-18.01.03:423][  0]LogD3D11RHI: D3D11 adapters:
[2021.12.07-18.01.03:525][  0]LogD3D11RHI:    0. 'NVIDIA GeForce RTX 3060 Laptop GPU' (Feature Level 11_0)
[2021.12.07-18.01.03:525][  0]LogD3D11RHI:       6023/0/4006 MB DedicatedVideo/DedicatedSystem/SharedSystem, Outputs:2, VendorId:0x10de
[2021.12.07-18.01.03:566][  0]LogD3D11RHI:    1. 'Intel(R) UHD Graphics' (Feature Level 11_0)
[2021.12.07-18.01.03:566][  0]LogD3D11RHI:       128/0/4006 MB DedicatedVideo/DedicatedSystem/SharedSystem, Outputs:0, VendorId:0x8086
[2021.12.07-18.01.03:569][  0]LogD3D11RHI:    2. 'Microsoft Basic Render Driver' (Feature Level 11_0)
[2021.12.07-18.01.03:569][  0]LogD3D11RHI:       0/0/4006 MB DedicatedVideo/DedicatedSystem/SharedSystem, Outputs:0, VendorId:0x1414
[2021.12.07-18.01.03:569][  0]LogD3D11RHI: Chosen D3D11 Adapter:
[2021.12.07-18.01.03:569][  0]LogD3D11RHI:     Description : NVIDIA GeForce RTX 3060 Laptop GPU
[2021.12.07-18.01.03:569][  0]LogD3D11RHI:     VendorId    : 10de
[2021.12.07-18.01.03:569][  0]LogD3D11RHI:     DeviceId    : 2520
[2021.12.07-18.01.03:569][  0]LogD3D11RHI:     SubSysId    : 12f21462
[2021.12.07-18.01.03:569][  0]LogD3D11RHI:     Revision    : 00a1
[2021.12.07-18.01.03:569][  0]LogD3D11RHI:     DedicatedVideoMemory : 6315573248 bytes
[2021.12.07-18.01.03:569][  0]LogD3D11RHI:     DedicatedSystemMemory : 0 bytes
[2021.12.07-18.01.03:569][  0]LogD3D11RHI:     SharedSystemMemory : 4201525248 bytes
[2021.12.07-18.01.03:569][  0]LogD3D11RHI:     AdapterLuid : 0 61060
[2021.12.07-18.01.03:580][  0]LogD3D11RHI: Creating new Direct3DDevice
[2021.12.07-18.01.03:580][  0]LogD3D11RHI:     GPU DeviceId: 0x2520 (for the marketing name, search the web for "GPU Device Id")
[2021.12.07-18.01.03:580][  0]LogWindows: EnumDisplayDevices:
[2021.12.07-18.01.03:581][  0]LogWindows:    0. 'Intel(R) UHD Graphics' (P:1 D:1)
[2021.12.07-18.01.03:581][  0]LogWindows:    1. 'Intel(R) UHD Graphics' (P:0 D:0)
[2021.12.07-18.01.03:581][  0]LogWindows:    2. 'Intel(R) UHD Graphics' (P:0 D:0)
[2021.12.07-18.01.03:582][  0]LogWindows:    3. 'NVIDIA GeForce RTX 3060 Laptop GPU' (P:0 D:1)
[2021.12.07-18.01.03:582][  0]LogWindows: DebugString: PrimaryIsNotTheChoosenAdapter PrimaryIsNotTheChoosenAdapter PrimaryIsNotTheChoosenAdapter 
[2021.12.07-18.01.03:582][  0]LogD3D11RHI:     Adapter Name: NVIDIA GeForce RTX 3060 Laptop GPU
[2021.12.07-18.01.03:582][  0]LogD3D11RHI:   Driver Version: 496.76 (internal:30.0.14.9676, unified:496.76)
[2021.12.07-18.01.03:582][  0]LogD3D11RHI:      Driver Date: 11-9-2021
[2021.12.07-18.01.03:582][  0]LogRHI: Texture pool is 4216 MB (70% of 6023 MB)
[2021.12.07-18.01.03:582][  0]LogD3D11RHI: Creating D3DDevice using adapter:
[2021.12.07-18.01.03:582][  0]LogD3D11RHI:     Description : NVIDIA GeForce RTX 3060 Laptop GPU
[2021.12.07-18.01.03:582][  0]LogD3D11RHI:     VendorId    : 10de
[2021.12.07-18.01.03:582][  0]LogD3D11RHI:     DeviceId    : 2520
[2021.12.07-18.01.03:582][  0]LogD3D11RHI:     SubSysId    : 12f21462
[2021.12.07-18.01.03:582][  0]LogD3D11RHI:     Revision    : 00a1
[2021.12.07-18.01.03:582][  0]LogD3D11RHI:     DedicatedVideoMemory : 6315573248 bytes
[2021.12.07-18.01.03:582][  0]LogD3D11RHI:     DedicatedSystemMemory : 0 bytes
[2021.12.07-18.01.03:582][  0]LogD3D11RHI:     SharedSystemMemory : 4201525248 bytes
[2021.12.07-18.01.03:582][  0]LogD3D11RHI:     AdapterLuid : 0 61060
[2021.12.07-18.01.03:672][  0]LogD3D11RHI: RHI has support for 64 bit atomics
[2021.12.07-18.01.03:673][  0]LogD3D11RHI: Async texture creation enabled
[2021.12.07-18.01.03:673][  0]LogD3D11RHI: Array index from any shader is supported
[2021.12.07-18.01.03:700][  0]LogD3D11RHI: GPU Timing Frequency: 1000.000000 (Debug: 2 1)
[2021.12.07-18.01.03:762][  0]LogRHI: GeForceNow SDK initialized: 1
